# Penalty:  115171.24335270382
196
5 5
7 12
6 21
5 28
5 35
4 42
4 49
6 56
5 63
4 70
4 77
6 85
5 93
5 99
13 6
11 14
11 21
12 30
12 35
12 41
13 49
11 56
11 63
12 70
12 77
11 84
11 91
12 98
21 4
21 11
21 19
20 29
20 35
19 44
19 49
20 58
20 63
19 72
19 79
20 86
20 93
19 98
28 4
26 13
26 22
28 28
27 36
26 42
28 50
26 57
26 64
27 71
28 79
26 85
26 93
27 99
35 5
36 12
33 20
34 28
34 36
33 42
33 50
34 56
34 64
33 70
33 78
34 85
34 92
35 99
42 6
40 15
40 20
44 29
41 35
43 44
43 49
41 58
40 63
42 72
42 78
41 85
40 92
42 99
49 4
46 14
48 20
49 31
48 35
47 43
47 49
48 58
48 63
47 72
47 77
48 86
48 91
50 98
56 4
56 13
54 19
54 29
58 33
57 43
57 47
58 58
55 63
56 70
56 77
55 84
54 91
57 99
64 5
61 14
62 19
64 28
63 34
63 42
61 48
62 57
62 62
64 71
62 77
63 85
64 93
64 99
70 5
70 14
69 19
69 28
68 34
71 42
71 50
68 57
71 65
70 71
70 79
69 85
68 90
68 99
78 6
77 11
76 20
79 30
77 37
77 45
77 46
77 56
78 64
79 70
78 79
77 84
79 93
79 99
85 6
85 12
84 24
83 26
84 32
85 43
85 49
86 57
85 64
85 71
84 78
84 85
82 93
82 99
92 5
92 12
93 20
93 28
94 35
94 42
91 49
93 56
93 63
94 70
92 77
93 84
94 91
94 98
99 5
99 13
99 21
98 28
98 36
99 42
99 50
98 56
99 63
99 70
98 77
98 84
97 93
97 99
