# Penalty:  33235.947382627826
102
97 97
64 37
26 88
33 40
58 8
10 54
70 74
65 57
38 59
39 80
24 29
64 8
10 30
17 8
83 94
56 22
36 19
20 84
33 60
83 63
98 33
35 89
79 27
77 48
3 10
17 69
73 1
20 30
27 47
16 90
50 76
3 32
66 69
26 2
72 50
80 67
50 30
56 43
23 74
97 27
9 16
49 47
42 42
86 18
92 13
78 43
58 95
69 49
3 74
99 82
63 17
61 77
64 27
93 61
83 35
54 83
98 89
81 18
32 26
31 96
70 20
2 53
49 94
58 89
89 78
69 34
89 32
91 36
72 90
51 0
85 81
75 75
26 43
68 10
97 7
17 99
46 80
71 83
9 40
97 65
75 81
49 28
52 98
48 61
75 64
92 46
61 69
28 5
7 2
27 71
77 21
3 97
6 87
31 74
49 56
98 43
54 14
35 2
42 74
63 51
12 71
88 53
