# Penalty:  36532.710714237226
113
81 79
43 38
22 35
70 20
18 78
90 80
59 6
30 1
56 26
76 11
88 62
83 58
88 73
74 74
61 86
2 28
20 45
62 50
45 75
83 0
14 16
34 27
78 20
28 97
76 81
28 44
92 22
51 18
2 85
97 96
24 65
52 49
60 67
97 51
49 97
49 13
95 28
24 59
62 20
28 51
16 53
15 6
34 91
6 99
47 56
63 39
63 34
44 43
10 55
3 69
30 19
69 55
66 69
49 78
8 61
44 94
27 77
66 61
6 18
29 1
99 37
2 94
73 35
39 33
86 87
47 80
10 2
44 2
43 65
1 4
76 49
74 63
6 75
72 95
26 91
96 67
81 34
83 48
24 6
20 93
65 14
68 41
33 52
43 9
88 97
80 65
58 65
50 2
0 57
21 20
33 83
6 91
97 57
94 43
54 33
69 88
97 76
16 89
77 26
35 19
29 69
37 25
58 81
33 76
6 21
10 40
55 52
12 47
96 8
95 26
84 17
16 31
83 95
