# Penalty:  32393.05363149166
104
64 0
80 9
40 46
78 42
46 90
98 36
52 60
0 75
28 21
2 65
55 46
82 66
35 38
49 94
51 21
85 33
0 18
17 78
56 12
44 26
95 71
10 94
36 19
14 19
86 89
66 56
64 26
21 53
23 63
11 10
27 85
16 95
35 88
35 55
32 5
62 49
14 79
25 99
27 35
88 42
65 12
45 76
31 64
42 61
17 38
57 27
1 35
68 94
82 59
85 1
57 20
47 1
31 79
7 48
96 62
61 6
10 24
48 46
16 69
2 27
74 23
11 39
28 1
52 6
95 4
84 73
72 39
89 25
54 1
67 37
38 4
56 80
2 8
83 99
86 58
96 54
21 92
43 18
41 40
60 89
1 0
23 30
84 7
36 79
12 53
85 81
1 95
3 89
29 17
96 22
42 32
3 53
36 24
16 11
26 49
7 32
71 80
58 41
74 99
64 80
22 15
41 69
35 93
70 6
