# Penalty:  34205.217234959906
107
74 65
40 93
15 55
5 6
66 17
11 41
6 31
13 93
52 51
23 7
42 76
62 84
38 15
64 75
37 97
97 98
1 53
16 60
54 35
68 60
98 40
89 84
79 94
66 44
64 28
0 84
7 84
88 73
18 98
1 46
48 30
91 24
18 44
61 59
84 22
39 8
73 3
41 66
8 24
60 69
1 98
26 77
32 78
38 48
7 59
58 20
95 78
21 58
36 38
82 71
13 44
7 67
30 96
83 2
15 5
32 43
44 8
49 78
81 19
83 57
24 91
95 60
47 37
22 1
30 57
29 4
2 63
32 34
59 0
0 32
1 9
34 64
81 66
63 80
54 55
74 16
69 6
97 0
34 52
97 62
78 9
19 22
92 46
95 10
76 39
70 79
76 86
72 30
5 92
51 69
3 16
78 30
87 5
16 36
36 89
46 22
25 65
87 10
93 40
96 31
39 1
59 6
6 70
23 73
43 22
68 51
4 82
