# Penalty:  37437.154536619055
114
0 82
2 96
1 30
0 5
11 98
9 24
98 71
88 83
98 95
11 48
12 58
13 74
13 94
18 32
15 4
19 60
18 22
22 39
22 81
4 66
24 30
21 46
26 5
27 73
25 52
29 12
27 60
26 88
31 95
1 2
3 24
5 59
29 6
30 45
32 92
32 0
36 62
37 19
36 28
36 38
38 67
37 48
40 83
41 59
42 0
43 9
39 33
42 81
45 49
43 63
48 18
45 85
50 42
7 90
51 32
52 46
53 16
56 20
58 5
55 72
56 2
59 97
56 36
4 38
6 81
59 78
62 85
61 59
64 44
66 26
65 33
66 63
63 77
70 12
72 40
69 26
73 7
73 3
70 57
70 73
73 67
71 21
73 87
79 37
75 58
76 12
80 43
8 17
83 29
83 64
83 92
85 15
81 45
85 57
90 33
89 63
87 23
92 55
92 99
94 14
94 40
94 75
92 95
95 47
94 81
96 57
97 7
99 14
97 30
95 39
98 0
98 21
99 74
99 92
