# Penalty:  36025.532967450585
111
99 81
71 67
34 54
15 22
33 18
23 1
18 47
61 3
31 24
67 8
89 71
22 72
14 78
97 76
46 12
45 88
45 27
69 49
19 98
48 56
56 72
93 27
21 26
92 42
71 17
74 76
21 83
57 91
63 36
15 42
57 98
71 93
27 63
3 91
33 95
57 18
10 4
17 8
65 0
81 5
91 62
47 39
57 50
45 7
69 81
19 28
2 36
3 30
85 0
38 72
83 43
61 22
12 26
28 15
72 58
80 34
85 15
53 80
63 90
13 61
79 52
38 3
75 67
24 99
47 40
99 33
30 70
20 14
32 1
54 64
98 7
30 86
6 39
4 95
19 61
86 21
55 0
97 86
77 61
61 83
39 49
81 29
48 13
31 9
45 63
40 25
85 91
81 91
61 46
33 38
4 50
20 44
49 98
93 19
79 81
97 41
3 64
3 11
24 93
90 44
76 26
61 68
42 78
74 11
29 38
27 31
76 97
17 4
83 77
1 1
66 32
