# Penalty:  36396.08243839144
110
74 3
54 60
26 56
62 38
81 21
2 65
9 34
94 48
3 51
18 77
44 48
55 38
89 33
56 24
85 39
81 46
17 55
99 32
56 78
46 7
28 19
24 41
71 46
40 84
71 57
6 85
76 41
64 23
30 51
29 3
40 78
84 6
69 8
20 47
78 21
15 99
97 12
57 53
55 29
14 34
22 82
99 21
61 96
43 42
2 70
93 7
28 10
32 56
52 76
62 88
31 96
69 32
66 64
77 60
6 19
69 72
44 70
46 62
87 22
12 54
2 2
54 70
9 5
46 12
20 15
61 15
99 67
57 43
99 88
21 96
32 39
79 2
85 75
74 80
60 1
74 71
36 22
86 61
76 50
42 21
8 74
68 94
83 95
72 26
32 78
83 99
46 85
24 10
98 51
46 34
52 99
92 36
39 62
61 57
60 77
60 9
90 71
95 51
76 94
41 4
7 94
42 12
26 74
97 97
84 91
1 92
47 56
54 92
72 66
58 46
