# Penalty:  37568.93134807704
116
76 20
98 7
62 81
34 30
64 54
61 89
55 58
56 36
69 47
0 25
52 92
24 4
30 85
8 76
61 44
44 99
68 94
75 43
65 25
53 44
15 76
62 65
50 99
3 46
97 77
34 75
38 2
89 14
98 95
25 41
35 44
66 10
4 39
76 62
2 15
23 84
33 90
4 70
59 98
25 19
68 3
21 32
18 50
93 4
93 21
13 31
61 72
0 63
84 8
30 4
90 55
70 33
73 97
85 64
81 12
73 80
47 85
27 47
80 81
27 90
97 41
81 67
10 15
33 16
65 33
65 80
34 39
79 31
33 24
35 70
6 29
60 6
25 63
53 0
62 11
69 57
82 41
89 98
91 82
48 78
11 56
13 50
92 35
16 0
5 43
34 99
56 30
19 88
50 23
99 66
0 80
98 57
49 71
41 78
12 71
9 98
7 9
54 64
79 84
60 58
37 53
8 93
83 70
48 14
97 1
79 46
19 18
0 89
72 26
48 38
66 99
82 85
95 21
5 10
4 98
28 68
