# Penalty:  36873.016223552506
112
62 55
44 85
19 32
47 41
48 21
62 39
5 79
56 4
62 62
2 37
29 53
76 89
52 72
54 55
36 99
62 31
98 31
71 51
83 60
99 98
24 50
92 87
49 47
99 17
18 65
81 42
64 89
86 45
3 21
26 78
48 27
81 29
33 39
57 91
1 52
40 71
67 32
53 47
15 13
94 15
35 67
15 61
26 4
34 23
83 86
48 94
33 32
77 38
97 56
26 94
9 90
78 68
58 76
2 6
52 21
6 98
85 72
11 70
18 18
91 52
10 53
55 61
40 59
31 48
29 5
92 0
95 38
32 62
37 85
80 23
70 33
1 59
50 2
80 95
67 41
76 52
94 23
23 43
53 27
42 1
13 24
85 11
39 49
7 67
70 18
43 15
57 69
40 82
62 92
31 24
5 12
2 95
66 78
86 92
66 17
0 30
15 46
59 7
39 15
66 99
55 7
75 4
5 36
97 45
69 56
27 26
88 67
33 2
52 41
22 96
84 3
80 79
