# Penalty:  30786.90122741055
104
74 26
54 79
96 38
69 80
62 76
14 39
63 15
98 86
84 87
67 60
1 50
84 48
39 62
81 68
38 1
55 29
19 9
89 16
66 94
67 72
23 2
68 19
1 96
9 6
3 36
90 42
81 11
96 17
32 45
36 92
17 32
87 32
32 52
38 71
50 86
46 44
45 76
15 46
30 92
26 23
36 87
48 58
22 88
31 31
88 2
76 22
16 3
10 70
90 90
68 0
60 43
81 31
62 52
54 15
30 73
79 51
10 98
92 7
49 1
98 78
83 68
92 99
74 94
3 26
17 98
40 16
74 6
67 33
59 98
54 64
40 31
78 98
93 52
2 10
99 28
81 62
48 30
64 66
50 46
9 49
32 99
97 66
95 60
2 55
35 53
55 38
19 82
14 67
49 16
34 67
75 46
7 63
70 5
65 49
92 83
52 93
63 35
4 78
8 92
47 16
82 73
68 87
97 13
33 17
