# Penalty:  33972.7476685876
103
71 57
16 83
67 65
12 97
92 97
57 20
71 41
37 25
40 51
44 65
30 10
52 85
86 69
39 35
81 77
22 98
79 42
30 60
64 93
59 78
22 83
8 81
94 91
11 28
15 7
36 77
38 71
73 11
17 44
23 27
10 51
16 98
55 44
9 70
11 11
1 88
14 56
92 36
20 56
0 29
97 98
49 51
66 83
66 8
83 92
83 1
24 47
19 62
43 96
55 48
91 51
95 82
58 64
69 43
43 19
69 3
96 42
19 41
78 98
29 91
85 29
38 42
49 68
61 99
88 40
66 34
44 29
4 65
96 12
43 81
67 75
31 31
62 61
13 37
22 76
6 14
61 88
74 20
89 9
50 63
99 27
76 76
50 6
69 45
7 72
98 57
72 61
3 47
89 65
15 30
53 34
78 56
84 51
74 78
80 7
45 58
48 43
33 45
42 11
83 21
4 56
36 62
51 20
