# Penalty:  35004.84062135152
108
52 39
30 5
24 81
96 10
58 36
61 50
91 37
47 64
17 40
37 6
69 37
45 18
4 68
63 79
51 31
2 0
16 4
17 14
56 44
96 79
7 87
67 48
93 44
38 35
22 68
74 65
73 24
15 33
84 2
79 1
21 85
79 38
28 95
71 51
69 16
8 96
99 30
1 40
65 64
6 78
3 94
14 58
48 87
97 83
47 46
53 92
29 40
97 93
36 99
80 28
45 95
60 70
87 57
67 78
90 73
17 99
8 92
57 29
68 96
6 58
23 21
11 64
23 27
61 7
87 97
98 37
75 46
39 82
9 28
81 80
76 75
3 48
22 44
43 73
78 95
60 93
9 18
82 9
8 42
47 4
4 34
73 31
67 86
19 0
12 54
74 61
47 23
83 18
1 74
40 59
26 49
23 63
37 62
11 3
47 55
55 22
88 67
27 24
31 33
89 51
89 17
64 2
0 30
2 15
82 48
36 35
31 15
21 54
