# Penalty:  36914.99375176691
111
80 76
40 12
49 41
71 69
98 39
18 80
10 8
0 57
32 59
48 31
87 49
29 74
57 34
94 64
94 34
65 32
5 0
38 75
91 67
23 48
18 95
10 75
56 5
34 44
18 76
41 99
48 80
51 23
72 13
50 88
3 86
24 41
72 48
42 8
83 23
58 53
18 28
15 53
2 62
44 55
26 59
4 78
1 71
69 22
81 97
71 32
81 42
11 30
35 59
98 31
13 90
83 61
1 20
35 90
27 45
32 63
62 97
34 29
48 13
46 20
67 40
42 0
15 68
24 99
44 47
70 87
62 18
70 55
63 13
77 82
54 0
0 39
6 44
56 96
69 64
21 18
20 85
46 61
58 42
16 61
87 81
73 1
0 14
33 92
89 42
86 71
54 67
99 17
45 69
86 47
63 78
33 5
34 82
86 18
36 22
40 99
48 53
9 27
99 2
66 70
84 96
99 97
49 75
20 43
15 11
86 8
27 26
29 89
7 56
58 76
69 18
