# Penalty:  37884.53790082524
110
58 53
3 18
18 71
53 11
24 99
37 40
63 21
62 88
5 14
59 83
85 63
99 40
46 4
38 4
54 36
41 30
59 45
73 98
1 57
43 43
29 39
46 89
4 63
87 72
44 50
71 34
65 78
96 30
14 28
1 81
87 95
82 56
45 61
23 33
83 49
24 11
39 91
29 80
35 25
69 63
25 65
96 15
49 18
94 93
24 16
60 36
34 70
46 34
22 85
59 99
62 69
20 82
48 71
11 71
84 21
30 3
62 64
37 90
33 63
15 61
10 5
28 70
77 62
71 13
14 44
15 52
92 44
0 4
18 3
63 1
29 46
93 98
45 23
76 84
79 76
25 75
66 37
98 49
89 29
68 23
35 56
91 35
22 48
68 51
48 79
0 96
97 83
16 92
18 26
78 19
73 3
52 0
52 98
50 56
83 42
67 84
52 63
90 8
99 19
29 49
32 32
12 47
29 55
52 48
76 9
6 77
40 19
57 14
52 32
10 22
