# Penalty:  33673.98126279528
109
39 20
60 2
62 67
38 95
12 50
62 85
48 70
87 32
99 2
17 96
61 12
97 86
24 17
91 15
72 14
55 97
5 15
99 47
5 76
91 72
26 53
83 75
90 51
83 85
73 97
9 64
54 10
15 77
31 7
82 31
21 39
69 82
22 2
40 73
76 44
90 43
13 1
51 76
22 45
24 60
86 67
6 32
85 57
77 70
66 18
65 32
99 53
21 54
47 97
88 90
0 91
61 52
80 13
48 59
12 99
23 74
72 34
60 42
73 20
20 25
2 36
67 56
34 65
39 59
36 29
95 67
0 18
3 51
85 5
23 11
76 49
36 51
88 99
52 38
16 32
97 71
16 91
38 20
52 26
19 81
37 44
11 36
29 76
53 40
11 82
53 24
32 26
1 81
36 81
72 63
43 89
94 7
97 30
78 9
34 12
28 83
27 67
77 17
1 51
58 71
53 55
2 66
23 90
32 98
44 0
96 16
60 26
40 14
38 39
