# Penalty:  33178.480771303555
106
38 35
86 12
55 17
16 42
61 34
40 73
33 80
32 29
50 43
46 72
26 70
69 79
10 20
30 95
11 78
69 15
54 84
19 9
79 79
75 35
83 53
70 37
34 99
75 97
51 52
80 60
30 55
69 51
76 7
9 92
30 7
85 18
40 53
55 16
2 85
16 86
71 21
75 65
85 1
34 13
59 92
42 25
68 88
13 10
47 29
90 70
15 34
89 32
18 75
44 89
11 58
92 46
30 49
1 31
99 97
17 1
23 90
82 26
57 99
4 15
46 66
46 46
99 3
5 53
4 7
70 47
54 58
78 50
46 4
50 0
6 67
47 81
35 48
85 46
60 65
96 30
3 99
31 34
13 0
92 5
58 55
54 33
52 38
10 99
72 73
91 89
21 68
78 12
97 83
66 96
2 0
99 20
60 12
62 19
90 96
68 32
33 78
33 14
16 93
31 69
69 0
68 65
48 97
85 94
26 52
34 55
