# Penalty:  36009.340850447785
109
5 40
49 41
67 13
53 34
8 24
35 61
97 5
13 85
88 83
69 77
5 60
2 94
33 30
73 35
50 25
51 20
82 33
26 64
64 81
12 59
41 62
13 8
29 78
58 37
63 45
5 84
82 15
50 80
36 22
97 14
97 22
61 75
63 1
27 11
25 86
23 71
14 75
96 36
97 50
0 48
1 84
76 30
7 4
92 31
73 44
49 48
81 64
40 77
91 64
2 57
25 94
20 13
19 45
54 56
23 28
76 91
32 90
89 17
56 94
16 93
59 4
19 36
63 60
32 73
77 61
49 63
75 9
91 75
56 86
53 70
3 70
35 36
84 94
91 4
33 50
19 54
70 55
40 88
45 3
14 28
78 42
21 59
73 0
97 29
17 68
37 16
83 48
34 82
99 60
77 74
14 98
28 34
15 50
6 98
18 78
90 94
12 19
99 92
61 90
95 66
67 62
67 21
53 9
45 22
30 3
91 35
80 89
82 11
0 79
