# Penalty:  33613.627962139304
108
0 52
0 20
3 61
3 55
4 88
4 14
5 37
4 78
6 4
7 37
7 98
14 51
14 24
12 14
13 44
9 74
11 0
12 84
19 17
11 30
17 60
16 98
21 3
19 51
21 66
19 78
20 31
25 2
21 64
23 75
28 22
26 38
24 92
27 4
29 91
35 70
32 8
34 35
33 41
34 77
34 18
36 84
35 51
36 56
37 42
37 78
38 99
41 48
39 72
46 10
43 31
44 65
44 99
46 85
46 15
52 2
51 43
51 93
49 29
56 57
53 88
52 8
53 67
51 38
58 25
54 1
60 14
61 20
57 41
58 53
60 5
61 90
65 97
65 45
60 63
61 72
70 4
68 77
66 24
65 40
71 62
71 32
74 26
71 47
74 56
75 97
77 1
79 9
78 34
79 48
80 20
83 67
83 24
84 90
86 9
84 40
88 59
84 73
88 24
92 0
95 4
98 87
97 21
98 46
94 56
97 66
95 41
99 73
