# Penalty:  119705.70630921172
196
6 6
5 14
5 20
4 28
5 35
5 42
5 50
7 56
6 65
5 70
4 77
4 84
5 93
5 98
12 6
12 16
13 20
13 30
12 35
12 41
11 49
13 56
12 63
12 70
13 79
11 84
12 93
12 98
21 5
19 15
21 18
20 29
19 33
19 43
21 47
21 57
20 63
20 71
19 77
19 85
19 92
20 99
29 5
26 12
27 21
28 28
26 37
26 43
26 49
27 57
27 63
26 71
27 78
27 85
26 92
26 99
35 8
37 12
35 24
36 26
33 36
34 41
35 51
36 56
34 65
33 71
33 79
34 85
34 93
33 99
43 7
43 12
41 22
42 26
41 37
41 40
40 51
42 58
41 65
41 72
42 79
42 86
41 93
40 98
49 4
51 13
49 20
50 27
47 35
48 42
49 49
48 57
48 64
47 72
47 78
49 86
49 92
49 99
57 6
57 13
58 20
56 29
57 35
54 43
56 49
56 57
55 64
55 71
56 78
56 85
55 92
55 99
64 7
61 12
63 21
64 29
64 33
63 44
63 50
63 56
64 64
62 70
61 77
63 87
63 93
62 99
71 7
71 12
72 21
71 28
69 35
69 43
71 49
70 58
69 63
69 72
70 77
70 87
69 93
71 99
75 5
77 14
77 20
78 28
79 37
77 42
77 51
77 57
78 65
78 71
75 79
77 85
77 94
78 99
85 5
86 15
84 19
85 29
86 35
84 43
85 50
85 57
83 64
83 71
85 79
84 85
84 93
86 99
90 5
91 16
93 20
93 30
93 36
94 42
94 49
93 56
92 64
92 70
91 78
94 84
91 93
92 98
98 5
97 13
99 21
99 28
98 35
99 43
99 49
99 58
98 63
98 70
99 78
99 85
99 93
98 99
