# Penalty:  35034.12495181042
107
0 6
0 24
0 74
0 50
1 57
2 22
2 93
3 71
1 82
4 31
6 40
5 54
6 3
7 78
7 89
9 35
9 62
11 11
13 0
13 56
13 81
17 91
17 99
17 37
16 65
21 44
21 10
22 55
23 2
24 28
24 65
30 57
25 20
27 76
26 87
30 4
31 94
32 14
30 29
32 35
34 43
38 64
37 0
37 55
39 18
35 98
42 84
45 80
46 66
46 12
47 36
48 91
51 1
49 63
51 9
50 27
51 86
53 41
55 94
54 33
55 49
56 65
61 37
61 75
57 1
60 23
60 13
60 44
61 28
63 55
65 84
61 99
66 59
66 75
70 42
73 51
75 97
73 8
74 15
74 91
73 60
78 77
76 44
76 49
79 83
76 1
76 29
81 63
81 28
80 58
81 99
81 33
82 77
85 13
83 85
84 69
85 40
90 18
91 0
90 48
90 63
90 95
93 90
92 32
93 81
94 57
99 76
