# Penalty:  33530.54503090238
104
1 65
3 83
0 72
2 4
4 89
5 69
11 81
9 25
9 51
12 32
11 45
16 6
16 64
15 26
17 82
17 12
17 32
17 50
20 68
22 43
20 3
21 61
25 26
26 17
27 96
26 35
30 26
30 88
32 63
30 99
31 31
29 49
33 12
31 41
33 78
34 82
37 59
40 22
41 79
41 0
41 38
42 65
44 54
45 72
44 93
48 87
46 40
47 25
48 3
48 18
50 39
51 90
52 47
50 11
51 54
59 22
55 37
55 5
57 31
58 51
56 73
58 15
63 18
61 29
64 1
63 74
61 80
63 89
64 60
66 46
69 4
68 63
72 13
73 48
75 31
69 91
69 42
74 71
70 77
76 99
72 57
73 72
75 34
76 10
76 95
80 85
78 29
82 69
84 99
79 52
84 82
85 21
88 40
87 64
90 7
88 65
88 72
89 3
91 35
94 86
97 52
96 60
97 77
97 93
