# Penalty:  118893.98599216685
196
5 6
7 12
4 21
5 28
5 35
4 42
4 49
5 56
5 63
5 72
4 77
4 84
5 92
5 98
11 7
13 12
12 21
13 27
11 35
12 41
12 49
11 56
12 64
12 70
13 78
13 84
12 92
12 98
21 4
23 12
20 19
19 26
19 36
19 42
20 51
20 57
19 65
19 68
20 79
19 84
19 93
19 99
27 6
28 12
27 21
28 27
26 35
26 42
27 49
28 57
27 64
26 71
29 78
27 85
26 93
26 99
37 7
33 12
34 21
35 26
33 35
33 41
32 49
34 55
33 64
33 71
34 78
35 85
33 92
33 99
43 5
43 12
42 23
42 30
41 37
43 44
42 51
42 58
41 65
41 68
39 77
42 85
40 92
40 99
47 5
48 16
48 20
49 30
50 35
47 44
48 51
48 54
47 65
48 71
48 79
50 86
47 93
48 99
58 5
57 13
56 22
56 29
55 36
57 43
56 50
56 57
55 64
55 71
58 78
56 87
54 93
55 96
63 4
62 13
62 19
63 27
64 34
62 43
62 50
63 57
61 64
63 73
62 78
64 83
63 92
64 99
71 5
72 15
70 19
70 31
69 35
69 40
70 51
70 56
69 65
71 70
72 79
70 86
69 93
69 97
77 5
76 16
76 21
79 30
79 37
78 44
78 51
77 56
76 64
77 72
79 78
78 85
77 93
76 99
86 6
86 12
84 23
84 29
83 37
85 43
84 52
84 58
84 64
85 72
84 79
84 87
84 94
84 98
91 4
93 12
92 21
93 27
93 35
94 42
92 49
93 56
92 64
92 70
94 77
93 84
93 91
94 98
99 5
99 12
99 21
98 26
97 35
99 40
99 49
99 56
98 63
99 71
99 77
98 83
98 92
99 98
