# Penalty:  37877.3617349472
114
0 49
0 92
0 9
2 63
0 81
0 44
1 98
6 11
6 26
5 47
7 78
12 89
11 60
9 1
12 19
13 74
13 99
12 84
14 51
16 65
17 47
17 92
20 71
24 0
22 9
22 14
23 32
23 39
25 78
25 24
25 53
28 74
30 98
26 88
27 95
28 64
30 13
31 53
33 3
32 94
34 22
35 42
34 67
33 60
34 77
36 0
36 10
38 81
38 98
39 47
40 19
38 38
42 90
44 25
48 36
44 59
48 68
48 18
48 50
49 28
52 71
50 1
50 8
55 20
51 91
52 97
57 6
61 25
58 1
62 34
58 84
58 91
62 39
63 48
59 77
63 54
66 29
66 94
65 90
66 79
72 0
70 22
72 6
72 42
70 57
74 92
78 60
75 76
79 23
77 43
80 90
82 14
84 20
79 87
81 6
86 47
88 91
85 29
89 77
87 11
88 57
89 51
91 99
95 33
93 71
94 94
95 60
97 5
99 21
99 66
97 38
97 13
97 80
98 39
