# Penalty:  33416.23286618585
102
3 35
1 52
3 74
3 9
3 97
6 86
7 2
9 16
11 53
11 37
10 30
12 70
17 8
14 88
17 99
18 31
18 71
20 85
24 29
24 44
21 74
28 87
26 2
29 6
28 43
26 72
31 96
32 26
32 76
33 59
33 4
34 42
34 90
36 19
37 59
40 79
42 42
42 74
46 80
47 28
48 47
48 61
50 94
50 30
50 76
48 55
51 0
52 98
54 83
56 22
54 15
56 43
58 8
58 90
58 95
61 69
63 17
62 52
61 77
64 27
64 8
64 37
65 57
71 48
68 10
68 68
68 90
69 34
70 20
72 54
70 82
70 76
73 1
77 21
76 63
75 75
80 18
77 43
77 48
79 77
80 67
79 27
83 35
84 86
83 63
83 94
86 18
89 78
92 37
88 52
89 32
93 11
92 46
94 60
97 65
98 89
97 97
97 27
98 33
97 80
96 7
99 42
