# Penalty:  38280.92937767548
114
1 32
1 50
0 96
2 0
3 36
2 65
2 18
2 55
5 79
7 3
2 70
6 93
8 15
6 48
9 72
10 56
14 9
14 93
12 23
16 27
15 44
11 0
17 60
15 76
23 8
20 94
20 41
20 46
19 84
22 98
23 70
28 65
24 31
25 61
28 27
28 82
29 45
29 10
29 68
32 59
28 97
34 79
33 49
31 30
31 65
33 87
33 25
34 44
36 81
37 52
37 11
40 1
42 36
41 20
41 76
42 28
46 56
47 84
45 66
47 7
47 0
48 14
48 23
48 42
50 41
50 63
51 70
54 57
54 89
54 13
56 27
56 35
61 2
61 82
60 55
64 25
62 91
63 16
65 35
65 66
66 71
67 83
69 11
70 51
74 46
72 37
78 23
73 30
76 95
77 99
76 7
78 29
80 24
81 53
82 74
82 82
83 6
82 38
89 28
86 88
89 13
89 39
91 3
95 26
90 57
89 68
94 93
97 12
96 71
96 43
99 43
97 66
99 26
98 50
