# Penalty:  36880.010040486115
113
0 4
1 94
1 58
2 28
2 85
3 69
5 18
6 24
8 61
7 76
6 99
11 93
9 56
10 3
12 15
9 39
15 7
16 29
17 53
15 47
17 79
17 87
21 20
19 93
23 35
23 66
24 6
23 42
29 50
25 1
24 59
27 77
26 91
30 45
28 97
28 1
33 52
30 19
32 30
28 68
34 84
33 91
39 33
34 77
35 19
42 96
37 25
41 8
43 65
43 80
46 2
44 38
43 73
46 58
47 96
47 47
48 13
51 18
51 78
55 4
54 33
55 47
55 27
52 52
58 65
60 67
57 81
59 86
61 7
60 31
62 21
66 61
65 15
63 40
62 51
66 69
69 89
70 20
69 43
69 55
73 37
72 95
74 63
74 74
76 81
76 10
76 30
77 49
81 79
79 24
78 32
80 65
83 0
83 58
84 93
88 73
84 17
83 48
84 85
86 99
88 62
90 80
93 21
95 28
95 96
94 43
95 66
96 7
98 23
97 57
99 38
98 49
97 77
