# Penalty:  31465.806290444467
98
4 4
2 0
5 50
5 72
6 88
7 58
10 42
12 89
14 35
16 29
17 62
18 19
18 25
17 85
19 48
19 73
20 94
21 57
23 33
26 96
29 35
30 49
32 6
31 56
31 82
33 27
33 21
35 99
34 41
33 71
37 57
36 18
41 86
40 50
42 13
42 72
45 35
42 92
46 8
46 55
45 40
45 86
47 47
50 17
48 26
49 92
49 86
52 61
55 99
51 72
54 23
60 15
60 34
63 10
61 26
62 63
60 83
62 99
62 44
63 71
64 85
63 80
66 33
66 48
68 11
66 53
71 24
71 39
74 19
74 90
74 82
76 58
77 66
80 50
82 9
76 43
77 74
78 96
82 33
79 88
79 72
85 47
85 31
83 61
86 17
88 99
86 9
87 76
91 64
90 50
94 46
96 32
95 93
99 25
99 52
97 60
98 85
98 66
