# Penalty:  35617.51155181889
110
1 49
0 63
0 76
4 4
4 56
4 30
5 90
7 8
8 51
4 94
9 74
12 28
14 74
10 12
13 35
14 43
11 90
11 98
14 66
15 51
15 57
15 80
19 20
18 29
18 97
21 22
23 54
23 81
24 13
24 42
26 92
23 49
25 76
22 2
25 7
26 27
30 33
29 62
29 78
29 97
30 11
39 6
36 66
39 33
38 14
40 23
39 63
40 94
45 76
44 94
44 9
43 80
45 55
49 60
47 97
49 23
50 45
49 78
50 39
54 89
52 12
50 26
54 59
54 19
58 98
60 69
61 15
64 43
60 89
63 3
64 22
64 29
63 83
63 55
65 71
65 98
66 10
69 0
68 76
69 57
70 16
75 13
77 79
76 30
73 95
76 62
77 1
78 35
82 7
85 17
79 27
82 77
82 41
83 60
84 55
84 74
88 89
87 2
88 64
93 16
91 48
95 83
93 98
92 2
97 45
95 64
96 33
95 27
97 61
99 2
