# Penalty:  35788.145084405485
112
2 10
0 46
0 57
1 98
0 14
2 22
2 71
4 40
6 62
5 83
8 69
9 86
12 12
12 22
9 43
13 8
12 28
13 51
14 60
18 74
17 83
17 46
17 3
18 92
23 38
21 54
19 68
19 28
21 63
26 24
25 0
26 21
28 61
29 75
26 98
29 38
32 17
33 92
35 10
31 80
34 0
36 45
35 60
36 62
43 79
40 93
40 3
43 40
42 55
44 45
44 71
46 99
46 19
47 88
48 4
49 14
51 58
57 7
55 36
55 55
54 66
56 31
59 45
60 94
63 54
59 80
61 87
61 23
63 39
65 73
63 9
68 19
66 1
69 95
68 64
66 81
68 30
69 44
72 27
72 5
76 64
78 14
76 96
77 19
78 40
79 50
77 95
81 0
81 81
82 54
86 6
82 28
83 90
88 30
88 39
88 86
85 76
94 20
92 13
92 57
94 94
90 66
96 35
95 17
97 9
98 49
99 77
97 88
97 53
97 63
99 96
99 70
