# Penalty:  31715.782081070538
103
1 35
0 53
1 67
1 99
4 85
7 40
6 19
6 90
5 15
7 49
7 58
5 76
12 2
15 86
15 66
16 98
17 71
18 27
21 13
22 33
21 42
22 53
22 57
24 79
23 90
21 50
26 3
26 8
29 62
31 93
28 14
34 44
30 77
26 28
31 76
34 7
33 21
34 67
35 27
36 58
36 49
38 44
44 84
40 34
41 8
45 91
43 66
45 3
46 77
50 53
50 62
49 22
50 8
52 43
50 84
52 31
56 14
53 46
55 67
59 4
55 36
60 72
58 99
61 65
61 30
63 48
65 80
68 3
66 25
66 10
69 35
72 12
70 70
71 52
75 64
75 36
79 83
76 97
78 46
80 30
82 68
80 12
80 54
85 74
85 54
87 98
88 5
89 47
89 17
89 25
91 68
94 85
93 41
93 92
94 33
95 3
96 10
96 25
99 4
97 77
99 82
97 99
98 18
