# Penalty:  32588.84980548258
104
0 26
0 34
0 75
0 17
0 91
3 52
2 65
1 0
1 8
3 89
6 47
9 12
9 21
9 37
10 94
10 52
13 42
15 17
16 69
14 79
19 55
17 78
16 95
16 8
19 39
23 30
25 52
23 63
21 92
26 36
23 15
23 22
25 99
27 85
28 1
29 15
32 65
31 79
34 6
36 41
35 93
35 55
35 88
37 20
37 27
36 79
38 4
37 65
41 41
39 58
41 73
42 47
43 18
43 33
44 26
47 1
47 92
49 94
50 46
51 21
52 6
51 61
54 79
56 45
57 20
56 27
56 12
57 1
63 7
57 41
60 49
64 0
59 89
64 26
64 80
66 55
65 14
68 37
72 95
71 4
71 80
69 99
75 24
73 40
80 9
78 42
80 57
86 0
83 97
85 6
84 73
85 81
82 66
87 90
87 34
87 58
87 42
89 25
96 63
95 22
95 71
95 4
94 55
98 36
