# Penalty:  35982.296692009695
110
0 14
0 94
5 97
1 0
2 28
2 75
6 65
4 89
6 57
7 38
10 97
11 61
13 78
9 14
13 24
14 71
14 9
16 47
17 33
18 58
20 91
23 20
21 53
19 76
26 17
25 36
30 64
25 86
28 3
31 43
29 72
27 96
29 20
32 49
31 58
36 13
33 78
34 81
32 67
33 32
36 96
37 27
38 4
40 62
38 76
39 91
42 0
42 12
46 38
42 53
43 95
47 41
45 61
44 80
47 33
51 26
52 40
50 67
56 52
51 55
52 0
53 93
53 77
57 11
56 1
57 73
55 19
59 59
60 27
61 90
66 53
69 9
63 18
66 84
67 89
68 25
69 34
71 17
73 6
73 75
76 37
77 22
76 52
78 66
78 38
82 88
80 96
82 52
89 0
84 7
85 64
86 92
86 68
87 78
88 37
90 29
93 64
91 99
91 23
95 46
99 11
96 42
95 79
96 32
99 61
96 16
98 25
97 56
97 96
99 2
