# Penalty:  31717.31177728081
103
1 10
0 31
2 17
0 49
3 3
6 62
3 86
2 24
3 45
4 72
8 8
7 63
7 56
9 78
9 99
12 41
11 88
13 13
14 32
18 47
16 9
16 18
18 54
19 89
20 0
21 62
21 70
20 84
21 40
22 55
19 26
27 0
26 19
24 98
26 35
26 71
30 99
29 37
32 83
32 12
35 46
34 56
36 97
33 32
38 21
39 41
42 61
42 2
42 30
44 75
45 41
48 32
51 13
51 15
52 76
51 99
55 84
54 38
62 3
57 29
59 59
60 62
61 25
59 43
65 17
62 99
63 0
65 25
64 48
67 10
66 56
71 51
71 87
75 29
72 75
73 37
73 95
76 8
73 69
77 36
80 56
78 78
78 88
80 50
79 64
79 92
81 99
87 43
86 11
86 20
85 85
87 75
93 88
90 68
92 19
91 5
91 41
94 77
96 55
99 86
95 63
99 4
99 66
