# Penalty:  38064.981522386624
114
1 6
1 30
2 86
0 93
2 3
3 23
5 38
4 65
5 59
6 80
7 90
9 24
13 99
10 18
14 51
12 57
14 95
18 32
13 74
16 5
21 81
18 21
19 60
22 39
21 46
24 30
27 2
28 72
28 50
27 60
29 12
29 97
25 86
34 3
31 46
27 8
36 38
34 91
37 49
35 63
37 19
34 28
41 3
41 7
38 67
40 83
39 33
41 59
44 80
47 47
45 61
49 19
47 85
50 43
50 33
54 15
56 3
54 47
56 36
56 72
56 20
60 5
59 97
62 77
62 59
64 44
66 26
64 77
62 86
65 33
68 27
70 12
69 60
68 63
70 74
70 4
71 41
74 1
72 20
73 65
76 87
79 37
76 58
78 14
78 43
83 29
82 45
83 64
82 92
84 56
85 15
88 25
85 35
89 64
90 83
89 99
92 13
93 40
92 55
94 75
92 95
95 47
98 82
95 98
97 7
98 15
98 61
99 68
99 30
98 41
99 0
99 22
97 76
97 91
