# Penalty:  35757.93045512214
107
0 1
2 9
1 90
3 38
2 61
2 83
3 47
2 26
5 99
5 54
6 15
6 23
7 31
8 40
9 74
11 60
11 89
17 76
14 53
18 7
20 38
18 60
18 43
22 10
23 28
24 68
21 46
24 83
29 0
24 21
24 53
28 39
28 67
31 49
29 93
33 4
31 72
34 81
35 20
34 40
38 88
36 13
35 18
38 51
38 57
38 67
37 97
39 43
41 61
42 77
48 5
47 0
47 52
50 16
46 37
49 22
50 44
55 30
51 96
52 50
54 69
54 15
55 62
60 6
58 83
59 93
55 97
60 31
61 69
61 53
64 9
63 67
59 76
64 46
69 17
69 0
67 89
69 45
69 94
73 97
71 31
74 36
74 61
73 14
73 20
75 77
79 12
75 56
77 91
78 65
80 83
78 98
79 61
83 44
86 26
83 82
84 42
90 73
86 90
87 11
89 59
93 55
93 59
95 73
97 93
93 96
98 37
