# Penalty:  34193.69877208393
107
0 79
0 85
3 55
5 2
2 24
6 47
4 15
7 81
12 29
12 53
11 61
11 12
11 43
13 22
16 29
14 78
19 0
19 96
17 57
19 8
23 82
23 44
22 52
22 89
26 30
26 68
26 13
26 61
28 83
28 45
27 97
30 22
32 38
31 68
33 30
31 21
33 98
35 2
37 52
40 66
39 74
37 87
40 12
41 49
41 91
45 22
44 57
42 5
48 27
46 41
47 36
47 97
50 51
53 6
56 25
55 47
55 59
58 11
58 39
55 92
59 67
61 92
61 18
61 83
65 36
62 42
61 3
63 78
66 74
67 27
64 68
69 91
70 21
73 7
72 61
71 31
75 14
76 45
77 79
78 85
78 27
78 64
76 99
78 0
80 69
84 19
82 37
81 41
85 27
87 59
90 86
89 11
90 56
90 98
93 6
91 78
95 29
95 25
94 72
98 15
96 40
98 47
96 92
99 0
96 64
98 78
99 87
