# Penalty:  36093.92303617408
111
0 70
0 87
2 91
3 45
4 6
6 74
5 2
7 31
8 45
5 51
9 65
11 59
10 89
13 17
11 25
10 69
18 12
13 51
16 85
13 93
17 31
18 45
19 58
20 4
21 74
20 79
28 60
26 28
24 42
25 60
26 45
24 65
25 7
28 92
29 68
30 78
33 11
32 50
34 32
33 64
34 25
34 97
35 3
33 43
38 82
39 51
38 91
38 15
40 29
48 69
46 79
47 4
45 34
46 49
48 64
46 54
52 92
52 13
48 72
53 35
55 98
56 44
54 6
58 28
60 81
58 66
61 48
59 20
62 67
64 84
65 24
65 41
66 5
67 62
70 55
67 83
70 97
70 11
72 27
70 48
71 19
71 92
73 70
74 11
77 56
78 80
79 42
81 0
78 36
81 82
80 21
84 52
87 27
85 6
90 45
87 66
90 97
89 12
90 23
90 70
92 3
93 9
95 39
97 46
97 62
97 79
99 0
99 53
98 82
99 18
99 96
