# Penalty:  35520.4984060762
105
3 45
0 17
0 30
2 59
4 56
3 86
8 10
7 42
5 75
10 82
10 42
8 96
8 18
12 74
13 24
15 81
17 95
17 32
15 65
24 38
22 62
26 18
25 9
28 59
25 95
27 29
28 75
26 53
29 68
29 24
29 78
29 98
35 42
34 53
34 72
34 92
36 81
40 7
39 27
41 89
39 12
39 46
39 37
43 96
42 18
45 81
50 90
49 41
48 52
50 73
52 20
54 27
53 42
56 56
56 67
56 90
60 8
59 75
60 27
62 47
62 80
66 40
64 99
63 32
63 83
65 50
65 73
67 66
68 10
65 26
71 24
73 57
74 38
77 82
74 96
73 72
76 50
74 14
78 72
76 9
79 86
79 96
78 32
80 18
83 47
82 92
82 58
80 72
83 41
85 47
86 27
89 61
87 90
88 13
92 11
92 74
93 90
95 29
96 68
95 21
97 60
99 35
98 53
99 50
99 82
