# Penalty:  36107.82899009922
111
0 21
1 43
3 88
0 39
2 49
3 69
4 74
4 94
6 5
8 54
7 30
7 46
11 87
8 73
7 97
15 1
15 37
8 15
12 52
13 29
15 18
12 10
17 36
20 4
15 59
22 96
23 19
21 67
23 14
24 33
26 50
22 98
24 77
26 99
30 63
27 91
29 19
29 28
34 3
30 48
31 77
31 94
30 14
35 68
37 90
37 47
45 91
40 62
43 20
45 0
44 34
45 48
44 68
45 41
51 53
47 95
47 27
49 77
50 33
52 13
52 89
58 54
57 59
55 81
55 7
58 21
59 16
62 30
59 68
59 92
60 37
63 99
61 85
62 62
68 17
64 77
65 3
65 34
65 76
67 94
69 80
74 22
73 96
72 74
71 47
78 24
77 88
80 8
77 44
79 82
82 1
82 48
82 7
85 41
85 56
82 63
85 88
88 2
92 21
89 99
88 62
93 85
93 54
93 76
92 95
94 29
96 3
99 44
97 64
98 48
97 79
