# Penalty:  36302.00009924488
112
0 9
0 53
0 99
2 29
1 58
3 38
6 44
1 82
6 86
5 6
4 96
6 22
8 52
11 8
7 30
12 69
14 98
14 74
14 2
14 39
16 22
18 12
16 18
18 0
17 67
19 92
22 58
22 86
21 40
28 5
23 72
23 26
25 36
27 54
26 78
28 99
30 20
32 37
31 75
29 85
32 61
33 91
38 42
35 18
36 98
39 63
40 73
39 87
40 13
38 24
43 35
44 55
51 4
46 27
47 88
49 41
49 0
48 18
54 65
53 83
56 99
54 0
55 14
54 22
56 51
57 61
58 37
57 6
59 91
60 28
60 67
63 20
66 12
68 50
71 1
69 6
69 17
68 42
69 72
73 34
74 97
69 28
72 58
79 18
76 2
76 26
79 40
77 65
79 72
78 54
78 90
82 47
84 38
83 68
81 82
83 18
84 87
86 54
91 10
90 79
94 27
92 51
96 78
96 44
94 68
97 29
95 58
97 24
98 83
97 4
96 9
98 98
