# Penalty:  41080.52931833676
86
3 39
1 62
0 34
2 82
3 44
5 98
4 17
4 48
4 90
5 12
5 23
0 76
12 84
4 68
9 76
6 33
10 65
11 94
14 35
11 56
11 98
12 20
15 99
15 16
17 78
16 46
16 52
17 30
13 70
18 69
18 89
19 24
19 59
17 38
24 76
22 33
27 41
29 58
25 96
30 97
25 50
26 64
25 72
26 89
25 26
31 32
31 83
32 73
33 79
33 95
34 65
35 39
36 53
35 59
40 69
37 99
40 49
40 85
45 79
45 55
43 91
48 63
45 99
49 74
50 54
51 89
54 68
54 60
56 75
57 89
61 66
59 85
60 94
62 80
64 71
68 66
67 99
66 89
74 93
72 76
75 87
77 98
84 99
82 89
90 92
93 98
