# Penalty:  34369.372140437816
109
0 44
1 80
1 13
0 27
5 59
8 52
7 76
7 29
9 87
6 15
10 57
9 81
14 42
11 98
13 21
16 74
17 26
18 65
18 7
19 46
22 9
24 30
22 74
26 53
23 69
27 91
28 96
30 15
30 16
32 30
31 82
34 60
35 93
34 41
36 75
36 1
38 62
37 44
39 4
39 27
42 92
40 84
43 58
43 99
44 75
45 12
46 33
51 54
49 89
51 71
51 95
52 15
53 3
54 29
52 46
53 56
55 85
56 39
58 71
61 85
64 65
57 91
62 99
61 9
63 23
65 57
67 9
68 27
66 49
67 71
69 17
69 79
70 60
71 35
73 45
71 96
71 64
79 17
74 78
76 31
75 93
79 38
81 58
82 86
80 46
83 24
85 89
81 1
83 16
85 61
87 71
89 1
89 57
88 53
88 80
94 7
89 96
94 15
91 68
94 40
93 34
98 83
97 97
97 22
95 54
95 73
99 63
96 1
99 43
