# Penalty:  31351.868119013558
95
0 10
4 99
2 18
0 84
4 3
5 93
6 17
4 32
11 7
8 41
9 97
10 62
15 4
12 48
12 75
13 16
12 68
14 82
19 1
16 54
18 25
18 93
18 8
21 17
19 32
17 47
18 74
33 0
20 96
23 22
24 38
26 76
26 24
26 47
24 61
27 68
28 20
26 95
29 5
29 36
29 84
32 26
33 42
35 95
37 85
37 15
38 37
38 59
39 89
43 41
47 75
44 9
46 32
48 47
47 5
48 20
51 12
49 93
50 27
50 61
53 68
56 35
56 43
62 22
55 54
61 8
64 57
64 6
63 71
64 96
67 65
68 47
67 1
71 55
69 69
76 19
73 78
74 92
76 14
74 84
78 3
83 79
84 48
83 88
90 21
88 88
88 69
91 45
97 82
95 96
98 36
99 32
96 90
98 53
98 98
