# Penalty:  34954.25836701785
107
0 91
3 4
0 40
1 55
0 78
3 34
3 26
5 60
6 71
6 88
7 20
7 94
9 39
11 78
8 12
13 46
12 64
13 72
14 25
15 49
18 0
16 17
19 77
17 32
21 88
25 20
21 31
22 46
23 61
23 6
27 68
25 54
28 26
27 70
32 19
31 34
28 88
32 97
35 87
33 8
35 52
35 30
35 47
35 70
39 3
37 38
38 94
38 61
39 22
39 79
44 8
44 41
45 35
46 61
50 71
48 80
50 98
53 6
53 39
50 54
47 2
53 77
52 29
52 22
54 93
59 36
58 12
58 69
59 82
60 42
64 5
63 50
67 24
66 21
70 52
70 4
70 45
72 18
70 25
72 75
74 83
75 37
71 98
77 52
76 61
81 29
78 91
79 98
81 5
81 14
84 49
84 57
82 68
87 13
84 37
87 51
86 91
89 81
86 20
93 54
92 88
89 35
95 9
97 30
98 40
96 71
98 60
