# Penalty:  34392.2520915034
104
1 2
0 11
1 18
2 26
2 34
0 41
0 49
1 58
0 65
0 73
0 82
1 90
0 97
13 0
10 6
11 14
10 21
10 31
10 39
10 47
10 55
10 63
12 70
11 78
10 86
8 94
28 2
29 10
29 18
28 26
27 32
30 37
29 46
28 54
28 62
28 70
28 78
32 86
28 94
40 1
42 10
41 18
42 26
40 34
38 42
38 50
38 58
38 66
42 74
38 82
38 90
42 97
47 0
50 5
52 14
51 22
50 29
52 38
48 46
52 54
52 62
48 70
48 78
52 86
48 94
62 2
60 9
61 18
61 26
59 34
62 42
62 50
58 58
62 66
62 74
58 82
58 90
62 97
73 0
70 5
72 14
72 22
70 29
72 38
70 47
72 54
72 62
68 70
72 78
72 86
68 94
93 0
88 6
88 14
88 22
90 31
90 39
90 47
90 54
90 63
90 70
88 78
92 86
89 94
