# Penalty:  34803.80177342988
106
0 7
0 35
0 62
1 21
5 4
4 90
3 28
4 14
4 47
11 45
8 74
9 23
12 2
11 50
11 83
12 12
12 64
13 89
13 94
14 78
18 28
15 38
15 68
19 15
19 45
23 22
21 61
22 31
23 95
25 28
24 56
25 49
25 64
25 79
27 13
28 83
32 95
29 73
31 35
29 78
29 63
32 5
35 38
39 66
39 3
37 19
37 98
38 96
39 43
39 74
40 52
41 33
47 7
43 66
50 90
49 36
47 15
55 20
57 42
54 62
53 87
56 73
57 34
57 73
60 80
60 58
59 23
63 16
63 37
65 61
66 71
68 52
68 85
67 99
69 33
69 64
71 10
71 3
71 68
73 26
75 33
75 94
75 48
79 37
84 74
82 48
83 98
85 1
84 92
87 9
85 63
86 84
90 98
85 27
89 82
93 47
91 68
93 14
93 39
96 82
93 31
96 52
98 94
99 32
99 68
99 72
