# Penalty:  40471.82819987448
103
42 30
64 86
88 5
69 23
62 1
37 69
48 4
32 86
37 52
97 6
6 3
35 28
72 33
30 99
68 72
34 66
44 60
65 13
70 49
90 30
82 58
25 16
7 89
45 54
75 50
95 57
8 81
50 9
41 76
80 16
64 31
36 14
42 38
57 90
51 31
83 28
37 21
57 69
61 77
73 68
47 79
1 6
50 22
4 55
43 85
76 62
34 82
9 95
90 41
62 95
99 88
66 38
2 28
65 25
97 21
55 52
11 29
75 82
78 33
45 93
66 58
58 36
80 70
71 92
17 14
59 61
88 88
30 6
31 38
59 3
52 99
18 92
66 7
24 38
65 63
95 80
85 41
16 64
86 75
51 40
4 62
89 81
45 9
13 57
2 78
84 65
2 94
79 83
31 26
58 79
12 22
8 44
28 2
83 13
5 50
15 7
48 46
84 32
35 98
63 48
11 72
22 78
51 16
