# Penalty:  30101.8031128165
99
1 25
2 48
2 70
1 34
4 27
3 41
7 98
10 14
9 21
13 51
9 88
10 3
12 80
18 93
15 13
17 35
17 70
19 3
21 53
19 64
19 90
26 81
22 98
24 17
23 67
27 21
22 38
29 10
31 56
32 48
32 70
33 85
30 19
33 35
37 40
38 25
37 6
38 62
39 68
40 95
40 54
41 76
45 61
47 81
45 23
39 0
48 98
49 16
53 36
53 27
50 82
53 47
54 57
53 67
51 8
57 82
55 51
57 37
58 68
64 58
58 5
64 86
65 18
68 15
66 6
67 50
69 22
69 72
70 45
70 76
72 36
73 55
74 86
76 50
78 64
80 40
81 54
78 33
82 16
82 37
80 91
83 9
86 77
85 63
86 1
85 20
83 69
89 15
92 58
94 78
89 94
95 30
97 33
96 44
96 59
96 50
94 4
99 28
99 84
