# Penalty:  35446.138939504395
106
1 51
5 88
4 21
4 65
8 79
8 97
11 8
12 44
12 63
12 27
12 33
12 71
15 48
18 14
17 66
16 0
18 57
19 28
24 81
23 42
21 88
25 15
26 49
26 67
30 77
28 97
31 1
33 18
31 76
31 91
32 53
33 80
34 94
34 32
35 63
38 37
38 75
39 27
44 9
40 65
46 1
42 95
47 24
43 44
46 50
47 55
46 72
45 89
48 97
49 30
49 81
53 71
51 81
53 37
54 8
55 67
55 88
59 15
61 22
59 81
61 91
63 36
61 50
62 72
60 48
68 4
70 34
66 43
64 64
67 75
70 71
69 20
69 85
71 48
72 57
71 39
77 20
75 78
75 87
77 34
78 96
79 60
81 20
82 91
82 58
84 66
85 77
84 6
84 14
86 31
85 47
86 23
92 79
84 98
91 90
91 40
98 8
94 71
96 55
98 62
96 33
98 15
99 38
99 94
98 84
99 70
