# Penalty:  32942.51435793112
106
1 32
1 99
3 17
1 1
4 8
2 85
7 54
9 92
7 18
6 69
6 99
10 78
12 56
15 96
16 0
13 10
15 34
16 42
17 0
17 86
21 14
19 76
20 68
25 89
29 8
27 51
28 69
30 93
34 29
33 49
33 85
36 12
28 55
37 99
33 14
34 55
32 35
33 77
35 71
37 50
42 25
38 35
40 90
42 50
46 5
45 65
44 72
49 76
49 26
47 82
50 44
51 52
53 99
51 1
52 38
57 14
54 58
53 84
54 33
58 19
55 99
59 66
54 98
59 55
59 92
61 34
65 14
67 67
64 16
73 13
68 32
69 81
69 93
66 0
72 37
69 51
67 87
72 46
72 73
72 21
74 66
78 8
75 35
75 97
80 60
78 50
77 80
79 17
84 56
82 15
82 26
86 47
85 1
87 19
89 33
84 93
90 70
91 97
92 5
93 44
92 91
97 30
98 82
99 3
96 19
98 97
