# Penalty:  139657.25957667394
205
1 0
0 6
2 14
0 22
0 34
1 40
1 48
1 55
3 63
2 71
1 78
1 91
0 95
3 4
4 14
3 20
9 28
3 36
3 44
3 52
4 62
4 70
4 77
4 85
4 94
15 4
11 13
11 20
14 30
10 36
16 44
15 53
11 60
11 67
10 76
14 84
15 94
19 1
20 7
19 16
17 23
18 34
17 42
21 48
18 58
18 63
18 74
18 80
18 90
16 98
22 0
24 7
25 15
25 21
23 30
25 43
22 48
23 57
25 66
22 72
24 82
24 88
24 98
30 1
28 13
33 20
30 29
32 37
31 43
32 52
32 60
33 68
32 75
32 84
30 92
37 1
35 11
39 18
37 25
36 34
36 43
35 54
38 58
36 68
35 78
35 86
39 93
39 0
44 6
42 19
42 21
42 34
40 39
41 49
41 54
41 64
41 73
40 82
39 88
43 98
51 0
49 5
49 14
47 23
49 34
51 39
50 50
49 57
49 67
51 74
49 82
49 88
50 98
52 2
53 10
54 17
55 28
56 36
54 43
56 54
55 60
55 68
54 79
54 86
54 95
59 3
61 15
61 22
63 30
58 36
59 46
59 51
63 62
63 68
59 77
63 84
59 94
66 0
67 7
69 16
68 22
64 32
65 38
69 48
64 54
64 66
66 70
68 82
68 90
68 98
73 1
74 6
72 17
71 25
72 34
73 43
73 48
73 54
71 66
73 72
73 83
73 90
74 97
78 1
77 11
76 20
80 30
79 37
78 47
78 53
78 62
78 68
81 76
78 86
78 94
83 4
85 9
87 21
85 31
86 35
87 45
87 51
87 60
87 66
87 75
87 82
88 92
92 0
91 7
91 18
92 22
93 32
93 40
92 48
92 54
92 65
92 74
91 80
92 89
92 97
99 2
99 6
98 18
97 21
99 34
