# Penalty:  357624762.70690185
125
0 25
0 26
0 27
1 22
1 23
1 26
1 27
1 28
2 23
2 26
2 27
2 28
2 29
3 19
3 23
3 24
3 26
3 28
4 19
4 20
4 21
4 25
4 26
4 27
4 28
5 19
5 20
5 21
5 22
5 23
5 26
5 27
6 18
6 21
6 23
6 26
7 17
7 18
7 19
7 20
7 21
7 24
7 25
8 17
8 18
8 19
8 20
8 21
8 24
8 25
9 19
9 20
9 21
9 26
16 5
17 5
17 9
18 4
18 5
18 6
18 7
18 8
18 9
18 10
19 2
19 3
19 4
19 5
19 6
19 7
19 8
19 9
20 2
20 3
20 4
20 5
20 6
20 7
20 8
20 9
20 12
21 3
21 7
21 10
21 11
21 12
22 6
22 10
22 11
22 12
22 13
23 4
23 5
23 6
23 8
23 9
23 10
23 11
23 12
24 4
24 8
24 10
24 11
24 12
25 8
25 10
25 11
26 6
26 7
26 8
26 9
26 10
26 12
27 6
27 7
27 8
27 9
27 10
28 6
28 8
28 9
28 10
28 11
29 9
29 10
