# Penalty:  35787.38516742748
108
63 16
4 84
27 51
87 67
8 44
54 57
99 50
40 39
57 97
65 91
53 74
63 77
60 21
14 63
95 87
86 83
88 57
99 66
49 79
8 16
74 75
61 37
29 24
3 0
73 94
35 80
84 15
39 90
25 84
25 91
96 80
66 41
11 38
83 33
10 8
39 59
89 18
21 24
3 41
36 31
38 27
98 97
12 24
35 45
33 35
68 22
98 30
26 99
56 47
38 9
22 69
93 3
50 22
54 64
43 86
24 11
28 75
55 1
27 33
34 54
60 61
41 3
94 80
86 18
78 6
26 10
47 32
11 2
18 85
47 7
3 89
35 85
95 44
98 7
15 10
56 30
13 55
15 33
77 99
60 54
54 15
39 65
1 69
47 94
32 65
69 61
82 26
58 38
21 77
58 83
45 75
91 66
12 98
83 1
98 47
0 14
3 50
61 92
76 67
69 2
94 3
7 70
20 49
50 50
75 39
37 99
16 96
27 57
