# Penalty:  43502.843288288284
110
64 16
4 84
28 52
86 68
8 44
53 58
97 55
41 40
56 99
61 91
53 74
59 77
59 21
14 66
90 85
90 58
97 65
49 79
6 17
76 76
60 37
29 24
6 2
68 94
35 80
82 14
39 91
25 84
25 93
97 85
65 42
13 35
1 3
83 33
10 11
73 95
37 58
90 17
21 24
0 45
35 31
39 29
94 97
13 29
31 47
31 36
67 26
94 34
25 99
56 47
38 9
22 69
93 3
50 22
58 65
43 86
24 12
28 75
52 4
27 33
30 54
58 58
41 3
90 80
81 20
79 8
26 13
47 32
16 86
47 7
4 91
10 25
8 40
35 85
95 44
94 11
15 10
54 32
14 56
77 99
54 16
39 65
1 73
48 96
29 67
66 62
82 26
54 39
20 80
56 84
42 78
92 68
11 99
60 54
82 3
95 49
0 18
4 52
50 64
76 67
65 6
94 3
8 72
20 50
48 49
73 40
11 3
33 99
14 95
23 61
