# Penalty:  37119.81999194376
110
63 16
4 84
27 50
87 67
8 44
54 60
97 52
41 39
59 97
61 91
53 74
63 76
60 21
15 64
94 88
87 83
88 57
99 66
49 79
6 16
75 75
62 37
29 24
4 0
67 94
35 80
84 15
39 91
26 84
25 93
96 81
67 41
11 37
83 33
10 9
75 93
39 59
89 18
21 24
2 45
36 31
38 27
97 95
13 29
33 46
33 35
68 22
97 31
26 99
58 46
38 9
22 69
93 3
50 22
58 65
43 86
24 12
28 74
57 2
27 32
30 54
55 55
61 60
43 4
92 81
86 18
79 4
26 10
47 32
11 2
16 82
48 6
3 89
12 25
35 85
96 45
98 7
15 10
57 31
14 56
91 45
14 35
82 98
55 16
40 64
1 70
47 94
31 65
70 61
82 26
56 36
21 77
59 81
45 75
91 66
11 97
60 54
83 1
0 14
7 52
75 65
65 2
94 3
7 70
24 46
47 47
77 40
33 99
16 95
23 60
