# Penalty:  37217.67273541572
110
63 16
4 84
27 50
86 68
8 44
54 60
98 53
40 39
59 99
61 90
53 74
63 76
60 21
14 63
95 87
89 83
90 58
99 61
49 79
6 16
77 75
61 35
29 24
4 0
67 94
35 80
82 14
39 90
26 84
25 92
95 80
66 41
11 38
83 33
9 10
75 91
40 58
89 18
21 24
1 42
36 31
39 29
99 95
13 29
35 45
32 35
68 22
97 31
25 99
58 46
38 9
22 69
93 3
50 22
58 65
43 86
24 11
28 74
56 1
27 33
32 53
55 55
61 60
41 3
94 80
85 19
79 6
26 10
47 32
11 0
19 86
47 7
4 89
12 24
35 85
96 45
98 7
15 10
55 31
13 55
91 44
14 35
82 98
55 16
39 65
1 70
48 96
29 67
71 60
82 26
57 35
20 78
58 82
45 75
91 66
10 99
60 54
85 0
0 15
4 52
75 65
65 2
94 3
7 70
21 50
51 49
76 39
33 99
17 95
27 57
