# Penalty:  36864.00025510837
109
63 16
4 84
27 51
87 67
8 44
56 60
99 51
40 39
59 98
65 91
53 74
61 78
56 17
14 63
90 85
88 57
99 66
49 79
6 16
75 75
61 36
29 24
5 0
73 94
35 80
83 11
39 90
25 84
25 91
97 85
66 41
11 38
83 33
10 8
40 58
89 18
21 24
0 44
36 31
39 29
98 97
13 29
34 45
33 35
70 24
98 31
26 99
58 46
38 9
22 69
95 2
49 21
58 64
43 86
24 12
28 75
57 2
27 32
32 53
55 55
43 4
93 80
86 18
81 3
26 10
47 32
11 0
18 85
47 7
4 89
89 3
12 24
35 85
96 45
98 7
15 10
55 32
13 55
93 46
14 35
81 96
40 64
2 72
48 95
29 67
70 61
82 26
59 37
19 78
58 83
45 75
91 66
12 98
60 54
81 1
1 14
5 51
62 92
54 63
76 66
63 22
65 2
7 70
24 46
48 46
75 39
34 99
14 95
26 61
