# Penalty:  37364.61666642423
110
64 16
4 84
27 50
87 67
8 44
54 61
97 52
40 39
56 99
61 90
53 74
63 76
60 21
13 65
94 88
91 82
88 57
99 66
49 79
6 16
74 75
64 35
30 23
4 1
69 92
35 80
83 14
39 89
25 84
25 93
98 81
67 41
11 38
83 33
10 10
75 91
40 58
89 18
20 22
1 45
35 31
39 29
96 97
13 29
34 45
33 35
68 23
98 30
26 99
56 47
38 9
22 69
93 3
50 22
58 64
43 86
24 11
28 74
56 0
27 32
32 53
55 55
57 59
42 3
93 80
85 19
79 5
29 13
47 32
11 2
16 82
48 6
3 89
12 24
35 85
96 45
98 7
15 10
54 32
13 55
90 43
14 35
82 98
54 14
40 64
1 73
48 96
29 67
71 60
82 26
58 36
20 78
57 84
45 75
91 66
11 99
60 54
85 0
0 15
7 52
76 66
65 2
94 3
7 70
23 48
48 46
75 39
33 99
16 95
26 57
