# Penalty: 42206.005751023564
# Penalty:  42206.005751023564
108
0 20
0 52
1 39
1 62
3 14
3 55
3 80
4 88
6 4
6 35
7 98
8 44
8 51
8 76
9 0
9 23
11 10
11 86
14 27
15 62
16 98
19 52
20 17
20 32
21 3
21 77
24 61
24 69
26 0
26 38
26 96
27 4
27 41
28 22
29 75
29 91
32 8
34 37
34 79
35 13
35 70
35 86
36 42
36 51
36 56
37 78
37 99
39 43
43 7
43 32
44 70
44 99
46 88
47 64
48 12
49 2
50 95
51 30
52 8
53 67
53 89
54 41
54 44
57 43
57 55
58 1
58 25
60 8
60 63
61 90
62 0
63 53
63 98
64 18
65 70
67 46
68 1
69 43
70 23
71 77
72 31
72 46
72 63
74 58
74 98
77 8
77 23
78 34
80 20
81 66
82 0
82 48
84 25
85 92
88 9
89 39
89 60
89 71
91 21
93 0
95 54
96 3
96 41
97 66
98 87
99 22
99 47
99 76
