# Penalty: 42583.7910756311
# Penalty:  42583.7910756311
107
0 0
0 23
0 54
0 58
0 68
0 78
0 92
1 20
1 82
3 43
4 2
4 31
5 53
7 78
7 89
9 36
9 62
11 11
13 0
13 55
13 81
13 99
15 65
15 92
22 8
22 36
23 57
24 0
25 28
25 44
25 58
26 19
26 64
26 87
29 2
30 98
31 76
32 8
32 36
34 43
36 29
37 99
38 57
40 63
41 0
42 21
42 84
46 66
46 80
48 11
49 37
50 0
50 61
50 93
51 86
53 5
54 26
54 34
55 42
55 96
57 36
58 46
58 66
59 0
60 13
60 23
61 75
64 28
64 86
66 44
66 53
67 99
68 54
69 76
70 42
72 8
72 49
73 99
74 91
75 62
77 43
77 61
78 31
78 77
79 17
79 49
79 84
80 0
81 99
82 29
83 91
84 12
84 69
84 76
85 40
85 58
86 34
90 18
90 63
90 96
91 0
93 30
93 49
93 81
93 90
97 56
99 76
