# Penalty: 45422.612982439765
# Penalty:  45422.612982439765
112
0 3
0 61
0 95
2 28
2 85
3 69
4 16
5 23
6 74
6 99
7 93
8 56
8 61
9 2
9 39
10 17
11 29
11 45
16 5
16 52
17 91
18 78
19 98
20 45
21 21
22 64
24 6
24 36
24 77
25 58
26 91
27 44
27 48
28 1
28 97
30 19
33 53
34 68
35 84
35 92
36 29
39 76
41 8
41 19
41 34
41 97
42 37
42 66
43 25
44 1
45 75
46 58
47 97
48 12
48 82
49 45
52 1
52 78
53 47
54 18
56 35
57 54
58 30
59 6
59 63
59 86
61 79
62 40
62 68
63 13
63 20
66 31
66 52
67 42
67 59
68 68
69 89
70 20
71 54
72 35
72 95
75 65
76 10
77 25
77 80
78 50
78 72
80 19
82 67
83 0
83 32
83 58
83 74
83 95
84 89
88 62
88 99
89 15
89 48
89 73
90 80
93 21
95 28
95 44
96 98
97 7
97 68
98 49
98 55
99 28
99 38
99 78
