# Penalty: 37073.85574481702
# Penalty:  37073.85574481702
97
0 0
3 3
4 70
4 86
5 50
7 58
8 43
12 28
12 61
12 91
14 35
16 18
17 27
18 86
19 48
19 55
19 95
23 33
24 75
26 96
29 36
31 47
31 82
32 6
33 51
34 41
34 99
35 21
35 26
36 12
37 69
38 59
39 17
39 87
40 50
41 72
43 93
44 7
45 35
45 40
47 56
47 86
48 47
49 90
50 23
51 18
51 97
52 61
56 70
59 24
60 82
61 9
61 17
61 35
62 29
62 71
63 64
64 81
64 90
65 42
65 99
66 34
69 10
70 46
71 52
73 40
73 90
74 27
74 82
75 74
77 66
78 18
79 44
79 50
79 72
79 88
80 8
80 60
80 99
81 31
83 61
86 47
88 10
89 20
89 29
89 99
91 52
91 74
92 62
94 46
97 94
99 28
99 34
99 52
99 59
99 70
99 83
