# Penalty: 40449.041362658216
# Penalty:  40449.041362658216
103
0 8
0 33
0 53
1 18
2 21
2 60
3 3
3 45
3 72
3 86
6 54
7 63
8 8
9 78
9 99
10 40
11 89
13 13
13 33
13 46
13 54
15 9
16 18
17 93
18 70
21 54
22 0
23 24
23 42
23 60
24 82
25 99
27 36
27 71
27 99
29 0
29 21
30 37
31 83
32 11
34 56
34 99
37 45
38 21
38 34
41 39
41 62
42 2
43 30
44 75
47 43
48 10
49 34
52 87
53 13
53 34
53 99
54 78
58 60
59 43
59 59
60 2
61 30
64 23
66 17
66 50
66 99
67 10
69 0
69 27
70 48
71 57
71 87
73 31
73 37
73 95
75 78
76 8
77 68
78 61
78 88
79 36
79 77
80 65
81 54
81 94
84 85
84 99
86 11
87 74
88 21
88 44
92 5
92 18
92 67
92 90
95 77
96 43
96 55
98 66
99 2
99 66
99 86
