# Penalty: 46197.83366794702
# Penalty:  46197.83366794702
114
0 5
0 29
0 88
0 97
1 0
3 22
3 36
3 67
4 79
5 59
6 16
6 90
7 99
8 25
10 49
10 56
12 32
13 74
14 95
15 4
19 60
20 21
22 39
22 81
24 30
24 49
27 0
28 7
28 50
28 61
28 72
29 12
29 97
30 88
32 0
32 47
33 26
33 93
35 43
36 62
37 18
37 86
38 67
40 6
40 51
41 32
41 59
42 0
42 81
47 47
48 88
49 63
50 19
52 41
53 10
55 2
55 32
55 46
56 20
58 73
59 97
60 82
61 2
61 34
62 46
62 86
63 28
64 57
66 63
66 75
67 26
67 38
68 10
68 59
70 4
70 41
70 66
71 75
74 1
75 23
75 88
78 11
79 42
80 35
80 56
82 92
83 14
83 27
83 65
86 47
87 55
89 63
90 83
91 35
92 55
92 99
93 23
94 14
94 40
94 94
95 47
95 73
98 5
98 82
99 0
99 12
99 23
99 30
99 41
99 60
99 70
99 80
99 92
99 99
