# Penalty: 41203.1605920077
# Penalty:  41203.1605920077
106
0 82
0 89
2 24
2 53
3 45
4 15
5 2
7 31
7 81
9 43
9 63
11 54
13 22
13 27
14 9
14 78
19 0
19 58
20 7
21 99
22 52
22 89
23 44
24 80
26 10
27 29
28 45
28 87
29 98
30 66
31 22
31 42
31 59
34 2
34 71
35 20
37 87
37 99
38 32
38 54
39 76
40 12
41 49
41 64
41 94
44 4
46 22
48 41
48 59
48 99
49 27
50 51
52 38
53 6
55 47
55 59
57 27
57 92
58 11
58 66
60 38
61 18
61 86
63 2
64 40
64 76
65 83
67 35
68 26
68 68
69 91
72 6
72 61
73 33
74 22
76 13
76 77
76 83
77 43
78 27
78 64
79 0
80 99
82 37
84 70
85 19
86 28
86 40
89 11
89 60
90 87
91 78
92 99
93 6
94 71
95 25
95 54
96 31
96 40
98 15
98 64
98 92
99 0
99 52
99 79
99 87
