# Penalty: 42014.58147871656
# Penalty:  42014.58147871656
110
0 71
0 95
1 87
2 46
3 6
3 77
5 0
5 51
7 30
8 15
8 45
8 63
8 89
9 24
9 57
9 71
12 52
15 14
15 86
15 97
17 31
19 3
19 72
20 46
20 79
22 58
23 65
24 29
25 6
25 60
26 45
26 68
27 40
28 92
30 75
32 10
32 50
34 3
34 25
34 64
34 99
35 31
36 40
38 11
39 92
40 83
42 53
43 26
44 34
46 4
46 48
47 56
48 69
49 76
50 63
51 12
52 92
54 72
55 5
56 44
56 67
58 29
58 36
58 99
60 68
61 79
62 22
64 51
64 90
65 24
65 41
66 5
67 66
68 10
69 58
69 82
69 99
71 19
71 93
73 70
75 28
75 47
76 9
78 36
79 23
79 42
79 55
79 82
81 88
82 0
84 5
84 52
87 26
88 66
88 99
89 12
91 44
92 1
93 9
93 20
95 72
96 38
97 46
98 63
98 77
99 0
99 12
99 53
99 84
99 96
