# Penalty: 42703.37477038235
# Penalty:  42703.37477038235
104
0 17
0 33
0 48
0 62
2 86
4 45
4 56
5 75
7 9
7 20
7 39
7 82
8 96
11 75
13 24
17 32
17 86
17 95
19 63
24 38
25 9
25 60
26 96
27 18
28 29
28 62
28 76
29 68
31 23
31 51
33 81
34 92
34 99
35 72
36 40
37 56
38 6
38 82
39 27
40 89
41 11
41 48
42 98
45 37
47 20
47 93
48 80
49 41
49 52
50 21
52 74
54 27
56 67
56 90
58 40
58 75
60 8
61 48
61 56
61 78
63 32
64 26
64 48
64 73
64 99
66 86
67 10
67 24
67 40
67 66
68 74
71 24
72 13
72 38
74 96
75 56
76 69
77 6
77 48
77 82
80 17
80 87
81 94
82 30
82 45
82 99
83 40
83 60
85 47
85 74
87 90
88 13
88 28
91 61
92 10
93 72
93 90
95 21
97 28
98 53
98 59
99 35
99 65
99 82
