# Penalty: 42904.923893354266
# Penalty:  42904.923893354266
109
0 25
0 39
0 47
0 49
0 66
0 76
0 89
2 5
3 94
4 54
6 32
6 44
7 14
8 73
8 99
9 49
9 86
10 3
10 39
11 19
11 27
13 9
15 35
19 1
19 20
20 97
21 59
22 12
24 33
24 99
26 50
26 66
27 91
28 77
31 18
31 94
32 1
32 12
32 65
32 79
33 28
33 51
35 70
37 48
37 91
42 94
43 20
43 59
44 68
46 33
47 37
47 96
48 0
49 46
51 27
51 29
51 77
52 13
52 52
52 91
55 6
55 81
58 21
58 54
58 61
58 92
59 69
60 16
60 37
60 85
62 62
63 28
63 99
64 78
65 3
65 76
67 34
67 94
68 17
70 81
73 96
75 22
75 77
76 47
78 6
78 83
79 93
80 44
82 59
83 0
85 4
85 50
88 91
89 40
89 99
90 1
90 54
93 19
93 63
93 85
95 28
96 3
96 53
96 73
97 97
98 64
99 44
99 53
99 79
