# Penalty: 40680.14258658618
# Penalty:  40680.14258658618
104
0 7
0 21
0 35
0 63
3 28
3 49
3 90
4 4
4 14
5 74
8 0
8 45
9 23
9 83
10 51
12 12
12 64
13 36
13 78
13 89
13 94
15 28
15 68
19 46
21 17
21 59
24 31
24 35
24 56
24 96
25 49
25 79
26 22
27 66
28 12
28 83
29 63
29 73
32 4
32 78
32 96
33 34
37 39
38 2
39 43
39 75
39 96
40 65
41 19
41 33
43 55
45 6
46 69
48 93
50 12
51 37
54 62
55 88
56 21
57 34
57 58
57 73
57 80
58 71
60 45
62 24
63 16
63 61
64 71
65 36
67 61
67 99
68 34
68 85
70 8
71 55
73 26
74 0
75 32
75 66
77 95
78 47
82 99
83 0
83 37
86 61
86 75
87 48
87 83
87 95
88 8
88 27
90 99
93 31
93 43
93 70
94 14
94 37
94 81
96 52
98 95
99 34
99 69
99 77
