# Penalty: 45724.12577190366
# Penalty:  45724.12577190366
111
0 24
0 56
0 81
0 97
1 6
1 30
2 36
3 51
3 67
4 25
5 44
8 91
8 99
9 34
10 82
11 28
11 42
11 62
14 77
16 56
18 11
19 87
20 51
20 70
21 3
22 94
23 16
23 25
23 45
23 61
23 77
28 38
29 51
29 72
29 99
30 59
31 26
31 28
32 0
33 96
34 6
34 19
37 25
37 53
38 52
39 72
40 55
40 96
41 13
41 64
43 91
44 1
48 62
48 66
49 52
49 79
50 2
50 33
51 91
52 26
52 40
53 1
53 8
54 79
54 98
56 66
59 51
59 85
60 8
60 19
60 89
61 70
62 39
62 58
66 22
66 29
67 2
67 54
67 78
68 44
70 7
71 13
72 63
73 39
73 56
75 1
77 47
77 81
79 98
80 13
80 44
82 68
82 92
83 0
84 57
85 77
86 27
86 83
87 40
88 69
88 99
91 49
92 79
93 34
95 30
96 84
99 0
99 26
99 45
99 65
99 80
