# Penalty: 191417.76655693457
# Penalty:  191417.76655693457
201
0 5
0 24
0 31
0 38
0 45
0 52
0 59
0 73
0 80
0 87
0 94
0 99
3 14
4 0
4 21
4 28
4 35
4 42
4 49
4 56
4 63
4 70
4 77
4 84
5 93
5 99
10 65
11 16
11 30
11 37
11 44
11 51
11 58
11 72
11 79
12 0
12 23
14 6
14 89
14 96
21 4
21 11
21 87
22 94
23 99
24 0
24 21
24 28
24 35
24 42
24 49
24 63
24 70
24 77
25 56
27 13
28 6
28 89
28 96
30 0
30 23
30 37
31 30
31 44
31 51
31 58
31 65
31 72
31 79
35 4
35 87
35 94
36 11
37 99
38 21
38 28
38 35
38 42
38 49
38 56
38 70
38 77
42 6
42 13
43 0
44 37
44 51
45 23
45 58
45 65
45 72
45 79
46 30
46 44
49 4
49 11
49 87
49 94
51 99
52 0
52 21
52 28
52 35
52 42
52 49
52 63
52 77
53 56
53 70
56 6
56 13
56 89
56 96
58 0
59 23
59 30
59 37
59 44
59 51
59 58
59 65
59 72
59 79
62 4
63 10
63 94
65 56
65 99
66 21
66 28
66 35
66 42
66 49
66 63
66 70
66 77
69 89
70 6
70 13
70 96
72 0
72 44
72 58
73 30
73 37
73 65
73 72
73 79
74 23
77 4
78 87
79 49
79 99
80 0
80 21
80 35
80 42
80 56
80 63
80 70
80 77
81 28
84 6
84 89
84 96
85 0
86 51
86 58
86 79
87 16
87 30
87 37
87 44
87 65
87 72
93 5
93 93
93 99
94 0
94 14
94 21
94 28
94 35
94 42
94 49
94 56
94 70
94 77
94 84
99 0
99 18
99 25
99 33
99 39
99 46
99 53
99 60
99 67
99 74
99 82
99 89
