# Penalty: 41839.12510579636
# Penalty:  41839.12510579636
105
0 13
0 70
0 95
1 40
1 56
2 21
2 62
3 28
3 94
4 3
4 84
6 37
7 8
7 99
9 20
9 61
9 68
14 0
14 49
18 10
18 73
20 94
21 44
22 17
22 59
25 5
26 30
26 54
26 82
27 38
30 73
30 92
31 30
32 6
32 82
33 19
33 24
34 65
36 47
40 26
40 74
40 87
40 94
42 52
43 23
44 0
44 8
44 15
46 36
48 76
49 99
50 83
51 27
53 33
53 78
54 11
54 96
55 50
56 23
56 42
56 83
57 62
57 69
58 31
60 70
60 78
62 9
62 16
62 43
62 63
62 92
62 97
64 2
64 52
66 84
71 98
72 8
74 24
74 62
74 86
76 52
77 0
79 10
82 35
83 57
84 22
84 75
84 82
87 51
88 38
88 67
88 87
89 16
90 31
90 78
93 2
93 10
93 26
93 58
93 73
93 96
94 85
95 78
96 41
96 67
