# Penalty: 48113.09441317454
# Penalty:  48113.09441317454
118
0 7
0 38
0 54
0 69
0 88
1 94
2 73
3 23
4 55
4 99
6 60
7 42
8 34
9 0
9 18
9 79
10 65
12 44
12 55
13 90
18 93
19 8
20 69
21 17
21 24
22 81
22 89
23 3
23 33
23 58
25 75
27 9
27 18
27 39
27 74
28 1
29 29
29 93
30 64
31 44
32 24
32 77
35 13
36 64
37 69
39 2
39 54
40 24
42 44
42 86
44 99
45 1
45 21
45 94
48 23
48 67
49 8
50 49
52 13
52 39
53 34
53 73
57 45
57 81
57 91
58 21
58 52
58 65
58 77
62 32
63 5
63 99
64 0
64 11
64 20
64 55
64 64
67 15
67 96
68 20
68 29
68 71
68 89
69 50
70 79
72 3
72 47
72 99
73 36
74 90
76 74
76 78
77 4
78 61
81 51
82 99
83 18
85 10
86 30
86 63
86 92
89 23
89 49
89 74
91 0
91 80
93 94
94 72
95 9
95 24
96 38
97 79
98 18
99 0
99 38
99 64
99 83
99 99
