# Penalty: 46758.21071762546
# Penalty:  46758.21071762546
115
0 27
0 63
0 84
0 93
1 6
1 48
2 14
2 37
3 71
3 99
4 78
5 28
5 43
6 55
7 8
7 18
7 94
9 68
9 99
10 33
10 47
16 76
18 0
18 50
18 89
20 18
24 4
25 19
25 41
25 93
26 30
26 82
29 47
30 4
30 28
30 64
30 85
32 15
32 24
33 70
33 90
34 39
34 46
35 77
36 99
37 53
38 2
39 72
41 78
45 99
46 87
48 11
50 71
50 78
52 37
52 99
53 27
53 57
53 64
54 93
58 45
59 0
59 36
59 98
60 11
60 34
61 56
62 3
62 71
62 90
63 63
63 81
64 45
65 49
66 24
66 35
67 6
68 94
68 99
69 55
69 81
70 1
71 44
72 99
73 28
74 35
74 47
75 80
77 22
77 61
77 86
79 31
80 81
81 11
82 89
83 42
84 6
84 65
86 73
90 62
91 12
91 53
91 82
91 97
92 35
93 21
94 4
98 76
98 95
99 0
99 7
99 23
99 44
99 59
99 66
