# Penalty: 36543.367973241344
# Penalty:  36543.367973241344
97
0 3
1 99
2 10
3 54
4 20
7 1
7 64
9 10
9 76
14 54
15 44
15 77
19 93
20 17
23 52
23 87
25 36
25 55
25 64
27 46
29 77
30 23
30 93
31 33
32 65
33 39
34 6
35 12
35 20
38 1
39 17
39 58
39 92
39 99
40 78
44 67
44 99
45 30
45 40
45 56
48 8
48 27
48 75
50 1
50 23
51 68
52 57
53 77
53 99
54 31
55 44
56 95
57 7
58 0
58 52
59 43
60 27
62 0
62 58
62 84
63 99
65 91
66 65
67 6
67 52
68 37
68 41
71 22
71 29
71 95
73 59
73 68
75 0
75 19
77 30
77 54
78 48
79 72
79 92
81 5
81 38
81 99
82 58
84 17
85 80
87 53
87 90
90 27
90 34
92 48
93 9
94 54
96 23
96 77
96 91
98 34
99 1
