# Penalty: 36802.82141037399
# Penalty:  36802.82141037399
95
0 28
0 69
0 84
1 2
1 21
2 92
3 98
4 57
6 13
6 60
7 73
8 95
8 99
11 19
11 26
11 53
12 61
13 90
15 1
16 25
16 78
16 97
17 68
18 18
19 92
20 9
21 53
21 83
24 73
25 14
25 94
28 9
28 19
28 29
28 64
29 52
29 88
30 74
31 0
31 99
52 67
52 93
52 99
53 86
55 4
56 12
57 23
59 76
59 97
60 44
60 51
62 28
62 40
62 68
64 12
65 3
66 95
67 64
68 89
69 38
69 83
71 2
73 50
74 97
75 27
75 63
76 20
77 84
79 47
80 4
80 59
81 32
83 72
84 24
86 17
86 82
87 8
87 58
89 41
89 52
90 75
91 21
92 46
93 60
94 6
95 28
96 0
97 78
98 7
98 32
99 33
99 42
99 57
99 62
99 71
