# Penalty: 46462.50357082425
# Penalty:  46462.50357082425
112
0 0
0 5
0 45
0 53
0 81
2 58
3 19
3 26
3 87
5 1
5 11
5 96
6 79
9 22
9 71
10 12
10 33
11 99
15 30
15 47
16 16
17 3
17 67
21 24
21 39
23 81
24 6
26 18
26 75
26 99
29 2
29 32
30 25
30 50
30 57
33 13
33 41
33 86
34 49
36 68
38 35
39 25
39 55
40 83
41 43
42 90
44 37
44 60
45 42
46 29
48 58
49 83
51 11
51 68
51 76
52 1
54 47
55 65
55 97
56 24
57 5
58 32
58 35
59 48
59 69
61 13
61 88
63 6
63 58
63 79
63 99
64 46
64 67
67 19
68 0
68 78
69 40
69 55
71 83
73 37
73 94
75 77
76 32
77 53
77 99
78 60
78 87
79 6
80 99
81 81
82 64
83 14
83 39
84 89
84 94
87 3
87 56
88 30
89 42
90 16
90 50
91 63
94 38
95 93
98 0
98 63
98 77
99 7
99 12
99 26
99 39
99 50
