# Penalty: 42554.40944167894
# Penalty:  42554.40944167894
109
0 27
0 60
0 95
1 8
1 47
1 63
2 17
2 85
3 1
4 24
5 41
6 74
6 99
8 31
9 39
10 84
12 51
12 70
15 92
20 94
21 64
22 41
24 22
24 74
27 60
27 86
27 99
28 29
30 45
30 54
31 45
31 76
32 6
32 61
32 68
34 21
35 0
35 70
37 72
37 87
38 39
39 48
40 22
41 6
43 58
45 1
45 30
47 53
47 60
47 94
48 72
49 40
50 83
51 10
51 45
51 99
53 23
53 68
56 88
56 99
57 94
58 0
58 38
62 44
62 56
63 65
64 99
67 30
67 60
67 85
68 8
69 4
69 93
70 50
70 58
71 37
73 98
74 22
75 20
77 42
77 67
77 74
78 32
80 2
81 60
81 76
84 67
84 91
86 52
87 0
87 8
87 26
87 33
88 41
88 48
90 89
91 27
92 56
95 35
95 61
97 41
97 56
97 78
98 12
98 26
99 3
99 21
99 72
99 91
