# Penalty: 43642.53951395511
# Penalty:  43642.53951395511
110
0 19
0 48
0 88
1 36
3 43
3 73
6 53
7 16
7 64
8 81
9 99
10 27
10 47
13 92
14 8
14 24
14 66
17 20
18 51
18 71
18 89
20 37
21 1
21 63
21 95
24 9
25 36
25 43
26 27
26 82
28 50
29 27
30 0
30 10
30 79
32 63
33 39
35 0
36 48
36 50
36 69
37 8
37 77
40 13
40 60
40 80
42 36
43 40
44 22
46 18
48 64
48 82
48 93
49 27
51 5
52 99
53 25
53 41
54 32
54 54
54 75
55 2
55 88
56 12
56 66
61 91
63 81
64 0
64 74
64 98
65 18
65 54
68 88
70 82
71 2
71 64
72 45
72 75
74 40
75 69
78 6
78 20
78 42
79 60
80 35
80 91
83 22
83 96
84 33
85 9
85 78
87 53
89 88
90 45
90 69
90 94
91 61
92 17
92 25
93 6
94 0
94 74
96 84
98 32
98 59
98 70
99 0
99 25
99 54
99 99
