# Penalty: 46536.344021908764
# Penalty:  46536.344021908764
113
0 39
0 46
0 49
0 73
0 92
2 11
2 83
3 60
4 20
6 40
6 74
7 24
7 91
7 98
8 0
10 18
11 49
12 55
13 79
15 96
18 4
19 45
20 90
22 48
22 72
26 12
26 65
27 66
30 30
30 37
30 75
31 17
31 56
31 95
34 0
34 72
34 82
36 7
36 77
37 99
38 50
40 17
41 82
42 11
42 38
42 56
43 0
43 32
43 66
45 51
45 93
47 19
48 42
50 60
50 81
51 11
53 0
53 75
54 32
56 22
56 51
56 54
57 13
58 71
59 27
59 73
60 6
60 99
61 36
61 93
62 59
62 82
63 21
64 40
65 2
65 38
65 55
68 99
69 79
70 12
70 67
71 3
71 27
73 41
73 89
75 60
75 99
76 10
78 0
78 91
79 44
79 74
81 20
81 54
82 29
86 1
86 45
87 16
87 62
88 80
90 5
90 51
93 25
93 37
93 93
94 71
95 15
96 31
97 50
97 56
98 41
99 12
99 87
