# Penalty: 41337.952437232285
# Penalty:  41337.952437232285
105
0 39
0 49
0 60
1 21
1 98
5 84
6 16
6 97
8 30
8 38
8 76
9 3
13 0
13 42
13 85
18 16
18 47
19 24
19 99
20 56
20 71
21 65
22 2
22 87
26 30
26 68
27 44
28 63
29 49
30 87
31 3
33 45
33 65
34 11
35 74
35 98
36 60
36 86
37 36
37 52
39 24
39 58
39 92
42 33
42 62
43 8
44 68
44 79
46 27
47 45
48 0
48 18
48 32
49 5
49 54
52 76
53 16
53 89
54 41
54 94
56 58
57 34
57 47
58 2
58 22
58 61
59 99
61 38
61 84
63 17
64 7
64 98
65 12
65 91
67 0
67 70
69 42
70 87
71 28
72 27
73 60
73 67
75 1
77 80
78 67
78 98
79 35
80 13
80 57
83 23
83 91
85 0
88 65
91 49
92 5
92 36
92 81
93 0
95 23
96 64
97 30
97 37
99 11
99 54
99 86
