# Penalty: 39132.00789162614
# Penalty:  39132.00789162614
104
0 42
0 65
1 47
1 78
3 59
4 16
4 89
5 22
5 99
6 10
6 64
9 52
9 81
11 29
13 1
13 87
13 96
19 9
19 48
19 95
21 71
22 55
22 82
24 88
25 35
25 74
26 0
26 26
27 48
30 88
31 11
31 63
31 80
32 74
32 95
34 3
35 43
35 62
36 53
38 41
38 94
44 45
45 32
45 90
46 58
48 25
48 97
49 7
51 29
51 66
51 87
52 0
52 20
52 74
53 38
54 10
55 4
55 78
58 95
59 53
60 87
61 6
62 26
64 60
64 75
65 40
67 21
68 0
68 31
68 54
68 63
68 67
68 78
68 99
69 35
70 87
73 99
75 18
75 91
76 9
76 82
77 58
78 2
78 47
80 52
83 66
84 27
84 88
85 20
86 96
88 11
89 56
92 30
94 22
94 37
96 11
96 43
97 99
98 16
99 0
99 28
99 40
99 67
99 76
