# Penalty: 40238.777575750515
# Penalty:  40238.777575750515
107
0 13
0 45
0 71
3 0
3 50
3 82
4 91
6 16
7 7
7 70
8 44
10 25
10 99
11 0
11 37
13 55
13 65
14 33
15 10
16 96
18 87
20 22
22 7
22 69
22 78
24 50
24 93
26 10
26 84
26 99
27 33
27 50
28 59
28 74
30 54
31 23
33 35
34 65
35 85
36 31
36 45
37 78
37 99
38 9
39 29
39 64
39 91
40 58
42 1
42 39
43 86
44 78
47 32
48 6
49 79
50 22
50 97
51 49
53 74
54 64
55 57
56 0
56 11
56 99
58 46
58 75
59 30
59 37
60 21
60 54
60 62
60 80
61 91
63 16
65 35
65 42
67 1
67 94
71 60
72 24
75 96
77 75
78 38
81 3
81 65
81 99
82 26
83 33
84 9
86 0
86 18
87 67
90 56
91 85
92 15
93 3
95 44
95 78
97 66
97 85
98 7
98 97
99 1
99 32
99 49
99 56
99 66
