# Penalty: 94303.41815195818
# Penalty:  94303.41815195818
164
0 0
0 4
0 11
0 18
0 31
0 38
0 45
0 59
0 73
0 80
0 87
0 94
5 0
5 14
5 21
5 28
5 35
5 42
5 56
5 63
5 77
5 84
6 5
6 93
9 50
13 0
13 35
13 56
13 63
13 77
14 21
16 4
16 11
16 87
17 47
24 4
24 11
24 87
24 94
25 40
26 99
27 0
27 21
27 28
27 35
27 49
27 56
27 63
27 70
27 77
31 27
32 4
32 11
32 37
32 53
32 87
33 51
33 99
34 41
35 0
35 21
35 63
35 70
35 77
39 76
40 4
40 11
40 94
42 99
43 0
43 21
43 35
43 42
43 49
43 63
43 70
47 98
48 4
48 11
48 87
51 0
51 21
51 28
51 35
51 42
51 49
51 63
51 70
51 77
53 84
54 6
55 33
56 94
58 99
59 21
59 28
59 42
59 49
59 56
59 63
59 70
59 77
64 4
64 11
64 59
64 87
64 94
66 64
67 0
67 21
67 28
67 35
67 42
67 49
67 70
67 77
72 4
72 11
72 87
72 94
74 70
74 99
75 21
75 35
75 42
75 49
75 77
80 11
80 49
80 94
82 99
83 0
83 28
83 35
83 42
83 56
83 63
83 84
90 33
90 41
90 72
90 93
90 99
91 0
91 14
91 21
91 28
91 56
91 63
91 84
98 5
98 56
98 93
99 0
99 14
99 21
99 28
99 35
99 42
99 49
99 63
99 77
99 84
99 98
