# Penalty: 46562.68738722492
# Penalty:  46562.68738722492
79
0 18
1 7
1 81
1 89
1 95
2 24
2 45
2 54
2 61
5 14
5 40
7 23
7 49
8 93
8 99
9 29
9 84
10 42
10 60
10 71
12 17
14 76
16 38
16 44
17 94
18 60
19 55
19 77
19 87
20 24
21 82
24 30
24 37
24 68
26 65
26 89
27 81
28 94
29 43
29 49
30 64
31 73
33 31
33 49
33 66
33 77
35 99
36 59
36 91
36 94
37 85
40 45
42 70
44 52
48 68
48 79
48 90
48 97
49 58
52 71
53 77
53 84
55 59
56 83
59 67
59 77
59 93
59 99
64 99
65 72
65 87
68 93
72 99
74 89
75 79
77 96
79 99
80 83
96 99
