# Penalty: 44530.57562520049
# Penalty:  44530.57562520049
111
0 57
0 80
0 86
0 94
1 64
2 26
3 46
4 11
5 36
5 54
5 97
6 69
6 91
9 58
11 3
11 64
13 18
13 46
14 73
17 40
18 9
18 85
19 47
19 97
20 0
21 27
23 77
23 92
24 61
24 84
27 12
27 23
28 81
29 0
30 6
30 25
31 36
31 68
32 49
34 59
35 99
36 0
36 93
37 44
38 65
38 76
40 54
41 39
41 86
42 5
42 42
42 52
42 61
43 18
43 31
47 79
50 33
51 99
52 96
53 76
54 42
55 59
56 50
58 44
58 49
60 99
61 81
61 88
62 4
63 33
66 24
66 60
66 70
68 49
68 76
69 18
69 91
70 65
74 40
77 25
77 49
77 89
78 19
79 34
79 80
81 2
81 9
81 65
81 98
83 42
83 48
85 78
87 62
88 52
88 91
89 10
89 34
89 68
90 0
91 4
92 41
93 23
94 49
95 69
96 17
97 26
98 40
98 87
98 94
99 52
99 61
