# Penalty: 38558.58555138917
# Penalty:  38558.58555138917
104
0 48
0 91
1 12
3 41
4 67
5 99
6 21
7 85
8 74
10 45
12 23
12 39
12 62
13 11
13 69
14 51
16 87
17 93
19 15
19 30
22 3
24 38
24 64
25 83
26 24
26 96
28 74
29 6
29 31
31 40
31 65
31 92
32 12
32 22
34 0
34 62
35 75
38 55
38 82
39 68
40 28
40 85
41 11
41 46
43 19
45 29
45 99
46 92
48 31
49 6
49 53
50 72
51 15
52 0
52 49
52 63
54 96
55 81
59 13
60 32
60 97
61 65
61 71
62 81
63 22
64 48
64 92
65 38
66 84
68 8
69 43
74 50
74 55
75 50
75 67
76 4
76 86
77 40
77 62
77 75
79 90
81 25
81 99
82 19
85 37
86 55
87 81
88 90
90 48
91 38
91 62
92 7
93 16
93 71
94 0
95 57
98 23
98 48
98 80
99 9
99 66
99 75
99 89
99 99
