# Penalty: 44780.870931043224
# Penalty:  44780.870931043224
106
0 56
3 64
4 21
4 87
5 76
8 98
9 9
10 26
11 45
11 61
11 71
12 32
13 50
17 11
17 67
20 0
20 28
22 55
23 91
25 81
25 99
27 17
27 47
28 40
30 69
31 91
32 0
32 79
32 97
34 64
35 56
36 21
36 74
37 35
38 82
38 93
40 28
40 36
41 65
42 6
42 72
43 26
43 75
46 0
46 42
46 90
46 97
47 51
48 56
48 71
49 81
51 81
52 33
54 8
56 90
57 70
58 38
59 72
59 80
61 11
61 49
61 94
62 20
63 38
63 46
65 65
66 2
67 44
67 75
69 20
69 85
70 34
71 70
72 41
72 49
73 56
76 88
77 59
77 78
78 34
78 97
80 23
81 57
82 20
82 91
85 12
86 30
86 66
86 78
87 24
87 46
88 6
88 99
91 40
92 90
93 80
94 71
96 55
97 34
98 7
98 62
99 13
99 38
99 75
99 83
99 95
