# Penalty: 44084.250341125815
# Penalty:  44084.250341125815
93
0 0
0 72
4 53
4 72
5 99
7 29
9 77
10 36
10 68
11 18
15 21
19 25
19 78
20 58
20 71
21 31
21 39
21 55
21 63
22 68
23 1
25 90
26 79
27 75
27 96
28 6
29 37
29 43
29 67
30 25
31 32
33 24
33 32
33 50
33 59
35 6
37 48
38 16
38 61
39 75
39 82
41 57
42 61
42 89
43 25
45 15
45 33
46 96
49 2
50 38
50 60
51 75
54 27
56 66
57 73
58 56
59 34
60 63
60 71
62 16
62 24
62 49
63 1
64 36
64 39
64 78
65 64
66 27
66 46
67 55
70 82
71 60
72 26
72 73
73 78
73 91
74 15
75 41
76 20
77 61
78 29
78 73
80 57
81 23
81 75
83 35
83 80
85 44
87 18
87 60
91 46
92 71
99 53
