# Penalty: 44457.436235349036
# Penalty:  44457.436235349036
109
0 17
0 50
0 54
0 67
0 91
1 81
2 36
5 15
5 30
5 76
7 64
9 82
10 37
12 50
12 74
12 99
13 31
15 0
15 92
17 98
20 81
21 24
21 40
23 11
24 0
24 43
24 56
24 93
25 62
26 17
26 73
29 53
29 80
31 7
31 67
32 11
32 26
32 75
34 27
34 99
36 96
37 55
37 66
38 20
39 37
39 49
39 80
40 73
42 10
42 60
43 17
43 91
46 67
47 97
48 0
50 58
51 27
52 78
53 9
53 24
54 37
55 53
55 97
56 43
59 24
60 2
60 71
61 12
61 69
61 88
62 53
63 32
66 42
67 56
68 32
70 10
70 19
74 20
74 80
77 62
78 11
78 42
78 99
79 17
80 4
81 50
81 68
82 83
83 29
84 71
86 4
87 32
87 57
88 65
88 91
90 43
91 11
92 52
92 73
94 7
94 99
95 67
99 2
99 18
99 32
99 47
99 54
99 70
99 85
