# Penalty: 39774.30571549086
# Penalty:  39774.30571549086
104
0 0
0 31
1 99
2 12
2 85
4 4
5 51
5 68
6 99
7 18
7 93
9 80
10 0
11 58
13 10
13 95
14 34
16 42
16 86
21 0
21 8
23 67
23 90
24 75
27 4
27 52
28 69
30 95
31 69
32 55
34 7
34 47
34 55
36 17
36 27
36 82
37 34
37 76
37 99
39 50
40 37
43 93
44 26
44 51
45 3
45 67
45 73
47 27
48 80
49 44
49 76
51 52
52 39
53 99
54 0
54 58
54 86
55 10
55 17
55 99
58 31
59 92
61 19
61 55
61 65
63 9
65 34
66 96
67 89
68 12
68 39
69 34
69 65
70 79
72 0
72 21
72 73
74 53
75 35
75 45
75 97
76 66
77 6
77 49
78 12
81 58
82 78
84 25
85 1
85 94
86 14
86 47
86 54
90 34
90 69
92 97
93 44
94 6
94 92
98 29
98 82
99 2
99 20
99 99
