# Penalty: 42179.308941571355
# Penalty:  42179.308941571355
108
0 53
0 80
0 88
2 57
2 72
2 94
4 82
5 27
5 40
5 59
7 99
8 3
10 58
11 18
11 51
12 76
13 66
13 85
14 5
14 28
14 98
16 93
20 38
21 9
22 45
23 54
23 77
23 88
24 59
24 69
24 95
27 11
28 26
28 76
30 33
30 65
31 2
32 34
32 73
32 90
34 27
35 51
35 61
35 84
37 16
39 22
40 88
41 62
41 76
45 3
46 63
49 48
50 80
51 20
51 41
53 8
54 32
55 95
56 25
56 37
56 72
56 87
59 2
59 57
60 93
61 76
63 45
65 0
65 58
66 86
68 12
69 77
70 34
70 55
70 65
73 0
73 21
74 43
75 8
76 89
77 38
79 29
79 61
81 65
81 92
82 8
82 15
83 74
84 33
84 47
86 95
88 83
89 34
91 4
91 64
91 75
92 20
92 96
95 28
96 67
97 17
97 25
98 49
99 1
99 9
99 39
99 60
99 92
