# Penalty: 44947.357338527196
# Penalty:  44947.357338527196
113
0 31
0 43
0 74
1 55
2 10
2 85
2 99
4 38
4 67
5 79
6 25
6 92
7 44
8 16
9 0
9 37
9 60
12 33
14 8
14 90
15 22
16 39
18 62
19 20
20 99
21 0
21 49
22 9
25 95
26 45
27 76
28 42
28 62
29 17
30 0
31 2
31 55
31 79
32 30
32 91
34 48
34 59
35 22
36 71
38 52
39 16
40 44
41 67
41 98
42 24
44 0
44 36
46 21
46 29
47 73
48 81
49 99
51 33
51 94
52 27
53 84
54 64
54 75
55 9
56 56
60 41
61 49
61 65
62 8
62 19
62 32
62 90
65 63
67 76
68 32
69 4
70 10
70 22
70 46
71 90
71 99
73 71
74 6
74 99
75 41
75 55
76 51
78 1
78 94
80 17
80 66
81 52
82 36
83 82
84 10
86 26
86 95
87 75
88 64
91 30
91 56
91 82
92 48
93 3
94 77
94 95
95 70
97 83
98 47
99 29
99 41
99 63
99 95
