# Penalty: 44315.180440391654
# Penalty:  44315.180440391654
109
0 8
0 24
0 33
0 58
1 88
2 50
4 35
7 0
7 45
8 18
9 63
9 73
10 32
10 97
11 23
11 82
12 39
16 95
17 11
17 31
19 88
20 0
20 5
20 28
20 53
21 36
21 68
22 77
23 44
25 28
25 59
28 56
29 84
32 14
32 63
35 99
36 27
38 87
42 19
44 45
44 71
45 75
46 9
46 32
46 97
47 56
47 83
50 0
50 16
50 71
50 92
52 44
52 48
54 24
55 35
56 75
59 7
59 29
60 15
60 54
60 97
61 92
62 0
62 23
64 13
64 63
65 26
66 37
66 79
67 72
68 93
69 9
69 56
73 46
73 75
75 18
76 27
77 0
77 3
77 57
77 91
78 9
78 37
79 47
79 63
80 21
80 71
80 96
83 43
84 28
84 54
85 0
85 99
86 18
87 41
92 80
93 98
94 33
94 90
95 49
98 4
98 44
98 58
99 0
99 13
99 39
99 67
99 78
99 95
