# Penalty: 44346.67292444423
# Penalty:  44346.67292444423
107
0 19
0 40
0 73
0 77
0 94
1 4
1 24
2 83
3 65
5 71
6 0
7 52
8 17
8 90
19 31
20 3
20 91
21 60
23 24
24 19
25 14
25 80
26 71
26 92
28 5
30 11
30 44
31 53
31 61
31 68
33 49
33 72
33 80
34 51
35 34
36 9
36 16
37 38
37 92
38 98
40 45
40 59
40 65
41 32
41 54
44 86
46 75
47 44
48 3
48 24
49 63
49 97
51 87
53 69
54 10
54 49
54 75
56 59
56 91
57 39
58 23
58 99
61 9
61 35
62 70
63 24
64 31
65 13
65 81
67 4
68 57
69 36
69 99
70 0
70 29
71 89
73 7
74 55
74 96
75 19
76 0
77 35
78 40
79 19
79 99
81 80
83 54
84 27
84 77
84 96
87 41
88 0
88 65
90 15
91 81
92 9
92 27
92 55
93 94
96 2
96 86
97 24
98 15
99 32
99 42
99 65
99 72
