# Penalty: 38801.145924677396
# Penalty:  38801.145924677396
105
0 0
0 6
0 23
0 53
0 71
1 29
2 59
2 96
3 43
3 85
4 73
6 65
7 38
8 15
9 48
9 82
11 61
13 41
14 32
15 17
17 3
20 53
20 63
21 72
21 89
25 23
25 46
25 99
27 9
27 34
27 44
28 76
29 1
30 53
31 66
32 42
32 81
32 95
36 87
37 34
37 78
39 63
40 0
40 28
41 53
42 24
42 44
43 18
45 63
46 91
47 68
50 2
51 62
53 95
54 42
54 81
55 3
55 26
55 65
58 74
60 0
60 31
60 96
61 17
61 58
61 87
62 43
63 64
64 77
66 11
66 87
67 0
67 25
69 5
69 31
69 93
70 64
70 99
71 46
72 80
74 88
74 99
75 35
75 44
75 68
76 80
80 19
82 47
83 27
83 34
87 3
88 61
88 76
89 21
90 93
91 80
93 41
93 52
95 35
96 5
97 26
97 98
99 39
99 53
99 77
