# Penalty: 41600.75574515938
# Penalty:  41600.75574515938
105
0 21
0 83
1 35
1 42
1 59
1 73
4 63
7 37
8 55
8 84
9 8
12 34
13 96
14 74
17 35
18 3
18 21
19 99
20 25
20 67
20 93
21 46
22 86
23 47
24 13
25 9
25 62
26 41
28 89
29 0
30 33
30 71
31 48
31 66
32 7
32 18
33 44
33 58
35 13
35 37
36 1
36 24
36 68
37 79
37 91
41 9
43 64
43 93
44 28
44 56
45 74
46 86
49 97
50 53
52 71
53 6
54 36
54 80
57 40
59 25
59 90
60 19
60 61
62 51
63 0
64 12
65 63
67 2
68 31
68 55
68 72
69 80
71 98
72 87
73 48
75 32
76 82
77 0
78 49
78 69
78 79
78 91
80 26
81 99
82 17
82 94
85 33
86 45
86 55
87 85
88 73
91 32
92 6
92 16
92 22
92 50
93 27
93 76
93 94
94 99
98 62
99 12
99 38
99 58
99 70
