# Penalty: 39853.63046047384
# Penalty:  39853.63046047384
103
0 57
0 64
1 93
3 10
4 22
4 82
5 75
6 37
7 68
8 3
8 16
9 25
11 54
11 80
12 42
13 67
16 45
17 19
17 32
18 5
18 96
20 59
22 0
23 21
24 10
24 48
24 97
26 41
27 30
27 71
28 81
29 56
31 62
32 1
32 11
33 44
34 22
34 66
34 97
35 83
36 91
38 37
43 7
44 31
44 45
44 66
45 0
45 99
47 87
48 1
48 61
48 71
49 17
52 12
52 48
53 54
54 41
55 65
56 5
56 82
56 95
57 11
59 21
60 51
60 82
62 39
64 15
64 26
65 68
69 83
71 12
73 39
73 47
73 73
73 95
74 28
74 87
75 34
76 81
79 15
81 8
81 45
82 26
83 72
84 91
87 47
88 41
89 0
89 21
89 76
90 59
92 32
93 66
94 9
94 18
95 49
95 86
96 71
97 23
97 98
99 38
99 68
99 81
