# Penalty: 48044.61269375746
# Penalty:  48044.61269375746
116
0 0
0 41
0 56
0 65
0 99
1 8
1 22
2 31
2 65
3 42
4 59
5 2
5 78
7 87
8 25
8 48
9 40
10 60
11 20
13 70
13 80
14 8
14 95
17 58
18 90
19 50
20 48
21 77
22 33
22 97
25 83
26 69
28 8
28 93
29 87
30 67
31 0
31 32
32 57
34 25
34 42
35 99
36 3
38 66
39 9
39 42
39 50
39 97
40 59
40 78
41 0
44 44
44 88
45 70
45 92
51 9
51 38
51 70
52 73
53 3
56 86
57 26
57 53
57 96
58 10
58 17
59 79
60 0
62 93
63 35
63 64
64 2
65 28
65 55
65 87
66 73
69 20
69 67
69 94
70 34
72 48
72 87
73 61
74 7
74 53
75 40
76 0
76 67
78 59
79 37
79 73
81 85
83 26
83 45
85 9
87 0
87 19
88 27
88 54
88 79
88 92
89 66
91 60
94 10
94 69
94 96
95 21
95 43
96 33
96 90
97 82
98 74
99 5
99 27
99 59
99 98
