# Penalty: 44591.68312820209
# Penalty:  44591.68312820209
112
0 13
0 57
0 79
0 88
0 93
0 99
1 25
3 6
3 70
5 40
5 46
6 96
7 80
8 35
9 21
11 3
11 27
11 41
11 60
12 13
12 48
12 66
17 12
17 86
19 97
20 33
22 89
23 42
23 64
23 75
24 80
27 51
27 98
29 40
30 60
31 24
31 48
31 66
32 17
32 28
34 80
35 8
36 12
36 73
37 25
37 68
38 99
39 63
39 82
40 90
41 34
41 48
41 75
43 65
44 93
47 6
48 53
48 99
49 35
49 46
50 10
51 42
51 68
51 85
52 21
54 4
55 73
55 91
59 30
59 54
62 82
63 71
65 92
66 52
67 31
68 45
69 0
69 79
69 99
71 9
71 36
71 48
72 69
74 28
75 42
78 91
78 99
79 16
79 21
79 46
80 62
80 74
81 36
81 57
83 8
84 70
85 29
88 17
89 60
91 93
92 0
92 76
92 99
94 7
94 26
95 50
97 58
97 95
98 29
99 11
99 56
99 81
