# Penalty: 41794.91869363826
# Penalty:  41794.91869363826
105
0 20
1 6
1 44
2 26
2 50
4 89
6 60
8 9
8 70
9 86
12 79
14 33
16 48
17 99
18 8
23 6
23 58
24 65
25 47
25 74
26 0
26 25
29 8
29 44
29 80
31 16
32 23
33 96
36 43
37 66
37 87
38 12
38 22
38 57
40 76
40 79
41 0
42 54
42 63
43 7
44 99
48 11
48 25
48 38
49 0
50 19
50 44
51 79
51 88
52 98
53 4
53 48
53 61
54 33
57 50
59 1
59 8
59 70
61 25
62 77
64 22
64 33
64 42
65 67
65 91
66 50
66 76
69 20
71 58
71 67
73 0
73 80
74 34
74 50
75 49
75 93
76 9
76 28
77 77
78 58
78 98
80 55
81 62
82 41
83 19
83 98
84 66
86 87
87 74
88 39
89 18
90 46
91 55
92 26
92 89
94 7
95 68
97 61
97 78
98 55
99 0
99 11
99 27
99 41
99 50
