# Penalty: 47917.53284251172
# Penalty:  47917.53284251172
111
0 7
0 76
0 99
1 53
2 18
3 29
3 46
3 63
4 75
6 11
7 3
8 23
10 59
12 30
13 11
14 98
17 52
18 33
19 23
19 59
22 68
23 73
24 4
25 68
26 33
26 46
26 56
26 99
28 71
29 28
30 39
30 75
30 90
31 0
32 20
33 49
34 32
35 11
36 86
37 1
38 44
40 62
40 97
41 90
42 49
44 52
45 37
46 81
47 30
47 44
49 61
49 81
49 92
49 99
52 36
54 45
55 94
58 31
58 86
59 61
59 74
60 44
60 51
62 0
62 11
63 84
64 21
64 32
64 56
65 4
65 96
66 72
68 27
68 43
70 15
70 37
71 86
72 0
72 8
72 48
73 73
74 56
75 49
76 89
77 3
77 40
78 60
78 66
78 94
79 22
80 10
80 50
82 30
86 68
87 0
89 84
90 94
91 15
93 23
93 33
94 40
95 70
96 12
96 92
98 3
99 22
99 31
99 53
99 61
99 65
99 85
