# Penalty: 45304.79213113744
# Penalty:  45304.79213113744
111
0 0
0 24
0 38
0 58
0 64
0 99
1 92
5 86
6 18
7 0
8 51
9 77
9 99
10 14
12 58
13 36
14 4
14 48
16 88
17 95
19 38
20 20
20 77
21 9
21 55
23 74
25 98
27 24
29 47
30 79
30 96
31 36
33 7
33 89
34 26
34 60
35 99
36 30
36 44
36 64
36 80
37 75
39 40
40 0
40 13
40 47
44 0
44 39
44 73
45 32
46 92
47 11
48 58
49 17
49 43
49 81
52 39
52 55
53 27
53 72
53 99
55 16
55 46
55 69
55 93
59 9
60 31
62 79
62 96
63 19
63 49
63 52
67 50
68 72
69 1
69 64
71 62
72 27
72 87
72 92
73 7
74 68
75 99
76 0
76 75
77 55
78 23
78 36
80 63
81 70
83 12
83 99
86 57
87 77
88 70
89 49
90 12
92 34
93 54
93 95
94 0
97 26
97 65
97 71
98 35
98 47
98 79
99 0
99 42
99 56
99 63
