# Penalty: 49365.868570049264
# Penalty:  49365.868570049264
112
0 4
1 23
1 59
2 79
3 66
4 29
6 89
7 5
7 13
7 25
8 53
8 73
9 65
10 0
11 19
12 54
13 12
15 64
18 5
18 80
20 99
22 32
22 36
22 87
23 48
24 3
24 73
25 79
25 99
27 26
27 56
28 27
28 75
29 66
29 93
30 42
30 86
31 6
35 11
35 23
35 38
35 56
38 46
38 69
39 40
39 65
39 86
39 99
40 4
40 78
41 51
43 35
46 48
46 99
47 37
47 76
48 6
48 27
48 60
49 81
52 20
52 35
52 57
52 75
53 86
54 90
55 43
56 8
56 99
57 0
59 61
59 93
60 73
61 19
62 36
63 47
64 2
64 28
66 87
66 96
68 73
70 36
70 91
71 60
72 78
72 99
76 6
77 72
77 82
78 25
78 31
78 45
78 59
80 29
80 68
83 39
83 90
85 2
86 56
86 67
86 95
87 78
90 44
90 51
91 84
94 17
94 36
94 75
95 94
97 87
98 44
98 79
