# Penalty: 42667.808690708785
# Penalty:  42667.808690708785
106
0 18
0 40
0 84
0 93
1 33
3 52
4 70
5 76
5 99
8 37
9 31
10 46
10 91
11 22
11 77
12 39
12 66
13 56
17 2
18 17
18 97
19 77
21 92
22 86
23 6
23 62
26 56
27 0
27 35
27 72
29 46
29 90
30 30
30 52
32 66
33 6
33 99
35 37
36 10
39 48
40 0
40 29
41 70
42 45
43 26
44 11
44 60
46 38
47 0
48 54
48 66
49 19
51 52
52 17
52 33
53 93
54 5
54 41
54 72
55 99
56 82
57 40
58 25
58 70
59 48
63 36
67 89
68 55
68 65
69 25
69 72
69 83
70 2
71 8
71 97
72 51
73 17
74 76
75 34
76 11
77 28
77 56
77 92
80 44
81 32
81 90
82 65
83 99
84 73
86 38
87 78
88 10
88 67
90 0
90 54
91 89
92 16
92 37
92 70
94 27
95 46
95 77
96 55
97 60
98 29
99 5
