# Penalty: 47665.769109162844
# Penalty:  47665.769109162844
113
0 14
0 22
0 36
0 67
1 7
1 32
3 50
3 84
4 43
8 13
8 79
9 22
9 56
11 67
12 2
13 50
13 91
14 28
16 11
17 92
21 76
22 99
23 13
23 23
24 65
26 86
27 0
28 50
29 7
29 53
29 98
31 24
32 31
33 0
34 20
34 60
34 63
35 78
35 88
35 96
38 49
40 3
40 42
42 12
42 23
42 78
42 95
43 59
44 28
45 75
46 5
46 39
46 67
49 49
49 99
50 0
50 36
50 58
50 91
51 85
53 30
53 72
54 1
54 52
55 9
56 13
57 39
57 66
59 41
59 99
62 95
63 0
63 31
63 35
66 70
67 60
68 11
71 81
72 24
72 39
72 96
73 26
74 12
74 86
76 0
77 98
78 92
79 61
79 68
81 3
81 51
82 36
83 16
85 24
85 71
85 98
87 30
87 53
89 15
92 24
92 42
93 31
93 48
93 90
94 76
95 0
95 57
96 8
97 72
98 83
99 22
99 42
99 51
