# Penalty: 39031.071049601465
# Penalty:  39031.071049601465
103
0 2
0 22
0 43
2 71
6 35
7 45
8 63
8 81
9 6
9 71
10 20
11 60
12 52
13 42
13 99
16 3
17 86
21 26
21 35
22 48
22 68
23 3
23 15
24 75
25 42
26 29
26 85
27 8
27 31
29 4
30 54
32 14
32 49
34 80
34 99
36 78
38 67
39 52
39 69
39 94
40 22
41 3
43 9
43 41
43 87
44 27
45 99
47 63
49 0
49 25
49 93
52 38
52 46
52 71
54 83
55 2
55 17
55 29
58 76
60 54
60 64
60 88
61 35
62 7
63 44
65 38
65 92
65 99
66 73
70 11
71 27
71 35
71 47
72 99
73 70
76 41
77 21
78 48
78 67
79 0
80 38
80 78
80 92
81 15
85 25
85 99
86 8
86 41
87 35
87 62
88 52
88 91
90 30
91 0
93 11
94 58
95 50
96 39
97 21
97 31
98 64
98 83
99 4
