# Penalty: 47349.48898260301
# Penalty:  47349.48898260301
113
0 27
0 50
0 66
0 88
1 45
3 5
4 20
4 68
4 95
5 13
5 53
5 60
7 27
8 74
10 23
10 84
11 14
12 30
13 51
17 13
17 42
17 93
18 35
19 70
20 81
20 98
21 61
23 49
24 13
26 25
26 87
27 65
28 93
29 2
29 32
30 58
32 46
32 60
33 8
34 41
34 55
34 93
35 29
37 11
39 83
41 0
41 66
42 30
43 19
43 76
43 90
44 38
46 49
47 5
47 89
48 67
49 55
50 39
53 49
53 64
54 98
55 86
56 72
57 56
58 11
58 44
58 76
59 19
60 93
62 0
63 35
63 54
64 99
65 31
66 35
66 62
67 44
68 5
68 69
69 70
69 81
70 19
73 49
74 78
75 29
76 65
77 77
77 96
78 69
79 55
80 0
81 99
82 26
82 42
85 91
87 52
88 38
88 61
88 81
90 22
91 68
92 16
94 95
95 41
95 79
96 24
96 31
97 49
98 59
98 67
99 16
99 41
99 84
