# Penalty: 45737.9107344009
# Penalty:  45737.9107344009
111
0 6
0 47
0 54
0 87
1 19
3 76
4 99
5 1
5 40
7 23
7 51
9 15
11 44
12 23
12 59
14 8
17 50
18 13
18 59
19 83
21 93
22 24
22 66
27 4
27 31
28 48
28 60
30 75
31 20
31 76
31 87
32 55
33 11
34 51
35 40
35 72
38 22
39 8
39 16
41 37
42 4
42 45
42 99
43 53
44 89
45 70
45 96
46 0
52 18
52 77
53 2
53 43
53 50
54 9
56 99
57 67
59 0
59 15
60 28
62 64
62 92
64 0
65 40
65 52
65 82
65 99
66 99
67 9
68 23
68 93
69 69
72 6
73 47
74 24
74 86
75 60
76 76
77 39
77 94
78 10
78 47
79 33
79 56
80 19
80 29
81 1
82 65
82 75
84 95
86 39
87 30
87 68
88 47
88 82
89 11
90 63
91 56
91 89
93 2
93 23
95 47
95 69
95 99
96 90
97 76
98 15
98 35
99 27
99 53
99 64
99 83
