# Penalty: 47270.833092281086
# Penalty:  47270.833092281086
113
0 40
0 52
0 91
0 97
1 80
3 5
3 30
3 42
3 59
4 52
5 73
7 66
7 95
8 8
9 82
11 38
11 45
13 75
15 7
18 0
19 42
19 48
19 86
20 25
20 96
24 11
26 29
26 77
27 6
27 64
27 99
28 0
28 33
30 82
31 93
33 87
34 11
34 20
34 42
36 29
37 0
37 46
38 50
38 58
39 8
39 78
40 14
40 95
42 88
43 65
43 71
46 7
46 37
46 56
47 84
48 17
48 91
49 26
50 98
51 49
52 44
52 86
53 3
53 37
53 71
54 10
57 52
57 99
60 27
61 52
61 61
62 39
62 75
63 3
64 92
67 0
68 97
71 12
71 52
71 73
71 92
74 42
74 46
74 64
75 2
75 99
76 16
76 65
77 30
79 36
79 79
80 7
82 52
82 88
84 99
86 40
86 49
87 70
88 0
88 10
88 18
89 59
89 78
89 86
90 96
94 41
95 55
97 88
99 25
99 49
99 68
99 77
99 98
