# Penalty: 43371.51512790883
# Penalty:  43371.51512790883
108
0 0
1 11
1 70
1 96
2 24
2 35
2 77
5 61
6 36
6 52
9 0
9 31
10 80
12 44
12 63
14 70
18 89
19 99
20 26
20 32
20 56
22 1
23 67
23 85
25 5
25 61
25 74
26 41
26 91
28 34
31 16
32 59
34 6
34 32
35 70
35 93
36 39
36 81
37 23
37 52
38 65
38 88
39 24
39 64
42 80
43 11
45 37
46 97
47 17
48 59
49 7
49 51
49 66
49 74
50 88
52 53
52 63
53 28
54 19
56 26
57 12
57 99
59 0
59 54
60 45
62 39
62 81
63 56
63 92
66 23
69 77
69 83
69 95
70 9
70 29
72 41
72 71
73 13
74 34
76 27
78 76
79 0
79 98
80 38
81 20
81 60
83 33
86 46
88 3
88 36
89 21
90 55
90 68
90 88
90 96
93 78
94 0
94 42
95 26
96 99
97 8
97 88
98 74
99 20
99 30
99 35
99 53
99 95
