# Penalty: 41607.421155326025
# Penalty:  41607.421155326025
106
0 34
0 51
0 58
0 89
2 0
2 81
4 9
4 18
4 43
5 39
5 99
6 56
9 3
9 26
10 85
11 62
12 20
14 96
16 6
16 53
16 59
16 65
18 27
18 34
21 87
21 99
23 73
25 52
26 17
26 60
28 1
29 59
29 84
32 16
32 98
34 3
34 24
34 32
35 51
37 48
38 35
39 13
43 71
46 9
46 68
47 25
48 37
48 50
50 13
50 89
51 47
51 61
52 43
54 96
55 55
55 74
57 74
58 28
60 4
60 43
60 94
61 32
61 56
62 66
63 0
63 9
63 87
66 60
70 28
72 12
72 89
72 99
73 0
73 41
74 3
74 61
75 51
76 27
77 74
78 10
78 28
79 84
79 94
80 43
81 21
81 63
83 15
83 71
86 46
87 84
89 55
89 91
90 0
90 32
91 42
91 49
91 75
92 5
94 20
96 9
96 62
96 72
97 84
97 93
99 25
99 69
