# Penalty: 40585.078700642625
# Penalty:  40585.078700642625
109
0 2
0 40
0 65
0 99
1 21
1 91
2 49
3 6
3 86
6 39
8 17
8 46
8 90
8 98
9 25
10 79
11 2
11 66
14 30
14 60
15 50
16 10
20 2
21 75
22 46
23 97
24 78
26 4
27 35
27 93
28 61
28 88
29 17
29 29
29 48
31 55
34 77
35 0
35 22
37 36
38 41
38 99
40 57
40 72
41 48
41 86
42 19
43 29
43 67
45 91
47 72
51 27
51 49
52 0
52 99
53 2
54 34
54 73
55 87
57 35
57 99
59 20
59 63
61 7
61 54
61 77
61 93
62 68
63 74
64 20
64 44
65 0
65 26
65 44
66 37
68 83
70 15
73 21
74 50
75 99
76 30
76 90
77 66
79 95
80 6
80 75
81 15
82 28
82 69
83 46
83 79
84 56
86 88
87 41
87 64
89 3
89 16
90 33
90 54
90 79
91 91
94 60
95 66
95 98
96 84
97 3
99 31
99 50
99 80
