# Penalty: 38804.85279768305
# Penalty:  38804.85279768305
104
0 18
0 39
0 44
0 54
1 29
1 80
3 62
4 19
5 2
6 55
6 70
7 48
13 45
13 52
13 82
16 21
18 33
19 77
19 93
20 7
20 43
20 58
22 35
22 49
23 22
23 66
28 2
28 59
28 84
29 8
29 29
29 93
32 39
32 87
36 4
37 19
37 72
38 58
38 97
39 65
40 40
42 46
44 20
44 27
45 11
45 63
45 80
45 99
46 34
46 55
50 44
51 32
52 71
54 55
56 42
56 66
57 11
57 40
58 5
58 80
59 88
59 97
60 71
61 32
63 57
65 42
65 65
66 39
66 90
69 0
69 21
69 53
69 80
72 91
73 10
76 0
76 40
76 99
77 4
79 19
81 22
81 53
81 61
81 91
82 42
82 99
83 30
86 1
86 77
89 36
91 54
91 80
91 94
95 67
95 74
95 99
96 12
97 49
98 26
99 3
99 45
99 59
99 84
99 95
