# Penalty: 38918.354290264826
# Penalty:  38918.354290264826
105
0 30
0 35
0 47
0 59
0 78
0 86
0 97
1 13
6 81
8 22
9 45
12 49
13 65
13 85
15 34
16 2
17 33
18 22
19 8
22 86
23 55
23 94
26 13
26 29
26 99
27 6
27 42
28 48
28 55
28 88
32 35
33 5
33 97
35 21
36 14
38 43
38 58
38 79
38 92
41 0
41 64
41 84
41 97
45 21
45 92
46 72
48 10
49 0
49 73
51 45
53 34
53 64
55 6
55 68
56 27
57 34
57 80
58 53
60 0
62 5
62 99
63 23
63 87
65 92
66 30
66 46
67 39
67 98
69 57
70 8
70 19
71 82
74 67
76 46
77 23
77 87
78 6
78 77
80 0
81 39
81 57
81 66
82 13
82 46
83 57
83 96
86 3
87 20
88 99
90 33
90 72
91 26
91 41
92 50
93 81
93 94
94 2
96 66
97 73
99 1
99 30
99 51
99 60
99 84
99 96
