# Penalty: 40821.89919480049
# Penalty:  40821.89919480049
107
0 0
0 20
0 99
2 16
3 43
3 59
4 23
5 78
6 5
6 32
7 64
9 54
10 25
11 13
12 42
13 74
14 69
17 83
18 10
19 93
21 41
22 19
22 26
24 0
24 50
25 6
26 20
27 54
29 0
32 99
33 34
35 73
36 3
36 22
37 95
38 54
38 67
39 39
40 99
41 0
42 48
43 12
43 79
44 32
45 94
46 0
46 58
47 38
47 67
48 5
48 75
48 82
49 99
51 50
52 29
53 33
53 55
56 0
56 81
57 22
58 27
60 51
60 90
61 5
61 57
61 87
64 0
64 77
65 38
65 46
67 16
67 63
68 10
68 29
70 31
70 50
72 60
74 5
74 68
75 54
80 31
80 34
80 49
80 72
81 57
81 98
82 3
83 23
87 39
87 63
88 11
90 23
92 47
93 99
96 78
96 85
96 95
98 3
98 36
98 85
99 0
99 14
99 26
99 60
99 67
99 76
99 99
