# Penalty: 39601.54957157453
# Penalty:  39601.54957157453
104
0 10
0 33
0 69
1 44
2 4
2 55
2 97
5 60
6 77
7 51
8 21
9 12
9 30
9 80
11 0
11 86
15 65
16 82
18 56
19 6
20 34
23 91
25 23
25 99
26 13
27 63
27 85
28 39
28 51
28 79
31 22
32 6
32 40
32 94
34 61
35 48
36 36
36 73
37 97
38 55
39 6
39 48
41 16
43 49
43 74
44 28
47 4
48 55
48 76
50 19
50 32
50 44
50 99
52 70
55 40
56 54
57 58
59 33
59 45
59 83
60 99
63 24
63 75
64 36
64 94
65 0
67 51
67 64
67 77
68 22
69 50
70 29
70 65
70 93
73 3
74 80
75 12
76 69
77 35
79 24
79 93
81 54
82 0
83 18
83 23
83 27
83 34
84 86
85 47
87 59
88 76
91 71
92 86
93 36
93 79
93 97
95 45
97 25
99 6
99 22
99 44
99 69
99 79
99 93
