# Penalty: 42515.65591879876
# Penalty:  42515.65591879876
108
0 41
0 48
0 72
0 99
2 79
3 25
3 91
7 41
7 60
8 86
11 36
12 66
14 9
14 51
16 12
17 45
17 57
17 98
18 30
19 73
20 20
22 48
22 82
24 93
26 5
26 39
28 19
28 37
28 70
29 89
31 0
32 81
33 53
33 61
34 3
34 18
35 26
38 49
39 97
40 25
41 10
41 64
43 19
43 33
43 90
44 56
45 78
46 67
49 34
49 56
49 73
49 92
51 24
51 30
55 50
56 7
56 72
57 13
57 45
57 62
57 70
58 82
62 33
62 87
63 98
64 5
64 29
66 51
66 64
68 10
68 79
69 86
71 0
71 42
72 93
72 99
73 54
75 68
75 74
76 17
77 7
78 23
78 51
78 99
79 19
80 36
80 40
83 83
83 96
84 8
84 62
87 46
88 1
89 54
89 74
90 45
90 61
91 22
93 28
94 95
95 40
97 68
98 14
99 0
99 50
99 61
99 78
99 90
