# Penalty: 48098.51408904125
# Penalty:  48098.51408904125
111
0 41
0 52
0 61
0 68
1 12
3 44
3 82
5 68
6 0
11 9
12 39
12 56
13 99
14 4
14 90
15 68
17 83
18 28
19 24
20 12
20 36
20 76
25 9
25 48
26 93
28 4
28 99
29 36
29 53
29 75
30 24
31 13
31 69
31 94
33 48
34 73
34 87
34 99
36 7
36 68
38 92
39 53
40 60
42 34
42 89
43 24
46 1
46 7
46 99
47 21
47 68
48 32
49 86
49 96
51 36
51 74
54 27
55 12
55 45
56 64
57 81
59 71
59 92
60 19
60 33
60 39
62 50
63 62
63 99
65 43
65 48
65 85
67 0
67 40
67 55
67 70
70 44
71 23
72 30
72 52
72 61
72 92
73 7
73 23
74 1
74 40
75 99
78 44
79 9
79 71
80 60
81 48
82 81
84 2
86 96
88 59
90 26
91 9
92 35
92 51
94 20
94 63
95 71
97 0
97 14
97 23
99 42
99 51
99 57
99 79
99 97
