# Penalty: 41349.8128148426
# Penalty:  41349.8128148426
107
0 0
0 5
0 23
0 37
1 12
1 18
1 92
2 53
5 70
7 16
7 60
8 44
10 35
10 52
10 68
11 9
11 78
12 23
13 30
13 95
19 87
20 12
20 40
20 71
21 52
21 69
23 6
24 0
24 93
25 23
27 65
30 85
30 97
33 6
34 28
34 64
35 33
35 93
36 87
36 99
39 0
39 4
40 34
43 9
43 23
44 68
45 93
46 51
46 81
48 36
49 90
49 99
50 2
54 8
54 19
54 40
59 4
59 79
60 64
60 73
61 45
61 55
64 39
65 0
66 95
67 22
68 12
68 75
69 28
70 63
72 2
72 43
72 80
72 91
73 74
73 99
75 27
75 63
75 99
76 16
76 49
78 86
80 58
80 78
80 93
81 0
83 32
83 67
84 27
85 19
85 99
89 42
89 64
90 7
90 28
91 77
91 89
91 95
92 56
94 53
95 25
99 6
99 20
99 32
99 48
99 72
99 98
