# Penalty: 43973.69130378567
# Penalty:  43973.69130378567
108
0 54
0 76
0 83
0 97
1 17
2 27
2 35
4 56
5 64
5 96
6 73
9 13
11 39
11 51
11 99
13 5
13 80
15 66
17 74
17 85
21 25
22 46
22 93
24 4
24 55
25 88
27 40
28 32
28 50
29 61
32 92
33 29
34 10
35 20
35 46
35 59
36 80
37 40
37 74
40 59
40 68
41 98
45 87
48 7
48 24
49 50
50 63
50 90
50 99
52 13
53 1
53 78
55 61
55 77
56 87
57 40
57 66
58 57
59 32
59 78
60 99
61 23
61 62
64 0
64 2
64 66
65 40
67 57
68 80
68 84
69 21
71 88
72 0
72 35
72 60
73 5
75 48
76 86
76 93
78 75
79 8
79 20
79 64
80 1
81 81
82 42
83 95
84 57
85 5
86 16
86 24
88 91
89 0
89 39
89 61
91 7
92 32
92 66
92 84
93 19
94 98
96 49
97 23
99 7
99 39
99 61
99 75
99 84
