# Penalty: 42886.455668158495
# Penalty:  42886.455668158495
106
0 81
1 29
3 66
3 87
5 39
5 96
7 28
9 10
9 23
10 0
10 35
10 58
13 6
13 75
13 94
16 64
19 31
20 5
21 20
21 81
21 99
22 28
22 71
23 96
25 57
26 62
27 88
28 69
28 96
29 22
30 11
30 52
31 46
32 69
32 78
33 0
33 35
35 24
35 26
35 65
37 92
39 7
41 74
43 85
44 42
44 58
45 99
47 10
47 69
48 63
49 45
50 55
51 0
53 95
54 25
56 8
58 27
58 34
60 90
60 99
61 73
62 34
64 45
65 60
66 6
66 92
67 98
68 64
69 0
69 19
69 23
70 54
72 33
73 9
74 98
75 20
76 46
78 55
78 66
79 70
79 81
81 3
81 41
84 35
86 44
86 58
87 13
87 85
88 20
89 52
89 72
90 28
91 3
91 89
92 65
93 35
94 22
97 10
97 52
97 65
98 40
98 87
99 5
99 47
99 77
99 98
