# Penalty: 47564.61411550117
# Penalty:  47564.61411550117
106
0 0
0 5
0 14
0 23
0 31
3 27
4 0
6 70
7 13
9 21
9 63
9 77
10 5
10 27
10 57
10 83
11 0
17 14
17 70
20 6
20 22
20 62
20 78
21 86
23 0
24 27
24 57
25 12
28 70
29 43
30 0
31 27
34 5
37 0
37 20
37 28
38 40
39 46
51 12
51 96
52 76
53 60
54 77
54 88
55 7
56 31
56 34
56 93
57 2
57 24
57 41
57 49
60 21
60 70
60 98
61 88
63 57
64 7
65 15
65 31
65 66
66 77
68 47
68 93
69 58
69 67
69 86
70 21
70 76
72 52
73 90
76 65
76 99
77 26
77 40
78 6
79 97
83 11
83 59
83 73
84 42
84 51
84 90
86 30
86 35
86 78
87 0
88 22
88 99
89 55
89 65
91 12
91 73
92 40
92 79
93 26
94 31
95 0
95 7
95 22
96 52
97 45
97 86
98 15
98 77
99 60
