# Penalty: 37527.399829771246
# Penalty:  37527.399829771246
99
0 5
0 47
2 40
2 53
3 24
7 56
10 30
10 37
10 66
11 89
14 4
17 78
19 0
21 12
21 54
21 90
22 35
23 1
25 72
26 39
26 99
27 59
27 77
28 13
28 92
29 55
31 44
31 70
32 0
32 22
32 81
32 90
33 49
34 63
36 40
37 3
37 34
37 78
37 94
38 23
42 91
43 0
43 31
44 47
45 3
45 18
45 33
46 67
47 56
47 77
50 63
50 84
51 95
56 18
56 27
56 48
56 63
56 91
59 33
59 74
60 57
61 82
63 42
63 94
65 21
67 24
67 70
68 13
73 73
74 80
75 34
77 14
77 46
77 58
78 49
78 69
78 73
79 96
80 0
80 24
80 90
81 44
84 3
86 31
86 68
91 68
91 93
92 15
93 6
94 59
94 79
96 36
98 51
98 74
99 31
99 46
99 59
99 90
99 99
