114
0 15
0 35
0 41
0 99
1 3
1 67
2 48
5 73
5 79
6 21
7 97
8 33
8 61
8 88
12 53
13 22
15 11
15 95
16 87
18 60
18 72
19 33
20 49
23 12
23 68
24 54
25 28
25 81
25 93
26 25
26 73
27 5
27 39
29 67
31 0
31 58
31 76
32 39
32 95
33 39
34 53
35 7
36 63
37 17
37 88
38 43
39 71
40 36
41 28
43 90
44 78
45 50
46 9
46 20
48 96
49 40
50 75
51 72
52 60
53 12
53 31
53 52
55 87
57 26
57 64
58 10
58 37
58 94
60 2
60 24
63 33
63 65
63 91
64 98
66 81
68 43
68 84
69 22
69 39
69 94
71 64
73 0
74 32
75 10
75 56
76 87
79 4
79 62
79 70
80 26
80 97
82 0
82 44
83 57
84 36
86 5
86 50
86 68
89 29
89 81
90 19
91 57
92 44
94 18
95 64
97 36
97 75
97 92
98 99
99 0
99 13
99 29
99 48
99 82
