196
4 14
4 21
4 28
4 35
4 42
4 49
4 56
4 63
4 70
4 77
4 84
5 5
5 93
5 99
11 21
11 28
11 35
11 42
11 49
11 56
11 63
11 70
11 77
11 84
12 99
14 4
14 11
14 94
21 4
21 11
21 87
21 94
23 99
24 21
24 28
24 35
24 42
24 49
24 56
24 63
24 70
24 77
28 4
28 11
28 87
28 94
30 99
31 21
31 28
31 35
31 42
31 49
31 56
31 63
31 70
31 77
35 4
35 11
35 87
35 94
37 99
38 21
38 28
38 35
38 42
38 49
38 56
38 63
38 70
38 77
42 4
42 11
42 87
42 94
44 99
45 21
45 28
45 35
45 42
45 49
45 56
45 63
45 70
45 77
49 4
49 11
49 87
49 94
51 99
52 21
52 28
52 35
52 42
52 49
52 56
52 63
52 70
52 77
56 4
56 11
56 87
56 94
58 99
59 21
59 28
59 35
59 42
59 49
59 56
59 63
59 70
59 77
63 4
63 11
63 87
63 94
65 99
66 21
66 28
66 35
66 42
66 49
66 56
66 63
66 70
66 77
70 4
70 11
70 87
70 94
72 99
73 21
73 28
73 35
73 42
73 49
73 56
73 63
73 70
73 77
77 4
77 11
77 87
77 94
79 99
80 21
80 28
80 35
80 42
80 49
80 56
80 63
80 70
80 77
84 4
84 11
84 94
86 99
87 21
87 28
87 35
87 42
87 49
87 56
87 63
87 70
87 77
87 84
93 5
93 93
93 99
94 14
94 21
94 28
94 35
94 42
94 49
94 56
94 63
94 70
94 77
94 84
99 5
99 12
99 23
99 30
99 37
99 44
99 51
99 58
99 65
99 72
99 79
99 86
99 93
99 99
