104
0 66
1 73
1 82
1 88
3 2
4 68
6 25
6 79
8 51
9 45
10 33
11 62
14 3
14 28
14 84
19 10
20 35
20 68
21 2
21 53
21 61
22 43
25 27
27 35
27 99
28 26
29 17
29 88
31 31
32 40
32 63
33 78
34 11
34 47
34 99
36 80
40 22
40 61
41 79
44 39
44 54
44 63
44 93
45 0
45 72
48 44
48 87
49 23
51 3
51 19
51 48
52 9
52 38
53 91
54 53
56 35
57 0
57 27
57 50
58 20
60 10
61 73
62 25
63 89
64 19
65 59
65 81
66 0
67 2
67 47
68 63
68 72
69 10
69 45
69 91
72 78
73 57
74 50
75 31
75 76
76 95
76 99
77 68
78 6
78 37
79 83
80 30
81 54
82 69
84 99
87 18
88 40
89 3
89 74
90 7
90 62
90 82
91 33
91 68
95 85
97 77
97 93
98 55
99 63
