114
0 7
0 44
0 55
0 83
0 92
1 65
1 98
3 12
3 24
3 48
6 80
8 59
8 90
10 0
11 73
12 19
12 99
14 51
15 87
17 46
18 97
21 8
21 63
22 14
23 32
23 74
24 0
25 24
25 52
25 74
25 78
26 42
26 61
26 88
26 95
30 13
30 99
31 53
32 66
33 3
34 77
34 95
36 23
36 61
37 46
38 9
38 81
40 0
40 19
42 90
42 99
43 39
44 26
45 15
45 47
45 58
47 5
47 70
49 28
49 38
50 51
51 0
52 71
52 92
52 99
53 6
55 21
56 24
58 84
58 91
60 0
61 79
62 30
64 30
65 38
65 95
66 45
67 92
68 53
70 22
71 81
72 6
72 42
73 57
74 0
74 94
77 74
79 43
80 19
80 59
80 96
81 10
81 25
81 88
83 3
88 57
89 10
89 46
89 77
89 93
91 29
91 99
94 49
94 69
94 94
96 61
97 2
97 13
97 38
98 31
99 25
99 44
99 66
99 82
