102
0 35
0 51
3 6
3 74
3 97
5 85
7 2
8 15
8 40
10 30
10 54
10 70
16 8
16 90
17 72
18 99
22 31
23 85
24 29
25 0
26 43
26 76
27 92
28 5
28 73
28 98
31 44
32 26
33 1
34 58
34 77
34 90
36 41
38 18
38 60
40 79
42 42
42 74
46 62
48 82
49 94
50 26
50 76
51 0
52 98
53 49
54 30
54 55
54 83
55 24
56 12
56 43
57 4
58 90
59 96
60 8
61 69
61 77
62 25
64 14
65 37
65 49
65 57
66 20
66 69
68 6
70 91
71 79
72 19
72 46
72 73
73 1
74 32
75 52
76 63
78 47
78 71
79 13
79 27
79 43
79 79
81 65
83 94
85 37
87 61
87 83
88 17
90 31
90 53
91 76
92 37
92 46
94 13
96 58
96 98
97 27
97 65
99 6
99 35
99 38
99 84
99 87
