113
0 1
0 30
0 51
1 38
1 55
1 64
1 81
1 99
2 18
4 74
4 95
5 4
6 11
6 48
9 71
10 0
10 56
11 8
11 29
12 23
13 45
13 61
14 93
16 77
19 96
20 5
21 42
21 48
21 87
22 71
24 99
25 64
26 32
26 71
26 82
29 4
29 28
29 45
30 59
30 99
31 68
32 47
32 81
33 87
34 25
34 33
36 0
36 75
37 42
39 10
41 79
42 53
44 20
44 87
45 0
45 26
45 39
45 66
47 56
48 6
49 70
50 63
51 37
51 45
52 15
52 22
54 89
55 9
55 59
56 27
58 30
60 1
60 55
61 82
63 92
64 18
66 66
67 25
67 73
67 86
68 33
70 9
72 50
76 7
76 95
77 31
77 43
78 23
78 37
79 24
80 99
82 86
83 6
83 29
84 50
84 76
84 92
85 41
89 28
89 39
90 2
90 15
90 57
90 69
94 96
95 26
96 43
97 70
98 13
99 26
99 43
99 51
99 67
