110
0 1
0 54
0 67
0 80
1 94
3 30
4 56
6 8
6 77
7 51
7 92
9 25
9 72
10 42
11 10
11 90
12 57
12 67
13 20
13 35
13 50
13 99
15 79
18 29
18 97
19 53
20 21
21 83
22 50
24 12
24 42
24 94
25 7
26 0
26 74
29 30
29 62
30 98
31 25
32 9
33 78
37 1
38 67
40 11
40 34
40 66
40 99
41 18
42 93
45 54
46 6
46 74
46 82
47 97
50 39
52 20
52 27
52 62
52 78
52 93
53 10
53 46
57 99
58 60
59 18
61 9
61 69
62 94
63 3
63 20
64 44
64 56
64 98
65 28
65 88
67 8
69 0
69 71
69 78
72 17
74 8
74 59
74 76
74 96
77 0
77 30
79 65
81 36
82 7
82 25
84 73
84 77
85 17
86 56
86 61
87 2
88 41
89 89
93 49
93 63
94 3
94 14
95 83
95 97
98 33
98 45
98 66
99 2
99 26
99 60
