106
0 0
0 30
0 42
0 66
0 94
0 99
1 71
3 15
3 35
4 22
5 1
5 99
9 19
9 72
10 64
10 99
11 46
12 52
13 4
13 58
15 94
17 62
21 73
22 8
22 39
22 46
25 93
27 44
28 20
28 24
28 86
29 89
31 49
31 99
32 8
33 32
35 77
35 95
37 22
37 49
37 57
39 34
39 83
40 9
44 11
44 57
45 21
48 91
49 52
50 0
50 40
50 73
50 86
51 25
51 62
54 6
54 41
55 39
56 72
57 13
57 26
57 92
58 1
58 69
58 98
61 8
61 50
61 78
62 64
62 75
64 2
67 20
67 35
67 91
70 99
72 9
72 70
73 25
73 53
73 62
75 90
79 25
79 97
80 49
81 34
82 61
83 90
84 12
86 58
86 99
88 65
90 3
92 20
93 29
93 86
94 14
94 46
94 68
95 59
97 2
98 23
98 90
99 40
99 73
99 81
99 99
