112
0 8
0 46
0 59
0 99
1 20
2 13
2 39
2 71
3 59
3 81
7 69
8 89
9 21
9 43
10 7
11 30
11 50
11 57
13 11
16 82
17 3
19 94
20 67
21 72
22 46
23 28
24 36
24 52
24 60
26 24
28 0
28 99
29 19
29 75
30 37
31 61
32 93
35 8
36 19
36 45
36 78
37 64
38 58
40 0
40 93
42 2
43 40
43 55
43 79
44 71
46 19
48 4
48 10
49 47
49 90
49 99
51 58
55 6
55 54
57 30
57 41
57 66
58 96
59 45
61 79
61 90
62 22
64 53
64 75
65 1
65 8
66 81
67 40
68 64
69 29
69 45
69 95
70 17
72 4
73 26
75 20
76 10
78 99
79 39
79 50
79 62
79 96
82 83
83 0
83 28
84 4
86 91
87 53
88 39
88 76
90 85
91 30
92 13
93 58
93 64
94 20
94 94
97 35
97 53
98 10
98 15
98 48
99 63
99 70
99 77
99 89
99 96
