103
0 37
0 56
0 67
0 87
0 99
3 19
4 13
4 43
5 76
6 88
7 49
7 58
12 2
13 65
15 88
16 99
20 9
21 42
22 27
22 53
22 71
23 90
25 2
25 35
25 60
25 80
26 8
26 52
27 59
28 14
29 94
30 27
31 78
34 22
34 44
34 67
35 6
35 26
36 74
40 56
41 8
41 48
41 87
43 42
43 66
43 93
45 0
45 36
46 77
48 53
48 83
49 42
50 8
52 31
52 44
53 64
54 21
56 69
57 3
57 13
58 99
60 37
60 72
62 31
63 63
64 48
65 7
65 80
66 0
66 25
66 32
68 11
70 70
74 54
75 36
75 97
76 62
78 46
80 11
80 54
80 82
81 30
83 67
86 56
86 76
87 98
89 17
90 6
90 26
90 47
92 69
93 92
95 3
95 32
95 83
96 10
96 25
96 38
97 77
99 0
99 16
99 87
99 98
