104
0 0
0 18
0 28
0 36
0 79
0 95
1 8
2 65
3 52
3 89
4 45
6 34
8 22
9 50
10 10
10 41
10 94
11 78
13 19
16 69
17 78
17 94
18 6
20 40
22 54
24 11
24 61
24 95
25 52
25 99
26 27
27 0
27 37
27 85
28 20
30 13
32 5
33 81
34 94
35 55
35 64
35 88
37 40
38 23
38 78
39 3
40 21
41 69
41 73
42 48
42 61
43 12
44 39
45 28
47 1
47 92
48 24
49 94
50 47
51 60
52 6
54 20
56 27
57 82
58 0
58 11
58 18
58 47
59 41
59 89
61 6
61 80
64 0
64 26
64 49
65 11
65 57
68 37
69 3
70 96
75 24
75 82
75 99
76 37
78 7
78 42
81 61
82 3
84 73
84 99
86 0
86 81
87 34
87 90
88 66
89 25
90 42
90 57
95 4
95 71
96 22
97 62
98 36
98 53
