109
0 0
0 14
0 95
1 76
1 99
2 28
3 87
5 55
6 39
6 65
8 80
9 14
10 59
10 97
12 22
14 71
16 5
16 47
17 32
18 58
19 92
21 53
24 36
24 78
25 22
26 11
26 87
28 97
29 2
29 75
29 79
30 67
31 44
31 58
32 23
34 97
35 12
36 3
36 51
36 86
37 32
37 66
38 76
39 25
39 91
42 12
42 53
42 64
42 97
43 78
44 0
46 37
48 31
49 65
50 44
50 57
53 27
53 54
53 93
54 0
54 69
55 40
57 79
59 9
59 60
59 92
60 20
60 27
61 0
61 73
66 6
66 90
67 82
69 18
69 28
69 54
70 33
72 15
73 6
75 74
79 24
79 53
80 35
80 96
81 63
81 91
83 40
85 6
87 52
87 63
88 37
88 70
88 79
88 93
90 0
91 30
91 99
94 20
94 66
95 79
96 47
97 56
97 98
98 13
98 41
99 1
99 29
99 35
99 65
