107
0 10
0 37
0 48
0 55
0 88
1 62
2 72
2 92
2 99
3 16
3 83
5 4
5 65
6 31
6 43
6 57
7 25
7 84
11 34
12 44
13 93
14 3
19 22
20 53
21 60
21 99
22 47
23 7
24 73
26 0
26 56
26 63
26 92
28 79
30 97
31 56
32 1
32 43
32 78
34 48
35 37
35 66
36 89
38 95
39 4
39 11
39 39
39 99
40 0
41 45
41 66
42 76
44 22
46 6
47 23
48 38
50 29
52 51
52 75
53 55
55 19
55 35
56 68
59 6
61 59
62 84
63 0
63 68
64 78
65 28
66 17
66 76
69 6
69 42
71 63
72 17
72 30
73 3
73 52
73 64
75 77
77 87
79 8
80 20
80 30
80 66
80 95
81 40
83 4
84 58
84 73
86 0
88 10
89 20
89 84
90 73
93 47
94 24
94 40
95 10
95 78
96 31
97 0
97 58
98 64
99 41
99 99
