107
0 0
0 8
0 66
0 94
1 28
1 36
1 84
3 16
3 47
4 99
5 54
6 23
6 40
6 75
7 31
10 62
11 89
13 54
13 76
18 7
18 37
21 45
22 59
23 28
23 52
23 82
24 9
24 48
26 19
27 68
27 93
28 67
29 0
29 40
30 49
31 72
31 79
33 4
34 40
35 21
36 90
37 97
38 8
38 21
39 43
39 57
39 68
41 48
43 77
47 52
47 61
48 4
48 12
48 38
50 44
51 0
51 96
52 50
53 20
53 26
54 69
56 61
57 12
57 99
58 83
60 5
61 94
62 68
63 9
63 34
63 66
63 74
64 46
65 55
66 90
68 98
69 0
69 17
70 44
70 95
71 10
74 28
74 61
75 18
75 36
75 77
77 91
78 11
78 98
79 54
81 42
81 81
82 60
82 67
85 85
85 94
87 11
87 24
88 41
90 61
91 75
94 54
95 99
96 62
96 72
97 93
98 37
