98
0 26
0 49
1 32
1 71
3 41
4 27
6 99
7 51
8 9
8 23
9 89
12 1
12 80
15 13
16 36
16 95
17 70
18 64
19 2
19 90
22 38
22 98
23 13
23 67
24 54
27 80
28 9
30 23
31 56
31 70
32 48
32 87
33 35
36 19
38 4
40 26
40 95
41 42
41 62
41 64
41 76
43 54
46 16
46 24
47 81
48 98
49 62
50 5
50 82
53 27
53 47
53 67
54 37
58 48
58 57
58 66
59 4
61 83
62 39
64 86
65 17
65 56
66 6
68 10
70 76
72 25
72 36
72 50
72 56
72 69
73 87
75 43
78 33
78 48
79 55
80 34
80 63
81 41
81 92
83 9
83 17
84 0
86 65
88 79
89 15
89 69
90 22
91 93
92 58
94 78
95 30
96 5
96 44
97 59
99 28
99 34
99 51
99 86
