112
0 5
0 29
0 53
0 99
1 58
1 82
2 45
3 38
3 96
4 90
5 5
5 20
6 30
6 50
10 8
10 67
12 40
12 76
12 99
14 2
16 22
17 16
18 93
19 9
20 69
21 0
23 38
23 60
23 87
25 2
25 73
25 75
26 83
27 25
28 36
30 20
31 52
31 99
32 91
35 34
35 64
36 73
36 98
37 13
39 44
39 87
40 25
42 12
42 75
43 35
44 64
47 37
47 88
48 53
49 3
51 17
51 25
53 0
54 12
54 22
54 87
55 65
56 51
57 6
57 99
58 0
58 37
59 60
59 91
60 28
64 10
64 66
66 19
69 6
69 40
70 37
70 52
71 0
72 18
72 26
74 70
74 99
75 25
75 57
76 2
77 13
79 41
79 94
80 74
81 53
81 63
83 83
84 47
86 21
86 39
88 69
88 89
89 54
91 78
92 11
92 51
94 27
96 2
96 44
96 60
96 70
97 8
97 80
99 22
99 31
99 85
99 99
