86
0 34
0 36
0 63
0 76
0 84
3 44
3 97
4 17
4 48
4 68
4 90
5 12
5 23
5 32
7 83
8 77
8 99
9 20
10 37
10 65
11 56
12 95
13 70
13 99
15 16
16 46
16 52
17 23
17 30
18 69
18 91
19 59
20 78
22 40
24 52
25 36
25 77
25 95
26 64
26 70
26 89
27 29
27 41
27 54
29 99
31 32
32 69
32 82
33 61
33 75
33 95
35 55
36 41
36 69
37 99
38 80
39 90
40 49
44 79
45 93
46 56
48 63
49 99
52 55
52 76
52 88
53 60
55 69
57 66
57 77
57 91
59 83
61 74
62 80
63 97
67 90
68 66
69 99
72 76
73 96
75 89
76 99
82 90
85 99
90 92
93 99
