105
0 11
0 23
0 44
0 80
0 90
1 61
2 28
2 99
5 65
7 23
7 39
9 71
10 21
10 57
10 87
11 12
13 4
14 78
15 30
15 91
15 99
19 7
20 50
22 96
24 18
25 9
27 0
28 29
30 13
30 45
33 58
34 20
34 99
37 4
37 42
37 61
37 77
37 97
39 87
41 11
41 35
42 73
44 0
44 41
45 99
46 4
47 19
47 87
48 64
48 65
48 90
49 35
50 46
51 24
51 73
51 80
52 6
52 40
55 22
55 51
56 32
57 68
58 57
58 81
59 0
60 99
62 7
62 72
64 69
65 2
65 34
66 27
66 92
67 10
68 60
68 96
70 3
70 67
71 80
72 31
73 47
73 59
74 30
75 95
76 20
76 37
79 89
81 13
81 75
83 49
84 56
84 71
85 7
86 38
87 27
89 78
90 55
90 94
91 85
95 28
96 42
96 62
97 78
99 23
99 52
