109
0 18
0 27
0 46
0 84
1 59
2 77
6 15
7 29
7 52
8 87
9 58
9 77
11 45
12 99
13 21
15 73
17 26
17 47
19 8
20 65
24 6
24 76
25 30
26 69
27 91
28 96
29 10
30 17
30 52
31 82
34 0
35 32
35 41
35 59
35 94
38 4
38 63
38 73
39 44
40 87
42 93
43 99
45 27
45 58
46 7
49 36
49 74
49 89
51 96
52 3
52 16
54 52
55 30
55 58
55 71
57 45
57 84
59 71
60 94
61 38
61 88
62 8
63 99
64 67
65 51
66 21
66 59
67 8
67 78
68 27
68 69
70 13
71 96
74 19
74 35
75 58
75 79
76 45
77 64
78 96
79 28
80 39
81 0
82 58
82 86
85 48
85 91
87 23
87 71
88 16
88 63
88 80
89 0
89 57
89 96
90 52
91 67
94 3
94 15
94 34
95 42
95 54
96 72
96 99
97 21
98 83
99 0
99 47
99 63
