94
0 8
0 84
0 99
2 18
3 30
4 3
6 17
6 93
7 99
8 40
10 49
10 61
10 67
11 7
12 16
12 75
14 2
14 82
15 53
16 23
16 72
17 1
17 15
17 47
19 7
20 92
21 33
21 99
24 18
24 38
25 25
26 60
27 77
27 96
28 19
28 46
28 69
29 5
29 84
31 36
32 26
35 46
35 95
36 38
36 84
38 17
39 89
40 38
41 57
43 7
46 32
47 75
48 20
49 4
49 97
50 11
50 48
51 62
53 65
54 25
56 35
56 43
59 7
59 55
63 20
64 58
64 69
64 96
65 67
66 4
67 1
68 47
72 94
73 71
74 79
74 88
75 56
76 8
76 18
78 3
81 77
83 88
87 50
88 69
89 88
90 21
92 44
95 97
96 90
98 81
99 32
99 38
99 54
99 99
