107
0 40
0 80
0 91
1 5
2 27
2 57
3 32
4 62
5 72
5 95
6 22
6 38
6 89
8 9
9 78
10 43
11 62
12 26
12 68
13 0
13 32
13 50
16 17
17 72
19 33
21 88
22 46
23 6
26 20
26 53
26 59
27 68
27 70
29 28
31 99
32 35
32 86
33 7
33 21
33 92
34 52
35 30
35 47
35 70
36 36
38 0
39 96
41 58
44 8
44 23
44 80
45 39
46 59
47 33
47 81
49 54
50 72
52 0
52 5
52 77
52 99
53 39
54 24
54 93
57 27
58 38
59 10
60 42
60 70
60 83
64 5
64 22
64 51
65 23
70 4
70 24
70 50
72 18
72 75
72 81
73 42
76 61
76 98
77 36
77 52
78 91
79 50
82 3
83 12
83 27
83 38
83 99
85 57
86 91
88 9
88 68
90 48
91 20
91 34
91 81
94 89
95 9
95 53
96 71
98 31
99 42
99 58
