104
0 1
0 9
0 17
0 25
0 33
0 41
0 49
0 57
0 65
0 73
0 81
0 91
0 99
8 2
8 10
8 18
8 26
8 34
8 42
8 50
8 58
8 66
8 74
8 82
8 90
10 99
28 18
28 26
28 34
28 42
28 50
28 58
28 66
28 74
28 82
30 1
30 9
30 91
30 99
38 18
38 26
38 34
38 42
38 50
38 58
38 66
38 74
38 82
40 1
40 9
40 91
40 99
48 18
48 26
48 34
48 42
48 50
48 58
48 66
48 74
48 82
50 1
50 9
50 91
50 99
58 18
58 26
58 34
58 42
58 50
58 58
58 66
58 74
58 82
60 1
60 9
60 91
60 99
68 18
68 26
68 34
68 42
68 50
68 58
68 66
68 74
68 82
70 1
70 9
70 91
70 99
92 2
92 10
92 18
92 26
92 34
92 42
92 50
92 58
92 66
92 74
92 82
92 90
92 98
