111
0 0
0 37
1 97
2 28
3 8
3 36
3 64
3 91
4 50
8 0
8 60
10 40
11 28
12 78
13 5
13 22
18 13
19 7
21 22
21 48
21 61
21 72
21 83
21 99
23 1
23 41
23 94
24 30
24 99
25 12
26 68
30 4
30 29
30 36
30 70
30 88
31 13
33 95
35 0
35 22
35 39
38 3
38 72
40 26
40 54
42 46
43 5
44 11
44 26
45 88
46 76
47 39
48 56
49 99
50 10
50 65
52 42
54 95
56 0
56 80
57 50
57 70
59 13
59 62
60 88
61 45
62 99
63 2
63 23
65 37
66 8
66 33
66 69
66 81
68 0
69 81
69 94
71 67
72 13
72 58
73 78
74 49
75 67
76 7
77 25
77 31
78 98
79 52
79 79
80 1
81 30
81 91
82 13
83 61
85 42
87 92
88 23
88 78
89 0
89 71
93 40
93 47
93 63
94 26
95 18
97 76
98 43
98 86
99 8
99 37
99 82
