109
0 8
0 54
0 69
2 14
2 77
2 99
3 24
3 49
5 33
8 66
9 45
10 27
11 1
11 18
11 72
16 9
16 65
16 94
18 40
18 53
19 27
21 99
22 82
23 43
24 1
24 95
26 85
28 23
28 27
28 41
28 97
29 57
29 75
31 68
32 21
32 46
33 7
34 54
34 91
35 61
37 41
38 52
38 82
39 26
39 65
40 0
40 15
41 9
41 95
43 72
44 54
45 37
47 65
47 74
48 1
48 57
50 72
50 97
51 43
52 22
53 48
54 34
55 56
55 81
58 0
58 44
59 39
60 35
60 45
60 63
60 96
64 4
64 82
65 74
68 0
68 32
68 66
71 49
72 17
73 5
73 74
74 37
74 58
74 92
74 99
75 27
75 45
76 43
80 98
82 23
83 53
83 60
84 3
84 78
85 46
86 10
86 35
86 69
89 26
90 74
93 30
95 37
95 54
97 67
98 2
98 22
98 81
99 58
99 78
