106
0 31
0 54
4 30
4 77
6 14
8 90
9 0
9 52
9 63
11 34
12 26
13 73
13 78
16 68
18 0
18 50
19 5
20 87
21 15
22 59
22 65
25 54
27 97
28 29
29 0
29 11
29 38
29 76
32 58
33 99
34 37
34 90
35 2
37 48
37 71
38 55
39 64
40 24
42 8
42 96
46 48
46 60
46 90
47 20
48 71
49 13
49 26
49 38
49 73
49 82
51 19
51 57
52 35
54 92
56 28
56 67
56 77
57 59
58 0
58 52
59 23
60 34
60 96
62 45
63 1
64 15
65 69
67 73
68 13
68 49
69 30
72 1
72 43
74 66
74 98
75 86
76 11
76 19
76 64
79 4
79 28
81 37
82 0
82 15
82 78
86 24
86 51
89 42
89 69
89 84
91 34
91 78
92 4
92 20
92 47
92 64
93 53
94 27
94 91
96 11
97 72
98 35
99 0
99 85
99 93
99 99
