113
0 7
0 25
0 37
0 99
1 18
1 69
1 80
2 43
3 84
4 9
6 38
6 97
8 49
8 64
10 0
10 11
10 58
11 31
12 20
16 99
17 16
17 80
23 1
23 54
24 21
24 44
24 74
24 89
25 61
26 32
27 13
30 8
30 55
30 79
31 60
34 72
34 92
35 61
35 96
36 12
36 20
38 35
38 49
38 85
40 28
41 63
42 6
43 0
47 28
47 42
48 11
48 94
49 59
49 72
50 22
51 31
52 0
52 7
52 16
52 99
54 34
55 40
55 79
55 87
56 48
57 58
57 79
58 93
61 7
63 24
63 70
63 86
64 39
64 52
64 96
67 65
69 11
69 76
70 61
72 69
74 39
75 87
77 98
78 83
79 66
81 18
82 51
83 24
83 77
85 0
86 36
87 60
87 99
88 45
89 11
89 31
91 22
91 66
91 90
92 81
93 4
94 50
95 59
96 85
97 19
98 89
99 0
99 27
99 36
99 42
99 56
99 64
99 96
