106
0 6
0 25
0 59
1 45
1 78
2 26
2 67
3 99
5 2
5 53
6 40
7 73
8 15
8 25
8 33
8 92
11 78
13 10
13 82
17 28
18 96
20 39
21 17
21 54
23 0
23 9
23 67
26 95
27 40
30 2
30 61
30 66
31 23
31 31
31 51
32 91
34 15
36 42
36 68
36 96
37 23
37 49
38 8
39 55
40 92
43 36
44 49
49 78
51 1
53 50
54 44
56 59
56 69
56 95
58 21
58 79
59 36
59 38
60 6
60 67
61 54
61 99
62 0
62 44
63 59
63 75
64 35
65 10
65 50
65 99
66 81
67 23
68 89
69 4
69 42
69 71
70 22
71 26
71 58
74 11
75 2
75 30
77 87
79 81
80 46
81 39
81 52
81 70
84 16
84 95
85 23
88 32
89 72
90 3
90 17
90 48
90 66
91 10
93 28
93 54
93 96
96 13
96 77
98 85
99 48
99 65
