109
1 0
1 94
2 53
2 64
2 70
5 83
6 19
6 31
7 75
7 96
9 5
9 53
11 99
13 35
17 56
18 77
19 97
20 47
21 12
22 82
24 41
25 5
25 52
26 56
28 10
28 43
30 1
30 97
31 72
32 19
33 54
37 76
39 9
39 20
40 64
40 88
41 3
41 77
42 42
45 83
46 11
46 23
46 34
47 56
47 60
47 68
48 2
48 48
49 76
53 33
53 59
54 92
55 29
56 24
56 51
56 78
56 99
57 43
58 57
59 68
59 77
59 98
60 40
61 0
61 7
61 88
64 19
65 35
66 64
66 95
67 20
69 8
69 66
69 72
71 46
73 41
73 57
74 3
74 26
74 72
76 80
76 96
77 61
78 21
79 1
79 51
81 20
83 44
83 99
84 6
84 91
85 75
85 98
88 61
89 23
89 33
89 37
91 69
92 48
93 3
95 35
97 11
98 46
99 22
99 32
99 56
99 67
99 88
99 99
