114
0 34
0 50
0 91
1 7
1 67
2 96
3 82
5 37
5 72
6 23
6 49
6 56
7 79
9 10
10 30
10 67
11 18
12 73
13 39
15 4
15 94
19 82
20 99
21 7
21 17
23 0
23 55
24 34
24 38
26 6
26 30
26 69
27 35
27 94
28 0
28 22
28 47
28 89
31 10
31 64
32 56
33 48
34 98
35 25
37 17
37 39
37 86
38 7
38 53
38 60
41 55
42 46
43 0
44 12
44 94
45 40
45 67
47 82
51 0
52 55
52 99
53 27
53 46
54 20
56 86
57 6
57 71
58 51
59 38
60 11
60 96
62 59
62 68
62 90
63 1
65 38
65 80
66 8
66 30
66 99
68 59
69 80
70 93
71 21
71 51
73 0
73 8
73 57
73 62
73 71
74 98
76 40
77 20
81 17
81 99
82 62
83 50
83 79
84 33
84 68
85 4
87 92
88 42
88 63
88 72
90 57
91 50
94 82
95 14
95 30
95 44
99 22
99 43
99 93
