111
0 11
0 33
0 38
0 52
0 63
0 84
0 96
1 25
4 21
5 64
6 32
6 81
7 5
7 45
8 25
8 38
8 59
11 51
15 69
16 43
20 8
20 17
20 58
20 64
20 86
24 25
24 47
25 32
25 96
26 0
28 13
28 70
28 72
28 79
29 39
33 10
33 54
33 89
34 25
35 36
38 46
38 98
39 83
40 28
42 10
44 3
44 50
46 34
47 63
48 24
48 57
49 77
49 83
49 94
50 8
51 42
52 18
53 3
53 64
54 75
55 21
56 9
56 29
57 90
58 41
59 0
62 13
62 53
62 60
64 21
66 74
67 90
68 48
68 84
69 40
69 99
72 19
72 27
72 63
72 96
73 2
73 72
73 82
74 35
74 51
76 13
76 42
78 98
79 31
80 37
80 90
81 78
82 10
84 99
85 52
85 71
87 31
88 19
88 43
88 65
89 89
90 46
90 78
92 24
93 54
96 38
97 13
97 91
98 30
98 47
98 73
