112
0 32
0 42
0 53
0 60
0 99
1 4
3 21
4 99
5 11
5 37
5 63
5 79
8 54
8 69
9 24
9 90
10 47
13 12
14 60
20 31
20 64
23 1
23 20
25 42
25 49
25 94
26 99
28 52
29 27
29 78
30 29
31 6
31 25
31 57
33 39
33 47
34 0
35 67
36 99
37 90
38 14
40 0
40 23
41 57
41 71
42 13
43 49
43 81
44 86
47 23
47 47
47 95
48 16
49 40
50 1
52 47
53 6
53 19
54 71
55 25
55 92
56 59
57 0
57 40
58 72
58 76
59 7
59 31
59 53
60 40
62 95
65 30
65 52
66 63
66 84
67 92
68 17
70 33
70 43
70 99
72 13
73 51
73 58
75 4
76 38
76 89
79 43
79 69
80 23
80 28
80 82
80 96
81 50
81 90
83 60
83 76
84 0
85 11
87 46
89 93
91 52
92 0
92 65
93 87
94 15
94 23
95 38
99 23
99 33
99 44
99 55
99 98
