108
0 9
0 36
0 83
0 91
1 23
3 43
4 17
4 99
5 53
6 0
6 32
6 59
9 23
9 73
12 94
13 80
13 90
14 10
16 67
17 22
18 52
18 89
20 3
20 31
20 99
23 84
25 54
25 94
26 12
29 7
29 27
30 31
30 56
30 76
32 78
33 41
34 95
36 5
37 46
38 99
39 27
39 56
40 75
42 13
42 43
42 50
42 81
42 91
43 57
45 4
45 39
46 33
48 67
50 80
50 94
51 57
52 18
52 64
53 10
54 51
55 1
55 24
56 35
56 68
57 10
57 96
58 42
59 74
60 25
63 18
65 12
65 66
67 45
68 17
70 23
70 91
71 97
74 35
74 50
76 3
77 56
78 44
79 36
79 74
80 9
80 58
84 67
85 86
85 99
86 22
87 34
89 40
89 63
89 74
91 53
93 84
94 23
94 43
94 73
95 5
96 97
97 0
98 14
98 54
99 30
99 41
99 73
99 84
