106
0 28
0 51
0 60
0 99
1 22
4 18
5 27
7 34
7 53
7 64
8 40
8 82
8 99
9 14
11 58
12 31
12 75
13 96
14 1
17 87
18 33
18 44
21 66
23 22
23 24
26 50
29 45
29 78
29 90
30 6
30 23
30 96
31 18
32 40
33 33
34 67
35 9
36 17
38 0
39 69
40 45
41 25
41 54
41 61
41 75
42 8
42 89
43 48
44 15
46 37
47 20
49 74
50 13
50 53
50 90
51 37
53 79
54 67
54 94
55 85
56 45
59 76
60 7
60 43
61 36
61 59
61 89
62 97
65 32
67 93
68 12
69 3
69 44
69 70
69 81
71 31
71 38
74 46
74 60
75 51
75 89
79 72
80 18
80 63
81 35
82 73
83 2
85 9
86 64
88 80
89 43
90 18
91 34
91 59
91 75
92 48
92 88
93 67
96 5
96 87
97 16
99 24
99 31
99 51
99 73
99 99
