113
0 71
1 35
1 65
2 7
4 39
5 49
6 22
7 16
7 64
8 77
10 35
11 50
12 83
13 25
15 55
15 91
16 73
16 97
17 5
17 12
18 32
21 41
21 67
21 86
22 62
22 92
22 99
24 51
27 48
27 71
28 58
28 59
29 23
29 31
29 79
30 1
30 13
30 88
31 72
34 34
34 96
35 48
36 88
37 11
38 25
39 35
40 39
41 8
42 64
42 96
43 39
43 53
45 8
45 47
45 76
47 13
47 22
48 57
49 99
52 6
52 73
52 91
55 19
56 41
57 45
59 37
59 53
59 72
60 61
60 66
60 96
62 9
62 28
62 82
64 49
66 98
67 5
67 59
68 2
68 77
69 34
71 11
71 49
71 64
73 81
74 88
75 20
75 27
75 36
77 96
78 7
78 46
80 64
81 88
82 79
83 26
84 36
86 72
86 92
87 40
89 28
90 51
91 67
92 1
92 97
94 43
95 26
95 58
95 90
96 74
97 4
97 32
99 70
