112
0 9
0 65
0 97
1 75
2 21
3 87
4 37
4 98
6 58
6 81
7 4
9 21
10 62
11 40
11 98
14 91
15 9
15 52
20 3
20 77
20 90
21 98
23 18
23 34
23 60
24 66
25 43
25 60
26 4
28 30
28 88
30 51
31 71
31 95
33 29
34 38
35 11
35 70
36 64
36 92
37 27
37 49
38 4
41 77
42 12
43 88
43 99
44 26
44 44
45 52
47 60
47 95
48 8
48 32
50 70
50 80
52 4
52 45
52 88
54 31
54 37
54 79
54 97
56 19
56 55
57 0
58 7
58 71
60 64
60 88
61 33
62 51
64 10
64 49
66 17
66 24
68 3
68 67
68 75
70 30
71 9
71 62
72 17
75 54
76 63
77 86
77 92
77 99
78 39
78 43
79 2
79 46
81 72
82 74
83 82
86 99
88 56
89 29
90 66
91 52
92 13
94 42
94 82
95 7
95 77
95 87
97 47
98 65
99 5
99 32
99 40
99 54
