107
0 33
0 54
0 94
0 99
3 63
4 13
4 49
4 95
5 66
6 3
7 59
9 31
9 46
10 78
10 99
11 39
13 72
15 5
16 35
19 25
20 61
20 90
22 96
23 8
25 47
25 66
27 24
27 75
28 0
28 32
28 82
29 56
29 95
30 17
31 51
31 69
33 65
34 11
34 43
35 1
36 82
37 31
37 78
44 12
44 40
44 86
45 93
46 1
47 27
48 32
51 25
51 52
51 54
52 0
52 86
53 15
56 39
58 97
59 25
59 27
59 89
60 64
61 13
61 45
62 36
62 81
63 0
64 76
65 69
65 86
65 97
66 43
66 62
67 54
70 57
74 6
74 69
75 38
75 84
75 97
76 0
76 30
78 46
78 92
79 25
81 41
81 81
82 22
82 59
82 73
85 7
87 51
89 97
92 14
92 30
92 46
93 58
93 71
95 77
96 99
97 34
98 40
98 58
99 6
99 22
99 72
99 92
