113
0 6
0 38
0 42
0 52
0 90
1 28
1 81
5 41
5 69
6 1
6 20
6 85
7 61
8 6
8 36
9 29
9 49
10 91
12 16
14 53
14 61
19 36
19 50
19 96
21 41
21 81
22 2
23 54
23 66
27 60
29 32
29 54
29 76
29 94
30 0
32 66
34 77
36 59
36 63
37 4
37 47
38 21
38 84
39 10
39 71
39 92
40 35
43 80
44 52
45 21
45 41
45 94
46 9
47 0
47 45
48 25
48 99
50 1
50 29
51 54
51 63
53 43
55 73
55 89
56 62
57 25
58 77
58 96
59 64
61 10
61 22
61 63
62 89
66 28
67 57
68 10
68 86
68 97
72 19
73 24
73 79
73 90
75 51
76 39
77 60
79 11
79 44
80 76
82 23
82 35
82 49
82 64
82 96
84 7
86 41
86 75
88 52
90 0
90 7
90 25
90 35
92 17
93 67
93 95
96 37
97 0
97 24
97 74
97 80
98 13
98 54
99 47
99 69
