110
0 3
0 13
0 23
0 31
0 50
0 78
0 95
1 99
2 65
2 72
3 86
4 55
6 21
7 1
8 14
8 71
11 80
12 19
12 54
12 61
13 44
13 91
14 32
18 98
19 3
20 94
22 26
22 58
23 72
25 80
26 8
27 38
27 86
30 15
30 65
31 32
31 53
32 63
32 73
34 5
34 42
34 87
36 40
36 58
36 77
39 18
41 11
41 59
41 99
42 49
42 87
43 29
43 35
46 51
46 61
47 92
48 2
48 20
48 74
51 49
51 87
52 37
52 97
55 84
56 64
56 99
58 54
60 78
62 18
62 66
66 49
66 56
68 33
68 75
70 4
70 19
71 79
72 57
72 91
73 25
73 99
75 0
76 25
78 48
79 83
80 8
82 43
82 75
82 89
83 57
83 99
85 34
86 69
87 4
87 23
87 80
88 98
89 44
90 9
90 50
90 57
93 90
94 29
94 38
95 71
96 83
97 98
98 13
99 78
99 92
