104
0 11
0 52
0 99
1 55
3 26
3 36
3 76
4 62
7 48
8 3
8 72
8 92
10 99
13 66
14 39
14 45
17 32
18 0
18 99
19 9
20 80
22 88
24 22
26 0
30 73
30 93
32 99
33 29
33 46
35 55
35 88
36 53
37 19
37 64
38 0
38 95
40 71
44 17
44 60
45 33
47 10
48 18
49 0
49 75
50 28
50 45
50 59
50 87
54 97
55 10
55 48
56 38
56 78
59 27
59 62
60 43
61 12
61 99
62 76
63 53
64 40
64 66
66 94
67 17
67 33
67 89
68 61
69 73
70 1
70 47
70 80
72 6
74 94
76 26
77 3
77 44
78 69
79 23
80 63
80 99
81 11
81 31
84 53
84 87
85 76
86 45
87 31
87 70
90 1
90 90
91 14
91 40
92 7
92 99
93 81
94 54
97 15
97 37
97 62
98 86
99 8
99 28
99 60
99 80
