104
0 39
0 56
1 94
2 30
3 22
4 52
7 42
7 58
7 97
9 9
11 83
13 33
13 59
13 71
17 92
20 21
21 77
23 88
23 99
25 3
25 52
26 56
26 73
27 10
27 24
29 43
29 95
30 0
30 41
31 20
31 63
31 81
32 4
35 93
36 46
36 50
37 87
38 33
38 67
39 0
39 78
41 10
41 98
42 91
44 16
46 26
46 52
46 63
46 73
49 18
50 39
51 23
51 82
53 98
54 70
55 71
56 47
56 88
60 6
67 17
67 23
67 88
68 0
68 38
68 64
68 74
72 16
72 67
72 99
74 55
76 3
76 67
76 81
76 97
77 99
78 32
78 85
79 55
81 11
82 93
83 32
83 41
84 68
85 62
86 99
89 21
90 5
90 55
90 66
90 87
90 95
91 49
94 13
94 20
95 36
96 67
96 90
97 47
98 3
99 9
99 32
99 58
99 64
99 82
