110
0 0
0 14
0 42
0 66
0 76
2 10
2 60
4 43
5 73
6 15
7 57
8 31
12 39
12 94
13 24
15 11
15 66
18 0
18 90
19 99
22 22
23 59
24 34
24 42
25 65
26 0
26 27
27 9
27 61
28 44
28 97
29 22
30 75
31 16
31 85
31 99
34 2
34 65
36 32
37 10
39 52
40 43
40 72
41 35
41 59
41 64
42 98
43 1
44 11
44 25
45 70
47 18
48 40
48 84
50 26
51 66
52 1
52 53
57 32
57 97
58 78
58 91
59 38
59 72
61 22
61 49
63 0
65 8
65 37
65 67
65 99
66 85
67 19
67 42
67 43
69 50
70 98
71 39
71 69
72 4
72 61
72 90
74 53
74 72
76 31
76 97
77 38
80 13
80 47
82 77
83 54
85 5
86 32
86 43
86 81
89 20
89 75
91 16
91 56
94 68
94 94
95 39
96 13
96 29
96 47
96 74
99 5
99 24
99 52
99 79
