106
0 37
0 68
1 57
1 72
3 21
3 42
4 93
4 99
6 6
7 50
8 84
10 30
10 76
11 18
15 95
20 41
22 21
23 62
24 86
24 96
25 40
25 49
27 69
28 6
31 88
32 12
32 27
32 54
32 96
34 21
34 34
34 42
34 78
36 48
37 95
38 9
38 86
39 0
39 16
39 24
39 58
40 35
41 50
41 70
42 25
45 35
45 95
45 99
46 59
46 69
49 9
50 30
50 95
54 51
56 7
56 70
56 84
58 24
58 46
59 89
60 5
60 55
60 99
61 32
61 74
64 55
65 87
65 93
67 67
68 38
70 6
71 49
71 73
72 25
72 90
74 99
75 61
77 8
77 33
78 17
78 74
78 86
80 2
80 39
80 92
82 27
82 56
83 7
83 49
84 73
86 0
86 15
89 94
90 83
92 7
92 33
94 40
95 23
95 60
95 69
96 94
97 49
99 1
99 7
99 56
99 69
