111
0 25
1 12
1 87
2 97
3 48
3 76
4 19
5 30
5 37
6 59
6 71
9 43
11 68
11 92
12 10
12 27
13 55
14 33
15 5
17 47
20 74
21 0
21 29
21 42
23 82
24 1
24 9
24 64
25 34
25 90
26 53
27 20
27 58
28 53
29 77
31 97
32 33
32 67
33 3
33 23
33 83
36 47
37 88
39 97
40 28
40 61
42 38
44 56
44 69
45 0
47 45
47 46
48 76
50 3
50 68
51 57
53 18
53 36
54 89
56 10
56 27
56 83
59 36
61 1
61 20
64 8
64 51
65 74
66 78
67 33
67 43
67 88
68 60
70 94
71 52
72 12
73 26
74 61
74 79
76 0
76 43
76 86
78 13
80 0
81 20
81 33
81 72
81 97
82 8
86 48
86 58
88 38
90 0
90 73
92 14
92 23
92 87
93 46
94 33
94 60
94 68
96 74
97 7
97 90
98 19
98 78
99 29
99 33
99 50
99 69
99 99
