107
0 0
0 10
1 32
1 63
2 4
2 96
3 25
4 17
5 73
6 48
7 0
7 92
8 6
8 41
8 84
9 20
9 30
12 99
15 8
15 22
16 38
16 60
17 44
18 69
19 2
20 21
21 26
21 52
23 99
25 96
26 81
27 89
29 4
29 26
30 66
32 38
33 32
33 88
35 6
35 94
36 44
36 73
37 75
38 33
38 48
38 99
39 0
39 17
41 67
43 7
44 57
45 98
46 41
47 28
49 51
54 38
54 68
54 98
55 61
55 75
56 43
58 21
58 98
59 52
61 28
62 68
63 55
64 4
64 20
65 10
65 40
65 86
66 78
66 92
67 31
67 62
68 73
69 3
71 97
72 59
72 79
72 91
74 1
74 17
74 46
75 29
77 64
79 72
81 35
81 99
82 51
85 0
85 22
85 55
88 64
89 75
91 43
92 39
93 0
97 12
97 24
97 79
99 20
99 32
99 56
99 95
99 99
