103
0 9
3 29
4 2
4 48
4 95
5 9
5 54
7 70
9 78
9 85
12 99
13 12
13 45
13 60
13 90
14 4
14 24
14 74
15 80
19 0
19 7
19 99
22 37
22 65
24 78
25 11
26 26
26 49
27 61
27 87
30 48
31 1
34 5
34 17
34 36
36 29
37 44
37 97
38 12
38 69
42 81
44 89
45 0
45 12
45 20
45 45
45 65
46 59
49 27
49 48
50 39
50 99
51 32
51 95
52 11
53 22
56 75
57 8
59 54
59 99
60 77
60 82
61 68
61 91
63 19
63 43
64 6
64 41
64 75
64 97
65 64
65 82
66 11
66 25
69 51
70 16
74 31
74 54
74 87
75 7
76 45
77 78
77 98
79 26
80 66
81 41
81 72
83 20
84 80
85 10
86 54
86 91
87 31
90 67
91 25
91 45
95 8
95 94
96 49
99 23
99 36
99 67
99 74
