111
0 62
0 76
2 69
2 94
3 79
3 99
4 7
4 45
4 55
5 37
7 84
9 14
10 38
11 91
12 1
12 21
12 45
12 80
18 92
20 14
20 34
21 46
22 61
23 56
23 69
23 77
25 75
29 99
30 6
30 25
30 59
30 88
31 13
32 34
33 54
34 92
35 50
36 60
38 41
38 55
39 1
39 69
39 80
41 26
43 86
44 63
44 76
45 11
46 2
46 26
46 40
46 99
49 29
49 69
49 95
50 22
51 58
53 50
54 41
56 77
57 99
58 28
59 11
59 51
61 6
61 23
61 89
62 59
64 39
64 67
65 78
69 13
69 19
70 33
70 87
71 2
71 52
72 99
73 77
74 91
75 24
76 46
77 66
78 8
81 4
81 26
82 94
83 99
85 38
85 49
87 88
88 18
90 55
90 99
91 5
91 31
91 43
91 69
92 23
92 91
93 50
94 82
96 59
96 73
96 96
97 16
99 1
99 30
99 67
99 78
99 99
