109
0 14
0 25
0 90
1 0
1 55
4 42
4 71
4 78
6 60
8 47
9 96
10 29
10 78
11 4
11 53
11 88
11 93
13 13
16 35
21 11
22 29
22 46
22 88
23 27
23 52
25 1
25 99
26 10
26 66
28 20
28 40
29 88
30 76
31 70
33 25
33 78
34 1
35 57
35 96
38 42
39 6
39 34
39 50
40 17
41 0
41 87
43 29
44 78
45 65
46 63
47 9
47 30
49 22
50 55
50 91
51 24
51 40
51 74
52 7
54 82
55 48
56 38
56 76
58 7
59 0
60 16
60 66
61 27
61 46
62 71
62 99
63 81
65 22
66 54
67 89
70 69
72 8
72 28
72 59
73 86
74 76
75 51
78 37
79 12
79 45
79 95
81 6
84 35
85 13
85 28
86 91
87 63
87 72
91 9
91 46
92 18
92 34
92 77
92 92
93 68
93 83
96 29
96 51
97 40
98 2
99 26
99 36
99 75
99 84
