103
0 32
1 62
1 92
2 47
3 74
4 56
6 14
7 26
7 37
7 65
9 49
9 76
11 11
12 85
12 97
13 32
13 55
14 99
15 4
15 43
19 62
20 56
22 38
22 79
22 86
23 27
23 46
23 99
29 91
30 10
32 59
33 33
34 43
36 77
38 71
40 6
40 24
40 52
41 45
41 60
42 17
42 38
42 96
43 81
44 29
45 61
46 67
48 44
49 3
50 51
51 51
51 86
52 62
52 65
53 22
54 20
55 35
59 45
60 65
61 77
61 88
62 62
63 94
66 8
66 34
66 83
66 99
67 71
67 76
68 41
71 0
71 58
72 48
73 40
73 60
74 77
75 10
77 74
78 6
79 21
79 42
79 99
80 56
83 0
83 94
85 67
86 19
86 51
87 77
88 39
89 9
89 30
91 51
92 62
92 99
94 36
94 92
96 42
97 84
99 9
99 27
99 56
99 99
