104
0 42
0 50
1 1
2 18
4 66
4 99
5 33
6 73
7 26
7 43
8 17
9 0
11 37
11 70
14 23
14 43
16 89
18 97
19 50
21 0
22 26
23 47
23 86
25 13
25 56
26 91
28 0
28 22
28 37
30 54
31 34
32 60
32 82
33 49
33 70
34 61
38 27
38 66
39 0
39 92
40 22
40 75
42 5
42 29
42 51
44 62
44 96
45 66
46 24
47 94
48 74
49 6
50 51
52 65
53 33
53 41
55 25
55 67
55 73
57 18
57 55
58 83
59 6
60 45
61 59
63 66
64 33
64 49
64 53
64 78
64 87
66 24
67 4
68 20
70 93
74 62
74 66
74 88
75 10
75 37
75 99
76 1
76 24
77 94
79 25
79 54
81 56
81 63
84 3
85 9
86 82
88 31
90 0
91 54
91 76
92 97
93 40
95 9
96 77
96 89
97 30
97 44
99 38
99 57
