109
0 19
0 33
0 45
0 68
0 99
2 76
3 59
3 86
4 7
6 49
8 95
9 0
9 17
10 64
12 42
12 73
13 36
15 23
15 91
18 44
18 98
20 2
20 31
20 71
21 18
21 41
22 12
23 25
23 88
26 75
28 18
28 28
29 91
31 56
32 43
32 59
33 14
33 76
35 65
36 77
36 81
36 94
37 4
38 58
39 13
39 32
41 38
42 99
43 24
45 47
45 58
45 79
45 93
46 16
46 87
49 5
49 61
50 53
51 33
52 12
52 70
53 82
53 99
55 67
56 0
57 90
58 20
58 35
60 38
63 74
64 88
67 0
68 71
70 94
71 22
71 46
72 39
74 46
75 68
75 71
75 79
75 89
77 57
79 36
81 18
81 26
82 7
82 99
84 95
86 17
86 54
87 67
88 0
88 83
90 61
91 36
92 10
92 18
93 46
94 75
96 29
96 59
96 83
97 4
98 53
98 94
99 11
99 39
99 41
