106
0 7
0 36
0 67
0 75
0 82
3 44
3 58
4 25
4 34
7 79
8 47
10 52
13 4
13 42
14 70
16 11
16 26
17 91
20 0
21 31
21 36
21 57
22 79
23 44
26 54
30 58
31 79
32 30
33 11
33 28
33 80
35 37
36 51
36 75
37 41
38 5
38 92
39 22
40 69
43 79
43 99
44 62
45 7
45 27
46 99
47 2
47 86
48 37
48 75
49 19
49 53
50 44
50 67
54 79
55 59
56 84
57 26
57 92
58 41
59 47
60 99
61 0
61 53
62 33
63 4
63 78
64 26
66 59
66 84
67 34
68 45
70 14
70 25
70 66
70 99
71 74
73 56
75 27
76 92
77 3
77 18
77 45
79 38
80 13
80 82
83 73
83 99
84 41
84 64
86 0
88 98
89 74
90 6
90 47
90 82
91 17
91 28
91 90
94 53
94 60
95 37
98 11
98 77
99 0
99 23
99 66
