109
0 33
0 57
0 71
0 80
0 87
1 49
3 60
4 15
5 53
7 30
8 3
8 10
8 24
9 45
9 64
10 77
11 82
12 50
12 98
14 88
15 13
17 39
17 59
17 62
19 0
19 77
21 29
21 73
21 97
24 21
24 53
24 89
25 3
25 29
25 46
26 42
27 96
28 60
30 7
32 69
34 89
35 4
36 11
36 22
36 42
37 53
38 99
39 34
39 68
40 93
41 87
43 0
43 45
44 25
45 58
46 76
46 90
47 16
48 10
48 66
50 1
51 39
52 46
53 7
55 41
55 99
56 12
57 60
57 75
59 53
62 90
65 82
65 95
67 4
67 47
67 73
67 99
68 27
69 21
70 14
72 80
74 76
74 94
75 0
75 34
78 4
78 36
80 0
80 27
82 97
84 82
85 65
87 24
88 53
90 7
91 31
92 60
92 66
93 16
93 38
93 74
95 55
96 0
96 49
97 25
97 96
98 13
99 70
99 88
