108
0 31
0 39
0 75
1 16
1 94
2 0
2 50
2 57
2 85
3 66
4 34
6 78
6 99
7 42
8 20
8 88
9 4
9 28
9 51
10 63
14 34
14 55
15 39
17 2
17 99
18 12
21 41
21 86
22 53
22 68
23 0
23 21
23 63
24 29
24 81
25 41
25 95
26 50
28 26
30 5
30 13
31 33
36 99
37 35
38 4
38 61
39 82
41 32
43 57
45 3
46 70
46 96
47 20
47 48
48 87
49 27
50 38
51 33
51 55
51 64
53 92
56 44
58 23
58 94
59 33
59 37
60 52
61 7
64 72
65 64
65 84
67 48
68 0
68 79
68 88
68 97
70 39
72 53
73 16
73 24
75 32
75 46
75 67
76 75
78 0
78 37
78 61
78 95
80 47
82 8
82 82
84 17
85 1
85 28
87 57
87 97
89 66
91 48
91 74
92 18
93 34
93 42
96 10
96 80
98 96
99 36
99 41
99 85
