109
0 0
0 19
0 66
0 82
1 94
2 8
4 71
6 45
6 78
6 99
7 4
10 9
11 59
12 22
13 53
16 89
17 68
18 99
21 5
22 96
24 80
25 34
27 44
27 72
29 0
30 9
30 77
31 19
31 33
32 44
35 19
35 54
35 89
37 0
38 10
38 28
38 56
38 65
40 36
42 92
43 74
44 0
46 32
46 42
48 48
49 71
50 17
50 61
51 14
51 83
51 99
52 0
52 36
52 91
55 21
58 3
58 10
60 44
61 18
61 87
63 35
63 97
64 66
64 72
66 7
67 32
69 0
70 53
70 95
71 74
72 27
72 86
73 9
74 65
76 41
77 59
78 52
78 89
79 22
80 72
81 67
81 83
82 5
82 23
82 40
82 98
83 11
83 92
87 29
89 56
90 44
91 62
91 70
92 17
93 0
93 30
94 24
94 93
95 5
95 84
96 50
96 66
98 56
99 2
99 10
99 21
99 68
99 74
99 96
