106
0 86
1 35
1 46
2 0
2 56
2 77
3 8
3 93
3 99
5 63
7 29
7 42
8 82
9 73
13 18
13 64
13 99
15 81
18 31
18 54
19 11
20 37
20 63
20 76
21 59
22 0
22 36
22 97
23 6
25 52
26 64
27 11
27 25
31 66
31 76
32 30
34 45
36 98
37 53
38 18
38 86
39 74
41 34
41 53
42 47
42 76
44 2
46 71
46 78
48 17
48 45
51 96
52 51
53 1
54 24
54 69
55 88
56 10
57 32
58 99
59 58
60 99
61 3
61 11
61 80
63 88
65 24
65 54
67 37
67 48
67 63
67 67
68 10
68 82
69 2
70 99
72 36
72 58
74 1
74 8
76 76
76 80
77 45
77 53
78 16
78 49
79 34
81 63
83 97
84 26
88 20
88 65
88 79
89 34
91 70
92 17
92 96
94 26
94 48
94 76
97 39
98 33
98 85
99 15
99 46
99 51
