110
0 25
0 41
0 55
0 68
0 78
3 33
6 25
6 47
6 75
7 6
7 36
7 67
7 99
8 18
9 55
10 46
12 0
14 37
14 88
15 32
17 8
17 62
18 94
20 52
22 29
23 19
25 0
25 74
25 85
26 37
26 99
27 50
28 39
31 99
33 0
33 6
33 26
33 64
34 80
35 42
36 37
36 69
39 4
39 62
40 0
41 75
41 87
41 99
44 47
45 58
45 66
46 78
47 94
49 71
50 18
50 28
51 53
53 44
55 13
55 93
57 32
58 38
58 99
59 9
60 52
61 96
62 29
62 87
64 5
65 32
65 51
66 76
69 70
69 79
70 0
70 66
71 25
71 38
71 99
72 31
73 18
73 56
73 99
74 50
76 73
79 42
80 95
82 21
82 54
83 3
83 69
86 99
88 59
89 10
89 47
89 85
90 24
90 68
90 79
92 34
93 42
94 87
96 27
96 77
97 53
98 13
99 22
99 60
99 65
99 98
