105
0 20
0 58
0 79
0 87
1 26
2 0
2 5
2 62
5 52
5 85
5 93
6 38
7 8
7 47
9 64
10 20
10 68
11 27
12 74
14 18
15 50
15 55
18 68
20 37
21 97
22 40
23 0
24 6
24 92
25 73
27 80
28 21
28 54
28 82
31 0
31 62
31 98
33 65
35 7
35 55
35 88
36 32
36 98
38 22
38 63
41 37
42 95
44 0
44 9
46 63
47 47
48 23
48 77
50 4
52 32
55 11
55 40
55 48
55 76
56 30
56 93
57 69
60 20
60 49
61 0
61 62
62 9
62 99
64 67
65 56
66 20
66 76
67 30
67 94
68 0
69 40
69 60
71 65
72 43
73 71
74 27
78 94
81 43
83 34
83 65
84 74
84 93
87 44
88 51
89 0
89 19
90 43
92 90
92 98
93 30
95 25
96 7
96 72
97 62
97 86
98 17
98 46
99 41
99 48
99 96
