105
0 69
1 52
2 63
3 0
3 19
3 27
4 98
6 45
8 80
8 94
11 48
11 71
11 99
12 24
12 64
16 33
17 5
18 53
18 80
21 10
21 75
22 43
24 34
25 96
26 25
29 52
30 45
30 88
31 73
32 13
34 96
35 30
35 41
35 82
38 10
38 47
38 60
39 1
39 24
39 40
41 95
42 59
42 88
44 44
46 2
46 22
47 46
47 68
48 36
48 55
53 67
54 47
56 18
56 74
58 6
58 56
58 89
60 28
61 39
61 42
63 13
63 63
64 55
64 93
65 2
65 81
66 33
67 36
67 78
68 81
70 27
71 48
71 56
72 6
72 17
74 92
75 13
75 22
75 59
76 57
77 0
77 42
77 74
78 79
78 97
79 67
82 81
83 25
83 45
85 95
86 33
86 61
89 0
89 72
90 8
90 15
91 80
92 23
95 33
97 75
99 3
99 15
99 47
99 80
99 99
