109
0 22
0 42
0 65
0 73
1 4
1 25
2 99
3 46
4 36
4 75
5 94
6 65
9 57
10 20
10 85
11 30
12 3
13 47
13 89
19 81
20 65
22 20
22 42
22 69
23 25
27 10
27 32
27 86
28 77
29 66
30 2
30 58
31 39
33 53
35 93
36 2
36 87
36 99
37 73
38 52
39 7
40 64
41 49
41 68
43 0
43 32
43 65
44 20
46 78
48 10
48 37
50 54
51 89
54 12
54 32
54 67
54 78
55 21
55 42
55 54
58 63
60 29
60 91
61 41
63 7
65 76
66 27
66 39
66 91
67 65
68 50
69 76
70 6
70 9
70 20
70 71
71 0
71 84
72 92
73 24
74 52
76 33
77 24
77 81
79 42
79 95
80 61
81 51
81 57
81 81
83 8
84 72
84 99
86 39
88 33
88 53
89 27
89 93
90 66
91 79
91 88
93 59
94 2
95 23
96 49
96 82
98 62
99 19
99 99
