109
0 45
0 55
0 68
0 97
2 38
2 78
3 21
4 81
5 59
7 6
7 10
7 43
7 72
7 99
8 24
9 51
12 65
14 28
16 90
18 27
18 71
18 99
19 12
20 45
20 56
20 98
21 3
24 9
26 90
27 42
31 0
31 2
31 18
32 98
33 37
35 87
36 56
36 76
40 2
40 9
40 21
42 94
43 14
43 29
43 37
44 58
45 49
46 20
47 75
47 97
49 0
50 63
51 23
51 51
52 7
52 73
53 91
53 99
54 41
56 63
57 65
58 10
58 66
61 35
61 42
61 96
62 53
64 62
65 22
68 7
70 49
70 79
71 98
72 72
73 19
73 33
75 65
76 39
76 56
77 46
78 24
79 32
79 74
79 87
80 10
80 16
80 66
80 95
82 40
83 0
85 66
86 91
87 27
87 53
87 82
88 99
90 33
92 71
93 21
93 60
96 93
97 31
97 44
99 1
99 15
99 53
99 67
99 79
99 99
