109
0 13
0 36
0 46
0 56
0 86
2 68
3 99
4 78
5 26
5 42
6 19
7 65
8 54
9 99
11 72
13 51
14 45
14 86
15 93
16 29
18 82
20 0
20 41
23 1
23 18
23 60
26 70
27 24
27 79
28 48
28 63
28 99
29 69
30 34
31 11
31 91
32 4
35 86
35 96
39 24
39 59
39 79
40 7
41 34
43 29
43 78
44 18
46 59
46 95
47 6
49 26
49 56
50 33
50 37
50 67
51 49
54 83
55 90
57 11
57 20
57 47
57 69
60 6
60 27
60 59
61 49
61 99
62 87
63 78
64 0
64 40
65 23
65 94
66 30
69 64
70 37
70 87
70 98
71 74
73 45
75 56
76 7
76 17
77 80
78 73
79 26
80 19
80 63
80 90
82 58
83 11
83 37
85 69
85 95
86 42
89 48
89 55
89 78
90 7
90 85
92 98
95 30
95 79
97 14
97 58
99 25
99 47
99 58
99 80
