110
0 19
0 28
0 32
0 60
0 94
0 99
1 1
2 85
4 64
5 7
7 13
7 73
7 99
8 23
8 55
10 0
10 61
11 43
12 28
13 71
14 89
15 11
16 4
18 57
18 66
20 89
21 13
21 99
22 22
22 29
26 45
26 77
28 2
28 10
29 22
29 61
29 99
30 37
31 68
32 25
35 93
36 36
37 60
38 17
38 79
40 9
40 53
40 69
41 31
41 82
43 43
44 19
45 76
45 96
46 59
48 8
49 21
49 94
52 81
53 5
53 50
54 70
55 66
56 45
57 72
58 86
59 20
59 99
60 36
62 51
63 4
63 90
64 61
65 44
66 10
67 30
67 54
67 98
68 79
69 0
71 72
73 84
74 5
74 17
74 61
74 63
75 40
77 25
79 95
80 12
80 78
81 29
83 15
83 89
84 51
86 44
90 23
90 48
90 71
91 77
91 87
94 8
95 20
95 44
96 31
96 57
99 25
99 43
99 69
99 77
