110
0 14
0 30
0 37
0 58
0 74
2 51
4 42
5 4
5 17
5 22
5 87
6 65
6 79
9 59
11 4
11 73
12 30
12 47
14 88
14 99
17 4
18 13
18 94
19 31
20 66
21 24
22 75
23 44
25 50
26 88
28 8
28 52
31 99
32 17
32 24
32 39
34 6
34 90
38 69
39 11
40 19
40 67
42 49
42 99
43 28
45 5
45 75
46 35
47 0
48 27
49 19
50 60
50 91
50 96
52 46
53 13
55 37
55 64
56 41
56 56
57 18
58 7
58 23
61 48
62 99
64 27
64 48
66 0
67 61
69 17
70 44
70 79
71 8
71 32
72 1
72 66
72 76
72 99
74 27
74 32
76 57
78 65
79 21
80 94
81 81
81 84
82 3
82 15
84 10
85 54
85 69
85 91
86 39
87 0
87 46
89 24
89 59
91 31
92 5
92 65
93 83
94 76
95 38
96 0
98 17
99 10
99 27
99 34
99 77
99 98
