105
0 47
0 72
0 90
1 56
2 0
2 64
6 14
6 37
8 65
8 69
9 0
9 45
10 87
12 77
13 37
15 12
15 49
16 3
16 96
20 59
20 66
20 90
23 82
25 6
25 39
25 48
27 59
28 28
29 1
29 91
30 18
30 75
32 49
34 81
35 66
35 99
36 42
37 33
38 0
38 8
39 85
40 78
41 26
42 63
43 34
44 2
45 86
46 40
46 49
46 69
48 6
48 24
50 47
52 61
54 11
57 96
58 21
59 3
60 67
63 60
63 84
64 15
65 55
67 74
68 17
69 9
69 36
69 95
71 24
72 43
74 33
74 48
74 74
74 83
75 2
75 19
76 91
77 65
80 9
80 37
80 73
81 79
82 45
82 55
82 88
84 4
85 31
87 13
87 48
87 92
88 0
88 20
90 36
92 60
92 70
93 76
94 31
94 98
97 36
97 49
97 92
99 0
99 43
99 58
99 84
