108
0 3
0 11
0 62
0 70
2 22
2 54
4 92
5 0
5 48
5 74
6 8
6 27
6 35
6 62
10 41
11 50
12 22
12 69
13 4
14 61
16 90
16 99
20 40
20 81
21 45
23 18
23 67
23 75
24 23
24 29
25 99
29 81
29 91
30 9
30 35
30 56
31 2
32 33
33 29
34 57
35 52
35 87
37 65
38 18
39 42
39 79
40 5
40 32
41 90
41 99
42 13
44 24
46 58
48 2
48 32
48 96
49 68
49 85
50 28
50 37
51 21
52 77
53 49
54 65
54 75
55 0
55 38
59 62
60 15
61 0
61 24
62 79
63 8
64 46
64 91
66 13
68 25
69 56
72 34
72 45
75 64
76 17
76 76
78 39
78 91
81 2
81 53
81 60
83 72
87 2
88 14
89 51
89 76
90 30
90 62
92 56
92 96
95 3
97 20
97 46
98 28
98 57
99 8
99 37
99 53
99 72
99 86
99 99
