110
0 10
0 39
0 59
0 69
1 20
2 62
3 82
5 0
5 26
6 44
6 74
7 56
8 33
10 8
13 68
13 90
14 62
14 78
15 52
17 10
18 76
19 83
20 96
21 42
23 30
24 20
24 49
24 99
26 92
27 38
27 59
28 27
29 44
29 75
31 27
32 96
33 57
33 86
34 0
34 44
35 62
36 91
37 74
40 12
40 59
40 99
42 8
42 22
45 49
45 56
45 69
45 99
46 0
47 63
48 80
49 31
49 54
50 10
50 19
50 78
50 88
51 23
51 43
55 0
55 4
56 68
56 96
57 34
58 42
59 55
61 10
61 74
62 98
63 19
63 39
65 32
66 67
66 77
68 20
69 22
69 64
69 88
70 55
72 13
73 0
73 48
74 30
75 71
78 77
79 98
82 72
83 40
84 21
84 60
84 79
84 99
85 7
87 48
89 18
90 84
92 38
92 67
93 49
95 33
96 63
99 0
99 19
99 32
99 37
99 97
