110
0 4
0 79
0 96
1 57
1 66
3 18
5 14
6 77
8 6
8 21
9 27
10 49
10 71
12 43
12 61
15 95
18 3
18 83
19 51
20 74
21 25
21 67
23 89
24 7
24 49
26 17
26 36
26 65
26 77
26 99
29 76
30 2
30 44
30 55
32 28
32 31
32 37
33 50
33 63
34 70
36 57
37 40
37 90
38 4
40 30
41 21
41 93
43 43
44 50
46 33
47 2
47 91
48 80
49 24
49 59
50 61
50 70
52 19
52 55
53 11
53 99
54 32
54 47
56 0
56 38
56 82
57 36
58 45
59 13
60 55
60 67
62 68
62 93
63 21
63 99
64 0
64 79
66 37
67 23
67 62
69 51
70 10
70 84
73 3
73 98
74 31
76 8
76 90
79 62
79 75
81 21
82 56
84 40
87 96
88 64
89 19
89 29
89 49
90 73
92 37
92 44
93 8
94 94
96 99
97 16
98 49
98 83
99 23
99 29
99 40
