99
2 15
2 20
2 25
2 30
2 35
2 40
2 45
2 50
2 55
2 60
2 65
2 70
2 75
2 80
2 85
3 3
3 8
3 92
3 97
8 3
10 17
10 27
10 42
10 52
10 62
10 72
10 82
10 93
12 10
12 35
15 2
15 22
15 42
15 52
15 62
15 82
15 93
17 15
17 30
17 70
17 75
20 2
20 22
20 37
20 47
20 57
20 82
20 93
22 10
22 65
25 2
25 17
25 32
25 42
25 52
25 72
25 93
27 25
27 60
27 80
27 85
30 2
30 37
30 67
30 93
32 10
32 15
32 20
32 30
32 45
32 50
32 55
32 75
35 2
35 37
35 67
35 82
35 93
37 25
37 60
40 2
40 32
40 42
40 52
40 77
40 93
42 10
42 15
42 20
42 65
42 70
42 85
45 2
45 27
45 37
45 47
45 57
45 77
45 93
