109
0 5
0 31
0 54
0 76
1 48
1 64
3 2
5 69
6 42
6 81
8 57
9 14
9 52
9 74
10 97
12 0
12 40
15 20
15 85
15 90
19 6
19 33
19 56
20 98
21 17
21 34
21 51
21 87
24 66
25 10
26 5
27 32
28 40
29 0
29 24
29 77
29 95
31 56
34 20
35 37
35 64
36 88
37 27
38 13
38 53
38 76
38 94
39 99
40 69
43 7
43 50
45 37
45 79
45 89
47 79
48 17
49 65
50 48
51 94
53 18
53 41
54 9
55 70
57 28
57 45
57 80
58 19
59 56
59 99
63 72
64 29
64 34
66 91
66 98
67 44
67 82
69 31
70 4
71 1
72 26
72 89
73 13
73 69
73 99
76 64
77 30
79 34
80 44
82 90
82 97
83 30
84 19
84 55
84 73
88 39
88 79
90 18
90 32
90 88
93 51
93 96
94 13
94 69
95 4
96 42
97 31
99 7
99 21
99 80
