100
0 0
0 30
0 78
1 56
1 95
2 15
5 6
6 33
6 67
6 99
7 44
7 60
7 81
11 9
11 48
12 76
13 62
15 91
17 20
18 96
20 12
21 56
22 36
24 45
24 71
25 94
27 78
27 99
28 7
28 58
29 15
33 25
34 63
35 98
36 50
36 71
38 46
40 82
41 21
41 27
42 10
42 99
44 3
44 35
44 58
44 96
47 23
49 51
49 80
50 4
50 20
51 0
51 37
53 67
53 89
56 29
57 25
57 35
58 97
59 53
59 63
61 5
61 58
62 44
62 90
63 77
65 2
66 36
67 19
68 65
69 71
70 41
70 55
71 1
72 11
74 21
75 53
77 28
77 72
77 76
78 41
79 98
81 74
82 21
82 50
83 34
83 58
85 95
87 47
88 26
90 82
92 6
93 55
94 44
96 1
96 25
98 75
99 13
99 41
99 57
