110
0 11
0 20
0 45
1 3
1 31
1 76
2 61
2 99
4 93
6 39
6 69
6 79
7 3
7 27
8 45
9 0
10 15
10 23
13 59
14 34
15 21
15 26
17 6
17 94
21 30
21 57
21 66
21 86
22 3
22 48
23 79
24 16
27 0
27 91
28 23
31 55
31 76
32 4
32 45
33 13
33 65
37 7
37 38
38 24
38 71
39 0
39 35
40 22
40 46
40 84
43 50
44 0
45 11
45 59
45 88
46 43
47 26
47 32
50 27
50 62
51 0
52 7
53 19
54 65
56 87
58 44
58 79
59 7
59 63
60 27
61 18
61 49
62 99
63 24
63 71
64 11
67 0
69 13
70 61
70 77
71 27
72 48
72 90
74 99
75 59
75 69
77 51
82 34
83 1
83 54
84 16
86 40
87 1
87 26
89 66
89 80
90 88
91 35
92 14
92 44
92 51
93 28
95 99
96 6
96 61
96 92
98 11
98 49
99 22
99 84
