106
0 15
0 33
0 73
0 81
2 43
3 97
4 0
5 24
6 62
7 18
8 93
9 39
10 69
12 58
13 29
13 78
15 43
15 97
17 8
17 84
21 75
21 92
23 23
25 36
26 54
27 81
29 40
30 12
30 23
30 69
31 91
32 98
33 52
34 20
36 37
37 28
38 52
39 42
39 75
41 0
42 18
43 41
43 65
44 6
44 45
46 36
47 94
49 52
50 11
51 35
52 70
52 75
52 88
52 96
54 37
55 60
56 24
56 72
58 51
59 80
60 62
61 10
62 30
62 48
63 51
63 99
64 37
65 0
68 72
69 42
70 6
70 81
71 22
73 97
76 22
77 8
77 70
78 71
79 41
80 44
80 90
80 98
83 17
83 34
84 0
84 81
85 56
86 39
87 74
89 6
90 15
90 33
92 49
92 58
92 69
94 42
97 22
97 54
97 73
98 0
98 28
99 6
99 13
99 32
99 47
99 91
