105
0 6
0 52
0 73
0 89
3 14
4 29
4 65
5 96
6 2
6 86
7 54
7 75
8 46
9 25
9 98
11 9
12 72
14 14
15 33
16 80
17 25
17 87
18 48
19 56
20 35
22 67
24 21
27 66
27 86
28 20
29 1
29 9
30 58
30 72
31 65
31 99
33 29
33 51
34 5
35 81
35 88
37 30
38 0
38 53
39 9
43 99
44 62
45 12
46 35
46 42
48 54
49 20
49 99
50 45
51 4
51 76
53 87
54 26
54 61
56 67
57 12
57 74
61 29
61 81
62 48
64 64
66 99
67 77
68 30
68 96
69 19
69 40
70 9
71 0
71 24
71 57
71 87
76 2
76 60
77 30
77 72
78 54
81 11
82 46
84 21
84 57
85 38
87 93
88 81
89 69
91 25
92 6
92 54
93 40
94 62
94 72
94 83
95 14
95 33
98 95
99 4
99 22
99 45
99 70
99 84
