108
0 0
0 18
0 28
0 34
0 41
1 54
2 60
2 73
2 86
3 66
5 9
6 40
6 99
10 36
11 83
13 64
13 73
15 43
16 4
18 10
19 31
19 65
20 90
22 80
23 3
23 40
24 12
24 59
25 79
26 50
27 33
27 89
28 47
28 95
31 7
33 20
33 26
33 52
33 73
34 79
36 7
37 91
37 98
38 1
39 39
39 60
43 26
44 41
44 99
45 5
45 84
46 17
46 91
47 59
48 69
49 79
50 32
51 88
51 96
56 21
56 60
59 34
59 66
59 75
63 8
63 43
63 51
63 92
64 0
64 2
65 28
66 80
67 99
68 38
69 20
69 49
69 63
69 86
70 2
72 11
73 22
73 38
76 3
76 35
77 17
78 91
79 37
80 57
82 73
83 71
83 96
84 9
87 4
88 0
88 41
88 49
88 81
88 99
89 67
90 57
93 0
94 62
95 13
95 50
96 98
97 70
99 34
99 80
