116
0 0
0 21
0 30
0 73
0 81
1 24
1 85
2 57
2 96
5 12
5 41
6 0
7 31
7 48
7 80
8 74
9 92
10 9
10 36
11 26
12 42
12 69
13 61
15 87
16 93
17 5
18 14
19 24
19 98
23 9
23 49
24 55
25 5
25 92
27 32
28 19
28 27
28 60
30 23
30 90
31 39
31 48
32 55
33 12
34 81
35 2
35 91
37 29
38 0
38 66
41 22
41 40
41 52
42 71
42 88
44 27
47 18
48 79
49 55
49 99
50 36
50 65
50 95
51 0
51 23
51 74
52 8
53 86
54 65
55 3
56 70
57 30
57 99
59 9
59 67
62 32
62 90
65 24
65 49
66 79
66 97
67 4
67 71
69 42
69 53
71 17
71 30
71 97
72 22
74 43
76 17
78 68
78 98
80 3
82 12
82 56
82 65
82 78
84 45
85 97
88 70
88 92
89 79
90 11
91 60
92 22
92 51
94 36
99 1
99 29
99 33
99 43
99 51
99 67
99 73
99 82
