109
0 0
0 25
0 65
0 99
1 7
1 15
1 84
3 26
4 50
5 63
5 69
9 79
10 18
10 34
10 87
12 0
13 5
13 27
13 57
18 86
20 53
21 16
22 4
22 57
23 65
23 80
24 30
24 93
25 36
25 38
25 71
26 22
29 26
31 4
31 48
32 9
33 80
34 99
35 33
35 94
36 22
39 41
39 77
40 7
41 37
41 51
41 97
43 64
44 76
45 49
46 26
49 4
49 44
50 21
50 70
51 99
52 0
53 28
53 61
53 81
53 86
54 25
55 10
56 51
57 35
60 55
60 71
61 48
62 99
63 10
63 82
64 88
65 18
65 26
65 37
68 0
68 41
68 60
69 52
69 64
71 23
72 78
73 26
73 94
74 78
75 50
77 99
78 39
78 52
79 2
79 37
79 66
82 24
83 46
83 61
83 94
84 99
88 54
89 9
90 60
90 90
90 99
91 82
94 47
95 0
97 40
98 95
99 51
99 75
