111
0 66
0 89
1 4
2 26
2 33
3 51
3 72
4 19
4 59
4 84
4 96
5 45
7 5
8 9
9 50
10 32
12 72
13 80
14 46
14 93
18 99
20 8
20 27
20 41
20 61
21 3
21 12
25 50
26 71
26 73
27 0
30 26
30 82
31 57
32 37
32 40
32 63
33 50
34 89
36 25
36 56
38 15
38 58
39 30
39 69
42 5
42 54
42 66
43 37
44 0
47 26
48 36
49 12
49 45
49 90
49 99
52 68
53 0
53 80
54 22
55 65
55 72
56 56
57 36
60 92
61 6
63 68
64 39
65 96
67 34
68 43
68 66
69 18
71 10
71 49
71 75
72 47
73 93
75 30
75 57
76 15
77 99
78 52
78 73
81 76
82 20
82 33
84 44
85 68
85 92
86 51
87 13
88 84
89 97
90 70
91 8
91 56
91 63
91 79
92 22
93 0
94 87
96 40
97 52
98 46
98 68
98 98
99 6
99 14
99 26
99 65
