102
0 27
2 4
2 78
2 94
3 62
4 48
4 55
6 0
7 42
7 89
8 80
9 95
10 27
10 70
11 20
12 55
17 2
17 14
20 93
21 62
25 38
27 14
27 76
30 6
31 38
31 86
33 0
33 25
33 99
34 82
35 28
36 11
36 64
37 17
37 99
39 70
41 37
41 50
42 28
43 74
44 60
45 9
45 54
45 93
46 1
46 45
46 82
47 76
49 38
52 4
52 21
52 30
52 99
53 11
55 51
56 34
57 90
58 79
60 2
62 67
63 49
64 31
64 59
64 86
64 96
65 25
66 3
66 35
66 58
66 75
67 8
67 59
68 72
71 48
72 21
72 33
72 93
73 87
77 66
78 33
80 14
80 48
80 70
80 80
81 60
84 26
85 8
86 57
86 74
89 30
89 63
90 39
91 2
92 88
93 44
94 79
95 28
95 57
99 5
99 21
99 82
99 92
