104
0 40
0 52
0 77
0 99
1 64
2 88
3 4
3 15
3 25
3 61
5 37
6 50
8 70
10 6
10 46
10 96
12 24
13 32
15 99
18 18
19 7
21 69
21 77
22 46
25 63
26 16
26 68
26 75
26 95
28 27
28 34
29 90
30 8
32 47
34 57
34 95
35 36
36 35
36 66
37 10
39 2
40 51
40 77
41 47
41 62
43 69
44 6
45 94
46 20
48 12
48 66
48 73
48 99
51 45
53 7
53 20
53 28
53 53
54 33
55 93
57 1
57 60
58 19
58 44
59 74
60 52
61 7
61 99
64 32
64 46
64 72
66 8
67 91
68 59
68 73
69 42
70 83
74 44
74 97
75 0
75 13
75 48
76 80
77 62
78 33
78 94
83 3
83 48
85 93
85 99
88 41
89 24
90 16
90 51
95 28
97 8
97 37
97 76
97 91
97 99
98 61
99 25
99 46
99 55
