111
0 0
0 5
0 17
0 46
0 55
0 67
0 81
1 93
3 50
3 86
4 67
5 6
5 34
5 43
6 22
6 60
8 77
9 15
12 68
12 82
12 99
13 4
13 48
14 27
14 88
18 20
20 0
20 56
20 69
21 36
23 3
23 78
26 49
27 88
29 4
29 32
30 1
32 52
34 9
34 63
35 37
36 81
37 89
38 43
40 13
41 7
41 97
42 49
43 33
44 39
44 70
44 81
45 49
47 90
48 4
48 40
50 80
51 35
51 90
52 12
52 27
53 33
54 98
56 46
57 56
58 75
60 13
61 24
61 45
61 84
61 99
64 62
65 18
65 37
66 4
66 60
66 88
69 8
69 77
70 67
72 86
72 97
73 53
74 21
75 29
77 3
77 91
79 13
79 99
80 58
80 64
81 0
84 43
84 94
85 4
87 38
87 99
88 60
89 75
90 49
93 17
93 35
93 82
95 0
95 10
95 45
96 56
96 99
97 73
99 6
99 70
