108
0 13
0 90
2 21
2 78
3 67
5 6
6 28
8 68
9 22
9 86
10 54
10 79
11 31
11 46
12 2
12 15
13 73
14 97
17 42
18 30
21 52
23 8
23 68
25 0
26 26
26 32
28 57
28 93
29 18
30 10
30 78
31 63
32 99
34 96
35 63
37 52
37 89
38 17
39 30
39 99
40 77
41 42
41 95
42 25
43 82
44 7
45 59
45 72
47 66
47 91
49 16
49 31
50 53
51 21
53 0
54 10
54 88
55 42
56 56
57 20
57 48
57 75
58 37
59 91
61 25
61 73
63 9
64 30
65 1
65 86
67 18
67 38
68 65
69 48
70 6
70 56
71 98
72 24
72 37
72 82
74 14
77 46
77 92
79 25
79 99
80 39
80 64
81 90
85 0
85 75
87 7
87 44
87 96
88 67
89 16
90 83
91 23
93 45
93 54
94 77
96 16
96 37
96 68
96 87
96 96
99 25
99 45
99 80
