112
0 33
0 37
0 74
0 99
1 5
1 67
2 51
4 82
6 16
6 35
6 67
8 28
9 5
10 97
12 57
12 68
12 80
13 0
16 9
17 48
22 88
23 9
23 45
26 58
28 23
30 3
30 65
30 76
31 17
32 10
32 32
33 40
33 89
35 23
35 78
36 69
37 0
37 33
37 96
38 4
38 60
41 35
41 90
42 13
42 27
42 49
42 65
43 81
44 72
46 39
46 73
47 8
48 46
51 54
51 80
51 99
53 96
54 27
54 42
54 56
55 12
56 29
57 74
57 84
58 18
58 50
59 2
62 48
64 81
64 99
65 59
65 88
66 0
66 23
68 42
69 35
69 56
70 67
71 5
72 11
73 79
73 99
74 87
75 68
76 58
77 1
78 36
79 45
81 87
83 2
83 64
84 18
84 37
86 52
87 42
87 81
88 10
88 60
92 89
93 50
93 64
94 23
94 44
96 0
96 13
98 95
99 23
99 35
99 43
99 70
99 87
99 99
