100
0 37
1 1
3 8
3 29
3 46
4 39
7 95
8 16
8 26
9 6
9 49
9 85
13 11
13 73
14 1
15 27
16 19
16 90
20 10
20 89
21 57
22 25
23 1
24 39
25 17
27 88
28 74
29 8
29 26
29 99
31 56
32 48
33 17
33 41
33 68
35 0
35 99
38 35
38 39
40 63
40 67
42 79
43 7
43 27
43 46
46 16
46 68
47 97
48 32
50 3
50 13
51 87
52 56
53 99
54 18
55 38
55 77
57 55
58 97
59 24
60 31
61 5
61 47
63 17
63 88
64 75
65 39
66 99
67 33
67 93
69 67
70 12
71 55
71 76
73 17
74 48
75 79
77 62
78 89
79 13
80 56
84 69
85 3
85 37
87 11
87 28
87 83
90 46
90 72
92 59
93 51
94 15
94 65
95 0
95 21
96 5
96 39
98 79
99 18
99 71
