205
0 0
0 6
0 18
0 26
0 34
0 42
0 50
0 58
0 66
0 74
0 82
0 90
1 99
3 12
3 20
3 28
3 36
3 44
3 52
3 60
3 68
3 76
3 84
4 2
4 94
10 20
10 28
10 36
10 44
10 52
10 60
10 68
10 76
10 84
11 10
13 1
13 95
18 5
18 13
18 91
18 99
21 0
21 24
21 32
21 40
21 48
21 56
21 64
21 72
21 80
25 5
25 13
25 91
25 99
28 0
28 24
28 32
28 40
28 48
28 56
28 64
28 72
28 80
30 1
30 9
30 87
30 95
33 20
33 28
33 36
33 44
33 52
33 60
33 68
33 76
37 1
37 9
37 87
37 95
40 20
40 28
40 36
40 44
40 52
40 60
40 68
40 76
42 5
42 13
42 91
42 99
45 0
45 24
45 32
45 40
45 48
45 56
45 64
45 72
45 80
49 5
49 13
49 91
49 99
52 0
52 24
52 32
52 40
52 48
52 56
52 64
52 72
52 80
54 1
54 9
54 87
54 95
57 20
57 28
57 36
57 44
57 52
57 60
57 68
57 76
61 1
61 9
61 87
61 95
64 20
64 28
64 36
64 44
64 52
64 60
64 68
64 76
66 5
66 13
66 91
66 99
69 0
69 24
69 32
69 40
69 48
69 56
69 64
69 72
69 80
73 5
73 13
73 91
73 99
76 0
76 24
76 32
76 40
76 48
76 56
76 64
76 72
76 80
78 1
78 9
78 87
78 95
81 20
81 28
81 36
81 44
81 52
81 60
81 68
81 76
85 1
85 9
85 95
88 20
88 28
88 36
88 44
88 52
88 60
88 68
88 76
88 84
92 6
92 90
92 98
93 0
93 16
93 24
93 32
93 40
93 48
93 56
93 64
93 72
93 80
99 0
99 6
99 18
99 26
99 34
