108
0 19
0 29
0 41
2 54
3 87
5 20
6 10
7 51
8 69
8 88
9 99
10 25
12 32
12 47
14 54
14 73
15 96
18 92
19 0
19 6
22 40
22 99
23 38
23 81
24 92
25 60
25 69
26 54
27 0
28 9
28 77
29 49
29 97
30 29
30 66
31 20
31 38
33 89
34 3
34 62
36 56
38 19
39 29
40 5
41 94
42 88
44 24
44 34
44 38
46 62
47 8
47 55
48 77
49 14
49 45
51 0
53 27
53 39
53 53
54 61
55 99
57 47
58 35
58 90
59 4
59 66
60 14
61 74
61 99
64 42
64 83
65 70
65 91
66 60
67 80
69 0
69 32
70 96
71 57
73 46
74 51
75 9
75 14
76 4
76 21
76 33
77 82
81 66
81 71
82 0
83 91
84 6
84 47
86 24
86 58
87 83
89 70
91 28
91 78
92 40
93 34
93 89
94 51
97 2
97 99
99 54
99 64
99 75
