108
0 44
0 64
0 93
1 3
1 33
1 49
4 53
4 74
4 99
5 42
6 88
7 11
7 62
9 20
10 82
11 9
12 2
12 55
14 16
15 96
19 7
20 70
21 77
22 47
24 0
24 3
24 88
25 69
26 70
27 15
27 35
28 25
28 49
28 80
31 86
32 52
32 61
33 99
34 11
34 43
37 2
37 75
40 11
40 32
40 89
44 50
44 77
45 22
45 57
47 8
47 82
49 23
49 31
50 51
51 80
53 40
53 48
53 88
54 21
55 11
55 67
57 61
57 73
58 43
59 15
60 22
61 86
62 7
62 80
62 98
63 27
65 70
66 57
69 98
70 53
71 62
72 30
72 38
73 0
74 99
77 6
77 75
77 82
78 35
78 56
80 92
81 10
81 86
82 18
83 4
83 59
84 49
85 23
85 72
85 99
88 0
90 56
91 27
91 47
91 90
92 38
96 81
97 58
98 5
98 23
98 44
99 72
99 99
