99
0 2
0 86
1 30
2 16
3 66
4 75
5 44
5 93
6 38
7 56
8 26
9 32
9 79
13 67
14 83
15 3
15 24
15 97
17 54
20 20
20 39
20 44
22 65
25 59
27 80
28 25
29 49
31 59
32 0
32 11
32 72
33 97
34 79
35 67
37 42
37 54
39 27
39 59
41 28
41 36
41 86
42 12
42 95
43 70
46 0
46 6
49 44
49 84
50 27
50 50
51 75
52 1
53 18
54 14
54 67
56 8
56 23
56 86
57 0
57 71
58 50
59 99
62 92
64 54
65 10
68 3
69 60
70 37
70 99
71 25
71 47
71 72
72 8
74 82
76 41
77 89
77 99
78 49
79 62
80 20
83 40
83 67
83 74
84 46
85 30
87 0
88 99
89 18
90 34
92 2
92 89
94 69
94 80
95 57
96 35
97 8
98 50
99 19
99 98
