103
0 12
0 33
0 74
1 56
2 76
3 5
3 61
3 84
6 29
6 39
9 15
9 22
10 78
11 63
12 99
13 57
14 30
16 48
18 6
18 95
19 23
21 64
21 97
22 31
24 43
25 49
26 4
28 59
28 91
30 5
33 59
33 71
33 76
34 42
35 9
35 99
36 77
38 27
38 83
39 50
41 50
41 96
42 21
43 0
43 70
44 59
45 24
46 65
46 81
48 88
49 95
50 0
51 72
52 33
53 69
57 46
58 49
60 5
63 81
63 92
64 8
64 17
66 54
66 63
66 99
67 47
68 97
70 11
71 76
72 36
72 38
73 65
74 86
75 58
76 0
76 95
77 17
77 27
79 89
80 46
81 5
82 83
83 11
83 51
83 93
84 65
86 24
86 99
87 33
89 18
90 4
90 42
92 88
93 71
95 16
96 8
96 65
97 52
97 95
99 27
99 34
99 49
99 89
