103
0 9
0 39
0 57
1 99
2 1
2 16
2 22
2 28
2 46
2 64
2 70
2 76
2 82
2 89
2 95
4 36
4 54
6 10
8 21
8 33
8 45
8 57
8 69
8 81
10 1
10 7
10 89
10 95
12 18
12 30
12 42
12 54
12 66
12 78
14 98
16 3
16 21
16 33
16 45
16 57
16 81
18 10
18 64
18 70
18 89
20 48
20 78
20 96
22 1
22 13
22 19
22 25
22 34
22 40
22 55
24 69
24 81
26 7
26 31
26 46
26 61
26 89
26 98
28 18
28 54
30 4
30 28
30 37
30 67
30 73
30 79
30 92
32 21
32 45
32 57
34 1
34 10
34 82
34 95
36 18
36 30
36 42
38 49
38 55
38 61
38 70
38 76
38 89
38 98
40 3
40 27
40 39
42 10
42 16
42 67
42 86
44 24
44 36
44 48
44 60
44 78
44 96
46 1
