105
0 22
0 54
0 75
0 83
0 96
2 0
2 11
3 36
3 60
3 68
6 30
7 15
7 46
8 83
10 56
12 90
13 33
14 49
18 30
18 45
20 61
21 20
21 76
22 85
23 3
24 7
24 44
24 73
24 78
26 20
26 91
28 22
28 34
29 23
29 68
30 57
32 59
34 28
35 97
36 39
36 79
38 54
38 92
39 41
39 67
41 23
41 50
42 19
43 86
43 97
44 3
44 28
45 9
45 76
46 45
47 62
48 33
49 2
52 89
53 80
56 91
59 18
61 0
61 35
61 77
62 10
62 89
62 97
63 43
63 69
64 34
64 57
65 23
65 50
66 63
68 3
68 42
70 9
72 87
73 22
74 20
74 35
74 95
75 60
77 40
77 79
78 0
79 98
80 53
81 28
83 71
84 35
84 86
88 14
89 51
90 31
90 78
91 58
94 42
95 69
98 58
98 64
99 27
99 56
99 74
