106
0 22
0 26
0 87
1 38
1 74
2 65
3 14
4 69
7 89
8 52
9 58
10 9
12 0
12 46
14 13
14 87
15 72
20 26
20 98
21 14
21 33
24 59
24 68
25 46
25 50
25 76
25 89
26 19
27 2
29 32
30 97
31 40
31 59
32 15
32 69
33 91
35 10
36 68
36 77
37 34
38 79
39 0
40 29
40 47
40 94
41 69
41 71
41 86
42 15
45 23
45 77
46 61
47 41
48 0
48 20
49 50
51 97
53 36
53 43
56 5
59 21
59 53
59 82
60 29
60 44
60 93
61 38
61 63
63 9
65 40
66 0
67 67
68 94
69 7
70 27
71 54
72 62
74 89
75 56
75 96
76 27
76 73
78 1
79 93
80 31
81 67
83 95
86 64
87 45
88 5
88 11
88 30
88 70
88 81
89 21
89 56
90 50
93 91
94 77
95 25
97 62
98 47
99 3
99 70
99 83
99 99
