136
0 1
0 6
0 22
0 27
0 42
0 52
0 54
0 62
0 72
0 92
0 99
2 77
7 0
7 19
7 29
7 59
7 99
8 7
8 37
8 67
8 91
10 47
12 77
17 19
17 87
20 6
20 62
20 92
22 27
22 31
22 48
23 0
23 39
23 69
23 79
23 99
27 89
28 97
29 71
30 6
30 38
30 52
33 0
33 19
33 29
33 59
33 79
35 96
37 44
38 61
40 6
40 27
40 77
40 92
41 38
42 48
43 0
43 19
43 69
43 99
48 36
48 75
48 91
49 61
50 6
51 19
52 77
53 0
53 29
53 39
53 49
53 69
53 99
57 2
57 87
58 67
60 92
61 27
62 10
62 97
63 0
63 19
63 39
63 49
63 59
63 79
66 74
68 0
68 41
70 6
70 82
71 27
71 87
72 47
72 57
73 11
73 19
73 69
73 99
78 1
78 90
80 52
80 77
81 28
82 7
83 19
83 39
83 59
83 69
83 99
86 46
88 85
89 57
90 36
92 7
92 77
92 91
92 99
93 0
93 19
93 29
93 49
93 69
96 44
97 1
97 91
99 6
99 14
99 22
99 32
99 42
99 52
99 62
99 72
99 82
99 99
