99
2 0
2 5
2 10
2 15
2 20
2 25
2 30
2 35
2 40
2 45
2 50
2 55
2 60
2 65
2 70
2 75
2 80
2 85
2 90
2 95
10 2
10 12
10 22
10 32
10 42
10 52
10 62
10 72
10 82
10 93
15 2
15 22
15 42
15 57
15 67
15 93
17 10
17 15
17 30
17 35
17 50
17 75
17 80
17 85
20 2
20 22
20 42
20 62
20 93
22 55
22 70
25 2
25 17
25 32
25 42
25 62
25 77
25 93
27 10
27 25
27 50
27 85
30 2
30 17
30 32
30 42
30 57
30 67
30 77
30 93
49 2
49 12
49 22
49 32
49 43
70 2
70 12
70 22
70 32
70 42
70 58
70 68
70 78
70 88
70 98
72 0
73 50
78 72
80 4
80 43
82 18
82 32
92 2
93 20
93 45
97 7
98 17
98 33
98 40
