104
0 52
2 60
5 7
6 39
6 51
6 97
7 0
7 83
8 58
9 14
10 76
19 12
19 25
20 42
20 58
23 87
23 96
25 8
26 2
27 65
28 45
29 51
30 86
31 51
31 97
32 2
32 31
32 70
33 21
34 65
35 8
35 56
40 5
42 27
42 48
42 53
42 72
43 62
43 99
45 96
46 22
46 45
47 81
48 67
50 4
50 53
50 90
53 40
54 35
54 68
56 27
56 56
56 89
57 12
57 58
59 4
59 80
60 99
61 54
61 68
62 45
64 21
64 61
65 7
65 36
65 68
67 77
68 16
68 55
68 99
70 51
70 70
71 79
72 27
74 20
74 38
74 89
77 8
79 30
79 46
79 54
80 43
81 88
82 68
82 80
83 92
87 2
87 15
87 23
87 58
88 38
89 72
93 15
94 49
94 99
95 59
96 89
97 28
97 79
99 4
99 27
99 38
99 74
99 98
