104
0 6
0 72
0 89
0 96
2 49
4 19
5 30
5 92
6 99
7 83
8 77
9 51
10 22
10 67
11 4
12 90
13 40
15 12
18 6
18 73
19 60
20 34
25 53
27 19
27 28
28 36
28 99
30 65
31 23
34 16
34 58
34 84
35 5
35 34
35 44
38 10
38 23
38 72
38 87
38 95
42 65
44 99
45 5
45 73
45 81
45 94
46 37
47 27
47 88
48 12
49 41
49 54
51 2
51 27
51 95
53 49
53 64
53 81
55 15
55 53
58 99
60 36
62 90
62 99
63 12
63 55
63 61
64 4
64 46
67 21
68 50
69 28
70 9
71 87
73 23
73 60
75 72
76 32
77 48
77 57
77 64
78 10
79 4
79 21
79 38
80 78
81 1
85 20
85 62
86 90
87 53
89 1
89 80
90 86
91 66
94 93
95 5
95 18
96 99
97 26
97 72
98 82
99 52
99 59
