105
0 0
0 9
0 36
1 21
2 65
2 93
3 84
5 0
5 7
6 43
8 50
9 20
9 33
10 82
11 65
12 6
12 56
12 73
14 95
16 27
17 11
19 40
19 98
20 90
21 35
22 4
22 78
23 66
26 41
26 98
28 5
29 22
29 80
31 30
31 55
32 99
33 86
36 22
38 99
39 2
39 47
40 85
41 25
42 93
43 64
44 18
46 10
48 28
48 35
48 58
50 50
50 86
51 3
51 77
51 96
52 17
54 50
54 99
56 70
58 23
60 26
61 66
62 57
65 33
65 53
66 96
67 20
67 76
68 31
70 0
73 99
75 39
75 83
75 93
76 74
77 9
78 13
78 98
79 52
80 32
81 23
82 57
83 87
84 0
85 50
86 64
86 71
87 0
87 28
88 9
89 21
90 40
90 65
90 93
94 15
94 34
94 88
95 5
95 28
96 72
99 9
99 23
99 48
99 64
99 67
