114
0 6
0 24
0 36
0 50
0 57
0 60
0 80
1 14
1 27
1 42
3 69
5 33
6 0
6 46
7 12
7 89
8 54
9 42
9 65
16 89
16 95
18 51
19 34
21 40
22 74
24 17
26 76
26 91
27 21
27 22
27 33
28 97
29 0
33 7
33 18
33 48
34 68
36 59
38 7
38 32
38 91
39 24
39 43
39 52
41 56
42 64
42 82
44 12
44 41
45 0
45 22
47 60
48 52
49 4
50 45
51 57
51 67
52 32
52 39
52 72
53 50
53 99
54 11
55 24
56 0
58 82
59 61
60 7
60 20
60 94
62 70
63 0
63 83
64 29
64 37
66 43
66 89
67 51
69 28
70 10
71 38
71 61
71 72
74 7
74 69
77 48
77 82
78 30
79 0
79 78
81 58
82 91
84 26
84 44
84 71
84 78
86 3
86 50
87 32
91 9
91 84
91 99
92 0
92 54
92 66
92 72
94 96
95 33
97 8
97 44
97 79
98 1
99 36
99 60
