110
0 68
0 87
2 59
3 77
6 21
7 10
7 53
7 64
8 95
9 0
10 29
10 72
11 83
12 19
14 9
17 25
18 60
18 64
19 37
19 91
21 45
22 46
26 28
26 62
26 98
27 0
28 11
28 30
29 83
31 15
32 79
33 47
33 55
34 68
36 26
37 0
39 52
39 92
40 1
40 42
41 7
42 44
42 63
42 70
44 17
44 27
45 3
45 81
47 33
48 22
49 41
49 49
49 62
51 9
51 90
52 59
55 16
56 0
56 66
56 99
58 21
58 50
58 76
61 13
62 0
63 37
63 82
64 49
65 3
68 88
68 99
69 59
70 0
70 30
72 81
74 9
76 39
76 64
77 33
77 98
78 48
80 57
81 4
81 55
81 68
82 22
82 75
83 92
84 10
85 81
87 26
87 65
88 97
90 57
90 86
92 6
93 91
94 14
94 63
95 48
95 74
97 1
97 31
97 44
97 80
98 99
99 36
99 64
99 79
99 88
