113
0 5
0 20
0 37
0 43
0 51
0 65
0 83
0 96
1 90
4 8
5 70
7 0
7 19
7 37
7 51
7 63
10 80
10 87
11 58
13 46
16 0
16 96
20 22
20 65
21 7
22 41
23 99
24 92
25 24
28 71
30 48
30 62
31 84
32 58
33 97
35 59
36 28
36 46
37 0
38 38
41 95
42 17
42 33
43 31
43 78
44 10
44 44
44 90
47 0
47 68
48 79
49 39
49 47
50 1
50 13
53 52
53 58
54 68
54 93
55 37
56 18
56 87
58 77
61 5
61 70
62 39
62 94
64 13
66 0
67 18
67 23
67 63
68 37
68 93
70 31
70 86
71 9
74 78
75 40
75 56
76 54
76 74
77 25
78 11
78 98
79 78
79 89
80 5
82 36
83 1
83 20
85 91
86 7
86 41
86 96
87 31
87 77
88 48
89 60
90 66
93 53
94 37
94 46
94 91
95 0
95 27
96 5
96 81
96 99
97 11
97 20
98 31
99 71
