124
0 2
0 51
0 63
0 70
0 83
0 96
1 38
2 20
2 28
5 71
7 6
7 12
7 39
8 48
8 91
9 65
9 99
10 0
10 29
10 58
11 18
12 83
13 77
14 93
15 12
18 0
21 21
21 43
22 31
22 50
23 8
24 61
24 78
26 96
28 33
28 44
30 7
30 19
31 29
31 41
32 0
32 68
33 31
34 92
35 21
35 74
36 31
37 6
38 44
40 68
41 82
41 99
42 38
42 55
43 17
43 90
44 41
45 4
46 67
47 22
48 0
48 49
48 60
49 10
51 44
51 80
52 94
53 8
53 30
54 77
56 21
57 49
59 4
59 88
59 99
60 44
61 0
61 13
61 71
63 34
63 69
64 76
65 8
65 93
66 56
66 77
67 25
69 0
69 31
71 80
72 17
72 55
74 67
75 7
75 40
76 37
76 92
78 13
79 4
82 54
82 61
83 10
83 83
84 24
84 95
85 31
85 71
88 43
88 52
90 37
91 17
92 4
92 65
93 91
94 9
95 33
95 78
96 53
96 71
97 48
99 1
99 19
99 66
99 99
