104
0 6
0 11
1 62
1 86
2 33
2 47
4 67
5 77
6 20
8 83
8 99
9 42
11 17
12 4
13 27
13 52
15 18
16 70
18 56
19 2
20 5
22 66
23 23
24 74
26 0
26 42
28 99
29 9
29 33
29 55
31 77
32 37
32 62
32 82
34 1
34 17
34 57
35 76
36 8
36 88
37 94
39 31
40 25
42 8
42 49
42 60
42 99
43 66
44 46
44 86
45 13
45 97
46 56
47 0
47 90
49 22
49 30
50 41
51 73
54 74
54 87
55 2
57 62
61 99
62 28
62 89
63 16
63 48
65 6
66 25
66 66
68 37
71 79
72 45
72 58
72 99
73 32
74 90
75 7
75 42
75 50
75 98
77 13
77 24
77 68
78 0
79 80
81 91
82 99
83 55
84 31
87 17
88 3
88 24
90 9
93 46
94 67
96 20
97 85
97 93
98 25
99 39
99 49
99 81
