117
0 3
0 25
0 35
0 56
0 70
0 99
2 37
2 84
4 29
4 55
5 6
5 48
5 73
5 90
8 63
9 12
9 39
10 0
11 29
11 78
12 20
12 88
17 93
18 99
20 36
21 2
23 73
24 9
25 43
25 87
26 18
26 38
27 97
30 1
30 61
31 87
32 81
33 7
33 66
34 15
34 48
34 73
34 99
35 34
37 56
39 27
39 42
39 46
39 94
41 10
44 23
44 69
45 30
46 63
46 89
48 97
49 80
50 22
50 40
52 11
52 29
54 64
55 88
55 97
56 59
58 0
59 64
60 84
61 24
61 73
62 11
62 99
64 17
64 31
65 37
66 0
67 98
69 50
70 20
72 30
73 41
74 0
74 7
74 15
74 47
76 19
76 94
77 55
78 34
78 43
79 61
81 23
81 96
82 99
84 1
85 8
86 92
88 16
88 50
88 74
89 38
90 31
90 83
93 7
93 59
93 64
94 78
96 69
97 23
98 87
99 4
99 30
99 32
99 40
99 60
99 70
99 73
