105
0 42
0 54
0 75
0 82
0 92
1 22
2 33
3 59
4 8
4 47
5 0
8 19
8 55
16 73
16 99
17 10
19 85
21 61
21 78
22 54
24 48
25 16
26 40
26 88
27 37
27 63
28 25
28 99
31 0
31 78
33 22
35 8
35 44
35 77
39 33
39 67
40 60
40 86
41 5
41 94
42 25
43 44
44 52
45 77
46 16
48 0
48 45
48 57
48 66
48 79
48 99
49 32
50 89
53 55
53 94
54 31
54 83
57 10
57 61
57 99
58 0
58 21
59 91
60 5
62 41
63 32
63 48
64 20
64 28
64 57
64 68
64 78
67 99
68 62
69 80
70 42
71 27
71 67
72 13
74 75
75 54
76 46
77 65
79 59
81 6
81 95
82 23
84 88
85 39
85 78
86 55
87 64
87 93
88 19
92 41
94 63
94 73
95 81
97 35
99 16
99 23
99 42
99 52
99 67
99 87
