111
0 0
0 12
0 30
0 57
0 74
1 78
2 43
4 3
4 22
6 34
7 40
7 49
7 71
7 92
8 83
10 8
10 23
10 61
13 16
19 10
20 3
20 50
21 25
21 54
21 82
24 99
25 0
25 35
28 4
30 72
31 49
32 20
32 41
33 79
33 99
34 36
35 13
35 39
36 54
36 68
37 74
37 85
37 95
38 27
39 6
39 21
40 77
42 27
42 91
45 8
45 37
46 51
46 67
51 78
52 0
52 8
52 63
53 70
54 18
55 58
57 38
58 12
58 76
58 88
59 29
59 98
60 22
61 61
62 38
62 92
64 0
64 10
64 64
66 45
67 28
67 31
68 48
69 6
69 89
72 20
72 43
73 56
73 67
73 81
73 95
75 17
77 6
77 68
80 81
81 30
83 58
83 99
86 71
87 40
87 63
87 88
88 11
89 50
89 80
92 20
93 44
94 35
94 55
95 75
96 60
97 12
97 82
97 94
97 99
99 0
99 26
