# Penalty: 45369.50262466352
# Penalty:  45369.50262466352
122
0 5
0 15
0 34
0 41
0 96
2 48
4 65
5 73
5 79
6 21
7 51
8 88
9 59
11 93
13 22
14 12
14 33
15 54
16 87
18 32
18 48
18 60
18 72
18 98
20 15
20 68
21 39
21 82
22 25
23 53
24 22
25 0
25 92
26 56
26 73
27 5
29 70
30 78
31 92
32 10
32 39
32 51
32 67
34 73
35 18
35 37
35 87
36 45
38 25
38 59
39 66
39 80
40 36
40 51
41 18
41 89
45 98
46 9
46 38
47 75
48 31
48 96
49 12
52 60
53 62
53 67
54 35
54 52
55 10
55 25
55 87
55 91
60 6
60 21
61 38
62 29
62 66
62 81
63 22
63 90
64 37
64 98
68 43
69 65
69 85
69 94
70 79
73 0
73 15
73 30
73 57
75 72
76 7
76 61
77 1
78 27
78 82
79 43
80 68
81 35
81 97
82 57
83 29
84 5
84 49
86 21
87 1
88 83
91 57
92 19
93 46
94 78
94 80
95 40
95 64
95 92
95 96
96 16
96 33
98 0
98 30
99 48
