# Penalty: 39369.70996295172
# Penalty:  39369.70996295172
115
0 52
1 62
2 12
2 18
3 74
3 80
4 57
4 88
4 99
5 6
5 37
6 96
7 37
9 74
10 0
10 51
11 14
11 30
12 44
13 23
14 83
15 58
16 15
17 77
18 97
19 52
20 31
20 62
21 1
21 66
22 66
23 6
26 21
26 38
26 75
26 91
27 4
29 35
30 72
31 43
32 8
32 78
32 94
33 17
33 51
34 58
35 40
36 54
36 85
37 78
38 99
39 46
42 70
43 31
43 84
46 10
46 13
46 66
46 99
48 65
49 2
49 29
50 89
51 84
52 8
53 45
55 40
55 55
56 69
57 26
57 41
58 1
58 55
58 88
60 5
60 11
60 64
60 71
61 21
64 44
64 93
66 2
66 39
68 77
69 25
71 31
71 47
71 62
72 96
74 58
76 9
77 1
77 17
77 23
78 31
80 47
81 37
83 39
83 66
83 71
84 25
85 13
85 90
88 61
90 7
91 0
91 21
92 87
94 2
94 56
96 41
96 64
97 73
98 20
98 47
