# Penalty: 39389.60994765515
# Penalty:  39389.60994765515
113
0 1
0 48
0 62
0 79
3 30
4 47
4 58
4 94
6 8
7 75
8 91
9 51
10 12
10 27
10 96
11 42
11 89
12 71
13 35
14 68
14 78
15 57
15 82
18 20
18 29
18 49
18 97
21 74
22 0
22 83
23 50
23 56
24 15
24 24
24 42
24 93
25 7
25 25
28 76
28 97
29 30
29 62
31 11
36 68
37 7
37 31
38 14
39 67
40 11
41 21
41 82
41 91
42 73
42 96
45 54
46 6
47 96
48 47
48 60
49 77
50 22
50 39
51 11
51 92
52 30
53 61
54 20
56 94
60 12
60 27
60 68
60 89
61 53
63 3
63 20
64 43
64 98
65 83
66 67
67 14
68 76
69 0
69 57
70 16
72 80
74 14
74 63
74 96
76 31
77 0
80 37
82 7
82 25
82 75
83 41
83 59
84 17
84 53
84 77
86 3
87 90
88 62
91 3
91 47
91 97
92 15
93 46
94 83
95 64
96 29
96 32
97 4
99 60
