# Penalty: 39260.64372065581
# Penalty:  39260.64372065581
116
0 0
0 27
0 42
0 66
0 94
0 96
2 73
3 15
4 36
4 97
5 1
5 22
12 19
12 52
12 74
13 48
13 58
14 5
14 62
14 97
15 94
17 62
18 37
18 76
20 44
20 91
22 8
23 22
23 42
26 18
27 25
27 98
28 47
28 82
29 89
31 57
32 8
32 74
33 32
34 81
35 23
35 95
36 34
36 50
37 9
39 58
41 19
41 88
43 9
46 10
46 24
46 60
47 55
47 70
48 0
49 24
49 89
50 40
50 86
51 72
52 52
53 38
54 6
54 41
55 90
56 70
57 15
57 24
57 96
58 1
60 9
61 50
61 77
62 64
64 19
64 35
65 71
66 3
67 91
67 99
69 51
70 65
71 10
71 22
72 70
74 85
77 63
78 26
78 36
78 94
79 25
79 50
80 11
81 89
84 12
84 58
84 95
85 65
86 3
88 84
92 32
93 18
93 60
94 16
94 25
94 46
94 68
96 70
97 2
97 39
97 84
98 11
98 89
98 98
99 25
99 75
