# Penalty: 42728.93542597704
# Penalty:  42728.93542597704
117
0 0
0 90
0 98
1 12
1 76
2 28
3 62
4 70
5 55
6 84
7 37
9 14
9 78
10 97
11 57
12 22
12 51
14 6
14 71
17 32
17 51
19 46
19 56
20 57
21 36
21 56
22 21
22 89
23 79
24 37
24 73
24 86
25 16
27 21
27 43
27 64
27 96
29 2
31 58
31 78
32 68
34 50
34 97
35 8
35 15
35 31
36 26
37 63
37 83
38 0
38 76
39 90
41 93
42 53
44 13
45 28
45 61
45 77
46 42
47 39
49 36
50 38
50 53
51 67
51 79
52 1
52 25
53 93
55 0
55 59
56 52
58 10
59 20
59 91
60 27
60 75
62 91
63 59
64 17
65 82
66 24
67 53
67 88
68 7
69 33
71 16
73 6
73 53
73 75
77 38
78 22
78 38
78 66
80 90
80 96
81 52
83 7
83 63
83 91
85 67
86 0
87 26
87 77
88 38
89 64
91 99
93 20
93 44
94 81
95 13
96 32
96 41
96 96
97 27
97 58
99 6
99 61
