# Penalty: 42501.57086157163
# Penalty:  42501.57086157163
119
0 21
0 39
0 47
0 76
0 85
1 67
3 29
3 91
4 53
5 53
6 5
6 44
7 14
8 73
9 85
10 49
10 99
11 30
12 10
13 0
13 27
14 18
14 41
15 35
18 2
18 62
18 96
21 17
21 64
22 50
23 14
24 88
24 97
25 31
25 95
26 65
27 34
27 77
28 49
29 17
30 15
31 29
31 79
32 1
33 67
33 93
36 86
37 47
39 16
39 91
40 62
40 64
43 21
43 46
43 70
43 99
44 0
45 32
46 75
47 29
47 36
49 93
51 33
51 50
51 82
53 15
53 89
54 10
55 58
56 52
57 6
57 67
58 16
58 20
58 82
58 92
58 97
59 37
60 66
61 30
61 85
64 57
64 76
65 3
65 35
67 94
68 72
68 79
69 15
71 75
74 23
74 95
74 98
75 46
76 44
77 90
78 9
78 83
79 0
82 48
82 59
85 4
85 56
87 63
87 89
88 19
88 40
89 95
90 1
91 55
93 70
93 85
93 93
94 27
95 77
96 3
96 65
98 42
99 49
