# Penalty: 40641.679170149444
# Penalty:  40641.679170149444
117
0 6
0 29
0 47
0 97
1 82
3 38
3 47
3 88
3 96
4 61
5 6
5 52
6 20
6 30
9 10
10 67
13 74
14 2
14 39
14 98
17 14
17 16
17 22
17 67
17 92
17 97
19 40
20 0
20 57
22 26
23 71
23 84
25 2
25 35
26 54
27 77
29 84
31 20
31 21
31 99
32 37
32 91
33 70
34 46
34 62
35 14
36 28
36 98
37 22
38 84
40 13
41 67
41 75
42 53
43 35
46 27
46 38
47 0
47 88
51 4
51 19
53 83
54 23
55 4
55 13
55 40
55 65
56 51
56 63
56 99
57 6
57 88
60 28
60 67
61 20
65 50
67 13
68 20
68 27
68 33
68 42
69 3
69 72
70 97
72 58
73 6
75 40
76 2
76 65
76 91
77 16
77 25
79 54
79 72
79 82
82 45
83 19
83 68
83 87
84 39
86 54
86 77
88 13
92 27
92 47
92 82
93 6
93 63
93 70
95 30
95 55
96 44
96 84
97 8
98 0
98 99
99 22
