# Penalty: 40702.68538547824
# Penalty:  40702.68538547824
115
0 14
0 23
0 40
0 78
1 59
6 15
7 54
7 76
8 79
8 85
9 29
9 58
12 50
12 99
13 21
14 43
16 65
16 73
17 26
18 7
19 46
22 7
22 67
22 74
24 30
24 88
26 51
27 13
28 96
29 32
31 82
32 17
34 59
34 93
35 40
36 75
37 3
38 4
38 43
38 83
40 25
40 61
41 59
42 92
43 74
43 99
48 12
48 88
49 36
50 73
51 95
52 3
53 19
53 43
54 29
54 52
55 38
55 58
56 67
57 73
57 84
57 91
60 59
60 99
61 22
62 8
63 67
63 84
65 9
67 78
68 26
68 50
69 34
70 15
70 57
71 43
71 64
71 71
71 96
74 79
75 19
75 29
75 93
77 38
77 56
80 1
80 47
81 85
83 23
84 16
84 58
85 61
85 71
85 91
87 85
88 53
88 77
89 0
89 94
91 14
91 57
91 68
91 97
92 39
92 70
93 34
93 54
94 3
95 20
96 0
98 55
98 83
99 41
99 59
99 75
