# Penalty: 38149.98866893964
# Penalty:  38149.98866893964
111
0 8
0 35
0 62
3 6
3 28
3 46
3 90
6 21
6 76
8 50
8 62
9 23
9 46
10 7
10 14
10 51
10 91
11 82
12 0
12 71
12 96
13 89
14 37
14 77
15 65
17 45
18 28
19 34
20 17
22 63
22 94
23 20
23 55
24 31
25 49
25 64
25 79
26 13
26 69
29 7
29 63
29 85
30 81
30 97
31 34
31 77
35 78
36 3
37 37
37 99
38 96
39 19
39 43
39 63
40 53
41 33
41 71
44 67
46 36
46 88
47 7
47 15
53 20
53 87
54 62
55 37
55 47
56 73
57 73
59 23
59 59
59 82
61 34
62 39
63 16
63 60
67 55
67 99
68 60
68 70
68 85
69 33
70 8
72 1
72 69
73 26
74 92
75 32
76 48
79 37
81 48
81 77
82 96
83 0
83 25
85 63
86 82
87 9
88 94
90 28
90 67
90 98
91 37
92 44
93 13
94 81
95 52
96 95
97 72
99 31
99 66
