# Penalty: 39347.48427994802
# Penalty:  39347.48427994802
113
0 8
0 37
0 56
0 77
0 97
1 22
1 30
3 51
3 67
5 23
7 35
8 44
8 96
10 86
12 39
12 64
13 30
14 35
14 80
15 78
17 57
17 72
18 6
18 14
19 87
20 22
20 45
21 15
22 61
22 94
23 77
23 99
24 51
26 0
27 43
28 29
29 36
30 59
31 75
32 28
34 6
34 19
34 53
36 93
37 66
37 73
38 24
39 51
40 16
40 88
40 96
42 2
44 55
44 66
46 52
47 35
47 81
49 58
50 89
51 3
52 0
52 26
52 39
52 75
54 10
54 65
54 92
55 17
57 83
58 13
58 69
60 60
60 89
61 37
61 78
62 44
62 52
63 29
66 22
67 2
68 8
68 37
68 54
71 63
73 17
74 6
76 49
76 82
77 56
77 96
78 42
78 70
79 77
80 91
81 81
82 2
82 10
82 18
84 40
84 57
85 26
86 71
86 98
88 32
91 49
91 77
94 30
96 1
96 84
98 60
98 79
99 22
99 45
