# Penalty: 39896.80725312714
# Penalty:  39896.80725312714
115
0 0
0 95
1 34
2 10
2 28
2 89
3 36
3 64
4 50
7 1
8 60
11 28
12 78
13 42
14 6
15 16
16 24
16 98
18 10
18 45
19 24
19 60
20 44
21 2
21 30
21 83
21 90
22 71
24 16
24 66
26 34
26 97
27 85
28 5
29 14
30 29
30 70
32 21
32 99
33 38
34 54
35 95
36 2
37 46
38 3
38 72
40 25
41 39
41 75
43 89
44 5
45 85
46 12
46 28
47 42
48 56
49 14
49 63
49 99
53 62
54 0
55 48
55 72
55 81
56 95
57 98
59 19
60 23
60 88
61 3
61 45
61 67
63 35
64 0
64 83
66 8
68 35
69 49
70 80
70 92
71 55
72 13
72 62
73 69
74 21
74 76
75 9
76 96
77 30
77 37
77 61
78 2
78 68
79 52
79 92
80 82
82 31
82 78
83 14
84 21
85 42
85 91
86 0
88 69
89 18
91 26
91 62
92 42
93 47
95 88
96 74
97 33
97 41
99 8
99 80
