# Penalty: 39410.196075151216
# Penalty:  39410.196075151216
106
0 0
0 7
0 22
0 29
0 48
0 61
0 80
0 99
1 77
3 12
3 43
6 17
6 31
8 39
9 61
9 96
11 74
12 12
14 28
14 93
15 80
16 4
19 94
20 30
22 8
22 54
23 0
23 86
24 22
24 99
25 35
25 49
26 91
29 32
29 44
29 73
30 18
32 90
33 6
33 25
33 98
34 75
35 65
37 41
37 60
38 86
39 99
41 17
41 45
43 39
43 92
44 5
47 22
49 30
49 52
49 81
50 3
50 44
50 99
51 65
52 9
53 57
53 96
56 36
56 46
58 0
58 19
58 90
60 24
61 10
61 72
63 64
63 96
66 42
66 57
66 81
67 9
67 88
70 71
72 43
73 77
73 90
74 29
75 8
75 39
76 54
77 0
79 23
80 32
80 60
83 73
84 57
84 90
85 0
87 23
90 30
90 39
92 64
93 10
93 97
94 47
94 89
97 60
97 78
97 86
99 28
