# Penalty: 36879.606236467036
# Penalty:  36879.606236467036
101
0 18
0 29
0 51
0 64
0 98
2 8
3 70
6 24
8 42
8 66
8 76
8 94
9 36
9 52
11 11
11 99
12 26
12 78
15 34
15 50
20 7
20 54
20 72
23 32
24 39
24 65
25 10
25 98
30 94
31 17
31 50
32 72
32 82
34 11
34 32
34 59
35 89
38 3
42 24
42 56
44 7
44 69
45 46
45 78
48 0
48 37
48 64
51 50
51 97
52 8
52 39
52 66
53 33
53 89
55 45
56 96
57 25
59 66
59 93
60 52
60 57
61 11
61 82
65 35
65 53
65 88
66 99
67 13
68 80
69 2
72 10
74 89
75 70
76 22
76 37
76 49
76 62
76 99
78 55
79 9
79 30
81 19
82 3
82 84
83 64
83 92
88 69
88 99
89 47
89 86
90 75
91 18
92 10
93 25
93 36
95 85
96 76
96 93
97 45
99 36
99 51
