# Penalty: 45320.75275286124
# Penalty:  45320.75275286124
126
0 35
0 40
0 88
1 51
2 11
2 83
3 60
4 20
5 74
6 89
7 38
9 24
9 47
9 58
11 72
11 98
12 0
13 21
14 51
15 2
16 5
16 94
18 80
19 45
19 72
21 88
23 46
24 37
25 73
26 15
26 58
26 65
28 14
28 20
30 0
30 30
30 63
30 93
31 99
33 71
33 80
36 7
36 77
37 49
38 33
39 35
40 17
40 49
40 66
41 14
42 8
42 42
42 55
42 83
43 0
45 18
45 61
45 93
47 0
49 14
49 80
53 73
54 22
54 29
55 36
56 51
56 54
57 6
57 13
57 99
58 27
58 69
59 20
59 59
59 92
60 54
61 2
62 73
63 36
63 40
63 84
64 99
65 1
69 15
69 22
69 69
69 78
71 42
71 84
73 1
73 5
73 13
73 60
74 8
74 98
76 28
76 91
77 45
79 73
80 22
80 31
80 54
81 45
81 94
82 28
84 16
84 51
84 62
84 78
88 5
89 7
90 83
91 93
93 29
93 37
94 12
94 23
94 72
95 52
96 38
96 40
96 70
97 56
98 18
98 54
98 86
