# Penalty: 40869.47181413915
# Penalty:  40869.47181413915
113
0 37
0 64
1 57
1 72
3 21
3 42
3 91
3 98
6 6
7 50
9 84
10 76
15 29
17 18
17 19
17 90
17 99
18 63
19 43
21 42
21 47
22 94
23 39
24 86
27 69
28 6
28 42
29 96
30 53
31 13
31 79
32 27
32 34
34 21
34 86
35 48
35 56
37 20
37 94
38 85
39 0
39 12
40 34
41 15
41 61
41 68
42 35
43 25
43 50
44 98
45 70
45 92
46 36
48 11
50 30
50 51
52 95
53 69
55 9
56 83
57 84
58 24
58 46
58 99
59 79
60 55
60 72
61 32
61 93
62 5
64 86
66 25
66 39
66 51
67 71
68 68
69 8
69 89
69 97
73 49
73 88
74 63
75 13
75 71
75 83
76 35
77 0
77 5
77 29
80 21
80 43
80 55
81 49
81 88
83 13
84 73
85 4
88 19
88 93
89 84
90 99
91 7
91 39
92 33
93 62
94 25
94 70
95 48
96 55
96 94
98 70
99 4
99 9
