# Penalty: 39969.221744587194
# Penalty:  39969.221744587194
115
0 19
0 62
0 77
1 10
1 93
3 3
4 71
5 97
6 6
6 45
6 78
12 22
14 57
15 11
15 69
16 55
16 88
18 96
20 7
20 95
22 34
22 42
24 80
26 73
27 1
27 20
27 77
28 46
29 10
29 31
32 16
32 44
33 51
35 1
35 89
36 58
37 34
38 10
38 28
38 65
39 89
41 74
42 1
44 41
45 34
45 59
47 44
47 70
49 19
49 49
51 14
51 99
52 0
52 36
52 85
53 91
54 0
54 20
56 4
56 14
56 19
58 46
58 84
61 18
61 66
61 72
62 33
65 99
67 32
67 97
68 2
68 8
68 94
69 52
69 73
72 10
72 27
72 43
73 52
73 58
73 84
74 66
76 47
77 21
77 87
79 71
80 82
81 14
81 64
81 87
82 5
82 23
82 40
82 98
86 29
87 0
87 44
87 56
88 30
88 70
89 61
91 22
91 84
92 16
92 64
94 89
95 48
95 75
96 7
96 55
97 17
97 66
98 3
98 97
99 10
