# Penalty: 41043.11420013959
# Penalty:  41043.11420013959
117
0 14
0 30
0 37
0 55
0 71
2 51
4 0
5 22
5 76
5 87
6 16
8 42
8 67
9 5
10 2
10 81
11 59
12 47
14 73
14 88
14 95
15 64
16 30
17 6
18 45
18 93
19 23
19 30
19 78
20 14
22 71
24 85
26 17
26 45
26 53
27 10
28 99
30 25
31 39
33 85
37 10
38 65
38 69
40 4
40 20
40 28
40 35
41 13
41 49
43 6
43 98
44 74
46 22
47 0
47 28
47 44
49 94
50 60
50 91
51 18
52 58
54 25
54 36
55 64
56 41
56 46
57 10
57 18
58 19
63 97
64 26
64 46
65 16
66 0
66 60
67 98
69 34
69 65
70 43
70 74
70 80
71 3
72 9
72 29
73 58
74 29
74 63
76 70
78 22
78 86
79 54
79 77
81 94
82 6
82 15
83 86
84 10
84 44
84 71
84 91
85 0
85 40
87 57
88 24
91 31
91 65
92 5
92 85
93 74
94 39
95 0
95 25
97 99
98 14
99 18
99 34
99 77
