# Penalty: 41805.90165613883
# Penalty:  41805.90165613883
115
0 47
0 76
0 84
1 98
2 57
2 94
3 73
5 40
5 59
5 80
6 25
7 4
7 99
10 58
10 99
11 8
11 18
12 76
13 85
14 28
15 36
15 51
16 66
16 91
19 12
19 45
19 77
19 99
20 52
20 85
21 59
24 69
24 94
25 25
27 11
28 76
29 6
29 32
30 63
30 65
30 75
31 29
31 69
32 39
32 90
33 24
34 49
34 84
37 16
37 62
38 89
39 22
40 76
41 88
45 3
46 40
46 63
48 48
50 80
51 9
51 20
51 25
53 34
54 58
54 73
56 87
58 38
58 92
59 2
60 44
60 94
61 75
62 59
63 1
65 63
67 21
67 81
68 13
69 77
70 55
72 36
73 0
74 43
75 8
76 40
76 89
77 29
78 63
79 66
79 73
80 13
80 33
82 15
82 91
83 49
83 92
87 18
87 64
88 78
88 86
90 35
90 95
91 4
91 30
93 64
93 70
96 13
96 22
96 37
96 64
97 93
98 49
98 55
99 1
99 27
