# Penalty: 38357.976413429744
# Penalty:  38357.976413429744
111
0 2
0 22
0 43
3 69
5 61
5 66
6 35
7 45
9 7
9 82
10 21
11 98
12 52
12 68
14 0
14 4
14 38
14 60
16 24
17 46
17 86
20 33
21 67
21 74
22 16
22 42
23 3
23 49
24 30
25 10
26 28
26 85
29 55
30 4
30 97
31 45
31 80
32 14
32 52
36 75
37 19
38 67
38 93
39 39
39 52
39 67
41 14
42 4
42 86
44 0
44 29
44 60
44 95
46 90
47 1
50 42
50 45
50 81
51 16
51 25
51 75
53 71
53 77
55 28
56 37
57 3
58 42
58 62
59 56
60 87
62 7
62 34
62 96
64 41
64 90
65 73
68 50
69 27
70 11
70 33
70 70
71 98
72 19
73 44
77 65
78 39
78 48
78 91
79 0
79 77
80 23
81 15
81 42
84 35
84 62
85 90
85 93
86 1
86 8
86 52
90 12
90 30
90 56
94 64
95 6
95 50
95 83
96 20
96 27
96 39
99 34
