# Penalty: 40238.36365168846
# Penalty:  40238.36365168846
115
0 40
0 60
0 90
1 3
1 33
1 49
4 74
4 99
5 6
5 42
5 54
6 88
7 16
9 20
10 82
11 13
12 2
12 61
13 19
13 54
15 16
15 68
15 96
18 79
19 7
20 47
21 6
22 0
22 33
24 85
25 69
26 27
27 15
28 27
28 49
28 80
29 63
29 70
30 45
31 56
31 86
31 98
32 73
34 12
37 2
39 13
40 32
40 57
42 25
42 89
43 31
43 51
43 77
45 53
45 80
46 10
46 27
46 84
47 18
51 47
51 66
52 40
53 88
54 64
55 11
56 26
56 44
56 71
57 80
58 19
60 5
60 11
60 83
61 97
62 76
63 67
64 6
64 22
64 26
65 55
65 98
66 53
68 59
70 39
72 30
72 56
73 97
74 1
75 83
77 75
77 89
78 4
78 7
78 35
79 81
80 18
81 14
81 49
81 96
82 61
83 71
85 3
85 23
86 47
89 55
91 27
91 86
92 38
94 23
95 79
96 4
97 43
97 58
97 73
98 99
