# Penalty: 43309.263610326154
# Penalty:  43309.263610326154
120
0 87
0 94
1 4
1 26
1 51
1 80
2 30
2 40
3 44
3 59
4 52
5 9
5 73
7 93
8 66
9 82
11 38
12 6
14 73
15 23
15 46
16 0
17 40
17 81
18 93
19 8
20 77
21 49
23 29
23 97
24 9
24 63
25 0
25 13
25 34
28 83
28 90
30 29
31 0
32 14
33 22
33 39
33 46
33 84
34 60
35 77
37 31
37 53
39 8
39 15
39 63
39 94
40 37
40 47
42 87
43 71
44 10
45 56
46 29
47 78
48 17
48 93
49 70
49 86
50 37
50 47
53 11
53 53
54 3
54 42
56 83
56 98
57 63
60 6
60 27
60 36
60 72
61 50
63 1
64 86
67 95
68 51
69 47
69 91
71 66
71 73
71 99
73 16
74 38
74 44
75 2
75 30
76 16
76 66
77 10
77 34
79 80
79 87
80 52
81 38
81 99
82 84
84 79
85 49
86 56
87 0
87 15
87 70
87 86
88 8
89 23
90 40
90 96
94 54
96 89
97 25
97 98
98 48
98 75
99 68
