# Penalty: 39924.16403477888
# Penalty:  39924.16403477888
118
0 2
0 36
0 63
0 87
0 96
1 21
2 49
3 6
3 86
6 39
8 17
8 48
8 90
8 98
9 3
13 76
14 27
14 30
14 62
14 66
16 12
16 50
18 48
19 76
20 2
22 42
23 77
23 94
24 16
25 6
25 63
26 35
26 91
27 49
28 77
28 87
29 29
31 54
34 1
35 22
36 46
37 29
37 36
38 99
39 68
40 38
40 57
40 67
41 52
42 19
42 86
43 87
44 72
46 70
47 0
50 5
50 49
50 89
51 27
51 99
53 20
53 99
54 34
54 73
55 34
56 53
56 62
57 85
59 26
59 76
59 91
61 3
61 7
61 67
62 70
63 40
64 19
64 45
65 0
66 82
67 16
68 22
69 36
71 66
72 16
72 52
73 87
74 98
76 30
77 73
78 44
78 68
79 95
81 2
81 78
82 10
82 16
82 29
83 58
84 42
86 56
86 62
87 86
88 3
88 16
90 33
90 80
90 84
90 89
92 41
92 58
93 30
95 66
95 98
96 2
98 28
98 48
99 77
