# Penalty: 40790.880835131036
# Penalty:  40790.880835131036
109
0 0
0 8
0 33
0 62
0 67
2 73
3 22
4 29
5 0
5 14
5 45
6 87
7 57
7 95
8 71
9 20
10 51
11 12
13 2
13 99
14 81
16 36
16 76
20 26
21 3
21 99
22 12
23 58
24 19
25 44
25 80
26 1
27 39
27 78
29 18
29 88
30 46
30 67
31 8
31 96
34 31
34 83
36 39
36 73
37 59
38 26
40 66
42 0
42 12
45 74
45 94
46 1
46 33
47 39
47 59
48 9
48 82
49 73
50 21
50 50
54 22
55 99
56 11
56 47
57 30
57 90
60 3
61 64
61 73
62 10
63 88
64 38
67 52
69 64
69 69
70 33
70 97
71 5
73 26
73 91
75 0
76 62
77 8
77 82
78 2
78 59
80 33
80 76
82 27
82 99
84 3
86 43
86 51
86 59
86 76
86 91
87 65
88 19
88 32
91 27
91 83
91 99
93 8
94 43
98 67
99 0
99 19
99 62
99 80
