# Penalty: 35888.037403312635
# Penalty:  35888.037403312635
109
0 0
0 9
0 36
1 21
2 65
2 93
4 2
4 82
5 7
6 43
9 33
10 51
10 58
11 21
11 65
11 80
12 74
14 7
15 12
16 27
16 92
18 38
18 78
18 89
18 97
22 64
23 36
24 7
24 93
25 22
25 43
28 58
28 78
29 4
29 98
30 22
31 30
32 85
34 82
38 45
38 65
38 99
39 2
39 25
41 16
41 84
42 92
43 59
45 38
46 10
46 30
49 54
49 85
50 91
51 3
51 15
51 77
53 69
54 50
56 98
57 21
59 66
60 26
61 56
63 52
64 22
64 94
65 33
67 3
67 76
68 31
70 97
71 74
72 90
74 38
76 82
77 9
77 14
77 50
78 98
79 57
80 23
80 32
81 0
81 64
83 7
83 27
83 84
84 21
85 50
85 70
89 1
89 35
89 42
90 66
90 90
91 12
91 70
92 40
92 97
94 6
94 26
95 19
96 90
97 61
97 65
99 11
99 21
99 46
