# Penalty: 37370.72294648335
# Penalty:  37370.72294648335
114
49 6
25 53
87 57
37 14
87 11
59 26
96 92
26 95
96 36
17 65
17 92
40 99
23 78
48 50
3 48
31 53
47 16
97 13
49 28
30 13
65 30
70 22
91 98
63 47
3 64
25 24
10 61
81 88
18 75
83 16
40 47
63 55
67 92
6 26
58 4
75 93
52 71
26 62
33 3
40 19
86 30
26 96
38 81
34 22
17 46
34 60
98 42
0 49
60 40
52 99
72 58
34 95
12 19
99 66
75 75
54 20
61 77
60 33
72 0
31 66
19 2
90 71
99 22
23 32
57 82
70 44
23 39
58 91
14 82
41 89
95 28
81 94
27 88
78 42
68 78
96 2
23 16
95 60
2 43
45 26
84 46
82 12
46 41
50 91
33 75
14 51
28 74
0 10
66 94
72 6
91 51
12 0
36 0
35 43
9 77
10 91
79 27
99 82
77 61
51 0
23 9
1 90
39 39
4 12
83 9
89 92
0 81
57 6
1 98
13 75
47 70
12 99
86 74
44 59
