# Penalty: 37841.91363585186
# Penalty:  37841.91363585186
113
81 73
79 27
16 27
51 70
5 73
24 31
59 54
43 39
60 1
1 64
26 25
85 71
9 71
33 87
11 0
55 89
7 3
16 77
29 57
1 52
62 91
39 10
37 83
49 43
24 99
28 97
34 25
82 38
50 63
35 44
78 99
15 62
42 83
10 56
69 11
27 45
12 23
19 95
97 12
4 95
86 87
23 70
31 30
29 68
70 51
54 57
30 7
96 43
62 27
44 57
20 46
95 26
21 42
61 82
39 53
36 1
63 16
58 30
31 65
41 76
14 8
51 37
73 37
66 65
66 74
97 40
45 66
54 29
87 40
34 79
97 50
26 82
75 8
12 91
34 51
25 64
13 46
76 31
49 7
1 1
21 10
98 65
72 45
83 7
90 57
54 14
94 96
78 23
67 35
82 85
91 3
85 28
1 58
48 15
44 1
3 17
81 53
41 20
1 32
2 80
2 37
79 23
89 13
1 95
19 84
6 15
76 95
11 48
48 23
99 26
40 28
68 81
92 71
