# Penalty: 33051.40008552386
# Penalty:  33051.40008552386
107
1 1
97 2
92 19
55 39
1 98
98 99
80 27
62 75
50 40
94 46
3 38
29 89
20 45
84 96
94 30
97 90
70 97
67 91
92 84
0 66
51 25
15 94
22 8
87 4
39 83
13 52
35 22
23 42
98 25
5 95
83 89
79 63
57 17
83 13
79 93
85 57
1 71
66 36
41 9
33 55
72 70
61 78
44 73
48 59
15 60
99 76
49 52
58 69
28 82
15 5
94 68
97 10
44 11
99 71
65 21
57 25
33 32
5 22
0 93
32 8
62 63
78 49
12 19
49 87
60 51
51 73
4 15
15 99
43 22
73 24
16 46
30 75
60 96
23 89
53 89
65 4
80 35
30 48
72 64
45 1
95 24
86 65
16 74
56 46
71 51
15 66
55 6
60 3
14 74
60 9
28 16
0 30
38 36
4 36
99 39
19 39
43 59
7 1
19 60
36 50
55 91
74 10
38 92
72 87
28 24
29 97
92 56
