# Penalty: 36339.50680731202
# Penalty:  36339.50680731202
113
0 25
41 42
78 84
63 80
34 13
60 89
99 42
72 69
38 37
43 9
76 64
29 59
64 39
99 95
29 74
2 81
23 88
69 39
50 16
10 11
51 2
83 20
13 0
38 85
83 50
35 96
17 80
48 8
37 28
35 61
27 33
78 82
18 97
3 11
99 34
30 8
17 16
81 99
54 81
4 44
8 39
90 66
63 23
23 52
77 98
22 73
97 19
8 64
13 32
55 40
37 47
97 89
2 18
21 20
98 54
91 3
4 99
42 28
61 7
91 47
54 56
52 89
14 21
35 21
99 62
50 22
84 29
31 52
85 45
4 35
29 15
83 35
49 98
2 9
23 1
46 93
23 45
67 65
63 54
41 63
93 61
15 58
85 61
92 81
88 15
49 59
54 11
57 75
83 77
34 92
99 27
67 75
58 72
66 95
43 72
90 20
54 36
81 1
92 88
3 84
70 61
25 77
80 27
4 67
21 62
53 51
68 13
9 49
96 85
95 2
43 0
4 96
51 31
