# Penalty: 34801.72504184785
# Penalty:  34801.72504184785
108
56 51
78 35
75 41
52 26
33 78
53 65
1 91
17 22
78 62
69 21
41 44
91 42
97 14
29 77
49 56
49 81
84 98
42 58
94 6
40 52
71 90
13 15
6 40
30 56
79 65
34 26
25 91
15 88
19 32
15 78
86 60
1 33
97 55
85 22
23 12
0 77
84 38
90 53
78 5
10 21
94 23
61 73
56 5
1 23
89 74
0 9
11 93
48 67
19 67
75 76
94 98
18 89
23 84
50 94
65 44
7 59
58 69
42 91
55 33
56 42
51 12
19 98
84 37
94 73
64 64
28 12
38 99
7 17
31 26
64 18
47 16
95 83
33 46
34 95
42 7
85 86
25 53
28 31
46 39
34 57
39 78
72 49
37 72
76 56
5 99
96 0
97 72
37 6
14 73
68 15
9 35
82 14
5 54
59 26
56 95
7 1
22 4
33 41
69 24
60 10
70 92
43 15
15 51
45 30
70 35
94 88
99 38
98 29
