# Penalty: 39358.73804675694
# Penalty:  39358.73804675694
113
55 88
39 71
6 1
81 36
26 33
47 56
0 90
19 36
35 76
46 9
87 42
51 63
73 24
22 66
97 12
94 21
3 48
24 57
10 63
90 3
23 52
67 28
44 42
73 79
45 0
4 84
67 11
97 0
5 41
88 8
55 73
58 96
79 75
31 53
29 92
8 87
24 3
22 42
7 70
78 47
70 87
87 51
47 23
61 10
93 95
96 81
81 12
80 22
59 64
52 5
61 22
47 28
31 61
93 67
8 7
60 88
42 20
20 95
53 59
38 85
38 6
40 34
0 34
37 90
27 3
15 93
36 46
2 26
14 16
42 52
89 20
14 57
37 13
17 50
37 66
0 8
68 97
92 35
73 62
45 94
81 7
56 25
96 53
71 83
98 48
38 55
9 49
0 42
53 43
11 33
67 57
98 67
65 67
79 66
73 44
90 25
11 18
57 80
86 35
82 77
70 21
82 95
96 73
42 99
33 20
25 75
42 80
12 26
28 67
20 79
70 39
43 37
71 53
