# Penalty: 31862.01559824086
# Penalty:  31862.01559824086
101
82 63
35 85
28 53
66 99
16 35
56 96
42 56
74 64
79 30
65 82
93 36
10 52
3 67
52 88
2 20
52 33
73 88
23 39
58 52
49 39
3 9
9 36
58 27
98 52
14 79
95 78
73 95
54 47
46 64
88 86
22 63
33 30
8 66
0 29
96 92
51 13
59 13
22 30
86 67
34 11
38 3
76 69
96 45
90 19
75 39
40 44
78 55
6 24
42 24
8 72
90 75
62 32
10 95
27 15
0 51
65 14
79 20
88 45
44 0
75 24
60 66
25 96
57 88
23 58
29 82
49 66
8 42
57 82
71 80
81 83
30 16
48 47
64 51
6 81
93 25
31 74
15 26
79 10
95 85
31 91
52 97
73 15
11 99
17 72
41 71
0 94
88 98
69 3
92 10
43 38
82 91
84 5
18 8
18 53
43 9
76 49
98 31
33 57
13 11
43 79
60 61
