# Penalty: 36227.815769692774
# Penalty:  36227.815769692774
113
36 71
87 62
2 83
32 95
35 79
34 99
42 84
41 55
18 4
93 90
53 74
58 71
0 40
4 20
47 19
90 5
60 99
12 55
93 28
49 15
12 1
64 42
71 84
80 22
56 30
60 6
56 54
28 14
39 17
77 11
93 37
74 98
72 4
56 35
26 59
4 51
42 51
41 65
61 60
29 21
27 66
16 92
71 27
60 54
82 29
43 41
69 66
47 92
51 0
96 14
36 8
79 44
6 74
19 45
94 71
65 2
81 58
20 73
97 57
7 91
12 48
84 51
33 0
13 20
97 51
82 17
7 97
40 34
74 3
64 84
94 23
22 90
73 61
96 42
33 80
88 80
30 29
67 99
16 76
79 91
47 61
41 36
3 60
50 81
42 11
64 37
88 2
38 50
2 74
56 14
25 35
83 48
59 92
62 22
26 49
10 38
41 3
26 58
2 91
79 74
11 24
1 37
72 76
30 75
57 51
53 21
98 86
58 75
59 28
2 11
69 42
70 18
97 18
