# Penalty: 34955.747503283106
# Penalty:  34955.747503283106
104
27 22
45 77
30 58
60 31
14 86
85 33
94 44
55 25
87 6
56 53
28 50
62 45
28 83
91 76
40 28
51 32
49 62
40 68
75 37
95 54
48 9
47 48
56 68
1 51
31 34
73 11
25 36
6 34
22 82
44 62
73 64
2 19
70 93
35 63
14 43
64 67
26 91
62 55
4 40
28 3
20 25
95 9
69 5
76 84
86 56
18 96
77 94
91 40
84 24
64 49
11 26
59 60
73 98
55 15
58 11
4 66
32 69
22 46
48 40
58 83
74 2
11 37
15 22
37 49
64 87
74 24
6 73
73 66
7 49
21 56
25 13
40 75
99 34
1 1
40 22
78 52
63 78
94 76
48 69
41 91
35 1
33 48
44 96
47 94
17 52
92 97
70 21
97 30
13 70
11 1
45 25
95 90
35 25
87 14
84 81
66 24
54 77
18 0
89 0
81 62
87 63
9 15
4 99
43 7
