# Penalty: 35456.22504132082
# Penalty:  35456.22504132082
111
88 58
94 48
33 51
47 70
76 49
64 97
27 77
48 48
75 66
49 87
26 73
82 40
74 10
96 93
90 72
54 17
16 89
31 33
41 34
80 14
99 68
14 23
24 34
51 1
82 98
15 69
39 89
38 28
82 23
49 34
17 98
39 11
74 56
91 62
76 20
69 0
1 10
67 32
54 96
80 89
69 52
79 63
92 30
80 83
26 44
55 82
24 80
86 30
80 85
7 77
2 94
68 94
95 54
33 18
79 71
50 41
7 71
37 0
30 43
31 13
48 59
69 73
61 69
61 65
58 3
38 65
97 10
53 25
44 4
87 0
82 5
47 12
7 5
76 41
16 55
98 3
0 19
6 99
34 57
41 73
58 45
94 86
71 27
0 3
91 24
35 89
29 1
21 6
27 19
97 76
72 85
50 99
47 19
61 17
90 44
91 16
0 79
16 58
9 42
61 13
96 7
21 95
44 42
94 90
58 84
65 8
13 9
93 68
1 63
63 35
97 21
