# Penalty: 34929.41605539121
# Penalty:  34929.41605539121
110
17 43
86 91
99 15
80 85
40 4
66 9
87 82
7 10
43 37
75 62
31 18
88 33
98 99
40 92
96 93
80 95
73 33
21 3
99 65
11 73
13 26
51 23
61 63
17 67
75 54
78 0
60 41
40 22
86 51
80 16
59 36
81 41
50 75
18 88
5 59
61 21
78 32
43 29
1 66
72 17
69 75
94 51
61 52
45 15
96 45
39 10
50 53
92 19
35 75
73 25
93 33
54 8
34 55
3 36
59 97
67 61
20 29
35 87
77 48
92 71
16 29
5 80
89 98
46 20
80 10
85 66
45 46
3 78
10 49
68 47
2 43
31 2
91 60
25 85
18 98
47 77
26 43
49 93
55 99
53 39
75 39
19 57
73 98
87 27
0 96
78 68
29 35
98 79
39 60
47 61
23 99
34 97
59 11
3 21
0 52
8 98
54 90
7 6
55 69
26 0
23 14
64 95
66 79
11 43
21 14
53 64
98 1
49 0
17 72
74 76
