# Penalty: 35183.518781444945
# Penalty:  35183.518781444945
80
93 99
89 93
0 13
0 2
1 32
86 94
80 96
80 87
76 80
74 91
2 42
4 51
72 99
4 66
0 94
66 86
2 7
67 72
65 78
4 17
2 57
64 64
59 99
60 81
58 61
60 88
56 70
54 94
6 80
50 99
8 70
50 57
48 78
49 72
46 86
46 61
45 96
44 52
43 93
42 56
6 22
40 86
5 87
6 37
42 72
38 62
12 63
38 43
41 79
31 81
10 12
13 19
31 91
32 73
12 47
11 74
14 96
34 38
15 33
12 24
28 98
27 59
25 86
26 71
16 56
26 33
25 78
14 92
20 20
18 71
25 49
28 25
20 40
22 92
26 41
20 85
18 48
21 64
22 34
22 63
