# Penalty: 29929.36558500139
# Penalty:  29929.36558500139
100
69 71
49 38
53 88
80 93
74 25
57 63
46 1
63 37
76 1
62 79
49 51
4 0
13 62
31 10
42 10
70 22
77 72
99 39
19 18
56 23
23 72
41 98
35 42
8 79
26 19
68 41
12 76
6 99
0 77
7 62
6 33
42 25
98 56
72 17
11 48
17 90
36 82
27 78
94 44
67 3
21 56
34 97
67 55
96 1
48 82
96 73
2 15
25 94
88 97
93 55
90 82
87 47
81 79
45 6
80 49
36 71
51 68
77 39
74 53
22 36
27 57
59 97
81 34
57 51
62 88
30 98
82 20
61 5
88 27
56 29
62 44
4 29
41 56
60 59
6 6
35 50
51 21
64 15
98 16
55 35
20 44
41 36
92 6
15 9
9 64
65 64
34 63
32 24
96 25
42 22
4 58
3 95
76 77
44 96
80 61
9 43
37 28
47 7
17 15
18 90
