# Penalty: 33176.30321192732
# Penalty:  33176.30321192732
106
62 43
24 48
3 43
44 92
17 3
0 69
52 26
32 81
62 58
50 79
27 9
78 66
67 29
96 8
58 94
63 85
40 15
56 65
47 0
82 47
99 52
36 87
86 61
6 82
47 61
11 82
63 65
36 39
2 96
74 35
66 15
56 72
21 72
56 33
30 52
19 88
9 48
91 91
81 36
77 87
24 31
80 19
66 23
91 80
33 95
99 76
98 39
13 41
64 77
47 68
81 27
13 60
9 40
31 2
77 81
66 0
71 88
95 35
14 33
94 94
38 29
14 15
75 44
0 52
96 25
88 76
42 44
34 31
89 21
38 0
25 97
67 48
90 54
27 44
72 96
27 76
51 43
31 66
39 63
73 98
57 86
24 21
43 24
57 18
16 55
20 63
3 27
3 2
53 57
70 64
51 93
52 3
36 80
39 54
85 5
2 59
71 8
72 81
91 39
6 65
1 25
6 73
15 19
73 67
56 4
2 6
