# Penalty:  29436.66121034921
85
2 3
12 18
3 10
50 39
8 4
29 33
83 17
13 97
10 76
3 19
58 13
10 37
24 57
25 24
4 57
11 88
23 2
33 10
45 5
16 78
14 5
31 19
33 30
12 13
48 95
40 14
15 46
41 3
93 14
71 26
81 29
14 53
34 99
44 19
16 39
90 17
44 72
20 18
46 86
31 91
40 67
3 92
20 48
75 15
31 3
63 95
51 18
8 66
73 96
66 81
58 78
29 3
52 54
34 52
35 46
57 6
22 91
67 2
73 3
89 2
98 4
94 48
10 83
47 16
69 19
28 9
53 45
24 77
61 13
77 37
92 24
33 36
84 12
38 73
25 66
47 46
2 33
0 97
12 23
1 74
0 47
82 2
9 1
11 37
1 64
