# Penalty: 33550.8317587004
# Penalty:  33550.8317587004
105
28 32
20 48
99 13
34 39
1 42
90 76
50 96
81 82
65 69
59 25
78 1
87 85
19 99
24 43
1 73
52 80
83 28
16 4
90 71
50 36
66 32
15 76
13 34
2 58
35 68
80 91
56 40
18 69
36 24
41 9
74 49
63 2
76 86
62 87
16 20
9 8
60 19
13 96
60 61
50 53
73 97
20 50
70 34
43 28
32 7
25 9
35 78
87 35
20 93
29 46
18 22
85 43
45 74
35 13
8 84
5 37
79 99
25 0
26 67
92 29
66 83
91 20
2 21
73 68
67 53
93 98
25 86
62 17
51 73
21 16
31 75
68 49
77 15
64 63
88 51
97 69
74 76
92 6
8 56
34 45
6 61
5 42
98 62
22 85
84 59
44 92
48 85
44 56
19 36
67 2
1 81
98 36
30 61
59 48
32 18
53 6
77 23
91 14
99 54
39 4
21 64
67 85
94 92
40 64
39 87
