# Penalty:  36833.799131161235
112
22 89
16 14
61 54
47 96
13 47
54 28
65 44
36 76
12 61
54 4
31 17
1 84
37 25
35 62
69 78
98 62
21 44
79 16
4 6
68 35
12 3
71 9
33 80
79 60
88 17
65 92
84 71
61 84
14 11
0 55
12 40
35 9
35 70
34 99
12 66
25 50
83 31
97 29
97 80
29 42
49 33
91 75
47 47
93 95
73 97
70 69
0 16
92 97
13 25
10 17
73 43
49 7
27 57
3 99
77 74
50 11
7 80
17 85
40 80
24 80
49 43
83 60
4 22
83 8
20 94
98 11
79 90
92 24
34 13
25 97
18 75
69 27
40 46
1 93
92 6
94 48
54 82
63 71
39 94
49 68
87 1
78 22
18 66
3 70
52 21
58 56
46 73
97 54
11 32
28 64
87 93
67 99
79 45
32 28
44 89
69 0
29 49
17 30
7 38
29 22
39 32
1 76
5 94
44 51
42 63
6 48
81 56
53 72
67 49
53 88
63 30
79 38
