# Penalty: 43573.95295106901
# Penalty:  43573.95295106901
117
0 7
0 53
0 76
0 97
2 18
2 49
3 29
3 46
3 63
4 74
5 13
8 23
9 2
13 59
14 92
15 12
15 33
16 20
16 35
17 52
17 59
17 67
20 99
22 72
23 5
24 32
25 46
25 55
25 67
27 73
27 78
27 86
29 1
30 29
30 39
31 35
32 20
32 49
33 87
35 45
36 15
36 84
37 1
38 95
39 64
41 48
41 89
43 99
44 38
44 57
45 28
45 43
46 64
46 81
47 34
47 95
49 43
49 92
50 78
53 74
54 28
55 63
56 93
57 44
58 21
58 86
59 30
59 55
59 58
60 51
61 12
62 1
64 27
64 85
65 96
67 6
67 18
67 34
67 71
68 43
69 3
69 45
70 13
70 71
72 39
72 85
73 74
74 56
75 20
75 42
75 49
75 69
78 84
79 4
79 14
79 58
79 94
81 28
83 0
83 51
86 68
88 31
88 94
89 15
89 21
89 84
92 38
92 70
94 12
94 66
94 89
96 18
97 3
98 32
99 52
99 59
99 83
