# Penalty:  36323.46822601639
111
29 65
79 17
96 99
58 75
95 73
91 19
57 56
64 5
47 90
22 68
3 58
15 88
42 93
41 7
83 42
18 20
99 7
52 36
18 82
92 35
85 59
93 47
9 79
66 60
65 19
85 4
29 55
95 54
47 6
3 86
77 89
87 99
60 13
80 64
61 24
30 38
8 65
64 79
62 46
0 11
86 89
1 63
82 2
74 31
45 49
41 28
26 87
87 38
93 82
59 64
19 54
14 49
76 99
7 62
69 65
23 3
38 43
41 78
52 27
11 34
1 93
55 32
37 89
69 8
21 36
15 96
72 22
48 41
11 24
59 98
96 1
94 10
66 38
5 6
5 48
46 78
23 78
72 51
44 70
20 1
74 81
25 33
54 47
51 90
40 14
73 96
40 35
31 1
32 81
77 59
2 0
60 84
21 51
15 15
49 99
90 52
6 43
0 44
64 83
78 8
0 79
97 68
89 75
2 22
34 15
37 51
51 13
17 29
15 66
27 6
13 5
