# Penalty:  35665.62878502453
108
20 63
41 62
80 83
25 67
27 79
13 59
49 97
73 28
49 30
96 15
33 41
84 25
81 6
56 28
59 79
54 39
41 12
27 98
45 56
28 56
12 16
13 92
11 70
7 26
40 47
80 68
59 90
66 30
84 0
50 53
17 1
2 40
93 39
31 2
1 26
6 31
64 99
41 25
10 75
81 59
50 93
39 71
37 55
72 97
23 14
80 22
48 77
47 16
13 84
94 60
26 45
0 51
79 15
65 60
70 69
38 5
18 98
59 8
32 94
81 0
98 42
93 45
7 45
80 89
64 40
35 19
65 84
64 55
33 48
55 74
73 87
98 23
50 13
90 87
2 12
27 6
39 28
23 53
15 48
35 61
45 93
22 31
34 71
65 16
64 22
50 37
62 74
5 59
68 0
54 45
21 23
11 40
92 99
81 53
61 43
37 80
17 16
3 82
66 54
25 72
83 60
79 42
98 1
50 62
97 72
7 97
1 7
46 97
