# Penalty: 32219.880627998686
# Penalty:  32219.880627998686
100
1 2
3 47
99 18
99 65
0 33
3 10
6 28
97 79
94 4
93 51
8 17
90 1
95 37
7 42
8 7
9 85
94 65
95 21
92 13
91 58
9 49
90 46
15 1
13 11
13 27
90 72
16 90
86 29
85 10
20 25
21 10
84 85
80 56
83 70
23 86
81 35
23 38
80 1
78 15
78 88
23 27
77 62
77 79
23 1
72 18
71 55
21 57
71 45
26 17
17 18
71 15
25 71
9 94
15 71
68 74
69 91
64 69
63 17
29 99
62 97
66 31
30 8
61 5
61 47
63 88
24 85
64 41
31 56
29 51
63 73
57 54
27 28
32 42
56 97
54 18
59 33
58 26
29 70
52 79
52 13
52 87
34 18
34 2
54 40
48 94
48 8
52 56
33 97
38 39
48 98
45 29
40 67
46 16
38 81
44 44
43 67
44 63
42 32
41 24
40 4
