# Penalty: 33606.18713844577
# Penalty:  33606.18713844577
103
26 85
12 22
72 72
37 74
96 39
10 69
68 49
70 26
14 63
70 11
50 70
22 67
78 48
40 38
23 75
52 84
78 38
2 5
41 67
18 86
65 97
25 31
50 24
22 48
80 92
69 34
46 97
40 22
30 4
12 52
44 29
96 19
31 78
73 99
86 36
9 8
25 10
6 35
21 41
32 14
36 68
32 99
96 4
64 5
82 17
80 23
8 64
97 82
93 59
32 50
58 63
43 87
80 41
73 0
51 47
39 52
41 3
61 35
56 7
2 21
84 62
90 30
88 53
73 43
16 3
48 0
64 39
79 78
57 52
88 96
59 44
2 71
18 24
55 28
22 16
97 31
44 60
86 8
55 17
23 3
95 50
41 13
20 34
85 91
92 12
95 66
64 73
75 64
75 21
52 38
48 91
65 92
8 47
60 83
57 78
39 93
89 3
11 84
15 98
1 41
30 54
27 28
15 42
