# Penalty: 36620.90241125905
# Penalty:  36620.90241125905
111
49 51
64 54
37 13
58 20
68 97
97 83
55 79
42 44
3 76
96 90
95 47
77 48
62 64
18 48
7 24
30 75
43 53
42 4
67 69
31 87
32 55
37 72
1 20
12 23
63 1
69 47
66 25
63 83
91 2
90 54
54 15
0 41
47 2
6 1
28 61
96 29
95 99
85 47
35 53
28 5
62 92
31 77
69 88
22 92
97 15
28 48
33 11
65 40
92 25
46 68
45 85
53 2
72 6
88 11
99 53
76 20
17 84
83 84
94 68
78 91
81 56
32 39
41 37
97 76
67 9
14 60
70 61
4 99
60 28
39 24
91 85
39 99
18 26
77 86
80 29
0 6
72 24
18 14
82 70
40 18
81 3
9 15
3 85
50 40
53 65
21 62
11 52
96 67
95 32
81 13
71 76
14 45
78 34
87 30
53 97
31 20
72 41
46 93
89 63
79 77
56 0
8 38
14 8
24 34
82 94
17 68
82 39
1 51
51 16
77 63
60 99
