# Penalty: 37735.07929763261
# Penalty:  37735.07929763261
113
80 17
97 23
15 8
29 82
59 50
93 40
21 27
82 38
31 14
22 13
8 8
80 80
22 95
65 1
72 14
42 88
49 86
3 51
48 94
38 47
7 95
61 5
86 49
39 9
40 95
72 72
74 41
90 96
27 33
77 34
88 18
83 87
71 97
5 73
1 80
36 57
69 47
0 94
60 27
41 35
33 22
4 6
4 29
50 49
60 36
34 42
28 0
72 65
16 45
80 52
34 86
74 4
37 50
58 64
14 1
26 64
7 66
49 26
51 85
66 88
43 70
97 88
42 64
45 56
94 55
52 50
57 99
35 28
47 16
34 76
20 81
20 50
76 66
5 43
99 49
54 3
87 85
10 81
94 70
28 90
81 98
47 11
59 73
54 12
36 0
52 35
15 77
11 38
0 91
87 70
95 97
40 14
69 90
24 75
54 42
4 57
25 10
17 22
19 41
66 54
75 31
78 8
88 0
2 37
88 11
84 80
24 97
98 76
5 54
51 69
86 56
49 83
66 98
