# Penalty: 30122.490382740078
# Penalty:  30122.490382740078
103
46 65
41 95
28 75
45 85
43 70
95 8
19 64
81 79
82 51
83 27
25 49
69 96
39 84
87 33
21 97
66 62
64 10
83 93
30 59
2 74
49 94
26 4
10 29
44 58
88 42
2 33
64 47
10 78
52 33
77 94
85 19
40 52
9 15
35 99
6 39
21 26
99 24
73 29
98 48
62 82
16 48
31 9
6 58
62 19
6 83
48 80
60 5
51 72
54 44
72 40
63 96
0 54
96 54
83 99
58 49
3 5
10 97
26 90
0 12
81 85
92 88
44 24
38 27
46 3
73 65
80 65
78 15
12 63
41 23
63 92
96 65
68 15
70 33
98 86
74 0
71 60
33 11
34 76
57 68
15 59
19 32
21 41
17 7
78 45
83 11
88 3
10 20
74 80
2 76
32 71
93 71
93 17
98 93
24 26
43 0
98 32
18 91
67 78
41 50
29 42
79 6
26 58
65 53
