# Penalty: 26929.935836071756
# Penalty:  26929.935836071756
83
99 96
18 30
22 23
17 18
12 13
19 37
7 8
10 30
3 6
21 4
37 11
41 0
14 21
31 24
14 44
43 2
24 28
69 4
91 8
98 2
36 40
92 43
35 97
61 53
28 45
97 28
74 26
79 80
40 78
82 53
17 51
30 76
11 1
28 40
65 43
43 14
72 66
46 38
46 8
0 22
59 46
36 28
1 47
84 81
98 71
6 16
44 28
51 15
29 26
86 14
91 72
19 44
3 30
85 28
59 75
54 85
31 12
36 63
72 20
44 48
21 90
94 2
68 80
50 62
45 74
98 22
33 45
53 53
60 10
17 76
45 54
52 26
68 52
31 54
18 90
3 61
32 62
2 42
91 65
90 58
83 8
35 93
72 63
