# Penalty: 39689.34334225137
# Penalty:  39689.34334225137
115
3 13
41 56
25 1
58 22
46 62
2 34
78 48
27 96
86 50
53 26
81 82
60 94
24 3
10 66
47 51
67 59
98 1
67 27
52 32
42 21
32 67
92 72
90 96
46 13
36 21
92 54
72 81
34 45
1 27
24 18
49 68
51 57
58 82
32 61
22 18
63 36
40 89
50 45
57 61
66 43
19 39
96 81
62 70
21 76
14 54
84 44
0 18
87 68
0 78
70 67
3 69
97 12
61 7
77 31
28 47
66 50
46 1
66 88
39 24
10 0
7 88
40 32
81 24
33 7
99 59
19 92
92 2
49 76
33 52
11 87
56 50
0 48
12 46
63 29
42 42
16 31
52 98
89 86
49 37
28 22
0 55
84 72
19 50
56 0
52 8
3 63
93 45
70 73
56 16
82 91
63 84
38 7
81 58
24 76
70 13
2 41
94 31
75 10
98 36
10 38
68 38
26 90
60 2
0 10
7 14
37 66
90 13
84 29
83 6
41 82
76 78
5 33
76 0
88 98
25 32
