# Penalty: 44324.31094647055
# Penalty:  44324.31094647055
112
0 25
0 31
0 96
3 57
3 87
4 18
5 4
5 24
5 46
5 79
6 62
7 68
10 8
11 30
12 99
13 72
15 12
16 87
17 63
19 41
20 0
21 97
22 58
22 63
23 15
24 27
24 77
26 49
27 72
28 88
30 28
30 99
31 5
31 55
32 19
32 53
35 70
35 96
36 36
37 27
38 11
40 89
43 41
43 52
43 73
45 50
46 45
47 15
47 19
47 62
47 66
47 90
49 0
49 30
49 69
50 99
53 80
53 96
54 30
55 1
55 37
56 59
56 90
58 13
58 56
58 86
59 46
62 69
62 75
63 2
65 48
66 7
66 36
68 92
69 64
69 86
70 26
71 11
71 20
72 55
73 42
74 4
74 52
76 69
77 36
77 80
77 91
78 63
80 19
80 72
81 0
81 37
81 79
83 12
84 28
84 51
84 99
86 59
90 21
91 8
91 56
92 68
93 42
96 30
96 87
97 57
97 77
98 16
98 96
99 6
99 35
99 64
