# Penalty: 38774.00827570231
# Penalty:  38774.00827570231
106
64 7
17 70
94 83
13 84
93 21
73 90
14 6
52 86
69 67
50 75
95 7
64 66
57 2
78 25
24 71
79 65
95 51
37 46
49 93
83 11
84 60
0 0
91 73
84 51
68 47
82 94
20 78
35 22
89 55
67 16
68 93
98 58
92 44
26 14
98 15
70 76
17 14
58 37
92 26
10 79
37 8
83 73
86 35
0 29
69 58
78 6
94 0
72 52
2 14
94 30
91 12
82 42
38 40
0 23
63 89
56 71
23 85
62 22
14 22
35 2
4 0
51 13
21 28
55 8
92 36
30 28
58 57
57 91
70 84
72 42
88 1
65 75
60 98
74 99
23 57
85 28
22 9
84 19
20 23
70 21
35 26
15 0
20 62
99 86
83 65
6 30
30 0
28 42
54 77
7 15
48 59
19 0
63 30
90 98
84 79
56 31
14 55
6 70
10 63
92 77
55 44
54 50
84 89
54 23
0 7
14 28
