# Penalty: 37479.061561089075
# Penalty:  37479.061561089075
114
55 5
87 57
59 23
95 36
16 63
41 99
48 49
31 53
97 13
30 13
64 30
62 47
81 17
63 55
58 2
75 93
40 19
89 31
30 98
38 81
36 61
62 37
52 98
32 94
12 19
99 66
75 74
54 20
61 33
69 2
99 21
23 32
16 95
42 44
96 30
22 14
95 59
26 88
25 52
45 26
85 46
44 40
25 74
28 61
1 65
72 6
92 50
2 44
37 44
7 82
15 87
9 88
52 92
80 26
77 60
41 89
48 18
51 0
23 10
1 90
89 92
47 70
66 94
70 22
81 88
87 12
16 53
17 47
57 82
60 77
44 59
27 95
86 74
12 99
58 91
11 73
1 97
33 75
0 82
83 3
90 71
4 12
37 39
34 22
99 82
36 0
13 0
0 11
50 27
96 92
23 81
25 24
82 12
71 43
98 4
78 43
68 78
81 93
22 40
33 3
21 0
31 68
72 57
1 50
99 44
53 71
6 27
67 92
18 72
12 59
92 98
3 48
35 12
49 6
