# Penalty: 36352.55051299755
# Penalty:  36352.55051299755
109
16 11
15 18
37 84
37 28
58 59
84 3
72 24
34 0
9 68
60 96
9 45
58 30
37 37
4 50
46 70
72 73
88 28
48 2
32 52
40 15
33 7
28 24
8 31
42 53
27 85
14 91
68 65
75 45
83 33
39 65
2 77
95 37
25 2
16 27
96 85
41 73
98 22
83 53
66 31
93 53
80 79
99 53
17 80
55 45
33 61
86 72
41 90
23 25
22 94
12 73
70 8
6 27
60 63
51 31
1 14
89 24
82 22
3 53
65 74
84 48
52 95
30 70
11 1
81 58
2 12
69 15
28 97
95 68
98 2
50 54
64 0
41 9
51 74
2 99
57 2
60 44
32 21
19 44
80 98
49 45
63 82
74 58
33 42
86 10
99 78
79 39
36 90
16 65
55 81
18 41
74 99
18 56
30 25
2 68
17 97
28 56
73 38
26 75
26 39
36 51
43 37
59 35
47 60
74 92
88 67
56 49
51 22
70 47
62 8
