# Penalty: 110913.31507859423
# Penalty:  110913.31507859423
201
0 5
3 14
1 20
0 28
0 34
0 43
1 49
0 58
4 63
0 69
0 78
0 87
0 94
0 99
5 0
6 19
7 30
6 34
5 44
5 49
5 54
5 69
5 77
4 84
7 94
6 99
14 0
14 7
11 16
15 23
14 32
13 37
15 46
15 51
16 60
11 67
14 74
13 81
15 88
14 96
19 1
21 5
21 15
22 19
22 29
21 36
19 43
19 51
22 59
20 65
19 68
19 79
20 84
21 93
21 99
28 1
28 6
27 15
25 21
28 29
27 38
27 43
29 52
28 57
26 66
28 72
28 79
30 88
31 93
35 6
37 12
36 20
36 30
35 35
34 44
35 51
36 56
34 71
34 79
34 86
35 94
35 97
42 0
42 7
41 16
40 21
40 30
41 35
41 44
40 49
42 59
41 66
42 74
42 80
49 1
49 4
51 15
51 21
50 29
50 36
48 43
49 50
52 57
47 65
48 72
49 79
49 87
49 94
49 96
56 1
57 8
55 15
54 22
54 29
55 37
55 43
54 51
53 58
55 65
55 74
56 79
54 88
55 94
64 6
65 13
65 20
64 28
64 34
63 42
64 49
63 57
65 63
63 73
63 77
63 93
63 99
71 0
71 7
70 14
70 21
69 29
69 35
69 44
68 56
69 64
69 70
70 80
68 87
69 95
79 0
78 5
79 23
80 26
78 33
78 40
78 51
79 56
79 65
78 70
78 79
79 85
78 99
80 2
86 9
84 16
83 32
83 37
84 46
82 51
84 56
83 65
83 71
80 79
84 87
83 93
94 0
93 5
93 14
94 21
94 28
93 35
93 42
92 49
94 56
93 70
94 77
94 84
91 93
93 99
97 0
99 18
98 21
99 28
99 36
98 42
98 51
99 56
97 63
97 70
97 79
99 86
