# Penalty: 38151.20467560165
# Penalty:  38151.20467560165
118
47 66
43 92
95 24
51 15
37 63
23 41
75 78
65 95
31 77
78 70
17 18
80 53
19 69
40 24
63 55
12 76
86 30
23 4
70 85
91 0
18 93
66 16
47 20
31 24
57 91
51 73
37 43
0 50
69 20
4 97
3 23
25 25
77 4
26 75
63 5
95 80
72 3
28 9
83 61
55 80
54 21
86 92
93 72
51 45
70 45
36 57
27 61
5 74
41 3
7 43
59 35
61 99
87 24
55 77
34 14
68 71
79 99
69 81
1 93
8 2
63 2
20 55
52 38
96 35
99 85
13 90
53 34
63 64
34 72
97 40
67 31
98 20
87 76
93 94
12 67
97 62
17 33
65 22
95 9
29 93
27 18
83 18
13 56
29 44
50 49
11 19
44 2
55 52
53 66
5 53
51 13
31 29
95 99
47 21
2 89
26 2
65 50
73 36
77 60
84 47
42 86
9 36
98 2
17 13
26 72
72 99
89 80
44 97
85 10
1 9
22 89
17 83
0 67
69 17
14 42
1 36
6 60
74 84
