# Penalty: 34190.17756827662
# Penalty:  34190.17756827662
107
71 58
18 14
52 70
41 52
88 72
56 0
96 47
61 58
74 26
84 16
8 33
58 21
34 16
36 22
56 95
8 15
93 96
30 2
7 1
29 70
78 55
7 69
56 36
70 22
35 54
81 70
93 55
27 53
64 80
2 46
1 68
30 25
84 95
63 75
11 78
79 44
89 46
85 68
76 12
51 44
91 10
23 67
55 80
42 89
76 2
88 32
0 6
6 40
30 61
39 13
60 98
77 86
33 40
58 31
50 3
78 30
34 66
16 28
69 42
64 51
90 17
93 28
54 61
79 81
16 37
42 35
59 7
96 13
96 77
9 54
96 86
8 25
9 92
67 71
65 37
36 96
31 31
85 23
90 3
14 12
69 8
64 22
4 99
25 1
23 15
99 61
76 40
61 42
27 94
0 21
2 26
67 94
37 70
18 52
58 66
19 95
34 47
46 75
71 87
34 90
4 75
2 54
60 56
48 48
18 81
22 38
62 13
