# Penalty: 34908.75312390536
# Penalty:  34908.75312390536
109
57 51
76 46
33 77
53 65
1 92
77 60
90 42
98 14
25 76
50 55
95 7
14 16
70 17
3 43
30 56
80 69
16 87
87 65
23 13
0 77
10 21
94 23
57 2
1 23
1 8
11 93
48 67
51 26
19 68
76 74
96 97
23 85
84 38
6 59
62 82
42 91
55 33
58 42
82 99
51 11
94 73
63 65
38 99
17 22
32 24
25 54
40 79
47 81
67 45
71 50
77 55
5 98
96 0
41 42
47 40
99 73
36 5
80 14
66 13
19 32
50 94
58 25
5 54
22 4
32 39
64 18
85 22
72 28
71 94
34 94
61 73
99 39
99 28
17 50
92 88
91 53
71 32
25 92
46 33
42 13
57 10
7 3
57 68
85 86
19 99
56 95
9 35
10 74
39 73
36 59
43 57
30 31
43 5
33 45
95 83
47 19
6 19
28 11
86 36
17 90
86 72
78 5
98 54
3 34
16 79
34 25
70 87
36 50
80 31
