# Penalty: 33371.72376177492
# Penalty:  33371.72376177492
86
2 2
1 7
0 16
3 30
8 33
11 6
15 12
17 27
17 45
17 20
17 35
19 50
20 3
25 44
27 8
28 15
26 23
31 40
33 10
38 32
48 37
48 26
47 20
51 2
52 10
54 22
54 42
53 17
54 38
55 4
57 49
59 28
61 43
63 27
67 54
65 71
64 63
68 11
69 34
70 89
69 14
71 45
70 26
73 69
73 96
75 60
71 80
73 87
78 64
75 53
77 28
76 16
79 0
79 46
78 94
77 7
79 88
83 35
81 55
81 44
83 65
85 77
84 23
83 73
81 99
84 15
82 8
85 29
90 21
90 0
90 82
89 48
92 99
92 77
93 91
92 7
92 62
91 30
94 85
97 55
97 6
98 69
95 46
99 78
99 15
99 32
