# Penalty: 35535.6538692003
# Penalty:  35535.6538692003
107
0 30
55 45
27 20
15 5
68 69
62 97
15 83
40 54
1 22
30 96
12 77
53 90
54 66
67 83
14 95
28 44
58 35
60 43
41 44
83 63
15 32
49 52
16 60
84 18
66 13
43 89
98 52
69 44
91 75
44 72
61 89
77 73
96 28
37 21
52 22
30 6
18 44
98 72
66 30
47 18
0 98
72 32
18 34
74 51
2 59
10 40
40 27
55 81
67 91
46 92
96 6
76 48
76 64
33 14
6 25
38 0
75 88
32 35
32 40
80 18
90 49
29 88
35 69
44 13
60 7
81 3
88 34
90 59
25 49
21 66
23 24
42 50
85 78
50 37
80 33
84 10
10 56
23 20
40 71
39 73
59 75
98 23
8 18
44 34
73 37
26 81
90 89
10 80
61 59
87 41
11 63
98 98
54 76
8 96
67 5
0 51
68 60
31 21
96 87
91 65
82 77
9 32
51 18
96 18
12 11
36 59
52 95
