# Penalty: 37760.10982576159
# Penalty:  37760.10982576159
113
67 59
94 58
86 72
63 52
82 87
74 25
72 39
36 88
49 15
42 64
59 83
17 71
54 40
57 69
16 97
68 78
78 46
53 88
24 24
44 38
75 20
9 18
43 49
17 33
11 37
17 5
20 85
93 26
86 92
96 88
92 30
69 79
45 22
94 5
47 72
83 81
14 23
64 10
35 12
28 61
32 4
12 83
18 99
79 24
28 87
31 73
52 22
91 1
23 68
28 71
78 96
58 36
1 63
33 79
95 73
68 2
9 75
92 97
33 47
44 92
93 44
30 13
46 8
15 13
88 26
20 89
41 8
14 56
67 32
43 57
74 64
38 25
2 7
65 7
39 35
40 39
4 39
99 66
91 67
61 91
71 11
2 36
7 50
80 10
3 68
80 38
50 7
18 38
45 76
6 22
87 40
28 54
88 53
57 45
49 99
64 97
25 33
24 51
59 25
34 93
71 64
60 61
12 51
13 90
8 65
42 53
74 82
26 47
31 32
54 74
18 64
58 55
71 49
