# Penalty: 36239.34004916388
# Penalty:  36239.34004916388
113
35 73
87 62
4 85
32 95
34 99
42 55
18 4
53 73
58 69
4 20
49 16
10 0
81 20
53 30
60 6
56 54
28 14
74 98
72 5
56 35
26 58
3 51
41 47
29 20
27 66
71 26
91 7
65 55
43 41
46 91
36 7
94 71
64 3
99 12
69 79
79 53
96 31
8 91
14 20
97 50
11 98
78 0
77 11
64 83
91 26
73 60
97 41
58 27
69 69
30 29
16 76
65 97
78 91
49 80
37 49
57 13
26 62
26 36
12 56
58 20
0 86
58 49
97 85
62 73
12 48
42 13
79 74
2 12
70 41
62 41
82 29
78 46
97 57
95 16
35 15
72 17
55 21
30 75
59 59
0 36
9 75
11 23
88 80
86 15
43 1
11 38
21 48
23 90
60 92
44 84
83 48
2 71
88 2
68 38
16 42
4 60
40 39
45 61
30 80
92 36
38 32
41 64
29 0
84 51
16 72
58 99
43 18
50 0
16 93
72 84
35 78
0 40
92 90
