# Penalty: 32467.161068645913
# Penalty:  32467.161068645913
104
50 40
37 90
33 34
82 93
47 73
44 51
27 11
94 17
1 55
74 7
57 88
95 55
89 53
51 82
99 31
17 21
90 93
24 98
77 99
31 20
38 49
5 30
84 33
72 16
65 38
52 68
45 17
88 52
23 56
9 9
66 59
33 6
30 62
69 99
41 1
78 85
0 39
74 55
38 67
37 83
9 60
81 11
13 84
75 66
72 80
1 92
17 55
52 24
56 72
78 32
91 23
96 90
11 40
45 63
94 66
66 67
98 3
69 21
24 5
80 68
31 81
3 22
60 6
80 38
63 74
15 90
26 73
41 10
31 44
88 97
50 17
67 88
90 5
99 82
80 64
17 73
74 94
29 95
23 88
90 83
23 49
55 97
81 53
8 54
43 89
95 49
37 50
94 37
97 10
65 3
54 48
13 33
66 19
86 19
46 26
17 75
86 69
9 98
27 2
99 63
36 75
29 36
43 96
24 22
