# Penalty: 36475.67932533599
# Penalty:  36475.67932533599
110
86 7
0 41
18 39
14 67
3 11
60 98
93 15
9 74
98 6
57 22
30 21
49 52
29 95
79 39
15 11
59 51
40 43
32 65
20 20
95 67
31 85
14 93
81 78
26 0
84 55
44 14
40 65
66 42
20 3
70 69
10 31
61 65
27 28
38 73
24 34
35 3
3 58
41 59
1 0
65 36
42 37
84 76
95 92
95 46
42 98
16 89
30 17
94 72
75 71
76 97
57 89
56 36
91 56
26 59
63 50
84 82
2 78
72 39
25 44
43 2
38 51
72 90
73 55
61 1
66 19
43 23
71 96
99 24
0 14
81 15
84 31
81 45
47 84
46 38
87 22
72 4
29 14
4 43
21 44
46 70
86 16
67 85
52 1
32 99
13 24
30 75
76 31
56 32
47 23
94 39
57 95
98 53
51 66
57 79
48 20
1 61
98 77
80 47
15 96
19 59
31 31
69 64
10 57
64 9
67 47
25 65
56 70
35 14
7 14
94 29
