# Penalty: 34266.60949711025
# Penalty:  34266.60949711025
107
68 49
68 69
84 73
37 94
98 69
34 86
80 41
33 80
54 80
92 69
32 27
4 41
74 63
50 12
61 7
85 12
21 64
29 52
6 7
4 23
40 85
50 30
95 23
40 35
35 21
76 35
7 98
43 49
86 83
81 88
96 94
58 88
5 91
14 20
23 95
51 48
44 99
24 86
61 74
1 68
41 68
53 72
60 55
42 25
29 95
71 9
86 20
85 5
19 42
29 44
31 13
92 33
57 25
7 50
89 94
1 37
58 46
15 94
65 37
8 84
99 2
92 7
27 69
37 10
36 58
82 48
94 61
65 89
35 49
81 19
32 35
96 50
99 9
51 95
59 32
42 16
59 98
78 86
12 28
40 1
67 23
63 84
9 56
72 89
12 78
81 55
78 4
78 27
66 51
70 71
21 47
56 7
45 95
69 97
18 20
30 6
46 68
45 35
23 39
75 71
43 61
2 70
28 21
77 13
94 40
96 55
3 55
