# Penalty: 34757.944488579014
# Penalty:  34757.944488579014
111
14 21
70 13
26 61
64 23
84 40
99 67
86 19
4 55
96 95
73 26
19 53
81 4
42 70
90 55
99 27
3 94
30 6
63 37
59 30
93 81
83 49
12 81
90 27
37 51
19 48
62 59
34 58
38 0
41 79
44 13
3 70
68 51
94 19
76 9
50 57
85 85
61 84
50 68
77 99
45 78
0 72
12 17
60 80
19 63
43 23
98 98
74 76
29 34
55 76
15 89
12 2
33 54
4 46
44 3
87 35
8 84
68 82
97 77
51 50
27 76
23 77
61 6
88 88
45 63
70 33
4 7
91 5
76 66
50 16
36 25
50 27
20 34
65 65
35 92
12 46
96 59
4 80
3 61
85 69
71 99
5 37
59 51
74 47
30 14
35 40
74 91
29 87
3 99
92 52
91 98
82 90
70 18
20 14
43 38
71 3
34 49
27 28
27 99
57 98
51 94
13 35
56 14
95 75
83 25
23 69
42 99
89 41
95 3
20 94
41 84
49 41
