# Penalty: 69862.58941803941
# Penalty:  69862.58941803941
164
0 0
0 5
1 14
1 19
0 29
0 33
2 43
38 77
1 57
88 1
0 72
0 75
2 86
2 92
9 50
8 0
6 5
5 14
6 20
10 30
8 34
9 44
7 58
7 64
64 60
9 78
10 85
7 93
94 61
15 1
17 6
15 16
17 23
53 84
15 37
85 84
16 46
18 55
14 64
74 70
16 80
16 81
33 99
30 37
24 0
26 7
21 14
24 21
26 28
23 36
24 42
23 51
26 56
22 65
24 68
23 79
25 84
24 94
22 99
33 0
32 4
29 14
32 23
30 29
32 39
33 51
32 54
30 65
33 69
32 80
34 84
40 0
40 5
40 16
42 21
38 36
39 41
40 51
47 97
40 66
40 67
98 56
40 94
40 99
49 0
49 5
45 14
47 22
47 29
46 37
50 44
47 48
79 65
47 64
50 68
49 78
48 87
54 6
58 20
56 26
53 35
53 42
54 49
59 56
54 61
54 70
56 75
54 93
57 98
67 0
64 4
62 13
61 21
65 27
66 36
66 41
64 51
61 56
64 71
66 78
66 85
65 93
88 40
74 5
74 15
75 21
70 35
69 42
75 49
89 70
70 76
70 85
70 92
71 99
83 0
90 30
77 14
79 29
82 34
82 43
78 50
78 56
82 84
83 91
83 98
88 16
90 20
85 35
90 55
88 66
98 28
86 92
86 99
98 0
98 6
94 14
95 21
98 36
99 42
97 51
98 77
98 84
99 91
99 98
