# Penalty: 36537.70542063205
# Penalty:  36537.70542063205
112
24 61
1 95
19 47
43 52
3 65
37 66
66 60
79 80
69 91
27 22
5 89
78 34
58 55
48 33
24 81
69 76
77 89
62 4
91 40
19 97
17 40
37 2
68 66
80 64
29 1
42 61
35 99
81 4
77 20
90 0
61 88
52 96
80 12
6 96
95 69
97 38
27 13
11 3
52 61
11 68
71 37
29 50
18 25
10 60
96 90
4 11
83 96
9 52
88 5
65 68
89 68
43 17
3 28
78 28
19 85
34 41
66 16
92 22
57 40
53 76
80 49
83 42
41 33
53 41
96 25
10 70
13 46
13 18
36 91
31 36
95 88
85 78
43 6
88 91
41 52
0 82
38 76
72 51
38 38
14 75
18 10
65 52
64 32
41 84
61 81
28 66
99 58
27 85
28 59
47 80
5 98
4 47
93 19
2 56
22 90
28 77
10 34
88 49
88 10
18 2
82 63
0 80
61 24
43 47
56 97
32 22
99 52
50 99
85 56
32 7
57 49
86 35
