# Penalty: 36154.34968828594
# Penalty:  36154.34968828594
110
99 79
72 15
90 32
73 99
20 57
75 30
70 82
67 44
14 38
92 14
92 53
1 52
20 92
81 16
47 73
97 7
15 20
69 29
68 33
97 31
1 29
4 67
20 84
59 32
52 49
55 26
71 1
21 33
11 56
23 15
35 64
63 72
43 16
12 2
83 30
56 78
87 71
84 86
6 52
21 51
69 89
33 78
29 95
45 36
68 96
2 77
43 88
19 18
42 8
28 39
86 40
89 89
98 17
5 56
96 6
58 18
37 83
21 7
49 65
79 34
20 36
34 39
94 69
27 54
24 22
58 56
27 5
11 16
95 41
56 10
22 68
9 74
38 53
9 96
53 41
54 97
70 85
42 80
6 81
82 97
86 16
8 71
71 4
0 47
13 88
38 94
81 58
57 47
38 16
42 51
61 29
53 17
91 95
73 61
39 69
24 75
84 79
5 1
27 32
35 24
22 89
53 71
69 67
40 98
9 41
0 6
77 44
26 1
33 19
53 92
