# Penalty:  34716.85490310734
107
82 80
10 91
30 62
74 21
67 59
19 4
73 7
25 15
45 74
71 29
92 94
99 32
75 2
93 5
41 52
31 68
64 81
1 79
98 64
70 2
18 88
80 76
64 25
3 70
1 25
29 6
56 48
56 76
56 59
90 28
32 13
64 15
49 82
47 65
83 66
16 32
66 33
30 75
48 44
36 91
40 32
77 35
59 73
87 80
37 53
91 11
56 23
70 97
98 15
25 45
8 70
59 11
41 46
70 38
48 4
39 60
56 95
70 55
96 86
42 83
58 38
7 52
74 92
39 18
85 95
4 84
2 4
0 18
26 89
19 28
71 89
92 19
98 70
52 67
38 98
0 94
68 6
8 17
92 55
8 66
31 47
84 42
34 33
78 18
43 68
79 42
23 67
49 97
55 43
21 82
53 11
47 25
21 60
35 36
96 25
82 56
0 39
32 82
36 15
98 40
25 53
89 1
57 90
22 19
79 27
77 95
5 1
