# Penalty:  33709.03584093115
105
97 15
34 39
1 42
59 25
78 2
29 35
87 85
25 42
20 48
91 76
1 73
51 81
51 96
82 30
16 4
76 75
50 36
66 71
19 99
89 69
15 76
54 39
68 31
13 34
19 68
2 58
41 9
34 68
80 93
76 48
63 0
36 24
61 86
11 8
76 86
16 20
60 19
57 59
13 96
71 97
72 34
43 28
25 9
36 77
19 92
50 53
29 46
16 24
21 51
35 10
86 45
87 34
13 86
45 74
7 35
25 0
26 67
91 20
78 96
92 29
67 80
2 19
64 56
75 66
27 88
94 99
63 17
51 73
22 18
30 74
33 16
61 63
69 48
8 57
5 41
77 16
88 51
98 62
92 6
34 45
7 60
19 83
84 60
46 80
43 93
43 57
15 38
33 4
66 3
32 60
81 81
97 69
59 48
1 78
98 36
30 21
50 9
78 21
99 55
91 14
21 62
67 85
94 92
40 63
37 91
