# Penalty: 40480.79989974667
# Penalty:  40480.79989974667
117
0 0
0 15
0 24
0 30
0 71
1 55
1 75
2 60
2 86
3 39
3 66
5 97
8 12
8 42
11 83
13 8
13 36
13 65
15 71
16 4
16 45
16 80
18 65
18 89
19 31
20 1
21 51
22 8
23 36
24 17
24 45
24 59
25 87
27 33
28 79
28 95
30 11
30 49
30 52
31 72
32 18
32 25
33 75
36 91
37 2
37 11
37 97
38 40
39 60
41 39
42 98
43 25
44 6
45 15
45 43
45 66
45 84
46 0
46 85
47 59
49 79
50 32
51 19
51 85
51 96
53 57
55 63
56 34
58 49
58 77
59 44
61 3
61 5
61 29
62 9
63 75
65 82
65 90
66 64
66 83
67 97
68 3
68 50
69 17
69 22
70 36
72 38
73 13
73 38
74 22
74 57
76 3
76 36
77 17
77 39
78 36
79 72
80 74
80 90
81 95
83 81
83 98
84 4
84 67
85 3
86 13
86 48
87 42
88 52
91 59
92 48
93 0
93 15
94 68
94 96
96 31
98 75
