# Penalty:  36710.38598203649
112
16 14
64 53
22 88
55 28
65 44
46 95
12 48
34 76
12 59
54 5
30 19
37 25
43 65
2 85
69 78
5 5
68 35
99 62
22 44
79 16
12 3
71 9
65 92
80 62
61 84
88 17
84 70
0 56
15 11
34 98
13 66
83 31
92 24
98 81
29 41
49 35
12 42
51 41
35 8
35 69
68 99
13 25
10 17
74 42
26 49
49 7
32 55
91 77
70 68
77 76
50 11
93 95
36 84
24 80
84 62
83 8
99 11
79 90
20 72
0 19
40 50
73 97
49 51
93 98
93 48
51 85
97 30
1 99
7 80
17 86
54 56
3 70
41 80
41 75
97 54
4 22
19 95
36 14
26 97
11 32
35 62
40 90
87 92
69 27
0 93
79 45
31 48
95 9
28 63
32 28
70 1
40 32
63 71
6 39
1 79
40 95
29 22
49 66
46 51
87 1
78 22
19 66
6 46
51 21
82 56
17 30
5 94
69 49
57 86
54 71
63 30
79 38
