# Penalty:  35281.89323776749
108
65 1
47 66
46 8
61 72
69 48
69 80
76 64
45 59
38 65
42 80
19 53
0 15
24 9
20 67
6 29
92 81
34 93
3 67
72 24
82 3
9 85
18 38
91 23
19 31
70 40
16 70
56 74
13 67
58 90
55 56
76 16
66 84
29 18
77 25
26 26
81 90
70 56
93 45
52 42
86 95
58 19
82 67
84 76
99 25
41 90
66 37
77 46
54 10
55 86
67 18
96 16
24 33
88 16
35 77
26 55
28 99
48 90
80 39
72 97
13 44
27 89
14 81
43 31
28 79
85 81
36 44
78 98
63 9
95 95
62 23
11 3
25 0
88 8
42 97
68 65
14 34
37 16
57 48
99 41
98 75
91 66
34 85
49 16
43 73
95 37
40 27
61 33
7 5
49 51
91 55
1 88
8 21
15 17
13 18
84 41
34 49
12 53
53 21
2 78
51 0
39 30
79 91
14 97
95 89
69 10
32 13
31 63
56 37
