# Penalty: 40521.866483577636
# Penalty:  40521.866483577636
115
0 36
0 80
0 89
1 16
2 51
2 55
3 31
4 98
8 68
9 31
9 38
10 76
13 45
14 22
14 40
14 91
15 3
15 63
16 59
16 77
18 17
18 97
20 9
21 58
22 64
22 90
23 0
23 82
24 75
25 37
26 30
28 44
28 51
29 69
31 85
33 10
33 99
34 49
34 64
35 27
35 38
37 1
38 67
40 10
40 26
40 59
40 74
42 45
43 0
43 26
44 38
48 17
48 52
48 62
48 71
49 13
50 55
51 92
51 99
52 33
53 39
54 15
54 23
54 72
54 84
56 6
56 40
56 50
56 68
60 36
64 56
66 63
67 34
67 88
68 16
68 24
68 71
68 78
68 94
69 34
69 87
70 2
70 49
71 56
72 10
72 73
76 28
77 91
78 14
80 44
81 32
81 65
81 90
82 98
83 8
83 37
84 73
85 79
86 0
86 62
87 14
87 69
88 37
89 77
90 54
91 92
92 19
93 27
93 55
94 47
95 59
96 91
97 26
97 33
99 6
