# Penalty: 34043.196626218494
# Penalty:  34043.196626218494
105
26 76
85 50
90 31
62 35
24 8
7 46
36 78
85 72
96 60
41 43
22 44
32 61
39 68
62 77
79 54
25 17
47 5
99 74
48 63
61 21
20 32
42 76
0 82
34 54
62 10
9 83
73 87
99 68
34 28
47 35
90 56
8 62
21 75
42 19
94 42
72 21
14 49
41 50
6 30
56 36
72 94
99 51
1 22
85 78
28 22
12 87
13 56
77 79
11 16
76 39
61 1
71 11
44 28
37 93
68 44
36 39
45 5
45 81
27 67
3 11
59 86
65 50
28 34
78 0
18 46
77 95
23 3
84 86
38 92
68 35
3 36
82 34
52 89
59 88
57 19
2 97
60 94
23 85
3 2
78 25
76 16
65 6
14 32
99 27
28 57
19 18
33 19
0 50
60 71
1 75
46 10
86 12
62 42
39 23
63 62
3 68
59 57
14 61
23 72
91 70
48 79
26 91
72 63
46 49
41 95
