# Penalty:  34394.899863524595
109
8 98
26 47
62 74
82 29
42 65
77 73
14 26
95 66
87 41
76 30
64 42
90 80
47 72
19 13
87 86
88 16
96 3
70 15
23 37
70 49
2 21
17 74
35 22
96 97
40 72
53 4
40 57
55 87
89 3
98 50
80 94
97 76
42 19
51 34
4 82
16 60
51 99
3 96
9 3
76 89
29 29
68 83
66 49
48 0
56 61
6 39
50 49
35 99
55 77
0 2
20 2
93 58
40 50
62 90
22 92
86 65
64 24
23 77
31 55
61 7
26 4
5 5
27 87
41 86
72 64
56 72
16 50
56 55
65 35
90 33
80 70
75 99
81 44
62 18
34 1
51 27
8 19
27 92
28 15
84 56
10 47
21 45
81 15
2 49
37 29
37 36
0 37
81 6
98 30
1 64
83 79
31 76
67 0
92 82
55 98
87 51
71 20
57 21
8 90
3 87
55 35
38 41
62 68
44 86
25 61
14 32
13 76
12 68
91 91
