# Penalty:  33534.527745966065
104
89 18
24 53
18 73
71 87
8 83
77 57
36 12
80 3
50 85
56 16
85 90
0 71
9 75
78 37
79 11
37 93
98 82
87 54
83 21
19 60
28 36
73 29
26 27
11 4
32 41
48 52
95 5
89 1
70 9
70 62
11 22
33 21
63 12
34 72
44 72
16 8
5 30
51 94
57 79
74 45
89 80
44 98
77 64
49 3
91 66
35 35
28 18
5 20
78 7
55 59
36 86
42 65
98 53
0 86
46 37
96 72
45 81
63 55
75 23
15 42
35 5
40 28
53 51
31 82
2 94
91 91
85 62
96 27
47 43
33 57
88 84
65 96
64 4
74 72
10 67
2 49
47 27
24 99
60 36
53 22
82 40
59 97
16 88
64 88
68 27
50 66
43 8
48 12
7 99
27 68
29 25
18 36
68 48
14 17
61 21
10 49
64 46
74 78
8 90
62 63
44 89
96 96
0 6
99 55
