# Penalty:  36222.63052653687
111
29 75
43 34
90 36
58 70
51 35
72 2
35 10
84 2
67 84
31 13
40 60
59 86
71 8
74 22
58 32
71 43
51 27
93 22
46 1
14 5
68 38
96 15
17 76
12 98
78 71
32 77
60 18
93 72
12 40
93 63
28 91
59 85
26 10
13 55
47 8
20 24
33 98
70 22
23 96
20 36
44 68
63 56
23 50
11 13
72 92
3 44
97 95
90 53
15 31
63 47
87 57
56 41
17 83
89 28
2 14
39 53
78 44
88 95
30 70
56 13
69 52
2 37
44 87
39 91
14 84
86 11
74 97
57 48
64 70
72 61
17 15
30 8
42 23
45 20
1 54
97 77
81 48
36 84
9 69
29 36
53 67
72 58
65 1
99 49
79 62
81 81
49 96
81 13
50 82
97 23
99 42
0 61
16 69
28 51
58 62
72 36
3 82
0 68
37 36
28 50
36 68
52 46
72 30
28 24
50 74
10 2
63 99
99 57
44 99
27 99
97 0
