# Penalty: 39223.6673575501
# Penalty:  39223.6673575501
114
0 0
0 5
0 23
0 35
0 90
2 14
2 20
2 53
3 75
4 69
7 60
8 17
9 46
10 52
10 68
11 78
12 34
14 9
14 32
14 93
16 23
18 53
18 76
18 85
19 39
20 4
20 67
22 14
23 6
23 91
25 23
27 65
29 63
30 85
30 97
31 28
31 91
34 6
35 33
36 3
36 65
36 81
37 23
38 95
40 4
40 12
40 51
43 37
43 68
45 82
47 90
49 34
49 38
50 2
51 19
51 87
52 12
52 96
56 47
56 62
57 5
57 67
57 73
59 79
60 53
63 39
64 25
64 74
65 0
66 28
66 95
67 60
68 14
69 95
71 79
71 89
72 43
73 3
73 28
73 63
73 74
75 0
75 48
75 99
76 15
76 82
77 62
78 92
79 76
79 84
81 67
82 28
82 33
83 60
83 98
84 28
84 65
85 19
89 7
89 42
90 78
91 57
91 92
92 22
92 53
92 87
93 77
97 6
97 44
97 53
97 95
98 30
98 72
99 20
