# Penalty:  32179.118218629545
104
79 80
56 72
47 0
39 59
75 50
34 17
73 32
64 39
48 90
10 21
33 2
25 42
44 85
74 8
63 25
37 10
61 99
83 31
65 66
13 52
97 91
1 85
81 57
24 74
44 54
78 94
59 25
92 69
32 62
65 6
95 49
77 24
57 62
27 0
9 98
46 31
40 25
39 92
41 68
44 45
32 37
63 85
0 11
16 70
70 80
83 98
9 42
16 20
46 8
91 11
14 28
10 17
86 26
75 66
35 76
87 17
35 84
18 56
63 17
6 48
97 27
14 6
20 2
24 25
55 86
48 40
77 14
75 43
1 62
81 91
68 46
41 99
30 77
88 3
5 77
6 67
61 47
96 87
8 83
99 35
78 0
48 22
20 65
90 46
68 99
95 21
41 48
50 72
56 4
27 34
32 12
0 7
45 97
74 86
2 33
67 60
97 76
29 82
26 52
41 63
37 31
26 98
48 16
18 6
