# Penalty: 44197.23609472856
# Penalty:  44197.23609472856
109
0 0
0 49
1 78
2 12
2 31
2 57
3 42
3 93
7 86
8 26
8 67
8 80
9 39
9 62
10 4
10 14
13 21
14 39
14 74
18 57
18 87
21 8
21 45
22 73
24 18
24 34
25 93
26 67
29 98
30 46
30 55
31 12
33 41
33 64
35 4
35 99
36 86
37 75
38 56
39 21
39 68
39 99
40 41
42 4
42 12
43 74
43 80
43 91
44 38
45 23
46 59
46 74
47 16
47 41
48 94
49 34
50 11
50 66
52 50
55 59
58 45
60 5
60 37
61 84
63 27
64 55
65 0
65 89
66 64
67 99
69 9
69 15
69 29
69 74
70 50
72 1
72 84
73 39
73 50
74 68
76 24
78 32
78 67
79 56
81 0
81 13
83 43
84 75
84 95
85 2
85 29
86 47
86 65
86 81
87 39
87 57
88 72
91 99
92 21
92 85
93 56
94 13
94 32
95 65
99 12
99 27
99 58
99 75
99 88
