# Penalty: 39178.23782723351
# Penalty:  39178.23782723351
114
0 78
0 83
2 24
2 53
3 3
3 45
4 1
5 15
7 81
9 43
9 63
11 29
11 54
14 12
14 79
16 21
16 26
16 97
17 56
18 5
19 42
20 7
20 87
21 79
22 51
22 93
25 42
26 31
26 61
28 84
29 14
29 67
29 98
30 22
31 68
31 99
32 32
32 48
33 37
34 2
34 18
35 54
35 64
35 85
37 73
40 12
41 49
41 90
42 5
42 20
42 59
42 85
44 40
46 26
47 36
49 98
50 51
52 63
54 57
55 47
56 9
56 25
57 92
58 11
58 39
58 66
59 88
60 17
60 83
61 3
62 33
62 41
62 80
63 74
66 26
66 67
70 20
71 91
72 6
72 31
72 61
74 14
74 46
74 65
76 77
76 84
76 99
78 0
78 27
78 70
79 60
81 42
82 19
82 34
86 28
87 59
88 13
90 87
91 7
91 80
91 99
92 54
92 73
93 90
94 26
95 0
95 81
96 14
96 31
96 40
96 64
98 47
98 74
99 87
