# Penalty: 41394.234145984956
# Penalty:  41394.234145984956
112
0 32
1 50
2 18
2 58
3 84
4 57
5 75
6 11
7 43
7 82
8 18
10 97
11 75
12 40
13 24
16 65
17 32
17 95
18 81
21 38
23 10
23 60
24 15
25 76
25 95
26 53
27 29
28 69
29 23
29 58
31 76
31 98
32 55
33 71
34 91
35 41
36 81
37 7
39 27
39 37
39 46
40 96
41 11
42 89
43 20
45 82
48 52
48 89
49 40
49 75
50 21
53 23
53 30
53 38
56 67
56 93
57 73
58 9
58 53
58 88
59 24
60 71
61 78
62 47
62 49
63 32
64 48
64 99
65 85
66 8
66 66
67 10
67 40
68 24
69 75
71 15
73 23
74 37
74 96
75 55
75 70
75 81
76 10
76 50
78 16
79 19
79 30
79 86
79 95
80 50
80 76
82 50
82 58
82 94
83 36
84 44
86 12
86 29
87 90
88 64
91 73
92 11
93 16
93 28
93 90
96 52
96 67
97 59
98 37
99 23
99 51
99 83
