# Penalty: 36032.59541177728
# Penalty:  36032.59541177728
105
0 1
0 9
0 17
0 25
0 33
0 41
0 49
0 57
0 65
0 75
0 83
0 90
0 95
10 1
10 80
10 95
11 10
11 18
11 26
11 34
11 42
11 50
11 58
11 66
11 74
11 86
27 88
28 2
28 10
28 18
28 26
28 34
28 42
28 50
28 58
28 66
28 74
28 82
28 94
38 12
40 1
40 18
40 26
40 34
40 42
40 50
40 58
40 66
40 74
40 82
42 6
42 90
42 98
48 14
48 22
48 30
48 38
48 46
48 54
48 62
48 70
50 1
50 78
50 86
50 95
53 8
58 10
58 18
58 26
58 34
58 42
58 50
58 58
58 66
58 74
58 82
60 1
60 91
60 99
70 1
70 74
70 87
70 95
71 10
71 18
71 26
71 34
71 42
71 50
71 58
71 66
72 80
87 88
88 2
88 10
88 18
88 26
88 34
88 42
88 50
88 58
88 66
88 74
88 82
88 94
