# Penalty: 38694.1475263686
# Penalty:  38694.1475263686
104
0 3
0 22
0 57
0 76
0 82
1 29
2 86
4 34
4 43
4 97
6 53
8 6
8 58
9 72
10 15
10 39
10 81
11 92
16 73
17 59
17 93
19 46
19 87
20 0
21 4
21 13
21 36
21 53
25 94
27 79
28 45
29 67
30 0
31 23
32 44
35 73
36 35
36 60
36 83
37 94
38 21
38 26
38 69
39 45
41 5
41 23
44 71
44 88
47 0
47 10
49 62
52 44
52 99
53 3
53 27
53 33
53 60
53 75
55 68
55 88
56 76
57 79
59 47
61 59
62 29
64 96
68 13
68 79
69 9
69 68
70 56
70 83
71 91
73 66
74 6
74 50
74 74
74 84
77 38
77 61
78 0
78 21
78 83
79 95
80 37
80 78
83 70
86 26
89 62
90 10
90 92
92 4
92 20
92 43
94 73
95 55
96 48
96 94
97 35
97 84
99 0
99 16
99 27
99 62
