# Penalty: 118524.69110317083
# Penalty:  118524.69110317083
202
0 5
0 20
0 28
0 35
0 43
0 50
0 55
0 71
0 76
0 83
0 92
0 99
1 64
3 14
4 0
4 21
4 28
4 49
4 70
4 91
4 98
5 35
5 40
5 77
5 82
6 56
6 63
13 14
13 65
14 0
14 7
14 29
14 51
14 57
14 70
14 79
14 85
14 94
15 43
16 36
17 21
18 7
18 14
19 0
19 28
19 85
20 21
20 42
20 50
20 57
20 71
20 78
20 99
21 36
21 64
21 92
26 21
27 15
27 35
27 64
28 1
28 6
28 49
28 55
28 71
28 78
28 86
29 29
29 44
30 95
33 5
33 36
33 93
34 28
34 70
34 85
35 14
35 20
35 50
35 57
35 78
35 99
36 43
41 21
41 36
41 42
41 65
42 0
42 7
42 16
42 50
42 56
42 72
42 82
43 30
48 0
48 5
48 29
48 35
48 58
48 63
48 71
49 14
49 21
49 49
49 77
49 85
49 92
50 44
50 99
53 93
54 30
54 58
54 84
55 22
55 44
55 64
55 72
56 1
56 6
56 36
56 78
57 16
57 50
61 22
62 4
62 36
62 57
62 64
62 99
63 15
63 43
63 50
63 71
63 78
63 93
64 29
68 86
69 65
69 71
70 0
70 8
70 29
70 37
70 42
70 57
70 79
70 96
71 15
71 22
76 5
76 21
76 56
76 65
76 85
77 0
77 35
77 42
77 50
77 70
77 79
77 99
78 28
82 0
83 48
83 55
83 63
83 85
84 6
84 15
84 33
84 34
84 41
84 70
84 77
84 93
90 6
90 70
90 93
91 36
91 51
91 77
91 84
92 0
92 21
92 56
92 99
93 14
93 44
94 28
97 0
97 22
97 50
98 14
98 29
98 36
98 69
99 43
99 58
99 65
99 82
99 86
