# Penalty: 42598.07568985768
# Penalty:  42598.07568985768
120
0 25
1 18
1 37
1 69
2 9
2 43
2 99
3 84
4 83
6 38
6 97
8 10
8 64
9 2
9 13
9 49
10 58
14 23
14 31
16 98
17 16
18 81
19 61
21 46
21 53
22 19
22 84
23 1
23 75
24 79
26 15
28 50
30 34
30 62
31 8
31 18
31 72
31 99
33 15
33 57
34 92
34 94
35 30
35 63
36 48
37 21
38 1
38 36
38 85
41 7
41 28
42 43
45 71
46 13
46 21
47 63
48 94
48 97
49 56
50 77
51 28
52 0
52 7
52 20
52 56
52 86
53 42
54 14
54 34
55 50
57 79
60 89
61 7
62 37
62 69
62 85
63 54
64 22
64 96
65 62
66 76
67 23
68 56
68 68
69 17
69 40
70 61
70 71
76 64
77 85
77 97
79 0
81 26
81 74
81 99
82 51
82 59
82 79
83 20
83 36
83 45
84 29
87 65
88 13
88 21
91 80
91 88
92 62
93 4
93 48
95 83
96 1
96 87
97 19
97 37
97 43
97 54
97 93
98 23
98 63
