# Penalty: 45353.28014382869
# Penalty:  45353.28014382869
119
0 9
0 50
0 89
1 34
2 96
3 82
4 70
4 74
6 11
6 49
6 56
7 35
8 25
8 77
9 32
10 67
11 18
12 7
13 71
14 40
16 93
17 81
18 96
20 2
21 7
21 18
21 55
23 27
24 32
24 38
24 70
25 37
26 6
26 56
26 84
27 46
27 93
28 0
28 22
28 67
29 14
29 46
32 97
33 43
34 50
35 25
35 81
37 17
38 7
38 34
39 64
40 56
41 50
42 1
42 40
42 82
42 90
44 15
44 39
44 68
48 47
50 22
50 55
51 0
51 28
52 97
53 83
55 54
55 72
56 7
56 35
56 51
59 59
59 80
60 11
60 85
60 96
61 69
63 36
64 6
65 30
66 63
66 98
67 8
68 82
69 22
70 50
70 68
71 67
72 0
72 57
72 88
73 14
74 95
76 21
76 39
77 50
79 16
79 19
79 70
80 64
81 35
82 42
82 98
83 79
86 5
86 49
87 65
88 57
88 72
88 91
90 86
94 12
94 44
95 20
95 30
99 37
99 81
99 90
