# Penalty: 39271.63934751505
# Penalty:  39271.63934751505
111
0 55
0 92
1 39
2 30
3 22
5 53
6 95
9 9
9 44
9 60
12 81
13 33
14 58
15 73
15 91
16 75
17 21
21 87
22 22
23 4
23 47
23 56
24 99
25 1
26 15
26 73
27 37
28 83
29 95
30 5
31 19
31 44
31 62
32 33
33 78
35 85
37 47
37 50
37 92
38 67
39 0
39 93
40 5
41 87
42 14
42 53
43 73
43 88
45 47
45 63
46 21
47 31
49 82
50 40
51 17
51 23
51 72
53 46
55 86
55 97
58 71
60 6
63 74
63 85
65 3
66 19
66 37
66 59
66 67
67 23
67 88
69 99
72 16
72 80
74 4
74 55
75 35
75 66
76 97
77 83
77 84
80 42
80 64
80 68
81 11
81 53
81 91
81 97
84 30
86 19
87 97
88 50
89 15
89 53
90 5
90 23
90 66
91 83
92 92
93 19
93 48
94 37
94 81
95 4
95 54
96 67
96 86
97 10
98 28
98 64
98 88
