# Penalty: 43744.982986364106
# Penalty:  43744.982986364106
117
0 0
0 39
0 60
1 13
1 77
2 10
2 60
4 43
6 15
6 74
7 57
8 31
12 93
13 24
14 41
14 97
15 66
16 12
16 88
17 59
18 0
20 20
21 37
21 45
23 29
23 63
25 14
25 44
26 0
27 58
28 80
28 96
28 97
29 22
30 26
31 31
31 75
31 85
32 3
32 60
34 17
34 67
36 74
37 10
37 53
38 67
39 43
40 39
41 59
42 2
42 37
42 98
43 23
44 11
44 68
46 18
46 25
46 84
47 39
48 62
51 70
52 1
52 34
52 53
53 76
54 70
56 36
57 51
57 93
59 0
59 99
60 81
61 22
62 87
63 35
65 8
65 18
65 67
66 42
66 45
66 49
66 82
69 64
70 35
70 68
71 96
72 4
72 89
73 55
76 31
76 72
76 96
77 39
78 40
79 14
80 47
82 44
82 77
83 32
83 54
83 75
84 7
85 83
88 16
89 24
89 61
91 93
93 38
93 68
94 31
94 52
95 15
95 45
96 20
96 74
98 6
98 77
