# Penalty:  33589.39384565558
107
66 19
4 84
27 50
84 64
9 46
54 56
98 52
40 39
57 99
69 91
53 74
64 75
64 23
15 64
90 85
88 57
99 66
50 80
6 16
74 75
61 37
29 24
4 1
72 93
35 77
84 15
39 91
25 84
25 93
97 85
67 41
11 38
83 33
11 7
39 59
89 18
21 24
3 43
36 31
43 25
98 97
12 24
33 45
33 35
68 23
98 30
26 99
58 46
38 9
22 69
93 4
49 21
54 64
43 86
25 10
28 75
56 0
27 32
30 54
59 61
41 2
94 80
82 19
79 5
26 10
47 32
11 1
18 85
48 6
3 89
36 84
99 47
98 7
15 10
56 31
14 56
95 44
15 33
81 99
60 54
58 16
39 65
2 70
48 96
33 63
68 60
82 26
54 35
20 79
59 80
45 78
91 66
10 99
81 1
0 16
7 52
61 90
76 67
65 3
95 2
7 70
24 46
50 49
75 39
34 98
16 95
23 61
