# Penalty: 38265.70392128822
# Penalty:  38265.70392128822
113
0 86
1 1
1 35
1 46
2 10
2 28
2 77
3 42
3 93
4 58
5 63
7 42
9 28
9 99
10 75
13 19
13 64
13 80
14 10
16 15
16 99
17 29
17 80
18 36
18 54
20 1
20 65
21 51
21 59
22 8
22 97
23 32
24 73
26 48
27 25
28 13
28 65
29 79
31 28
31 70
32 18
32 46
33 84
36 51
36 98
38 75
38 90
40 34
40 81
41 48
42 3
43 19
43 55
45 74
46 78
48 45
48 69
50 4
50 50
51 96
52 26
52 99
54 11
54 29
54 71
57 57
57 82
57 87
58 96
60 4
60 14
60 22
61 86
62 36
64 56
65 43
65 51
67 35
67 63
68 7
68 16
68 78
69 98
70 70
72 59
72 84
74 8
75 2
76 31
76 76
77 18
77 45
78 26
80 47
80 51
81 62
84 63
84 95
85 20
85 77
86 34
88 67
88 95
90 25
92 17
94 32
94 48
94 76
96 53
97 39
97 47
98 13
98 85
