# Penalty: 40239.921477767086
# Penalty:  40239.921477767086
118
0 21
0 33
0 52
0 67
0 77
2 5
2 31
3 38
6 8
6 47
6 97
7 36
8 79
9 22
9 65
10 17
12 86
13 45
14 56
16 4
17 31
17 40
17 62
17 92
19 54
20 11
22 23
22 76
22 97
23 1
24 84
26 18
26 37
27 50
30 0
30 23
31 65
31 83
32 39
32 45
32 69
33 98
34 64
35 7
37 75
39 0
39 4
39 34
39 82
39 98
41 58
43 49
44 28
45 63
45 79
46 78
47 54
47 70
47 94
49 71
50 13
50 18
50 46
53 32
53 39
53 92
53 97
59 12
60 52
61 27
61 95
63 79
63 85
64 5
64 30
64 53
66 25
67 82
67 99
68 68
69 39
69 70
70 0
70 66
72 18
74 33
74 50
74 55
75 41
75 97
76 73
78 57
80 20
80 92
82 54
83 85
84 5
84 61
84 97
85 10
85 71
85 77
87 69
88 24
88 32
88 47
89 6
91 44
92 84
93 29
94 50
95 77
95 98
97 11
97 89
98 21
99 57
99 61
