# Penalty: 42442.91019087122
# Penalty:  42442.91019087122
118
0 57
0 77
0 82
1 93
3 27
3 46
3 63
4 11
5 36
5 54
5 96
6 2
6 90
9 20
10 60
10 72
11 3
11 67
12 49
13 18
14 74
15 41
17 26
18 12
18 42
19 47
19 97
20 0
20 83
20 89
21 61
23 19
23 80
23 92
26 0
26 66
27 13
27 85
28 48
28 59
28 77
29 24
31 36
32 8
33 44
34 5
34 99
35 62
35 73
37 88
38 38
39 54
41 32
41 60
42 5
42 46
42 52
43 17
43 81
47 33
48 98
50 73
50 94
51 79
52 42
54 99
55 59
57 43
57 49
57 79
58 55
61 22
62 4
63 18
63 33
63 51
63 87
64 70
66 60
67 18
68 65
68 76
69 91
71 37
72 51
75 34
76 25
77 19
77 89
78 64
79 10
79 38
79 80
79 96
80 3
80 48
82 62
83 80
84 70
85 77
86 6
86 35
86 55
87 42
88 10
88 49
88 91
89 0
90 26
92 40
92 68
93 20
94 91
95 69
96 25
97 89
99 46
99 61
