# Penalty: 41815.68731962641
# Penalty:  41815.68731962641
113
0 65
0 69
1 2
2 51
3 19
3 65
3 97
5 83
8 26
8 45
8 69
8 93
11 99
13 75
13 79
14 8
14 64
15 27
15 50
16 33
16 43
17 72
19 81
21 10
21 32
21 51
22 27
25 47
25 96
27 72
28 54
28 86
30 14
31 28
31 93
32 42
32 60
34 82
35 46
36 0
37 24
37 57
38 10
38 41
39 42
42 88
43 94
44 3
45 36
45 54
45 69
46 22
46 62
47 36
47 46
49 70
53 66
54 47
55 73
56 11
56 18
56 57
56 90
60 16
60 28
60 61
60 81
61 39
61 54
62 44
63 32
63 91
65 2
65 37
65 76
66 30
68 46
68 81
70 16
71 0
71 56
72 73
72 90
73 6
74 14
74 20
74 23
74 52
74 79
75 59
77 42
78 69
79 97
82 80
83 25
83 45
83 60
83 94
84 82
86 0
86 33
87 71
88 15
89 12
89 20
90 80
94 72
95 33
97 47
98 16
98 98
99 3
99 80
