# Penalty: 41198.173339069894
# Penalty:  41198.173339069894
104
0 6
0 18
0 40
0 53
0 56
0 66
0 78
0 87
1 94
3 23
5 32
6 72
7 80
9 8
9 39
10 28
11 2
13 88
15 41
16 96
17 11
19 5
19 22
19 79
21 27
21 40
22 0
22 44
25 7
25 87
25 94
30 63
32 96
34 58
35 1
35 28
36 93
37 74
37 99
38 62
40 9
41 50
42 22
43 67
43 78
44 60
45 2
45 50
46 47
46 74
46 84
47 9
47 32
48 50
48 92
50 6
50 39
51 22
53 35
55 16
55 21
56 30
58 7
58 56
58 64
58 89
59 16
59 32
60 97
63 35
63 45
63 72
64 5
69 21
69 34
70 43
70 54
72 3
74 13
74 40
76 94
77 99
78 26
79 9
80 88
81 62
82 69
82 94
83 0
83 42
85 23
86 33
86 53
87 81
88 59
91 79
92 6
92 34
92 99
96 13
97 67
97 94
99 8
99 41
