# Penalty: 44389.411478035916
# Penalty:  44389.411478035916
108
0 0
0 34
0 46
0 71
0 79
1 55
3 23
3 49
4 90
5 14
6 62
7 37
7 54
8 81
9 31
11 23
14 96
15 6
16 16
19 93
20 54
20 65
21 36
21 48
22 24
23 8
23 88
24 15
27 2
27 96
28 14
29 51
30 24
30 72
31 33
31 91
33 58
34 35
34 65
34 97
35 55
36 5
36 43
38 22
40 11
40 46
40 63
42 80
43 0
44 20
44 37
46 60
46 74
47 33
49 21
49 43
50 90
51 6
55 34
55 50
56 45
56 95
58 10
58 59
58 68
59 89
62 10
62 40
62 61
64 1
65 43
68 30
69 36
70 74
71 86
71 98
73 0
74 3
74 26
74 32
76 54
76 61
78 99
80 27
80 66
80 86
81 3
82 39
82 74
83 19
84 46
84 61
84 70
84 91
85 6
86 0
86 53
88 22
89 80
89 92
90 72
92 10
92 61
93 98
97 24
97 93
99 46
99 60
