# Penalty: 41801.81493617548
# Penalty:  41801.81493617548
117
0 6
0 41
0 48
0 83
1 20
3 76
4 99
5 1
5 22
5 40
7 25
8 53
9 15
12 22
14 8
14 59
15 45
16 66
17 83
18 15
20 47
21 26
21 93
23 31
23 46
23 61
25 2
27 4
27 53
29 60
30 75
30 76
31 86
32 18
32 36
32 58
34 40
34 51
35 12
36 73
38 13
38 22
38 99
39 16
40 36
40 45
41 6
42 52
44 1
44 95
45 70
45 85
50 46
50 47
51 3
51 67
52 18
52 77
52 98
54 14
56 26
57 20
58 0
58 62
60 97
61 29
62 82
62 88
63 1
63 39
64 53
64 68
65 90
66 99
67 22
68 11
70 61
70 76
71 7
72 25
72 40
72 47
73 86
74 19
76 11
76 26
77 48
77 90
78 33
78 63
79 2
79 73
81 40
82 57
83 67
83 82
84 30
84 95
85 47
88 61
89 2
89 99
90 13
90 54
91 21
91 27
91 85
93 68
95 47
95 91
96 76
97 17
97 36
98 53
98 66
99 27
99 83
