# Penalty: 40546.377458642106
# Penalty:  40546.377458642106
116
0 37
0 52
0 58
1 12
1 66
3 44
3 82
5 68
9 0
10 11
11 87
12 39
12 56
12 98
14 5
15 65
16 72
17 15
17 33
17 83
18 79
19 24
21 8
21 50
23 53
24 76
26 36
26 93
26 99
27 22
28 8
29 92
30 51
30 67
31 13
31 37
32 76
33 98
35 10
36 68
37 34
37 84
38 63
39 53
39 91
40 54
42 86
43 24
43 99
44 31
44 68
45 8
45 20
46 1
47 94
50 74
51 27
51 36
51 45
51 82
52 64
55 12
55 41
56 50
58 14
58 30
58 69
59 17
59 83
59 86
60 64
61 98
63 0
63 45
63 55
65 37
66 83
67 70
68 28
69 52
70 22
70 40
71 8
71 43
71 60
71 99
72 2
72 55
73 23
73 90
74 26
77 46
77 73
79 9
79 62
81 79
82 41
84 2
85 49
85 61
86 11
88 94
89 28
91 63
92 35
92 51
93 14
94 20
94 71
96 94
97 0
97 23
97 41
97 50
97 76
98 55
