# Penalty:  32909.515980844604
105
13 10
38 35
80 16
36 54
4 8
22 53
77 49
48 80
55 18
75 65
16 42
71 36
31 76
33 85
32 28
82 91
31 48
49 99
52 38
61 34
45 73
68 66
28 69
72 73
69 80
66 96
10 20
69 0
62 19
30 93
15 34
36 71
16 95
10 82
68 88
70 14
50 44
54 84
72 21
19 9
59 55
1 16
80 79
58 99
35 18
98 82
3 85
75 35
85 53
32 99
42 50
68 32
75 97
51 52
80 58
28 56
69 51
75 7
9 93
29 8
90 94
86 15
6 54
37 51
56 15
17 86
2 99
60 12
99 2
97 19
50 75
85 1
54 58
23 88
34 12
96 89
1 1
82 26
59 92
22 69
9 98
47 27
60 65
54 33
90 69
89 32
21 72
44 89
14 57
91 6
16 0
34 33
92 46
1 32
98 97
96 31
84 49
17 0
70 36
5 68
50 2
45 66
45 3
38 26
70 46
