# Penalty:  39309.50859889056
117
80 55
91 60
25 5
11 25
0 67
65 79
12 39
26 28
2 87
63 69
21 10
23 59
89 79
40 20
69 25
18 92
86 11
34 1
35 91
5 12
25 92
91 51
30 22
84 69
16 24
48 98
73 42
47 55
12 45
10 9
18 94
41 40
32 86
67 4
65 49
7 50
65 40
51 73
3 81
60 24
76 21
65 55
88 92
48 16
53 98
91 36
77 66
98 68
12 30
29 45
40 52
39 2
99 3
1 0
36 68
2 95
51 23
74 97
8 44
50 64
59 10
85 95
25 21
79 97
47 80
2 57
27 36
11 78
11 71
39 85
68 94
11 93
35 31
62 32
98 34
79 81
1 20
21 58
37 70
83 6
50 40
50 95
16 16
55 67
53 32
48 0
30 55
44 26
2 26
16 64
99 48
19 6
52 9
55 3
15 71
17 85
31 84
97 38
32 39
54 59
5 2
82 14
82 63
64 87
51 81
68 19
0 35
22 50
99 24
34 16
69 69
70 35
73 17
99 67
90 22
80 45
99 82
