# Penalty:  38941.93334695655
116
60 16
25 83
34 25
41 10
64 27
19 88
33 57
64 2
28 90
1 39
36 3
57 53
50 6
6 2
19 47
45 45
82 28
87 14
74 7
13 48
0 54
95 21
20 77
57 86
86 28
43 67
71 50
34 62
58 10
5 40
73 61
39 58
53 13
97 73
59 0
96 33
72 87
7 87
78 1
43 0
62 55
85 81
84 0
23 71
22 33
99 5
70 34
52 28
88 57
96 90
95 96
27 30
40 78
96 27
74 40
3 0
29 1
82 83
67 86
39 42
73 73
12 62
82 44
64 72
1 63
2 31
94 10
27 9
96 81
59 79
47 72
19 56
42 94
33 43
48 91
86 92
15 40
92 95
57 96
1 22
17 54
72 65
18 78
16 13
60 37
58 62
79 37
5 61
99 57
62 93
87 67
91 71
0 98
9 26
46 36
36 48
71 92
95 43
33 83
82 21
5 78
22 97
71 54
43 88
85 53
16 71
29 65
15 19
82 60
3 7
50 68
13 92
68 20
33 98
68 68
3 64
