# Penalty:  36624.908637379456
112
71 17
52 68
89 96
59 38
87 14
80 34
34 88
80 44
18 8
69 53
0 0
49 90
99 96
16 88
67 34
90 70
96 53
44 53
34 57
63 92
21 41
30 47
88 84
43 99
95 68
23 7
45 43
62 6
2 65
69 77
11 30
53 80
85 92
28 77
90 24
6 47
65 43
0 89
57 30
20 61
82 20
91 79
72 56
51 15
41 67
63 68
71 11
32 63
4 19
93 87
16 96
94 1
14 48
16 45
29 55
21 48
17 27
54 22
49 0
5 86
37 31
2 33
9 12
23 14
38 15
72 98
74 31
30 82
13 80
43 37
96 11
50 37
8 71
1 5
3 26
73 91
56 62
77 77
81 67
29 36
27 0
97 47
38 73
35 23
95 39
40 6
99 6
77 15
40 58
91 9
3 51
3 94
88 65
35 42
55 76
97 25
54 54
90 54
44 0
95 65
7 5
5 61
27 28
14 74
85 50
76 74
41 26
76 52
57 94
67 63
24 69
71 46
