# Penalty:  36912.5450667028
111
36 86
40 49
65 4
75 24
94 92
39 64
90 15
60 51
10 14
85 68
69 40
31 35
63 33
72 8
3 54
44 99
17 52
16 61
2 18
74 86
58 92
75 49
73 72
42 34
47 81
87 0
26 73
45 43
98 49
90 36
96 12
58 59
51 76
16 20
98 19
36 45
77 67
22 76
89 84
29 28
27 42
67 37
79 6
67 71
62 12
60 57
7 3
74 56
44 63
58 1
44 57
0 77
80 50
75 42
43 88
86 94
31 50
44 27
83 62
53 74
54 44
31 20
29 89
67 18
19 11
17 36
56 27
95 70
26 56
8 23
98 28
39 6
90 26
63 84
15 29
98 3
99 64
4 46
1 96
60 19
22 48
81 13
99 55
69 46
65 26
79 94
19 70
79 27
25 68
21 98
49 92
72 2
48 36
73 81
53 43
16 97
33 78
92 42
57 83
23 34
65 96
23 7
37 13
6 77
4 62
99 85
4 30
4 9
31 0
42 96
11 61
