# Penalty:  36464.14107572736
111
5 84
69 62
37 31
0 64
57 14
15 37
53 96
63 19
65 64
21 55
43 56
91 1
34 26
88 13
26 97
26 38
10 14
6 18
0 0
35 79
52 55
9 99
59 31
49 17
31 45
34 61
98 47
51 69
69 47
95 73
20 35
50 69
76 98
79 97
53 27
72 25
99 41
81 70
70 83
39 46
84 48
44 39
52 39
56 91
87 72
71 69
14 52
13 79
55 46
9 0
37 88
21 9
2 98
63 49
0 57
40 40
21 72
92 54
32 9
97 56
16 87
77 23
74 8
87 77
90 30
91 95
28 48
20 80
76 34
49 43
59 9
74 2
72 4
83 55
20 20
47 32
80 62
99 64
16 57
62 95
14 4
83 13
94 27
44 0
96 80
35 1
44 83
36 96
16 94
0 24
68 54
27 76
1 38
66 68
44 73
35 70
77 55
98 3
36 64
47 87
43 16
97 62
72 92
93 36
25 23
75 77
60 81
45 15
1 91
13 49
31 94
