# Penalty:  140788.2386596067
205
1 1
4 4
99 30
2 6
4 10
99 22
0 18
99 14
97 5
4 22
95 0
92 98
87 94
91 90
1 21
88 84
92 82
86 76
92 70
5 30
1 30
5 36
1 37
4 44
0 46
4 52
1 58
88 68
3 60
92 62
0 62
85 62
4 69
0 70
3 76
92 54
87 53
90 45
3 78
4 85
1 91
4 94
88 44
1 98
16 2
93 40
87 38
11 3
18 5
90 35
88 28
12 10
89 24
86 21
16 18
91 18
86 14
15 20
92 6
18 24
88 4
11 27
19 32
10 36
90 0
18 43
12 46
72 97
77 94
19 47
11 50
72 90
18 59
78 83
72 80
78 76
10 60
75 74
81 68
17 63
14 67
75 62
79 60
20 72
13 77
71 58
20 80
12 82
18 91
76 53
10 92
74 46
18 96
80 46
25 1
75 42
30 1
76 36
25 6
28 10
73 31
24 18
30 17
23 24
27 28
24 33
81 28
73 27
75 20
72 16
76 10
73 6
29 34
24 38
29 42
76 2
73 0
28 48
33 52
68 97
24 56
28 58
24 63
58 92
31 70
66 91
27 73
62 83
64 82
28 77
27 80
30 87
61 76
66 75
61 68
25 91
65 64
61 61
68 55
32 94
26 97
40 0
59 50
39 3
66 47
42 6
61 45
68 38
38 13
61 39
44 14
38 21
66 31
43 23
37 27
41 30
63 30
38 37
43 39
67 23
61 17
67 14
60 14
66 9
59 2
66 0
49 99
54 95
37 47
42 51
35 51
42 53
49 89
56 86
38 62
43 62
48 82
57 76
47 74
39 67
42 69
56 68
34 76
43 80
39 86
40 90
47 65
55 62
49 53
52 51
35 93
51 50
56 46
49 37
54 36
40 98
48 31
52 28
50 1
54 1
46 8
52 11
52 16
49 26
57 20
