115
0 0
0 23
0 50
0 58
0 68
0 92
1 82
2 22
2 76
4 31
4 41
4 86
5 53
8 2
9 36
9 62
9 81
9 94
11 11
13 56
13 99
14 1
14 88
15 65
16 79
18 34
21 10
21 56
22 1
22 27
23 42
24 66
25 20
26 78
26 87
27 57
28 3
29 93
30 13
32 35
34 43
35 97
36 0
36 29
37 57
37 60
40 66
42 21
42 81
42 84
44 80
46 12
47 89
48 0
48 63
49 37
50 8
50 24
50 84
51 61
52 38
53 30
54 44
54 95
56 65
57 1
57 37
59 73
60 13
60 23
61 28
61 45
61 99
63 52
65 84
66 55
66 75
67 51
70 41
71 3
74 7
74 16
74 91
75 2
75 30
75 61
75 98
76 44
76 45
76 75
77 54
79 84
80 28
80 61
80 99
81 74
81 89
82 31
82 59
83 14
83 31
84 69
85 40
87 0
89 32
90 14
90 18
90 63
90 96
92 48
93 81
93 86
95 32
96 54
99 76
