109
0 66
0 72
0 83
2 4
2 86
5 69
8 51
9 30
9 35
9 45
10 27
11 81
14 25
14 65
16 6
16 84
17 11
17 32
17 50
18 5
19 68
21 43
21 61
23 99
24 26
26 35
27 16
28 99
29 78
30 63
30 85
31 23
31 31
31 41
31 47
32 13
33 83
34 79
39 0
39 61
40 22
41 79
43 39
44 54
44 71
44 93
45 40
45 65
46 87
47 1
47 19
47 24
48 38
51 34
51 89
52 9
52 47
53 38
54 3
55 31
55 54
58 15
58 48
58 74
59 22
61 79
62 48
62 58
63 0
63 19
63 25
63 72
63 89
65 64
68 5
68 43
69 58
69 91
71 77
72 13
72 49
72 68
73 35
73 76
74 29
75 9
76 53
76 95
76 96
77 82
78 29
79 52
79 81
80 68
83 99
85 42
85 84
86 74
87 18
89 3
89 7
89 60
89 70
91 34
92 87
96 56
96 60
96 78
97 92
