196
4 7
4 28
4 49
4 70
4 77
4 98
5 12
5 35
5 56
5 63
5 84
5 91
6 21
6 42
11 7
11 14
11 35
11 42
11 63
11 70
11 91
11 98
12 21
12 28
12 49
12 56
12 77
12 84
19 5
19 13
19 28
19 49
19 70
19 77
19 92
19 99
20 19
20 34
20 56
20 63
20 84
21 42
26 12
26 27
26 42
26 70
26 85
26 92
27 20
27 35
27 56
27 63
27 78
28 4
28 49
28 99
32 42
33 6
33 12
34 20
34 28
34 49
34 55
34 70
34 77
34 98
35 35
35 63
35 84
35 92
39 35
40 13
40 28
40 49
40 84
41 21
41 42
41 70
41 77
41 92
42 5
42 56
42 63
42 97
47 5
47 13
48 27
48 48
48 56
48 71
48 76
48 99
49 19
49 34
49 41
49 62
49 90
50 85
53 42
54 14
54 34
55 28
55 49
55 69
55 75
55 91
56 4
56 20
56 57
56 64
56 83
56 99
61 6
61 42
62 12
62 28
62 49
62 55
62 70
62 77
62 98
63 20
63 35
63 63
63 92
64 84
69 35
69 41
69 50
69 70
69 76
69 92
70 6
70 12
70 21
70 27
70 55
70 61
70 85
70 97
75 5
76 13
76 41
76 48
76 56
76 71
76 76
76 99
77 19
77 27
77 34
77 62
77 90
78 85
82 63
83 19
83 49
83 55
83 69
83 77
84 5
84 11
84 26
84 41
84 83
84 93
84 98
85 35
89 6
90 12
90 42
90 49
90 70
90 77
90 98
91 20
91 28
91 35
91 63
91 91
92 56
92 84
97 56
98 4
98 20
98 27
98 48
98 70
98 76
98 92
98 99
99 16
99 34
99 42
99 62
99 84
