125
0 7
0 41
0 49
0 81
0 91
0 96
1 65
3 12
4 26
4 46
7 78
9 19
10 59
10 91
11 0
12 23
12 99
13 73
14 43
14 51
14 82
16 65
17 74
17 92
20 0
21 49
22 9
22 34
22 78
23 14
23 20
23 39
24 87
26 28
26 95
27 72
28 53
28 64
28 83
30 0
30 13
30 52
30 98
31 67
32 94
33 24
33 58
34 59
34 77
36 6
36 14
37 44
38 0
38 81
39 20
40 42
40 45
40 97
42 90
43 22
44 26
44 59
45 6
45 40
46 0
46 16
47 48
47 69
48 55
49 28
50 90
51 70
53 6
53 21
54 99
55 1
55 84
57 32
58 25
58 91
59 77
60 1
61 39
61 46
61 80
63 55
65 31
65 95
67 92
68 78
69 0
69 3
70 22
70 42
72 58
73 7
73 92
75 74
76 27
77 43
77 58
80 95
81 19
81 87
82 14
83 4
84 45
86 31
87 57
87 91
89 10
89 77
89 99
90 71
91 52
92 31
93 59
94 94
95 36
96 80
97 2
97 13
97 22
98 39
99 66
