118
0 0
0 49
1 78
2 84
3 29
3 59
3 92
4 43
5 12
8 26
8 84
9 6
9 90
10 71
10 78
11 12
11 40
11 64
14 39
14 71
17 20
17 57
18 45
18 87
19 35
21 14
22 63
23 98
24 72
25 93
26 20
26 71
27 47
27 56
28 62
31 12
33 5
33 37
33 98
34 22
34 41
34 84
35 75
36 55
37 66
39 37
39 89
39 99
41 23
42 21
42 55
42 72
43 81
44 5
45 15
47 16
47 41
47 76
47 93
48 64
49 35
50 11
50 49
51 59
52 45
58 6
59 37
59 85
61 2
61 27
61 58
63 99
64 9
64 64
66 50
67 73
67 82
67 85
68 27
69 13
69 41
70 2
71 17
73 50
73 69
74 20
75 34
76 27
78 16
78 42
79 56
79 65
80 0
81 49
81 57
81 74
81 83
81 95
83 9
83 28
85 2
85 42
86 60
87 39
87 70
87 99
90 22
90 56
90 74
91 29
91 85
93 14
94 67
96 87
97 13
97 72
98 56
99 27
