111
0 35
0 51
2 95
3 74
5 6
5 85
8 15
9 1
9 38
10 30
10 54
12 6
12 70
14 87
15 10
16 99
17 69
22 31
23 24
23 39
23 73
24 83
25 0
26 68
27 46
28 91
29 7
29 77
30 96
31 2
31 26
31 87
32 60
34 42
34 91
37 19
38 57
38 77
42 42
42 71
45 78
46 1
46 80
48 47
48 55
48 58
49 28
49 94
50 1
50 28
51 64
52 72
52 97
54 83
55 24
56 12
56 43
57 69
58 90
58 95
60 7
61 77
62 18
62 49
62 71
63 39
64 11
64 35
65 25
65 57
66 69
67 8
68 32
69 49
70 20
70 91
71 83
72 75
73 0
74 51
75 65
75 75
76 19
77 44
77 45
78 79
79 1
79 19
79 27
79 65
80 67
81 93
82 35
83 63
85 85
88 18
88 35
88 54
89 32
91 76
92 46
93 11
93 60
96 6
96 27
96 34
96 97
97 65
97 89
98 79
99 44
