120
0 1
0 30
0 47
1 38
1 55
1 64
2 79
2 94
3 20
4 6
4 74
6 14
6 48
9 72
10 56
10 95
12 23
13 7
14 0
15 28
16 46
16 77
16 92
16 93
17 60
19 41
19 82
20 46
21 7
21 74
22 98
23 32
24 43
25 60
26 25
26 69
27 6
29 70
30 32
30 66
30 81
30 86
30 98
31 49
33 25
33 56
34 41
35 76
35 91
36 0
36 84
37 82
38 52
39 19
40 14
40 73
42 23
44 41
44 56
44 87
45 0
45 66
45 77
46 15
46 22
48 8
48 42
49 70
50 41
50 63
51 27
51 37
54 13
54 57
54 89
58 30
58 53
59 80
61 2
62 91
63 16
63 24
63 71
65 35
66 65
67 6
67 83
68 69
70 51
72 37
74 9
74 46
75 4
75 32
76 94
77 99
78 23
78 29
79 24
79 52
81 7
81 75
82 38
83 28
83 84
87 40
87 89
88 13
89 71
90 57
91 3
91 42
91 94
94 68
95 26
95 65
97 11
98 25
98 40
99 45
