119
0 3
0 57
0 91
2 28
2 85
3 69
5 17
5 23
6 75
6 91
6 99
8 61
9 2
9 56
10 41
11 16
12 31
14 6
15 47
16 52
16 86
16 95
17 79
19 18
19 44
22 33
23 65
24 6
24 59
24 92
25 3
26 76
27 95
28 44
28 68
29 0
29 50
30 19
30 29
30 99
32 52
33 83
33 90
34 74
38 16
38 23
38 31
40 9
42 37
42 66
43 2
43 92
44 44
44 74
46 58
47 80
47 97
48 12
50 78
51 49
52 1
52 18
53 28
53 32
54 51
56 65
57 80
58 22
58 66
59 6
59 84
61 32
62 39
64 10
64 53
64 61
65 18
65 40
65 68
69 89
70 39
70 54
71 93
72 20
72 36
74 6
74 63
74 74
74 83
77 26
78 9
78 49
79 34
79 56
79 66
79 78
80 19
83 0
83 63
84 80
84 87
84 99
85 73
85 94
86 14
87 46
92 60
93 21
94 28
94 43
94 77
96 7
96 25
96 49
96 69
96 98
97 35
97 57
99 77
