100
2 2
2 3
4 86
5 50
5 72
7 58
8 43
12 89
14 35
14 61
15 29
16 18
16 25
17 92
18 84
19 33
19 48
19 75
21 56
25 47
26 96
28 36
29 33
30 7
30 81
31 52
32 26
32 67
33 22
33 42
33 97
35 58
36 17
38 86
39 13
39 52
41 72
41 92
42 40
44 8
44 34
45 48
45 56
47 26
47 85
48 88
49 42
50 19
50 70
51 61
51 97
54 22
56 83
58 14
60 34
60 65
61 9
61 80
63 26
64 40
64 70
64 85
65 48
65 99
66 34
66 54
68 11
69 25
69 92
71 39
74 60
74 81
75 18
75 67
76 88
78 86
79 43
79 72
79 74
79 97
80 32
80 50
82 9
83 61
84 18
84 29
84 46
86 9
86 50
87 75
87 99
91 64
94 46
94 93
96 49
96 70
96 86
97 32
98 28
98 61
