119
0 12
0 46
0 54
0 97
1 20
2 10
2 39
2 71
4 60
4 82
8 52
8 67
8 85
9 43
10 22
12 8
13 28
14 13
14 49
14 57
16 46
16 82
17 3
17 28
17 72
18 67
18 92
19 53
21 60
23 38
24 0
24 26
26 22
26 97
27 73
28 59
30 37
30 78
31 17
32 93
34 0
34 10
35 59
36 45
36 62
39 5
39 89
40 19
40 43
40 79
41 53
42 72
43 47
43 58
44 39
45 99
47 21
48 4
48 16
48 85
51 52
52 62
53 37
55 54
55 66
55 93
56 7
56 22
56 31
57 45
61 23
61 79
62 52
62 89
63 9
63 37
64 17
64 75
65 1
66 82
67 66
68 31
69 45
69 94
70 61
72 25
73 4
73 98
76 64
77 11
77 19
77 95
78 26
78 41
79 50
80 81
82 0
82 53
83 5
85 89
86 74
87 85
88 39
89 28
89 60
90 66
91 90
92 13
93 18
94 34
95 63
96 15
97 53
97 92
98 10
98 49
99 70
99 77
99 85
