112
0 33
0 64
0 99
2 57
3 19
4 13
4 85
6 51
6 77
6 86
7 46
7 58
11 4
15 85
16 27
16 67
16 71
17 99
18 10
19 35
20 52
20 81
21 42
22 57
23 52
24 86
25 2
25 10
27 16
27 58
28 79
29 25
30 24
30 93
31 72
32 9
33 25
33 42
33 66
33 74
35 28
36 46
36 58
37 42
40 34
42 3
42 85
43 9
43 93
44 78
45 64
45 69
47 79
48 83
49 10
49 22
50 65
51 43
51 51
52 31
53 66
54 37
54 45
55 17
57 3
57 72
57 98
58 48
60 63
61 30
63 80
64 1
64 34
65 84
66 12
66 24
70 70
72 13
72 52
74 64
75 36
75 96
78 46
78 50
78 66
79 31
79 81
80 11
80 56
84 75
85 25
86 6
87 98
89 17
89 46
89 69
90 0
90 54
91 40
93 83
93 92
94 9
94 24
95 6
95 32
95 98
96 1
96 3
97 77
97 84
98 17
99 27
