109
0 0
0 17
0 24
0 32
0 75
1 8
1 91
2 65
3 52
3 89
7 48
9 12
9 20
9 50
10 34
10 94
14 18
14 40
15 9
15 79
16 69
16 78
17 93
19 37
20 54
23 14
23 63
23 84
24 29
24 95
25 99
26 19
26 51
27 0
27 36
28 15
30 81
31 80
32 5
32 64
34 53
34 88
35 39
37 67
37 86
38 25
38 78
39 58
40 18
40 45
41 4
41 40
41 72
43 15
44 24
45 29
45 94
47 1
48 20
48 45
48 92
49 96
50 7
51 61
53 25
55 0
56 44
56 80
57 18
57 41
58 11
59 89
60 29
61 6
61 80
62 49
63 0
64 14
65 57
66 6
67 38
68 24
69 99
70 96
71 38
71 81
75 23
78 42
80 0
80 8
80 9
80 61
81 80
82 66
82 72
84 99
85 34
85 41
85 58
85 88
86 44
89 25
94 23
94 54
94 59
95 4
95 71
96 31
99 40
