108
0 8
0 32
0 49
1 18
2 23
3 3
3 86
4 46
4 70
5 63
6 54
7 63
8 8
9 78
9 99
11 88
12 40
13 13
14 35
16 9
16 18
17 54
18 44
19 68
19 89
20 0
20 60
21 40
22 38
22 71
23 24
24 23
24 82
24 99
25 57
27 0
27 37
27 73
31 98
32 11
32 83
34 46
34 56
34 99
35 32
37 23
38 40
40 26
41 62
43 2
44 74
45 41
46 34
48 78
48 98
49 15
51 34
52 14
55 84
56 28
58 59
58 60
59 3
59 43
60 50
62 25
62 97
63 0
64 25
65 8
66 17
66 56
69 50
69 82
70 76
70 92
71 12
71 36
72 32
74 98
76 10
77 36
77 68
78 78
78 88
79 50
79 64
79 92
80 59
80 99
84 42
84 85
85 13
85 22
85 73
90 6
91 41
91 69
92 18
92 89
94 75
96 55
96 75
97 61
97 67
97 92
98 3
98 84
