111
0 10
0 31
0 45
0 55
1 85
1 90
2 81
2 99
3 16
3 70
4 24
4 65
5 4
6 31
6 43
7 58
7 84
8 27
8 67
12 44
13 93
14 3
14 53
16 32
17 97
18 23
19 58
20 44
21 1
21 55
22 71
23 62
24 7
24 76
24 91
28 58
30 2
30 96
31 44
31 78
32 64
32 88
33 52
35 37
35 40
37 0
37 15
37 46
38 22
38 90
38 97
40 74
41 7
41 66
44 7
45 21
47 36
48 27
49 78
50 52
50 68
51 37
53 53
54 35
54 53
56 18
58 8
59 4
60 67
61 59
62 84
63 14
64 21
64 28
64 75
64 78
67 63
68 44
69 6
70 49
70 77
72 17
72 29
73 3
74 65
76 42
77 9
77 87
78 90
79 31
80 20
80 71
81 66
83 2
83 20
84 57
85 11
88 6
88 84
89 75
92 38
92 45
94 24
95 10
95 31
95 78
96 41
96 59
96 97
97 1
97 63
