121
0 1
0 5
0 29
0 64
0 82
0 92
3 22
3 67
3 86
4 38
5 59
5 78
8 17
8 94
9 24
11 51
11 55
13 74
13 99
14 34
14 95
15 4
18 20
19 36
19 60
19 79
23 38
23 47
24 30
25 4
25 14
26 87
27 52
27 60
27 73
29 96
30 10
30 45
32 0
32 92
33 59
34 67
35 39
37 18
37 28
37 49
39 7
40 83
41 32
41 59
41 65
42 0
42 81
45 85
46 17
47 47
48 61
50 34
50 43
51 15
51 44
54 3
54 98
55 34
56 20
56 74
58 79
58 95
59 3
61 54
62 86
63 28
63 77
64 35
64 45
67 62
68 1
68 5
68 24
68 59
69 13
70 41
70 73
72 64
73 21
75 56
76 0
76 36
76 87
78 14
79 42
80 28
80 47
82 61
82 92
83 14
84 56
85 85
87 66
88 25
89 58
89 99
90 33
90 90
92 15
92 82
93 39
93 44
94 5
94 74
95 53
95 99
96 39
97 0
97 13
98 19
98 75
99 30
99 60
99 68
99 89
