115
0 0
0 8
0 62
0 93
1 36
1 84
3 47
3 98
4 18
4 30
5 54
6 40
6 91
7 21
8 32
8 77
10 62
12 85
13 54
13 76
14 5
18 37
18 60
19 46
20 10
20 27
21 46
21 83
22 13
23 52
24 21
24 26
24 41
24 66
27 93
28 0
28 70
28 81
29 51
30 45
33 4
33 37
34 42
34 76
35 21
36 12
36 58
36 90
37 95
38 18
38 51
38 67
39 61
40 41
41 61
42 77
46 50
47 0
47 36
48 4
48 14
50 44
51 93
52 22
52 53
53 48
54 15
54 69
55 62
55 98
56 29
58 83
59 69
59 91
60 6
60 55
62 11
62 73
63 34
63 50
63 66
66 19
66 42
67 1
67 47
67 88
69 94
70 28
71 36
71 99
72 21
73 14
73 62
76 56
76 77
77 65
77 81
77 91
78 59
78 97
80 12
80 41
84 42
84 81
85 91
86 26
87 11
87 58
91 75
92 54
93 61
95 93
95 98
96 72
98 37
