122
0 65
0 83
2 91
3 6
3 47
3 77
4 1
6 49
7 30
8 44
8 63
9 24
9 71
10 90
13 16
14 50
14 57
15 97
16 85
17 9
17 31
17 43
17 74
18 78
19 57
21 4
22 45
22 81
23 26
23 65
23 72
24 29
25 6
25 95
26 42
27 44
28 58
30 66
30 93
31 48
32 24
32 64
32 76
33 13
33 40
33 98
35 3
35 31
37 13
39 82
39 90
40 27
41 52
46 2
46 34
46 48
46 54
46 69
46 73
47 65
49 1
49 70
50 91
51 15
52 99
53 7
53 35
53 67
55 29
56 44
59 20
59 67
60 50
60 81
61 69
61 87
63 2
63 23
65 41
65 65
66 96
67 11
67 20
67 83
68 6
69 57
69 92
70 27
70 45
71 19
73 36
73 70
76 9
76 56
76 85
77 1
77 21
79 42
81 36
81 85
83 52
84 25
85 11
86 9
86 27
86 42
87 98
89 65
90 70
91 2
91 10
92 22
93 45
93 77
94 0
95 8
95 38
95 63
95 84
98 54
99 18
99 90
