103
0 21
0 48
1 71
3 31
3 41
4 27
5 97
7 51
8 23
9 9
9 88
12 80
14 3
14 94
15 13
15 65
15 72
17 35
19 90
20 64
21 1
21 17
21 52
21 68
22 38
22 98
25 21
26 82
29 10
30 19
30 54
32 48
33 35
33 69
33 85
34 59
36 41
36 93
37 62
38 4
38 27
38 66
41 55
41 76
42 97
43 62
44 23
44 80
46 97
47 16
50 82
51 36
52 7
52 26
53 47
53 67
55 51
55 54
56 68
57 40
58 82
59 4
62 54
64 86
65 17
67 6
67 23
67 68
68 15
69 48
69 76
71 34
71 41
72 83
73 55
75 63
76 49
78 33
78 56
78 89
80 35
80 39
82 16
83 1
83 9
84 93
85 20
86 65
86 72
86 77
88 15
89 76
92 58
92 91
95 30
95 42
96 27
96 58
97 7
97 33
98 0
98 47
98 85
