99
0 15
0 36
0 47
0 63
1 78
2 33
2 42
2 82
3 7
3 88
3 93
4 48
4 68
5 23
6 34
7 14
7 83
8 77
8 98
9 20
9 69
10 61
11 35
11 94
12 53
13 54
13 99
15 16
16 46
17 30
17 38
17 60
17 71
17 81
17 90
18 55
18 67
20 23
20 75
21 71
22 33
22 95
23 81
25 42
26 64
26 89
27 28
27 50
27 56
27 97
31 72
32 70
32 82
33 34
33 95
35 55
35 62
35 70
35 78
36 41
36 69
37 99
39 47
40 85
41 83
42 98
43 56
45 99
46 52
47 82
47 89
49 61
49 66
49 84
50 75
51 67
52 51
52 58
53 60
56 75
57 66
57 90
61 84
61 96
64 71
65 78
66 89
66 99
67 64
70 96
71 74
73 72
75 88
75 97
82 84
83 89
86 98
89 91
93 99
