113
0 11
0 22
0 44
0 79
1 61
1 85
2 30
2 99
4 20
5 25
5 65
7 39
8 85
9 71
9 90
13 4
14 13
14 21
15 30
15 55
15 91
15 93
16 52
16 77
20 8
21 16
22 96
23 0
25 45
27 14
28 29
29 22
29 99
30 18
31 77
32 43
32 59
33 57
35 62
36 36
36 95
37 4
37 86
39 1
39 39
41 71
42 15
43 7
44 61
44 99
45 24
46 17
46 38
46 46
46 67
46 75
48 90
49 42
49 83
50 10
52 48
54 1
55 21
55 73
55 80
56 28
56 36
57 55
58 57
58 64
59 81
60 65
62 5
62 72
62 99
64 58
65 10
65 29
66 38
66 92
67 10
67 66
67 95
68 45
70 3
71 80
72 31
72 35
72 56
73 25
73 59
73 90
76 20
78 75
78 84
81 13
81 56
82 41
82 47
82 70
85 7
85 76
87 27
88 34
88 54
88 95
89 84
91 27
94 62
95 77
96 42
97 19
99 48
