103
0 8
0 19
0 84
0 99
1 20
3 30
4 3
4 14
5 93
6 38
8 44
8 98
9 17
9 60
9 65
10 8
11 70
12 49
14 79
14 85
15 4
15 53
16 15
17 47
18 18
18 25
18 71
19 7
19 32
19 88
22 97
23 1
23 40
25 20
25 25
25 75
25 94
26 47
26 59
28 67
29 5
29 35
29 84
31 97
32 23
33 43
34 29
35 14
35 89
37 83
38 37
40 58
41 75
42 13
43 7
44 40
45 31
45 89
46 21
47 48
49 4
49 12
49 60
49 95
50 23
52 34
52 45
55 54
55 69
57 8
58 38
60 22
63 7
63 57
63 92
64 69
66 42
67 1
68 63
69 48
69 70
72 55
72 78
73 86
73 92
75 19
76 13
80 5
81 78
83 88
84 47
86 68
87 89
89 20
90 45
92 65
93 93
94 36
97 79
98 31
98 52
98 99
99 93
