119
0 7
0 40
0 76
0 89
2 57
3 25
3 34
4 62
5 72
5 94
6 22
7 39
8 90
10 8
12 64
12 68
12 74
13 0
13 46
13 82
14 25
16 17
16 32
16 50
18 48
19 3
19 77
19 87
20 31
22 46
22 63
23 17
24 29
25 6
25 54
26 70
27 70
27 85
30 21
30 36
31 99
32 45
33 7
33 86
34 52
35 30
35 70
36 38
36 45
37 95
38 0
38 60
39 22
43 82
44 8
44 31
45 39
47 81
48 59
49 69
49 73
50 36
51 6
51 53
52 4
52 29
52 77
52 99
53 20
56 92
57 14
57 70
58 5
58 37
60 87
61 53
62 44
62 79
65 23
65 51
67 19
68 4
70 4
70 24
70 45
70 77
71 80
72 19
74 62
74 79
74 94
75 37
75 52
76 98
78 28
78 97
80 57
81 33
82 91
83 12
83 51
84 3
84 9
84 41
84 48
86 70
87 56
88 20
88 77
90 85
90 93
91 34
92 6
94 55
95 70
96 59
97 11
97 31
98 40
