112
0 3
0 20
0 76
0 78
1 29
2 86
4 34
4 43
4 54
4 97
6 53
8 6
8 58
9 72
10 15
10 91
11 39
14 0
15 44
15 79
16 73
17 59
18 95
19 34
19 52
19 87
19 90
21 13
21 14
22 4
24 92
25 47
25 78
28 22
29 67
30 43
30 74
31 1
31 60
33 81
34 26
35 23
35 46
36 35
37 68
39 42
39 92
41 0
42 21
42 87
43 71
44 7
47 13
47 62
49 41
49 58
50 27
51 64
51 76
52 32
52 99
53 8
53 83
55 74
56 44
57 80
58 58
59 46
62 29
64 56
64 96
65 82
66 14
68 11
68 68
69 67
70 83
72 7
72 70
72 79
72 82
73 51
74 88
75 21
75 62
77 0
78 37
79 56
79 83
79 95
80 37
80 78
81 28
83 70
86 11
89 23
89 63
89 72
90 6
90 92
91 43
93 20
94 55
94 87
95 48
96 0
96 19
96 94
97 35
98 80
99 21
99 62
