115
0 0
0 11
0 16
0 26
0 48
0 76
0 99
1 80
2 62
3 40
3 44
5 14
5 19
6 16
7 29
9 96
10 59
11 42
11 90
14 12
14 28
14 74
15 81
16 26
18 1
18 6
20 9
20 95
21 25
21 55
22 51
23 93
24 32
24 84
25 37
25 87
27 35
28 18
28 73
29 43
32 24
32 64
32 70
32 87
34 7
34 94
35 2
35 17
36 43
37 78
38 60
39 43
39 94
40 84
43 15
43 39
44 5
45 30
45 93
46 63
47 22
48 54
48 58
48 79
48 99
49 44
50 10
51 3
52 0
53 49
54 94
56 73
57 40
58 19
59 33
59 89
60 15
61 26
62 95
63 64
63 79
64 40
64 71
65 57
68 86
69 10
71 41
72 75
73 9
73 27
73 39
75 0
75 56
75 89
76 58
77 23
77 77
80 30
81 23
82 54
83 73
84 90
85 0
90 30
90 45
91 39
91 88
92 60
92 64
93 12
93 97
97 78
97 82
98 26
99 84
