120
0 16
0 66
1 12
2 48
2 52
2 99
3 78
4 26
6 31
9 45
9 77
10 68
11 2
11 63
14 18
15 11
15 93
16 27
16 97
17 63
18 41
18 45
18 56
19 79
22 93
23 25
24 99
25 1
25 58
26 39
26 78
27 67
27 85
29 21
30 25
30 95
31 21
32 40
32 52
32 61
33 7
34 0
34 91
35 81
36 38
37 27
37 66
38 7
39 54
39 66
40 75
41 95
42 33
42 36
43 13
43 18
45 70
46 41
46 51
46 60
48 1
48 75
49 19
49 56
50 33
50 95
51 74
53 45
54 0
54 47
55 81
56 37
57 61
58 30
58 59
59 44
60 44
60 96
62 0
62 77
63 82
64 10
66 31
67 15
68 29
68 49
68 66
68 74
70 8
72 24
72 73
73 35
73 47
73 58
74 92
74 99
76 43
77 53
77 95
80 57
81 18
81 35
82 24
82 46
82 80
84 3
86 10
86 66
87 25
87 52
87 71
88 31
93 67
94 38
95 54
96 76
96 85
97 22
98 2
99 53
