119
0 25
0 48
0 73
1 78
4 30
5 75
6 14
7 53
8 71
8 89
9 0
9 48
11 34
11 62
13 1
14 26
15 48
15 75
15 81
17 66
17 67
20 9
21 61
21 82
22 14
22 61
23 52
25 36
25 78
26 28
27 97
29 11
30 58
31 0
31 97
33 3
34 37
34 90
36 46
36 67
36 71
38 25
38 55
41 20
42 88
42 96
43 70
44 28
45 11
45 46
46 60
47 14
47 80
49 38
49 53
50 75
50 94
51 74
52 29
53 0
53 67
53 76
54 57
55 19
56 36
56 60
56 91
58 52
58 71
58 95
59 23
61 2
62 16
62 45
63 31
65 75
67 30
67 66
68 13
68 49
69 45
70 2
71 65
72 83
72 90
74 62
74 97
76 19
77 28
78 0
78 5
79 14
79 38
79 77
82 15
83 49
84 24
84 44
85 34
85 71
86 81
87 53
89 62
89 67
90 48
90 79
91 20
91 88
93 5
93 96
94 1
94 27
94 34
96 11
96 71
97 82
98 35
98 96
99 93
