114
0 15
0 31
0 70
0 89
1 40
1 56
2 6
2 21
2 62
3 1
3 94
4 84
6 37
8 27
9 20
9 68
10 5
10 59
10 99
11 3
14 49
17 91
17 95
18 73
19 10
19 44
20 58
21 16
22 81
24 52
25 5
25 31
27 4
27 38
28 21
28 73
30 30
32 82
32 91
33 5
33 24
33 46
34 65
35 19
35 72
38 51
39 30
40 94
41 85
42 22
44 0
44 8
44 15
44 37
45 74
45 99
46 81
47 29
48 35
51 44
51 77
52 53
52 68
53 86
54 96
56 13
56 23
57 31
57 61
59 16
59 75
60 90
61 54
61 82
62 0
62 9
62 43
62 68
62 97
65 2
65 60
68 83
68 98
70 25
71 64
73 84
74 9
75 50
76 98
77 1
77 11
77 57
78 82
80 36
80 75
81 51
84 22
84 31
86 17
86 37
86 68
86 78
88 87
91 97
92 24
92 58
92 65
92 73
92 83
93 2
93 10
94 91
95 79
96 42
