124
0 38
0 53
0 68
0 87
1 6
1 94
2 73
3 23
3 98
5 55
8 2
8 41
8 59
8 90
9 18
9 36
12 79
13 62
14 42
14 54
14 88
16 71
17 79
18 17
18 93
19 8
20 33
20 67
22 3
22 58
22 89
23 41
25 25
26 5
26 11
26 31
26 75
27 61
28 20
29 93
30 28
30 45
30 72
31 77
34 14
34 66
35 52
37 45
37 62
40 23
40 83
41 3
43 2
43 90
43 97
44 66
45 19
47 9
47 24
48 71
49 48
51 33
52 13
52 38
52 45
52 65
55 21
55 77
55 80
56 50
57 91
58 99
60 0
61 34
61 58
62 20
62 64
64 93
65 6
66 16
66 50
67 30
67 36
68 14
68 71
68 86
69 78
70 0
70 21
71 45
71 87
72 98
74 4
74 72
75 78
77 97
78 61
79 3
80 49
81 32
82 17
83 61
84 47
85 13
85 23
85 90
87 32
89 74
89 80
91 0
92 77
92 94
93 7
93 71
95 38
95 99
96 0
96 22
97 36
98 6
99 15
99 24
99 64
99 84
