115
0 6
0 21
0 59
1 45
2 26
2 67
2 98
4 45
4 75
5 2
5 18
5 53
6 35
6 71
8 9
8 25
8 92
10 32
11 78
14 11
15 54
16 28
17 81
18 14
18 40
18 96
22 14
22 41
23 0
23 67
25 51
25 93
28 60
29 65
30 2
30 25
30 87
31 31
32 11
32 51
33 39
33 55
33 65
34 95
36 22
37 71
39 13
40 91
42 35
42 50
44 76
47 50
49 2
50 42
51 61
55 67
55 94
56 0
56 36
56 81
56 98
57 35
57 65
58 21
58 61
59 7
59 42
61 54
62 13
62 52
63 21
63 71
64 78
65 37
65 38
66 23
66 94
69 6
69 66
69 89
70 58
72 23
73 41
73 89
74 11
74 27
75 2
76 41
78 31
78 55
78 85
79 78
80 21
80 46
80 69
83 92
84 16
85 68
86 98
87 20
87 71
88 32
89 5
90 3
90 48
91 95
92 12
93 27
93 54
95 29
96 77
96 83
97 61
98 15
99 44
