120
0 92
1 0
2 65
2 70
3 51
6 31
6 85
6 94
7 21
7 75
9 5
10 53
13 35
13 98
16 60
17 11
17 95
18 49
18 51
18 77
23 45
23 82
24 10
26 53
26 74
27 38
27 60
28 2
28 39
29 19
29 96
30 24
31 7
31 59
34 21
35 53
36 63
36 75
39 4
39 83
40 10
40 78
42 34
42 69
43 41
43 50
44 20
44 36
45 5
45 12
48 60
48 83
49 55
50 36
51 97
52 76
53 60
54 70
54 92
55 22
56 29
56 55
56 78
57 43
58 3
58 50
59 8
59 41
59 96
60 36
60 75
62 88
63 58
64 17
65 10
65 92
66 64
68 20
69 35
69 72
70 58
70 64
70 75
71 46
72 5
73 26
74 3
74 49
74 79
75 42
75 72
75 94
76 22
76 51
77 60
79 1
79 98
81 46
82 7
82 95
83 19
83 38
83 90
84 76
85 60
86 33
87 22
89 37
90 69
92 36
92 46
93 7
93 51
97 32
97 52
98 10
98 22
98 87
99 64
99 96
