117
0 21
0 38
0 50
0 59
0 96
1 10
1 32
1 81
2 24
5 64
6 81
7 5
7 30
7 45
8 24
8 38
9 23
11 59
14 51
15 65
16 43
17 56
17 72
18 85
19 15
20 14
20 64
21 0
22 93
23 39
23 49
23 77
24 23
24 31
27 15
27 74
30 36
31 27
31 67
32 46
32 52
32 88
34 13
36 97
38 27
39 49
39 83
41 11
42 64
44 3
44 79
45 56
46 34
46 42
48 9
48 17
48 24
49 83
50 93
52 77
53 3
53 63
54 17
54 22
55 31
55 88
57 10
57 46
59 0
59 36
60 50
60 60
62 21
63 17
63 74
64 42
65 84
65 99
66 88
68 25
68 48
69 19
69 93
70 70
70 79
71 62
72 85
73 2
73 43
73 53
74 35
75 27
76 13
79 78
79 98
80 37
80 86
82 31
83 12
83 97
84 54
84 69
85 65
86 17
88 40
88 79
89 25
89 45
89 54
89 88
95 21
95 44
96 38
97 13
97 73
97 91
98 30
