126
0 24
0 59
0 80
0 89
1 41
2 14
3 38
4 45
4 74
5 10
5 43
5 66
5 99
6 76
7 18
7 28
7 93
9 4
10 69
10 99
11 31
11 53
13 49
15 0
15 76
16 90
18 16
18 50
20 82
22 5
22 90
23 33
25 19
25 41
26 2
26 95
27 47
28 63
28 68
29 77
29 84
30 4
30 88
32 15
32 24
32 98
33 92
34 30
34 34
34 46
35 70
36 51
38 2
39 37
39 53
39 77
43 99
46 14
46 83
47 80
48 39
48 69
48 99
49 25
52 45
52 60
52 88
53 0
54 56
54 66
55 32
55 38
57 95
60 13
60 80
61 33
61 88
62 9
62 65
62 71
63 23
63 51
63 55
64 9
64 43
65 80
65 99
68 26
68 47
68 57
68 94
69 33
70 1
73 41
73 97
74 79
75 20
75 81
76 61
78 46
79 12
79 27
79 35
80 41
80 65
81 79
82 83
83 8
83 76
84 62
89 13
89 37
89 80
90 54
91 4
91 97
93 21
94 35
95 57
95 95
96 41
97 6
97 77
98 0
98 23
98 64
