123
0 32
0 36
0 51
0 60
0 96
1 4
3 21
4 99
5 11
5 37
5 79
8 54
8 66
9 73
9 90
10 47
12 24
15 13
15 32
15 61
18 18
18 65
23 40
23 47
23 91
24 32
24 50
25 2
25 76
26 96
28 0
28 54
29 27
29 30
30 37
30 45
31 6
31 25
31 52
32 59
34 68
35 21
36 99
37 85
38 59
38 82
39 15
40 71
41 48
42 1
44 85
45 16
45 19
45 23
46 43
47 45
47 95
48 47
49 2
52 21
52 39
52 47
52 89
54 67
54 73
55 7
56 25
56 53
56 59
56 70
57 5
57 33
59 7
60 94
61 38
61 53
62 79
64 29
64 89
65 64
66 99
67 15
67 43
67 79
69 35
69 50
70 16
70 57
71 30
73 5
74 87
77 38
78 22
78 28
78 53
79 69
79 84
79 89
79 92
81 3
81 12
81 60
81 78
82 42
82 75
83 26
83 44
87 6
87 64
87 93
89 0
91 47
91 56
93 37
93 87
94 15
94 23
96 20
96 85
97 29
97 53
98 43
98 99
