114
0 9
0 18
0 24
0 34
0 77
1 91
4 99
5 1
5 19
5 54
6 40
6 59
6 94
9 35
9 73
14 12
14 82
15 23
15 51
15 87
16 20
16 91
17 68
18 30
18 98
19 4
19 88
21 14
21 53
23 84
24 93
27 41
28 11
28 31
28 55
28 57
29 21
30 76
33 27
33 45
33 77
34 41
35 56
35 95
36 5
38 99
39 78
40 90
41 43
41 48
41 73
41 94
42 7
42 13
42 58
46 39
47 20
47 29
47 81
48 67
50 55
50 94
51 11
52 64
54 25
54 33
55 41
56 5
56 52
57 10
57 68
57 93
61 24
61 74
62 20
64 64
65 44
67 20
68 15
70 29
70 50
70 87
71 35
71 91
73 43
75 54
76 6
77 74
78 60
79 10
79 36
79 68
84 61
84 83
85 22
85 74
85 90
85 99
86 36
89 40
90 45
91 53
92 96
93 2
93 4
94 23
94 73
94 88
95 80
96 14
96 53
97 72
98 28
98 37
