104
0 2
0 6
1 16
3 30
7 34
14 5
14 9
15 12
16 51
17 20
17 27
17 35
17 45
18 4
19 44
26 24
27 7
28 15
28 42
34 10
38 32
42 37
45 29
46 18
47 0
47 35
50 14
50 24
52 43
53 5
53 20
53 52
54 3
54 38
56 28
58 47
61 40
62 25
62 55
63 71
64 63
65 71
67 15
68 11
68 36
68 46
68 70
69 21
69 56
69 78
69 88
70 32
71 58
72 44
73 84
73 87
73 96
75 2
75 49
76 16
77 0
77 7
77 28
77 63
77 70
78 57
78 86
79 46
79 67
79 90
80 57
80 97
82 8
82 62
82 72
83 22
83 35
83 42
83 50
83 76
84 13
84 14
85 23
87 29
89 48
89 80
90 0
90 94
91 47
91 77
92 7
92 61
92 99
94 31
94 95
95 84
96 61
97 6
97 55
97 67
98 45
98 81
99 11
99 29
