104
0 52
1 97
2 3
2 10
4 56
5 22
6 2
7 65
12 13
12 79
15 43
15 53
15 77
19 16
19 93
21 51
22 48
23 34
23 58
23 65
25 25
25 86
27 65
27 90
28 79
29 42
31 33
33 20
33 39
34 6
34 99
35 15
36 76
37 90
38 18
38 56
39 1
40 54
41 34
41 70
42 98
45 40
47 25
47 67
48 8
48 75
49 6
49 58
49 99
51 24
51 44
52 77
54 10
54 28
54 51
55 3
55 29
55 91
58 24
58 45
60 60
62 67
62 83
63 39
63 97
64 2
64 89
65 7
66 43
66 53
67 21
68 35
68 58
69 28
71 69
71 94
72 0
72 21
72 28
73 14
75 54
75 73
76 32
77 47
77 95
78 87
79 15
80 40
80 80
81 5
82 54
84 58
85 34
86 90
88 26
89 19
91 50
91 54
93 25
93 91
94 11
95 32
96 77
97 1
