115
0 28
0 51
0 59
0 99
1 23
4 18
5 27
7 98
8 55
10 12
10 41
10 61
10 80
11 4
12 36
12 75
14 33
14 61
14 84
14 94
16 36
18 44
19 30
21 64
23 22
23 50
24 23
24 78
26 48
27 85
28 7
29 19
29 92
31 21
31 42
32 35
34 3
34 36
35 14
35 61
35 69
38 22
39 41
39 69
39 75
40 55
42 33
42 89
43 48
43 74
44 13
44 15
45 27
45 90
48 21
50 37
50 53
51 67
51 91
52 14
52 99
54 45
54 81
55 77
55 85
56 38
56 61
59 54
59 84
60 7
60 78
60 94
62 45
65 27
66 6
66 13
67 99
68 29
68 69
69 44
69 81
69 91
71 33
71 62
73 31
73 43
75 51
75 65
75 70
75 87
77 49
80 18
81 35
82 73
83 2
83 63
83 82
84 10
84 18
87 41
88 33
90 57
90 86
91 48
91 65
91 76
95 6
95 92
96 21
96 30
96 99
97 16
97 52
98 70
99 84
