117
0 71
1 3
1 35
1 65
2 7
4 39
5 49
6 22
7 16
7 85
8 66
11 80
11 81
12 52
14 56
14 96
15 33
15 85
16 27
17 5
17 12
17 31
17 71
18 51
18 99
19 65
19 85
21 41
21 91
22 68
23 31
24 21
26 46
27 71
28 2
28 54
28 60
30 88
31 13
32 48
32 74
33 32
33 79
34 91
37 13
37 90
38 24
38 35
39 40
40 51
40 62
41 8
42 76
43 49
43 95
44 22
44 37
44 56
44 60
45 8
47 13
47 71
47 99
50 7
53 21
53 72
54 66
54 86
55 41
57 28
57 35
57 44
58 57
58 80
59 63
59 91
62 9
64 52
64 96
66 31
67 59
68 2
68 9
68 77
69 16
69 66
71 25
71 49
72 33
72 83
73 18
73 81
74 64
78 12
78 46
78 95
80 26
80 38
81 88
82 79
85 70
86 25
86 92
87 40
88 50
88 65
89 1
92 6
92 97
93 44
94 29
95 26
95 58
95 73
95 89
99 66
99 77
