121
0 9
0 60
0 92
2 21
2 76
4 37
4 98
6 6
6 84
7 79
8 59
9 21
10 37
10 42
12 96
13 66
13 86
14 4
14 11
15 52
18 36
18 95
20 3
20 21
20 58
20 68
21 78
21 85
23 0
23 43
24 29
24 51
27 65
27 71
29 86
30 4
31 95
32 39
32 47
33 27
33 29
34 12
34 91
35 70
36 6
36 64
39 26
39 99
40 44
41 77
42 12
42 51
43 84
46 45
47 30
47 59
47 95
48 14
49 7
49 29
49 71
49 77
49 78
52 2
52 87
53 35
53 54
53 69
54 97
55 64
56 19
58 7
59 33
60 87
61 89
62 51
63 24
63 65
64 10
65 46
66 17
67 31
67 74
68 3
69 67
71 59
71 65
71 99
72 10
72 51
74 35
76 71
77 19
77 41
77 86
77 92
78 3
80 48
80 85
81 78
84 71
85 57
86 27
88 55
88 98
89 13
89 64
91 9
92 40
92 84
93 78
94 50
95 28
96 8
97 36
97 42
97 77
97 84
98 68
99 54
99 64
