102
0 28
0 66
0 81
1 2
2 19
2 88
2 96
4 57
6 13
6 60
7 74
8 99
9 92
11 19
11 53
14 26
14 61
15 1
15 86
16 25
16 78
16 97
17 68
17 87
18 50
20 9
20 17
21 83
23 73
23 91
24 13
24 98
25 14
25 32
25 50
28 19
28 64
29 4
30 74
30 99
31 0
31 78
32 85
48 65
50 83
50 89
51 98
52 21
53 5
55 98
56 12
56 28
56 51
56 68
58 53
58 76
59 27
60 44
61 98
62 6
64 12
64 67
65 40
66 95
68 89
69 63
69 83
70 33
71 2
72 49
73 67
74 25
74 47
75 18
75 84
75 96
80 4
80 58
81 24
81 32
83 10
83 72
84 39
84 54
85 56
86 17
86 82
87 17
88 76
89 8
90 45
91 24
91 59
95 0
96 30
97 73
97 78
98 44
99 9
99 39
99 57
99 59
