117
0 0
0 5
0 49
1 44
2 58
3 19
3 80
3 87
4 3
5 96
7 11
8 28
9 22
9 82
11 33
12 68
13 14
14 99
17 14
17 47
17 67
18 33
19 39
19 81
20 6
20 99
23 25
23 32
25 55
26 75
27 3
27 9
27 26
28 18
30 50
31 69
33 13
33 41
33 86
34 49
34 83
36 45
37 27
37 82
38 35
39 54
41 89
42 32
43 40
43 60
45 39
45 68
46 57
47 11
48 25
49 4
49 83
50 76
51 62
52 46
55 10
55 97
56 24
56 30
56 67
57 38
58 49
58 60
58 81
60 46
60 86
60 96
61 13
61 67
62 11
64 68
66 79
67 54
67 82
68 0
68 17
68 38
71 32
71 99
72 31
72 38
72 55
74 76
74 91
76 82
77 58
80 8
80 63
80 96
81 86
82 41
82 79
83 14
85 39
86 32
86 57
87 3
87 46
88 20
88 94
89 36
89 50
90 64
95 63
95 93
96 7
97 17
97 79
98 23
98 49
99 3
99 38
