116
0 27
0 61
0 93
1 8
1 47
2 61
2 85
3 1
4 15
4 24
6 99
7 40
8 31
10 73
10 84
12 51
13 37
13 70
15 91
16 62
20 94
21 19
22 41
22 61
24 74
25 27
26 44
26 76
27 99
28 21
28 54
28 70
28 85
29 46
29 62
30 1
30 7
34 84
35 22
35 70
37 38
38 73
39 7
39 47
42 26
42 33
42 72
43 58
45 1
45 54
45 93
46 41
46 61
47 97
48 83
49 68
51 10
51 21
51 97
52 0
53 45
53 69
54 91
55 37
55 83
60 44
61 57
61 60
62 30
63 65
64 99
65 11
66 4
66 51
67 85
69 4
69 27
69 35
69 58
69 87
71 97
72 32
74 20
75 21
75 40
77 62
77 67
77 74
81 26
81 45
81 76
82 41
82 48
82 66
83 0
83 5
83 52
84 91
85 10
86 31
87 89
91 27
92 35
92 56
95 61
95 77
96 25
96 72
97 10
97 18
97 40
97 56
97 76
98 90
99 3
99 42
