119
0 15
0 86
2 38
3 43
4 50
4 71
6 57
8 14
8 28
8 81
8 98
9 29
11 49
12 65
13 9
13 92
14 24
16 88
17 39
18 4
18 51
18 66
18 74
19 19
21 64
21 80
22 10
22 36
22 94
23 24
25 1
25 43
26 78
27 63
28 49
29 27
30 10
32 35
32 70
33 1
33 45
34 50
36 49
36 76
37 8
39 14
39 59
39 84
40 32
41 40
43 22
44 17
44 62
45 90
47 42
48 98
49 26
49 27
49 82
50 75
51 4
51 45
51 57
52 0
52 11
52 68
52 99
53 4
53 83
54 31
55 42
57 23
58 74
58 81
61 14
62 0
62 88
63 97
65 17
65 54
67 61
69 47
70 3
70 86
72 20
72 77
73 40
73 75
74 61
75 34
75 43
75 68
78 6
79 90
80 76
81 21
82 38
83 10
83 29
83 96
85 54
85 85
87 23
89 71
90 16
90 45
90 61
90 94
92 7
93 0
93 72
94 86
96 58
96 75
97 24
97 98
98 1
98 32
99 50
