115
0 29
0 60
0 91
0 96
2 49
3 93
4 65
5 15
5 45
5 66
6 3
8 48
9 31
10 62
10 78
12 38
14 73
14 97
15 5
16 24
16 87
17 34
18 59
20 64
20 91
21 9
22 73
24 30
25 47
26 56
26 81
28 25
28 52
29 1
29 73
29 95
30 17
31 31
34 11
34 43
34 81
35 1
35 60
36 67
38 76
39 34
41 15
43 23
43 84
44 41
45 1
45 32
45 91
49 0
50 39
50 51
51 25
51 54
52 0
52 83
55 14
55 65
57 23
57 47
57 79
58 39
58 97
59 0
59 28
59 89
60 62
60 69
62 83
63 14
63 37
63 44
63 95
65 52
65 76
70 57
71 9
72 38
73 27
73 69
75 0
75 87
75 96
76 24
77 44
78 39
78 58
78 87
79 24
80 73
81 81
84 52
84 58
85 10
89 97
90 31
90 99
92 14
92 46
92 56
92 72
93 38
94 78
95 61
95 72
96 22
96 32
96 92
99 6
99 42
99 57
