91
0 9
0 33
0 57
0 73
0 80
2 27
3 94
5 80
9 44
9 53
12 92
14 74
14 84
14 85
15 50
15 60
16 4
16 25
16 36
17 41
19 98
22 82
25 36
25 73
26 2
26 50
26 97
27 6
27 13
27 59
27 91
28 17
28 44
28 66
28 82
36 17
38 1
38 26
38 82
41 89
42 83
43 51
44 58
44 82
46 86
48 40
48 96
50 26
54 0
55 73
55 96
56 27
56 93
57 37
57 88
58 1
61 28
61 90
62 12
62 70
64 84
66 26
71 58
73 13
74 38
74 98
76 84
79 7
82 16
82 99
83 1
83 46
83 57
84 24
84 51
84 71
85 39
92 20
92 26
92 54
93 6
93 67
93 73
94 2
94 24
95 28
95 35
96 40
97 7
97 48
97 91
