93
8 54
8 57
9 50
9 54
9 55
9 56
9 60
9 61
10 49
10 55
10 59
10 65
11 59
11 64
11 65
11 66
12 47
12 55
12 63
13 58
13 62
13 65
14 51
15 43
15 68
16 44
17 41
17 56
17 57
17 66
18 42
19 44
19 45
19 48
19 60
19 70
19 71
20 65
20 71
21 42
21 49
22 45
23 44
23 46
23 48
23 55
23 63
24 41
24 72
25 41
25 43
25 63
25 69
25 70
25 71
26 70
27 41
27 52
27 60
27 69
27 71
28 41
28 46
29 46
30 48
30 70
31 56
31 62
32 43
32 55
33 42
33 43
33 65
33 68
34 50
34 69
35 46
35 48
35 65
36 54
36 60
36 67
37 47
37 57
37 58
37 60
37 62
37 64
38 61
39 60
39 61
40 58
40 60
