118
0 6
0 35
0 42
0 52
0 90
1 28
4 84
5 69
6 1
6 39
7 8
7 22
7 48
8 87
10 30
10 63
11 53
14 16
14 36
15 93
16 50
16 59
18 81
19 95
21 3
21 34
21 41
21 66
22 52
23 76
25 30
25 55
27 3
27 60
27 92
28 67
30 52
32 21
32 76
33 62
34 85
35 45
36 55
37 13
37 80
38 6
39 71
40 34
40 39
41 79
41 88
42 20
42 99
43 51
44 10
44 42
45 0
45 94
47 56
48 2
48 25
49 27
51 63
52 42
55 73
55 89
55 93
56 58
56 78
57 25
58 42
59 64
59 86
60 17
61 10
61 63
65 26
66 11
66 57
67 30
68 97
69 16
69 84
70 87
71 53
72 39
73 24
73 60
73 78
76 14
76 46
78 62
79 74
80 7
80 51
81 21
81 36
81 76
82 43
84 91
84 96
87 37
88 4
88 52
89 20
90 25
91 36
92 8
93 0
93 67
93 94
94 70
96 22
96 66
96 79
97 15
97 52
99 46
