113
0 18
0 28
0 51
0 92
2 8
2 67
3 36
3 78
4 26
5 22
7 92
8 66
8 72
10 52
11 42
12 36
13 10
13 99
14 25
16 52
16 70
16 80
17 10
17 35
18 56
20 38
21 31
22 65
27 15
27 16
27 70
27 98
28 52
30 82
31 91
33 30
33 57
34 11
35 85
36 4
37 25
39 53
40 44
41 10
41 69
41 80
42 24
43 60
44 74
45 66
46 0
46 51
47 99
48 37
49 43
49 66
51 31
51 35
52 13
53 88
54 47
54 94
55 98
56 82
57 88
58 27
59 12
59 67
60 52
60 53
60 63
62 32
62 99
66 14
67 83
68 49
69 2
70 78
71 20
72 99
73 14
73 88
74 64
75 57
76 37
76 49
76 71
77 28
78 13
78 22
81 87
82 64
83 4
84 49
84 83
84 84
85 73
86 98
88 69
88 90
91 29
91 76
92 10
92 17
92 21
92 47
93 36
95 85
96 96
97 42
98 34
98 89
99 53
