118
0 3
0 13
0 23
0 31
0 48
0 92
1 78
1 99
3 85
4 55
4 64
7 70
8 19
9 0
10 77
10 82
11 14
11 68
12 40
12 61
13 17
13 54
13 91
14 32
14 47
18 27
18 70
18 98
19 55
20 3
22 93
24 57
26 8
26 79
26 85
27 38
27 71
28 55
29 65
30 15
31 64
32 31
33 56
34 16
34 42
34 76
34 85
36 5
36 49
38 35
38 56
39 14
39 30
40 82
40 89
41 99
43 35
43 74
44 60
46 50
47 91
48 19
48 57
50 3
50 48
51 87
52 37
52 54
52 63
55 95
56 59
56 85
57 78
58 81
59 99
60 18
61 67
64 73
66 49
66 59
68 5
68 33
69 0
69 19
70 56
71 77
72 26
72 58
72 91
73 26
73 98
75 48
78 83
79 72
79 99
80 43
80 85
81 57
82 9
83 36
84 42
84 71
84 81
85 11
87 4
87 96
89 28
89 51
90 21
90 57
93 36
93 92
94 71
95 98
96 15
96 83
96 89
99 72
