110
0 11
0 33
0 49
0 97
1 55
3 26
3 36
4 78
5 64
7 5
8 50
8 92
9 70
9 97
13 2
13 66
14 45
16 37
17 32
18 81
18 99
19 9
20 83
20 90
24 1
24 22
25 75
27 70
30 26
30 91
31 19
32 45
33 54
33 62
34 86
34 94
35 53
38 0
38 91
39 15
39 71
40 32
44 13
44 64
44 74
47 18
47 28
48 58
49 43
49 48
50 87
52 3
52 94
53 11
53 27
53 38
53 62
53 80
56 97
59 42
62 54
62 76
63 44
63 64
64 15
64 20
64 36
66 45
66 93
67 29
67 59
67 87
68 6
68 73
69 80
70 3
74 94
75 6
75 46
76 26
76 99
78 19
78 68
78 96
80 13
80 53
81 31
81 62
82 86
83 68
83 76
84 48
87 31
87 38
88 82
89 2
89 90
90 16
92 7
92 99
94 54
95 37
96 84
97 9
97 15
97 60
97 62
97 78
98 39
99 23
