114
0 16
0 23
0 39
0 49
0 55
3 99
5 84
5 95
5 99
6 16
8 30
8 76
9 37
11 2
13 0
13 85
14 43
16 57
16 63
17 49
18 16
19 71
19 98
20 68
21 23
21 86
22 2
24 63
25 29
25 68
28 40
28 46
29 4
29 85
31 9
32 38
33 24
33 45
33 67
33 76
34 53
34 62
35 72
35 82
35 90
35 98
39 10
39 31
39 58
41 93
42 65
44 26
44 79
45 16
46 31
47 2
47 8
47 45
47 72
48 7
48 55
49 41
50 78
50 86
50 94
53 15
53 46
54 55
55 31
55 95
56 61
58 22
61 5
61 21
61 38
61 84
61 95
63 19
64 0
65 12
66 5
67 70
67 87
68 42
68 58
70 26
70 84
73 67
74 29
74 57
75 1
75 77
79 34
80 20
80 94
81 66
82 17
82 52
83 1
83 90
87 66
88 34
89 0
89 48
90 4
91 80
92 28
94 21
95 42
95 65
96 13
96 35
96 50
96 82
