116
0 22
0 74
1 12
1 87
2 96
5 17
5 37
5 70
6 45
6 73
7 59
10 23
10 31
10 90
11 11
11 45
12 66
13 55
15 5
17 47
18 26
18 31
20 70
20 79
21 0
21 63
22 14
22 42
24 5
24 17
24 34
24 78
24 86
26 49
26 61
27 57
29 69
31 46
31 97
32 32
33 23
33 83
34 6
35 60
36 38
38 87
39 0
40 28
41 96
43 54
43 70
46 74
47 45
47 46
48 7
48 54
50 39
50 68
52 28
53 13
54 22
54 89
57 85
59 35
61 1
61 20
62 9
62 52
62 77
64 40
64 71
65 57
66 32
66 54
68 24
68 85
69 93
70 77
73 0
73 29
74 61
75 15
75 43
75 83
76 10
78 1
78 17
78 75
79 24
80 9
80 34
81 16
81 58
81 97
83 39
85 72
86 49
88 0
88 21
89 58
90 44
90 86
92 14
93 66
93 72
94 0
94 33
94 89
95 28
97 17
97 64
97 80
97 99
98 9
98 48
99 33
