116
1 33
1 63
2 4
2 15
2 96
3 19
4 27
5 73
6 0
6 48
6 90
7 1
7 8
9 20
9 83
11 22
11 44
12 30
15 60
16 13
16 38
16 70
16 97
18 22
18 29
18 98
20 46
20 52
21 3
23 21
23 81
24 95
25 84
27 24
28 5
30 66
31 86
32 38
32 42
33 11
33 32
33 91
34 72
35 0
37 46
37 52
37 80
38 15
38 57
38 66
38 99
40 32
42 26
43 7
46 41
46 97
48 56
51 49
51 73
51 75
52 21
52 58
52 70
53 40
53 97
54 35
54 42
54 54
55 95
56 68
58 25
60 18
61 90
62 39
63 11
63 57
63 83
64 4
65 32
65 55
65 76
66 62
66 78
69 3
70 92
71 45
71 60
73 95
74 1
74 30
74 80
76 18
76 92
77 64
78 48
79 72
80 34
82 97
83 0
83 20
84 53
88 61
88 76
89 38
90 3
91 43
91 67
93 10
93 76
93 81
97 18
97 24
97 95
98 27
99 52
99 95
