119
0 1
1 11
2 55
3 29
3 93
4 2
4 48
5 54
5 85
6 11
7 76
8 68
12 82
13 45
13 90
13 99
14 24
14 74
15 0
15 8
15 15
16 10
17 62
18 35
18 79
19 62
19 99
21 28
22 65
23 13
23 76
24 47
26 61
26 84
27 51
30 19
30 89
31 1
31 44
34 36
35 27
36 6
36 95
37 14
37 41
37 70
41 0
41 61
42 65
42 81
43 47
44 88
45 20
47 15
48 38
49 29
50 50
50 97
51 12
51 95
52 24
52 34
53 8
53 20
53 99
54 73
56 53
56 76
57 82
59 7
59 68
59 90
60 6
61 20
61 60
62 39
63 23
63 43
64 49
64 75
65 96
66 1
66 14
66 82
67 66
69 26
70 17
70 56
72 32
73 48
73 79
75 64
75 86
75 95
76 4
76 24
76 55
77 10
77 41
80 72
81 18
81 80
83 94
84 24
85 10
86 54
87 31
89 68
90 25
90 47
90 49
91 92
92 66
94 73
95 8
95 67
97 92
98 22
99 36
