118
0 62
0 72
2 44
2 94
3 35
4 7
4 42
4 52
4 58
4 80
4 97
5 66
11 79
11 82
12 1
12 46
13 19
13 35
15 14
16 89
18 93
19 63
20 14
20 34
20 46
20 66
21 52
23 77
24 73
25 60
26 99
27 28
28 34
29 15
30 6
31 55
31 86
33 60
33 94
35 2
35 50
35 88
36 39
36 53
36 54
39 25
39 69
39 80
41 81
41 99
44 3
44 39
44 77
45 11
45 63
47 25
48 94
49 69
50 16
50 43
50 55
53 28
53 50
55 78
55 94
58 4
58 53
59 14
59 30
59 85
61 6
61 61
62 81
63 22
64 37
64 67
67 2
68 85
69 13
69 19
69 99
70 33
70 50
72 92
73 26
74 47
74 78
75 0
76 86
77 9
77 64
77 99
79 5
81 91
83 28
83 39
84 47
85 69
86 33
86 86
87 19
87 53
88 42
90 53
90 89
91 5
91 27
91 72
91 98
93 81
94 19
94 58
95 0
95 97
96 96
99 30
99 67
99 78
