112
0 23
0 75
0 85
1 0
1 16
3 57
4 42
4 71
8 47
8 57
8 79
8 96
9 98
10 75
11 4
11 84
13 13
13 32
14 90
16 9
16 51
17 32
18 46
19 27
21 66
22 29
22 84
23 52
24 11
24 22
25 99
26 6
27 40
29 69
29 78
29 85
30 26
33 42
33 75
33 93
34 1
34 55
35 35
38 28
38 50
38 78
39 0
39 18
40 7
41 87
43 32
44 11
44 65
46 63
47 25
48 56
49 18
49 40
49 73
49 90
50 9
51 85
52 45
55 0
56 38
56 76
58 7
58 61
59 70
60 16
60 47
60 99
61 27
61 81
63 54
65 22
67 85
68 29
69 67
71 78
71 82
72 8
72 37
72 59
74 51
76 98
78 13
78 45
80 7
80 37
82 91
83 17
84 27
84 89
85 72
86 63
87 12
88 66
89 32
90 48
90 86
91 91
92 18
92 28
92 77
94 43
94 49
96 35
97 82
98 2
98 22
99 75
