118
0 28
0 90
2 47
3 64
4 56
6 14
6 67
6 74
8 81
9 49
10 29
10 34
10 95
11 11
11 58
12 99
13 5
13 83
14 30
14 55
16 44
17 36
17 63
18 98
20 56
20 60
22 77
22 80
23 27
23 46
24 41
26 97
29 87
30 10
30 42
30 77
31 28
31 32
32 59
35 68
36 59
37 9
37 75
38 23
38 54
39 31
40 45
41 39
41 59
42 17
42 94
43 50
43 81
45 31
45 67
47 43
48 49
49 3
49 88
50 63
50 82
52 49
52 65
53 21
55 35
55 42
56 18
57 65
58 85
59 78
60 94
60 99
62 34
62 61
64 79
66 0
66 8
66 30
66 43
66 76
66 97
67 65
67 81
68 3
68 48
70 57
71 41
72 13
73 76
74 62
75 19
75 98
76 44
77 56
80 7
80 75
81 0
81 91
82 75
83 22
83 51
84 30
85 39
85 71
87 68
89 12
89 96
91 34
91 52
91 64
91 91
94 42
94 50
96 98
97 10
97 56
97 84
99 24
