114
0 39
0 50
1 1
2 18
4 40
4 66
4 99
5 48
6 32
8 26
9 15
10 68
10 73
14 23
14 37
14 87
15 0
15 44
16 1
17 51
18 97
20 83
21 45
21 56
22 30
23 24
23 35
25 10
26 15
26 91
27 31
28 50
28 84
29 1
29 17
31 47
31 55
32 61
32 69
35 0
35 36
36 51
37 29
37 61
38 68
40 22
40 29
40 75
41 58
41 90
41 99
43 92
44 7
45 25
46 49
46 67
46 72
47 8
48 42
48 63
49 99
51 32
52 57
52 77
55 25
56 69
56 84
57 18
58 8
59 33
59 61
60 80
61 22
62 41
62 45
62 54
63 48
63 66
63 86
66 81
67 4
67 49
68 19
70 92
71 65
72 13
72 68
73 4
74 24
74 83
75 37
76 92
76 97
78 52
79 64
80 82
81 56
83 25
85 61
86 10
87 6
87 30
90 3
90 53
90 75
91 38
92 97
93 44
94 10
94 27
94 76
95 90
99 38
99 57
