114
0 15
0 27
0 65
0 99
1 43
3 59
4 7
4 85
5 79
6 49
9 0
10 15
12 73
13 93
14 62
14 90
15 23
15 44
15 47
16 39
17 68
17 96
18 3
18 18
19 10
20 40
20 75
23 25
23 32
23 82
24 16
28 78
28 86
29 29
29 45
29 51
30 59
32 17
33 14
34 73
34 95
35 65
35 81
37 8
38 58
38 96
39 32
40 16
40 39
42 23
43 77
43 93
45 58
46 32
46 46
48 72
48 87
48 94
49 17
49 80
50 53
51 6
52 64
53 1
54 15
55 85
56 87
56 99
57 35
58 20
59 67
60 71
61 39
61 85
66 71
67 0
69 44
70 21
70 88
71 39
72 58
73 48
73 93
74 65
74 72
74 77
75 18
75 26
75 86
77 34
79 10
81 52
82 0
82 99
83 66
83 94
84 82
86 17
87 46
87 58
87 98
91 36
92 18
93 12
93 32
93 76
94 43
94 82
95 50
96 4
96 59
98 34
98 90
99 11
