110
0 38
1 47
1 78
2 65
2 84
2 92
3 14
4 16
4 61
5 8
6 22
9 66
9 97
10 51
10 80
11 2
11 95
12 30
13 87
17 49
17 82
17 94
18 68
19 35
20 53
21 14
24 88
25 74
26 26
26 80
27 47
28 1
30 12
30 41
30 88
32 4
32 64
32 74
32 95
34 52
35 78
37 60
38 40
38 93
40 30
40 97
44 44
45 58
45 89
46 10
46 25
46 65
46 92
50 19
51 29
51 87
52 11
52 74
53 5
54 40
55 78
56 0
58 25
58 54
60 8
60 74
60 91
61 39
61 85
62 99
63 2
64 60
65 30
66 22
67 54
67 77
68 60
68 67
69 35
69 85
71 17
72 99
75 91
76 3
76 82
77 9
77 58
78 47
81 50
82 29
82 64
83 56
84 11
84 83
85 21
85 24
86 30
86 92
89 38
91 98
93 22
94 44
95 0
95 9
95 74
97 16
97 65
98 30
98 98
99 40
