115
0 7
0 36
0 63
0 71
0 78
4 25
4 34
4 60
7 79
8 42
8 51
9 48
10 52
14 6
14 44
16 11
16 26
16 71
17 91
18 2
19 37
20 59
21 31
22 56
22 79
23 45
31 29
31 59
31 79
33 11
33 80
35 8
35 27
35 37
35 89
36 22
36 51
36 75
37 44
39 60
39 67
40 79
41 98
44 38
44 53
44 71
45 27
46 17
46 46
46 99
47 8
47 85
48 2
49 65
51 51
51 76
52 24
52 41
52 61
54 83
55 97
57 47
57 92
59 28
60 24
61 38
61 53
61 77
61 86
62 1
62 32
63 4
63 43
65 33
65 80
66 60
67 25
68 74
69 56
69 81
70 66
72 1
72 11
72 16
72 98
74 18
74 26
75 44
75 90
78 36
78 97
79 42
79 83
80 13
81 64
82 1
82 75
83 74
85 80
86 10
88 3
88 60
88 77
89 45
90 17
90 28
90 97
91 53
91 86
93 23
95 37
96 0
96 9
97 79
99 65
