117
0 14
0 41
1 69
3 0
3 50
3 89
4 83
6 9
6 16
8 44
8 68
9 54
10 1
10 99
11 37
12 26
14 9
14 33
14 63
15 9
16 96
17 55
18 85
20 76
21 22
21 90
22 48
22 69
23 8
23 58
24 82
24 84
25 99
27 19
27 32
27 51
27 96
28 15
28 25
28 74
29 10
29 35
29 65
30 54
31 46
33 82
33 99
35 31
37 61
37 78
37 90
38 9
40 38
40 58
40 64
41 2
41 24
41 85
43 86
46 77
47 7
47 32
49 21
50 48
50 97
51 79
53 74
54 60
55 0
55 30
55 55
55 64
56 35
56 99
58 16
58 46
59 92
60 60
60 84
61 36
61 77
63 16
63 22
64 50
65 2
65 42
65 91
68 22
69 58
73 94
75 41
75 65
75 74
79 4
80 99
81 1
81 12
81 16
81 67
82 26
82 30
83 33
88 57
90 16
90 80
90 85
91 2
91 66
94 0
94 97
95 44
96 46
97 51
97 85
98 7
99 32
99 66
