115
0 11
0 29
0 56
0 62
0 66
0 78
0 84
3 50
5 27
5 32
6 13
6 42
7 62
7 81
8 3
8 23
9 67
10 46
10 51
10 96
11 11
12 37
13 90
14 76
14 82
15 42
15 53
16 15
19 29
19 62
19 77
19 96
20 56
21 1
21 48
22 20
22 88
23 28
23 71
24 53
25 63
26 42
27 96
28 6
29 8
31 86
32 69
34 7
35 13
35 97
36 22
36 37
36 42
36 54
37 45
39 68
39 83
40 90
41 0
41 28
42 59
43 20
44 66
45 76
46 90
50 1
50 12
50 46
51 38
51 43
51 99
52 9
55 52
56 16
56 74
58 60
60 88
61 99
63 21
65 46
65 82
65 95
66 5
66 28
67 73
69 0
70 14
73 34
73 79
74 76
75 93
77 35
79 65
80 0
80 9
80 27
80 96
82 53
83 80
86 26
86 60
89 67
90 7
90 29
91 40
91 57
93 15
93 50
93 74
94 22
95 1
96 16
96 95
98 71
98 89
