113
0 30
0 36
0 75
1 2
1 93
1 99
2 16
2 50
2 57
3 66
4 34
6 99
7 43
7 80
7 85
7 90
9 18
10 4
10 26
10 65
12 51
13 59
14 33
14 40
15 3
17 37
18 0
18 19
19 15
20 27
20 67
20 96
21 53
21 86
22 62
23 42
24 81
26 23
26 49
28 14
28 95
29 39
30 5
30 31
35 98
36 34
36 63
38 4
38 35
38 59
39 82
41 68
42 18
46 4
46 54
47 22
47 48
48 86
49 63
49 93
51 31
52 37
53 92
56 21
56 44
57 28
58 36
58 94
59 70
61 7
61 50
63 1
63 65
64 79
65 65
65 84
67 47
67 51
67 96
68 82
69 37
71 17
71 51
73 24
73 31
73 67
73 77
75 46
75 63
77 0
78 37
78 95
79 83
81 10
81 16
81 44
82 30
83 2
87 57
87 97
88 16
88 67
88 71
91 33
91 43
91 51
92 57
93 94
94 84
95 11
95 37
95 80
99 30
