165
0 4
0 14
0 29
0 36
0 40
0 58
0 75
0 84
0 92
1 0
1 20
1 70
5 0
5 35
5 56
5 77
5 91
6 5
6 21
6 27
6 42
8 16
9 63
10 82
11 49
14 35
14 57
14 77
15 14
15 21
15 63
16 4
16 46
17 0
18 84
21 91
21 98
22 5
22 14
22 40
22 70
23 0
23 21
24 77
26 49
26 56
27 28
27 35
27 63
27 84
29 35
29 42
29 70
30 6
30 12
30 21
30 27
30 49
30 58
30 64
31 1
32 82
33 98
34 78
37 7
37 98
38 0
39 63
40 44
40 69
40 77
40 94
41 21
41 49
42 14
42 35
45 28
45 63
46 5
46 20
46 42
46 68
47 0
47 49
47 96
48 14
48 77
48 82
50 34
50 92
54 6
54 43
54 63
54 78
54 99
55 84
56 70
56 94
57 20
57 49
58 28
58 34
58 56
61 42
61 56
62 0
62 5
62 20
62 48
62 78
63 28
63 63
63 70
64 89
65 34
66 14
67 84
70 5
70 43
70 76
70 83
70 91
70 99
71 19
72 15
72 33
72 68
74 49
77 42
77 98
78 55
78 82
79 0
79 28
79 35
79 63
80 49
81 14
82 91
85 84
86 14
86 19
86 62
86 98
87 0
87 42
88 28
88 56
89 70
90 37
90 90
93 56
94 34
94 99
95 0
95 42
95 83
96 14
96 61
96 93
97 23
97 28
97 75
98 9
98 51
