96
0 20
0 64
0 87
1 81
2 28
2 54
2 61
2 94
3 6
3 21
3 43
5 37
6 43
6 88
7 23
7 51
7 70
7 98
8 14
8 65
9 29
9 93
12 39
12 56
12 79
14 72
15 84
16 15
17 45
17 53
17 94
17 98
19 23
19 60
19 80
20 38
20 76
22 67
22 84
23 28
23 66
24 27
25 95
26 43
26 89
27 35
27 81
28 62
29 53
30 66
31 44
31 95
32 29
32 74
33 62
34 98
35 48
35 58
35 90
36 79
36 81
38 72
39 43
39 97
41 43
43 52
46 79
47 56
48 68
48 93
48 97
50 82
51 78
51 87
52 56
53 72
55 97
56 58
57 81
58 68
60 76
62 91
62 98
64 70
65 84
67 89
68 72
69 98
70 92
75 85
77 96
78 77
79 99
80 81
81 83
91 97
