90
2 2
4 7
38 47
38 48
38 49
38 50
38 51
38 52
38 55
38 58
39 43
39 44
39 55
39 58
39 59
39 61
39 62
40 55
40 63
41 41
41 49
41 58
41 59
41 60
41 63
42 41
42 63
43 41
43 62
44 63
45 48
45 53
45 54
46 40
46 62
46 63
47 38
47 40
47 41
47 44
47 62
48 38
48 62
49 38
49 54
49 64
50 38
50 40
50 64
51 38
52 38
52 48
53 38
53 41
53 62
54 38
54 54
55 40
56 38
57 39
57 44
57 63
58 41
58 49
58 59
58 62
59 39
60 39
60 47
60 54
60 55
60 57
60 60
60 63
61 39
61 54
61 63
62 40
62 41
62 42
62 43
62 44
62 53
62 58
62 59
62 60
62 61
62 62
63 52
63 53
