113
0 18
0 57
0 79
0 83
1 26
2 0
2 62
3 48
4 4
4 54
4 91
6 86
7 39
8 62
9 13
9 68
10 20
11 27
11 48
14 70
14 73
16 17
16 64
17 54
18 40
18 50
21 89
22 4
22 7
22 36
22 95
23 40
23 71
24 81
26 2
26 21
27 54
31 66
32 22
32 52
32 60
32 80
33 8
33 97
35 61
35 88
36 32
36 97
37 36
40 94
43 0
43 10
46 25
46 63
47 7
47 47
47 77
51 69
52 32
52 48
53 78
55 40
55 76
56 47
56 64
56 93
57 14
58 0
59 31
59 96
60 65
62 15
63 1
63 60
64 21
64 51
64 91
66 37
67 29
67 76
69 57
69 73
70 20
70 54
72 43
72 63
73 27
75 91
76 41
76 70
81 44
82 92
83 34
83 65
83 74
84 1
84 51
86 19
86 39
89 89
90 47
92 17
92 24
92 98
93 31
95 70
96 9
96 94
97 63
97 86
98 39
98 46
99 48
