111
0 47
0 91
1 12
3 22
3 41
4 67
5 99
6 21
8 75
11 37
12 23
12 83
14 43
14 51
15 8
15 13
16 29
16 85
17 60
17 93
18 68
19 15
19 65
20 38
22 3
24 24
24 73
25 65
26 82
27 94
28 30
29 2
29 22
30 8
30 16
30 40
31 78
31 88
33 62
34 62
35 82
38 28
38 43
38 55
38 71
39 68
40 85
41 11
41 49
41 99
44 15
44 21
45 29
47 54
47 71
47 91
48 11
49 81
50 34
51 15
52 0
52 49
52 63
55 95
58 48
58 74
58 81
59 31
60 65
61 17
61 23
61 95
62 88
64 41
65 34
66 9
66 45
66 80
71 40
71 55
72 47
72 73
73 52
75 67
75 82
76 4
77 20
77 24
77 99
78 60
79 90
82 83
83 88
85 37
85 57
86 37
87 45
88 59
89 73
90 59
91 15
92 7
93 1
94 25
95 99
96 9
97 46
97 87
98 72
98 80
99 62
