117
0 22
0 41
0 62
0 69
1 4
1 25
2 96
3 46
4 36
5 73
6 65
6 87
10 20
10 92
12 31
12 86
13 47
13 56
14 4
18 27
18 65
19 72
19 81
21 20
22 34
22 42
24 67
25 77
26 12
26 85
27 59
28 3
30 38
31 53
33 54
34 64
35 71
35 90
36 2
36 99
37 85
38 34
38 50
39 18
40 7
41 64
41 68
42 78
44 1
44 35
46 12
47 51
48 32
50 42
50 66
51 80
51 89
52 52
52 90
53 17
54 24
54 75
55 60
55 66
56 27
59 76
60 91
61 41
62 24
63 7
63 48
65 0
65 6
65 90
66 38
67 68
68 10
69 63
69 69
69 76
70 6
70 20
70 90
71 35
71 84
72 23
73 54
75 40
75 63
76 25
77 81
79 53
79 95
81 39
81 47
82 57
83 71
83 79
83 98
84 9
86 79
87 31
87 52
87 65
87 90
89 4
89 35
91 25
92 60
92 83
93 95
95 49
97 63
99 15
99 23
99 82
99 99
