116
0 45
0 53
0 65
0 94
2 38
3 21
3 79
5 59
5 79
7 6
7 11
7 99
8 41
9 25
9 51
9 74
15 28
15 44
17 67
17 88
17 98
18 71
19 25
19 55
20 4
21 15
21 97
22 10
24 41
24 85
27 1
28 36
29 3
31 96
32 88
34 18
34 54
34 74
38 58
38 83
39 10
39 21
40 92
41 2
41 18
41 46
42 26
42 38
42 76
43 35
45 9
47 0
47 60
47 95
48 21
48 41
48 75
51 23
51 51
52 89
54 8
54 65
56 97
57 41
57 97
59 11
60 37
60 67
61 22
61 52
61 63
64 64
66 8
66 94
67 71
67 80
68 31
68 50
71 98
72 17
73 55
74 31
74 41
74 75
75 21
75 64
76 14
77 46
78 0
78 84
79 69
80 15
80 95
81 41
82 6
82 29
82 80
84 89
85 66
86 97
87 34
87 53
87 83
91 20
91 69
92 59
94 31
94 91
95 0
96 45
96 72
97 14
97 99
98 51
99 67
99 75
