114
0 52
4 21
4 87
7 78
7 96
8 64
10 41
11 8
11 27
11 71
12 33
12 62
14 48
15 48
16 0
17 14
17 66
18 53
19 28
20 88
21 83
24 50
25 15
25 68
26 79
28 40
28 97
30 1
30 90
30 96
31 19
31 73
32 54
33 80
34 64
34 94
35 34
38 27
38 74
40 7
41 1
41 65
42 37
44 40
44 93
45 23
45 92
46 72
46 96
47 51
47 54
47 86
49 36
50 79
52 89
53 36
54 8
54 71
55 67
56 83
59 14
59 22
59 46
59 75
59 90
61 37
61 94
62 69
63 51
64 63
65 44
65 77
67 34
68 3
68 73
69 20
69 91
70 48
71 39
72 55
72 82
75 21
75 78
75 87
77 18
77 34
78 60
78 96
79 59
82 58
83 81
83 91
83 99
84 14
84 21
84 65
85 74
86 5
86 31
87 47
89 39
90 78
91 21
92 70
92 88
96 6
96 36
96 55
96 60
97 74
99 13
99 38
99 82
99 91
