107
0 0
1 70
4 28
4 53
4 72
4 98
8 31
9 77
11 38
11 66
12 16
15 18
18 24
19 21
19 54
19 61
19 78
20 39
20 55
20 77
22 68
23 5
23 30
23 88
25 23
25 41
25 95
26 79
27 7
27 74
28 34
29 37
30 65
31 27
33 7
33 59
34 51
35 74
36 20
36 60
36 81
37 31
38 60
39 46
41 55
42 25
42 46
42 88
43 17
44 94
45 33
45 62
46 77
47 41
48 3
48 12
52 56
53 34
54 27
54 65
55 53
56 74
57 60
58 50
58 56
60 71
61 35
61 81
62 13
62 20
62 67
63 1
63 23
63 38
65 53
66 27
66 44
67 45
67 85
68 63
69 59
71 42
72 26
72 60
72 71
72 90
73 12
73 78
76 17
76 24
77 29
78 61
78 73
79 54
81 76
82 30
82 40
83 22
83 44
83 80
84 36
87 60
88 16
89 74
91 19
91 46
97 52
