116
0 13
0 32
0 63
0 84
2 44
3 70
3 98
4 78
5 42
6 19
6 26
6 56
8 63
8 97
9 57
11 72
12 43
14 53
14 83
15 1
15 90
16 29
19 38
19 43
20 83
21 2
21 24
22 16
23 60
25 63
25 68
26 99
27 38
27 79
28 46
28 68
29 89
30 13
30 28
31 5
33 95
33 97
34 81
35 25
37 9
38 18
39 58
39 79
40 32
41 29
43 78
44 58
45 7
46 4
46 37
46 57
47 64
47 93
48 47
49 21
49 30
52 20
53 83
55 61
55 67
55 89
56 47
57 27
59 12
59 75
60 8
61 41
61 82
61 98
62 48
63 2
63 22
63 64
63 90
65 29
67 37
68 73
68 97
70 45
70 87
73 14
75 56
75 78
76 72
78 17
78 23
79 9
79 28
79 88
80 14
80 63
82 37
82 58
82 71
85 42
85 44
85 92
87 88
89 51
89 78
89 98
90 7
90 70
93 56
93 80
94 23
94 31
97 15
97 57
97 75
99 43
