118
0 3
0 19
0 90
0 99
1 33
1 59
2 85
4 64
5 26
5 73
6 9
7 16
7 99
8 24
8 55
9 87
11 43
11 59
12 71
12 73
14 0
14 5
14 15
16 88
17 30
18 57
18 66
19 15
19 25
22 98
23 45
23 61
23 92
24 30
25 39
26 77
27 99
28 2
28 10
28 20
30 24
30 66
32 34
32 60
33 16
36 51
36 74
36 82
37 88
38 32
39 11
39 41
39 68
41 36
42 98
44 19
45 58
45 76
47 93
48 8
49 96
50 19
50 50
52 81
53 5
53 64
53 69
55 46
56 36
56 74
58 22
58 99
59 82
60 51
60 60
62 29
63 7
63 79
63 89
65 44
67 1
67 10
67 54
67 97
68 63
71 40
71 72
72 19
73 67
73 84
74 5
76 13
76 60
77 24
79 53
79 78
79 95
80 18
82 7
82 30
83 89
84 48
85 44
86 13
86 21
86 75
87 72
91 86
92 17
92 47
93 8
93 91
94 57
96 24
96 31
96 65
97 41
97 72
