115
0 6
0 14
0 40
0 49
0 65
0 87
1 54
1 94
2 73
3 23
5 32
9 88
10 28
10 77
11 2
11 74
14 10
14 41
15 12
15 93
16 8
16 76
16 95
18 43
19 3
20 26
22 41
22 44
23 12
24 27
24 92
27 85
30 56
30 63
30 91
31 74
32 60
33 2
33 32
34 61
36 93
37 99
38 24
38 47
39 10
40 78
42 32
42 64
43 69
44 49
45 10
45 41
45 73
46 55
46 59
46 84
47 1
47 5
47 22
48 48
48 90
51 36
53 8
53 16
54 30
55 22
55 58
57 32
58 47
58 63
58 92
59 14
59 97
60 72
60 88
61 7
61 33
61 58
64 19
65 5
66 31
67 45
68 36
70 53
72 45
73 2
73 98
74 19
75 23
76 69
77 5
77 40
77 90
78 65
78 83
79 0
79 15
80 22
81 40
82 94
83 36
84 55
86 58
88 99
89 81
89 82
90 33
91 75
92 6
93 13
93 32
96 12
96 39
96 68
97 94
