114
0 47
0 70
0 86
1 56
4 0
5 65
6 14
6 37
8 70
9 0
10 36
10 87
11 98
12 15
13 64
13 77
14 35
14 43
16 49
16 92
17 63
18 4
18 58
21 48
21 59
22 38
22 89
23 81
24 7
24 24
26 19
27 75
28 34
28 81
29 4
30 90
31 49
33 67
33 98
35 47
36 32
36 39
37 1
37 65
37 77
38 8
39 25
39 34
39 85
40 84
41 70
42 32
42 39
44 4
44 23
46 49
47 87
50 47
52 6
52 61
53 20
53 26
54 93
55 66
56 12
57 4
58 60
63 36
63 84
64 17
64 77
66 57
67 24
68 91
70 98
71 10
71 50
71 83
72 21
72 34
72 43
73 20
73 73
75 2
76 45
76 67
76 90
77 70
78 37
78 76
80 9
80 55
82 31
82 85
85 3
85 8
86 22
86 91
87 17
87 48
88 56
90 36
90 97
91 31
91 64
91 71
93 76
95 91
96 34
97 38
97 49
99 0
99 58
99 83
