111
0 6
0 11
0 58
0 68
2 22
2 54
3 90
5 48
5 74
6 8
6 27
6 62
7 33
9 0
11 41
12 69
13 4
13 20
14 61
15 38
15 48
15 98
16 84
18 42
19 68
19 76
21 20
21 28
24 99
26 73
27 23
27 88
28 31
28 55
30 9
30 50
30 81
31 7
32 56
33 29
33 36
33 86
35 15
35 79
37 42
38 65
39 6
39 99
40 44
41 21
41 90
42 30
42 59
43 15
44 66
46 92
48 2
48 32
49 16
50 1
50 24
50 77
50 84
51 36
52 63
52 70
53 50
53 98
54 38
56 64
56 79
60 14
60 22
63 8
64 0
64 46
64 91
65 14
68 25
69 46
70 32
70 65
71 57
75 17
75 74
76 58
77 39
78 53
78 90
79 3
81 75
82 14
83 71
85 3
85 29
85 60
86 76
89 51
91 96
92 28
92 56
93 2
93 55
94 49
95 98
96 19
96 50
98 35
99 8
99 69
99 84
