92
0 3
0 44
0 50
0 65
1 17
1 32
2 19
2 57
4 5
4 51
4 79
4 85
4 90
5 22
6 41
6 68
9 12
9 44
9 96
10 62
10 75
11 32
12 18
12 26
13 90
14 55
16 18
16 98
17 32
18 41
18 47
19 69
19 84
20 61
21 86
23 20
23 93
24 40
24 58
24 64
24 79
25 34
25 49
27 97
28 29
28 72
29 43
29 59
30 86
30 93
33 72
33 78
34 38
38 43
38 62
40 85
41 78
41 98
42 53
42 71
43 60
44 63
44 94
44 99
45 48
47 80
47 85
48 58
49 72
51 97
52 54
52 94
56 70
57 84
57 85
58 59
61 99
64 63
64 85
65 78
66 85
67 71
68 71
71 81
71 99
73 91
80 87
80 96
81 79
84 93
88 92
88 99
