118
0 15
0 38
0 58
1 20
2 62
2 84
3 44
3 72
3 78
4 1
5 6
6 25
6 44
8 58
10 74
11 30
13 90
14 11
14 13
15 52
16 61
16 66
17 81
18 32
18 76
18 95
19 18
19 85
20 41
22 57
23 48
24 41
24 99
25 27
27 91
28 43
29 73
31 3
32 29
32 59
32 66
32 94
33 80
34 43
35 90
36 10
36 58
37 6
37 74
39 24
39 99
41 99
42 12
42 46
42 56
43 31
43 70
45 21
46 0
46 63
47 55
48 7
48 77
48 80
49 41
50 14
51 23
51 69
51 86
54 0
54 93
55 4
57 34
57 97
58 42
58 55
58 73
59 18
60 97
62 12
63 36
63 39
63 69
63 78
65 28
68 20
69 64
70 0
70 9
70 55
70 87
71 15
72 70
73 25
73 48
74 30
77 76
79 98
82 42
82 75
83 19
83 61
83 98
84 67
85 9
85 47
87 40
87 81
88 18
91 49
91 65
93 33
94 67
95 31
96 0
97 36
97 94
98 16
