120
0 4
0 93
1 57
1 79
2 64
3 18
4 75
5 14
8 21
10 5
10 68
11 47
11 75
12 29
12 61
13 43
15 52
15 94
17 23
18 3
18 71
18 80
19 88
20 48
21 88
22 99
23 33
24 7
24 17
24 82
25 67
25 73
26 53
27 47
29 3
29 48
29 61
30 38
31 33
32 75
32 77
33 30
33 63
33 68
35 42
36 57
37 36
37 89
38 4
38 19
39 91
40 28
42 52
44 43
44 45
45 22
45 29
46 78
46 89
47 2
47 59
47 70
48 36
50 56
51 45
51 63
51 99
52 0
52 16
52 18
52 31
53 41
56 36
56 55
56 83
59 45
59 99
60 88
61 0
61 17
61 22
61 69
62 65
64 51
64 79
65 85
66 37
67 23
69 65
70 11
70 65
71 28
71 37
72 51
73 97
74 6
74 9
76 62
76 84
79 76
80 23
80 56
82 40
84 21
84 47
85 63
86 30
86 37
87 96
88 73
89 92
90 8
90 44
90 99
92 14
96 30
96 85
97 35
98 20
98 49
