147
0 20
0 35
0 50
0 65
0 80
0 86
0 90
0 95
1 12
1 27
1 42
1 57
1 72
2 10
2 20
2 35
2 50
2 65
2 75
2 80
2 85
2 90
2 95
3 3
3 13
3 41
3 43
3 71
5 27
5 57
7 5
8 8
8 17
8 52
9 0
9 54
9 97
10 23
10 38
10 68
10 77
10 83
10 92
11 31
11 61
13 45
15 30
15 52
15 67
15 82
16 16
16 21
16 24
16 36
16 59
16 91
16 96
17 1
17 5
17 10
17 25
17 35
17 40
17 45
17 75
18 92
18 97
19 19
19 31
20 52
20 67
20 82
21 59
22 10
22 15
23 3
24 24
24 79
24 96
25 0
25 32
25 47
25 62
25 77
25 93
26 18
26 39
26 54
26 69
27 85
30 17
30 32
30 47
30 55
30 62
30 77
30 92
31 11
31 15
31 39
31 71
32 1
32 5
32 25
32 95
33 16
33 32
33 37
34 51
34 91
35 21
35 42
35 57
35 67
35 77
36 11
36 87
39 3
39 91
39 96
40 0
40 17
40 25
40 37
40 45
40 52
40 60
40 67
40 75
40 82
41 31
42 11
44 3
44 91
44 96
45 0
45 17
45 25
45 37
45 45
45 52
45 60
45 67
45 75
45 82
46 10
46 31
