118
0 0
0 34
0 42
0 71
0 79
2 53
3 23
3 49
4 86
5 14
7 54
8 39
9 59
9 82
11 23
13 7
14 32
14 96
16 16
16 55
17 38
17 64
18 23
19 49
19 92
20 37
23 88
24 10
24 16
24 72
27 2
27 51
27 90
29 26
29 90
30 15
31 33
31 37
31 41
31 57
31 67
32 22
33 51
34 56
34 97
38 7
38 14
39 63
39 80
40 46
41 0
42 35
44 20
45 28
45 43
45 61
47 76
49 21
50 5
50 35
50 90
53 45
54 6
54 59
55 92
56 52
57 66
58 34
58 87
60 15
60 41
61 59
64 1
64 10
66 28
66 36
67 46
68 75
68 84
69 74
70 2
71 6
71 52
71 98
72 89
73 21
74 29
76 61
78 20
78 36
78 97
80 27
80 37
80 52
80 67
80 83
81 88
82 74
83 44
83 63
84 6
84 58
86 0
86 92
87 23
87 50
87 70
88 9
88 81
90 9
90 62
92 98
93 76
94 57
97 25
98 60
98 91
99 46
