117
0 5
0 31
0 46
0 76
1 52
2 4
2 62
2 85
5 48
5 56
6 71
6 81
9 18
9 39
10 1
10 97
11 15
11 56
13 88
14 72
15 21
15 38
18 93
19 6
19 52
19 58
20 68
20 86
21 17
21 32
22 87
23 24
23 52
23 77
24 2
24 38
25 7
25 10
26 38
26 54
27 30
27 91
30 21
30 38
33 75
34 61
34 69
35 26
36 85
37 15
37 51
37 93
38 52
38 70
39 99
41 8
43 80
43 85
45 14
45 37
47 76
49 65
49 70
51 18
51 80
52 14
52 39
52 92
53 28
53 45
54 97
56 14
56 59
57 45
58 20
61 28
61 31
63 72
66 91
66 97
67 24
67 32
67 41
67 47
67 69
68 83
69 5
70 85
71 1
72 15
72 62
73 99
75 45
76 35
77 30
80 17
82 32
82 87
83 57
84 73
84 95
85 31
85 39
85 80
87 16
89 88
90 54
91 33
93 45
93 68
93 96
94 13
95 4
97 20
97 31
98 6
99 74
