116
0 17
0 50
0 54
0 65
0 90
1 81
2 36
5 15
5 76
6 32
9 65
9 82
10 37
12 99
13 1
13 72
14 51
14 87
15 29
17 96
19 39
19 79
20 17
20 25
20 56
21 3
21 60
22 42
22 74
22 89
23 11
24 17
26 53
28 81
29 6
29 28
29 67
29 76
31 97
34 12
34 20
35 4
35 35
35 50
35 65
35 80
36 28
36 46
36 69
38 95
40 58
41 14
41 19
44 0
45 75
45 90
45 93
46 69
49 58
50 36
50 96
51 25
51 78
53 11
53 41
53 52
54 26
59 95
60 2
60 26
60 67
60 71
61 12
62 52
63 42
63 53
63 87
64 31
66 17
66 35
68 32
69 56
69 82
70 12
73 97
74 18
74 64
75 22
76 69
77 44
77 49
78 8
79 29
80 13
82 65
83 85
84 71
85 5
86 56
86 89
87 32
88 99
89 41
91 14
91 50
92 5
92 70
92 73
97 7
97 16
97 45
97 65
97 86
99 30
99 50
99 70
