110
0 0
0 29
0 83
0 98
2 12
4 4
5 51
5 89
6 66
9 18
9 94
9 96
10 0
13 10
13 92
14 78
14 89
15 33
16 42
16 60
18 0
18 75
19 83
20 9
20 67
23 89
27 4
27 51
28 69
29 94
30 27
30 46
31 18
32 32
32 55
32 98
33 84
34 37
34 55
34 69
34 73
35 12
37 51
39 33
41 55
42 70
43 92
44 26
45 46
45 64
47 4
47 26
47 78
48 71
48 97
49 2
51 52
52 38
52 44
54 58
54 84
56 15
56 17
57 33
57 97
59 65
59 92
60 56
61 33
62 19
63 65
64 14
66 0
67 34
67 93
68 87
69 45
69 51
70 14
70 19
70 79
71 37
72 73
73 64
75 97
76 23
76 32
78 50
79 7
79 58
79 78
81 15
83 54
83 92
84 16
84 21
84 31
85 1
85 35
85 45
89 93
90 69
92 43
94 6
96 82
97 89
98 17
98 29
98 97
99 2
