92
0 5
0 26
0 50
1 12
2 20
2 55
2 57
2 72
3 41
3 87
4 26
4 98
6 41
6 66
6 74
7 26
7 94
8 19
8 89
10 11
10 85
11 60
11 69
12 47
13 33
13 99
14 29
15 79
16 16
16 56
16 93
17 41
17 47
17 83
20 33
20 39
20 75
21 21
21 98
22 46
23 66
24 90
25 25
25 61
26 68
28 85
29 63
29 99
30 35
30 90
31 42
33 68
34 31
34 54
35 76
36 45
38 88
38 99
39 60
40 79
41 68
42 93
44 48
44 73
47 64
47 93
49 54
49 59
50 69
50 76
51 90
54 59
55 69
56 76
56 97
57 83
58 91
61 97
63 63
64 71
66 86
67 94
68 78
71 73
72 99
74 89
76 76
80 85
82 89
88 97
91 94
95 98
