112
0 34
0 60
1 71
3 56
3 77
4 8
5 22
8 7
8 97
9 47
10 74
11 65
12 91
13 8
14 50
14 89
15 51
17 79
17 97
18 58
19 16
19 23
19 32
19 72
22 9
22 38
24 52
25 19
25 27
25 67
25 73
26 94
27 11
28 45
31 87
34 8
34 48
34 54
34 69
34 95
35 17
35 23
36 39
37 1
37 85
39 64
41 1
42 9
42 70
44 44
45 28
48 10
48 30
48 94
49 22
49 49
50 96
51 49
52 80
53 0
53 90
53 98
56 18
56 65
56 74
56 80
58 0
58 35
58 60
59 42
60 51
61 14
61 24
62 28
62 69
62 95
64 0
65 15
65 86
69 26
70 12
70 73
72 12
72 59
73 44
75 34
76 30
77 64
77 94
79 78
80 0
80 15
83 92
84 30
84 81
85 52
85 65
86 25
87 81
88 76
89 61
91 20
91 39
91 87
94 1
94 4
95 61
96 43
97 12
98 90
99 27
99 34
