106
0 0
0 29
0 78
1 56
1 95
2 15
5 6
6 33
6 99
7 60
7 65
7 81
8 51
10 11
11 74
11 81
12 46
14 64
14 89
17 15
17 20
19 93
20 58
21 42
21 71
22 36
24 17
24 94
25 74
25 80
28 58
28 63
28 97
29 9
31 23
33 96
34 49
35 46
36 29
36 71
39 35
39 81
40 20
40 24
42 10
42 56
42 96
44 95
45 0
45 6
45 22
48 5
48 37
48 80
49 51
51 68
53 23
53 86
54 24
54 37
55 30
56 23
56 50
59 4
59 62
60 95
60 99
61 58
61 88
62 44
62 79
63 3
63 37
64 55
65 63
67 0
67 17
68 71
69 39
70 22
71 15
74 25
75 53
75 73
76 0
76 76
77 39
77 94
78 34
80 49
80 61
80 79
82 20
85 95
87 47
88 27
89 83
91 23
92 6
92 44
93 55
94 3
95 74
98 17
99 38
99 57
