118
0 8
0 20
0 32
0 56
1 88
2 50
4 35
8 64
9 16
9 43
9 67
9 73
9 96
10 32
11 82
12 0
12 21
13 38
14 0
14 53
14 94
15 14
17 79
18 46
19 6
19 30
20 25
20 86
21 67
24 39
25 28
25 59
27 45
27 63
27 83
29 55
33 14
33 98
34 28
34 88
35 84
40 27
40 69
41 18
41 34
42 75
43 99
44 45
44 53
45 11
47 68
47 95
49 83
49 90
50 17
51 0
51 24
52 48
52 75
53 34
53 42
56 15
57 95
58 0
58 56
59 12
59 21
59 29
61 35
62 91
63 62
64 13
64 71
64 77
64 94
65 26
65 54
66 12
66 91
70 20
70 48
70 75
73 26
76 35
76 44
77 0
77 3
78 89
78 91
79 59
80 10
80 21
80 58
80 65
80 98
81 44
81 73
82 3
82 30
83 39
84 50
86 18
86 45
87 25
87 78
94 30
94 90
94 96
95 49
95 93
96 0
96 16
96 58
97 65
97 73
98 8
98 35
98 44
