116
0 11
0 16
0 33
1 3
1 31
2 25
2 61
3 47
3 76
4 93
4 97
6 29
6 69
6 79
7 3
9 36
9 46
10 15
12 22
15 0
15 7
15 36
16 59
18 27
18 92
19 21
20 50
20 65
20 81
21 0
21 56
22 3
22 74
23 31
24 88
25 14
26 24
28 0
31 56
31 75
32 42
33 13
33 64
35 37
36 0
36 5
36 23
37 32
38 7
38 70
39 84
40 20
40 46
42 87
43 64
44 0
44 50
44 86
46 28
46 43
47 14
47 59
49 17
49 33
50 64
51 0
51 29
52 12
54 78
55 41
56 81
58 69
58 84
59 17
59 63
60 27
60 47
60 98
62 10
64 61
65 24
66 14
66 29
67 0
69 45
69 75
71 9
72 90
74 51
74 67
74 95
75 58
80 54
81 33
81 53
82 15
82 39
83 1
83 23
83 80
86 84
87 1
87 35
88 30
88 52
89 15
89 66
90 44
92 62
94 51
94 93
94 99
95 8
96 12
97 79
99 22
