113
0 15
0 70
0 81
1 29
2 43
4 0
4 95
6 91
8 16
9 39
10 25
10 60
11 67
13 59
14 74
15 83
16 9
16 26
17 23
17 43
18 94
19 79
20 87
22 70
23 53
24 38
24 39
25 24
25 79
28 68
30 12
30 94
31 88
32 98
33 52
34 20
34 26
35 38
36 46
38 54
38 67
39 1
39 75
42 23
42 50
44 6
44 15
44 40
45 91
46 36
46 70
48 54
49 94
50 11
51 35
51 61
51 95
53 77
53 86
54 72
56 24
56 62
57 34
58 28
58 51
59 0
59 80
59 99
60 46
61 10
62 52
64 37
67 23
67 83
68 73
69 42
71 69
73 9
73 83
74 23
74 39
74 97
75 9
75 68
77 43
79 32
80 17
80 90
80 96
81 82
82 72
83 39
83 56
84 0
86 58
86 73
87 33
88 16
88 53
89 6
89 69
92 0
92 38
92 45
94 20
94 30
94 73
97 54
97 87
98 5
98 46
99 16
99 25
