113
0 17
0 38
0 78
0 94
1 24
2 69
3 3
3 83
5 1
6 69
7 52
8 17
8 66
12 86
17 33
18 89
19 4
19 28
20 82
21 60
22 14
22 19
22 67
26 51
26 87
27 59
28 5
28 15
28 44
28 78
29 14
30 72
31 73
32 64
33 32
33 37
36 15
36 46
36 90
36 97
37 14
37 32
38 51
38 60
38 66
40 52
42 31
42 46
42 82
45 77
46 25
46 62
48 3
48 45
49 83
50 94
50 99
53 11
53 40
53 45
53 69
54 90
55 23
56 51
56 59
56 75
56 98
57 37
59 73
61 9
63 24
65 13
65 56
65 81
66 5
66 32
67 97
70 29
70 38
70 55
71 0
71 89
72 94
73 19
75 10
76 42
76 96
77 35
78 0
78 18
79 25
80 57
80 73
80 79
83 66
84 41
84 96
86 1
89 27
89 52
90 83
91 11
92 2
92 9
92 90
93 18
95 23
95 87
97 68
98 15
98 38
99 32
99 65
