115
0 0
0 6
0 23
0 49
0 69
2 27
2 59
2 96
3 43
5 75
6 65
8 83
9 40
9 48
9 81
10 59
13 17
14 15
14 32
15 0
15 53
15 65
16 38
17 3
20 72
21 89
23 23
23 32
23 47
24 65
24 97
26 75
27 9
27 48
28 6
28 51
30 66
31 41
31 81
32 34
32 95
36 80
36 87
37 25
38 0
39 63
40 18
40 55
42 44
44 23
45 1
46 91
47 61
47 68
49 44
50 83
51 27
51 94
52 3
54 59
55 65
55 74
56 4
56 31
56 43
57 17
59 83
60 93
61 58
61 60
61 65
63 46
64 16
64 77
65 23
65 84
66 30
66 87
67 0
69 93
70 46
70 82
71 8
71 64
71 68
71 97
72 32
74 88
74 97
75 66
75 82
77 42
77 49
80 19
81 28
81 79
82 34
83 59
84 20
84 45
85 4
87 74
88 53
89 75
89 80
89 92
91 7
91 39
92 96
94 22
95 36
97 26
98 40
98 53
99 77
