117
0 12
0 46
0 73
0 88
2 93
3 14
4 65
5 4
5 43
5 49
6 84
7 75
7 98
8 24
8 58
9 29
10 98
12 9
12 72
14 15
14 47
16 31
16 80
17 25
18 56
18 86
20 66
20 87
21 34
22 49
23 26
24 19
27 10
27 85
28 5
28 99
29 70
30 19
31 49
31 65
32 58
33 26
33 72
34 80
34 86
35 8
35 56
36 83
37 0
37 30
37 51
41 59
42 6
43 97
44 37
45 12
45 44
45 51
45 98
47 20
48 75
50 36
50 44
50 61
51 4
52 85
53 26
54 75
55 13
55 81
58 29
59 66
61 48
63 28
64 42
64 62
65 33
65 79
65 98
66 1
66 93
68 27
69 19
69 56
70 9
70 60
72 82
73 26
74 74
75 3
75 33
75 52
79 7
79 38
80 47
83 21
84 14
84 57
86 93
88 78
88 83
89 6
89 54
89 69
90 26
90 62
93 3
93 34
93 40
94 12
94 72
96 41
96 96
97 5
97 66
97 82
98 20
