93
0 0
0 21
0 47
0 75
0 98
1 20
2 36
3 14
3 56
3 64
3 93
4 6
6 5
7 34
8 19
9 64
9 79
11 76
11 87
12 10
12 16
12 90
12 96
13 2
13 37
13 54
14 5
14 27
15 22
15 46
18 76
19 46
20 40
21 91
22 20
22 26
23 2
23 58
24 66
25 74
28 13
28 33
30 1
30 2
30 92
31 19
33 10
33 99
34 49
34 54
35 33
35 35
36 27
37 73
40 14
40 67
41 5
42 0
42 74
43 21
44 84
47 6
47 43
47 93
48 48
48 52
49 15
49 46
52 22
55 75
57 6
57 16
61 90
65 2
65 10
66 84
70 26
71 3
72 17
72 97
74 34
76 40
80 14
81 29
82 0
82 17
86 15
89 2
90 47
91 29
93 21
94 13
98 4
