114
0 57
0 58
1 93
3 10
4 82
6 28
6 37
8 3
9 17
9 23
10 76
10 82
11 32
11 68
13 42
13 67
14 52
15 61
16 1
16 47
16 94
19 18
20 4
20 32
21 94
22 0
22 98
23 15
23 24
23 40
24 48
27 71
28 29
28 80
29 56
30 42
31 62
31 69
32 12
34 6
34 22
34 97
35 83
36 89
37 39
38 45
40 65
40 97
41 8
43 33
44 4
47 62
48 1
48 8
48 19
48 71
49 65
49 85
52 40
52 48
53 54
54 1
54 14
55 83
55 98
56 23
57 37
57 94
58 9
59 80
60 51
63 26
63 68
64 15
64 40
69 84
70 26
70 50
70 70
71 12
73 39
73 78
73 95
74 32
74 85
76 6
77 46
79 15
80 10
82 72
83 0
84 25
84 86
85 48
86 57
86 77
87 43
88 33
89 21
90 63
90 84
91 23
92 47
93 4
93 19
94 9
94 98
96 71
97 18
97 33
97 64
97 80
98 49
98 89
