121
0 0
0 19
0 30
0 71
1 85
1 94
2 57
2 80
4 27
6 13
7 48
8 4
8 23
8 43
11 29
11 44
11 93
12 8
12 39
12 69
12 79
12 84
14 8
14 15
14 74
15 63
16 93
18 26
19 56
19 98
20 12
21 49
22 3
23 19
23 58
25 92
26 26
26 33
28 81
29 43
29 51
29 85
31 5
32 20
32 28
32 39
33 57
33 67
34 14
35 22
35 91
36 2
36 71
38 0
40 40
40 52
42 84
44 26
45 79
46 38
47 99
48 10
48 16
48 55
49 63
49 93
50 83
51 62
51 73
52 2
52 24
52 32
52 97
54 68
55 9
60 26
62 6
62 32
63 49
63 53
63 69
63 85
64 79
66 5
66 39
66 95
67 0
68 67
69 25
70 19
71 35
72 18
72 42
73 96
76 21
76 96
78 13
78 68
78 80
80 47
80 54
80 96
82 3
82 65
83 72
86 11
86 51
86 93
89 79
90 37
90 95
91 60
92 22
95 35
96 1
97 24
97 39
97 81
99 49
99 67
99 69
