117
0 0
0 24
0 62
0 98
1 7
1 84
2 17
3 26
5 48
5 70
6 64
10 34
10 87
12 27
12 29
13 15
14 59
14 81
15 0
15 6
18 55
18 80
19 32
20 15
20 57
21 55
21 77
22 4
22 66
23 41
24 71
24 93
26 22
26 34
28 27
28 79
29 27
29 98
31 48
32 4
32 9
34 18
35 23
35 33
35 94
37 50
37 55
37 80
38 62
39 9
39 41
41 35
41 95
43 23
43 78
44 75
45 43
45 49
46 68
47 5
49 19
49 98
51 45
52 0
52 25
52 63
53 11
53 81
53 84
54 49
55 34
55 69
57 32
57 54
60 28
60 46
62 82
63 16
63 99
64 37
64 52
65 18
66 1
66 21
66 59
67 42
67 85
69 63
70 77
71 93
73 26
73 55
74 47
76 69
76 77
77 37
77 97
79 8
79 53
80 22
80 91
81 38
81 44
83 61
84 99
85 97
86 56
87 86
88 9
89 46
90 62
91 82
94 0
95 39
96 74
97 46
97 93
