122
0 37
0 52
0 59
0 97
1 4
1 8
2 22
2 31
4 59
5 2
5 79
6 39
6 65
7 87
8 25
11 61
12 19
13 46
13 80
14 39
14 94
15 68
17 11
17 54
17 89
18 61
19 47
20 77
21 33
22 97
23 69
25 11
25 83
26 30
28 90
29 64
30 3
30 99
31 45
32 57
33 25
33 64
33 83
34 48
39 5
39 15
39 42
39 57
40 77
41 0
41 96
42 86
43 67
45 44
45 91
46 38
47 72
50 0
50 6
50 66
52 28
52 51
53 14
55 94
56 0
57 99
58 10
58 79
58 84
59 64
60 16
60 37
61 75
62 58
62 93
63 27
63 82
64 2
64 65
67 18
69 33
69 62
69 91
70 53
71 47
73 39
74 7
74 67
74 82
75 37
76 75
77 58
78 1
80 35
80 42
81 24
82 2
82 83
83 10
83 81
84 17
84 52
84 92
86 28
87 45
89 60
89 66
90 68
91 13
92 97
95 22
95 43
96 32
96 36
96 80
96 89
97 29
98 8
98 18
98 74
98 98
99 56
