119
0 13
0 56
0 75
0 82
0 93
1 99
2 27
3 6
3 70
6 39
6 48
6 95
8 81
10 62
11 3
11 18
11 33
11 41
12 25
12 62
12 66
14 12
14 48
14 88
15 33
17 64
19 11
19 82
20 75
20 96
22 42
22 49
22 89
25 78
25 97
27 57
28 24
28 63
29 16
29 41
29 49
30 27
34 9
34 78
34 79
35 26
35 62
36 12
36 69
38 46
39 26
39 82
39 94
39 98
40 32
41 75
42 65
42 91
47 38
47 51
47 96
48 7
48 34
49 21
49 45
50 10
50 71
51 7
51 68
52 88
53 3
53 54
53 83
56 27
61 84
62 29
62 54
63 68
64 43
65 75
65 92
66 0
66 7
67 82
68 28
68 35
68 47
68 97
70 67
72 13
72 42
75 60
77 22
77 46
77 89
78 16
78 99
79 56
79 74
80 36
82 32
83 8
83 60
84 71
84 75
87 17
90 7
91 75
91 93
92 0
92 47
92 97
93 26
93 94
97 31
97 54
97 61
99 13
99 81
