116
0 89
1 4
1 67
2 26
2 33
3 51
3 94
4 19
4 84
5 61
6 47
7 5
7 11
8 70
12 31
12 48
13 80
14 73
14 97
15 59
16 45
16 88
18 39
19 9
19 25
20 48
21 12
22 60
24 3
24 70
27 25
27 35
28 61
28 76
29 82
30 0
31 49
31 57
31 58
32 40
34 89
36 24
37 31
37 64
38 0
38 15
38 71
39 59
40 10
41 68
42 37
44 29
44 99
45 46
45 52
45 55
47 15
49 36
49 90
51 80
52 1
53 53
53 71
54 22
54 66
55 74
57 36
57 93
58 2
58 67
60 8
63 41
63 91
66 34
67 14
67 47
67 48
67 64
67 73
70 45
71 17
71 59
71 99
72 52
73 14
73 92
74 31
75 17
78 73
80 32
81 69
81 76
82 20
83 46
83 48
85 91
86 54
86 70
87 13
87 62
88 84
89 7
89 96
90 81
91 23
93 0
93 87
95 14
95 38
96 9
97 52
97 68
98 46
98 98
99 24
99 61
