111
0 26
1 6
2 78
3 62
4 48
4 55
5 2
5 92
8 41
8 93
9 79
11 20
11 89
14 28
15 70
16 56
17 14
17 61
19 3
19 89
23 74
24 17
24 38
27 0
27 40
28 3
29 83
29 99
31 38
33 4
33 21
33 64
33 84
35 28
35 96
36 14
36 81
37 52
37 67
38 19
41 37
42 5
42 28
43 58
43 74
43 81
45 93
46 51
46 77
47 8
47 63
48 37
48 42
49 4
49 20
50 5
50 28
51 97
53 14
53 93
56 34
56 51
56 67
58 79
59 85
60 2
60 75
61 48
61 59
64 31
64 53
65 92
66 3
66 21
66 62
67 8
67 24
67 35
67 88
68 21
68 72
70 48
72 33
72 92
72 95
73 68
75 72
75 82
77 49
78 33
80 58
81 27
81 81
82 11
82 15
82 71
84 56
85 26
86 30
86 60
88 2
89 40
89 77
89 88
91 26
92 43
95 57
95 80
97 87
98 5
98 20
