115
0 6
0 22
0 52
2 12
2 47
2 82
5 58
6 32
6 38
7 26
7 96
8 40
11 62
11 80
11 87
12 71
13 16
14 17
14 56
14 96
15 48
18 0
19 99
20 59
21 22
22 31
23 14
23 53
24 45
26 67
26 73
27 6
28 57
28 81
28 97
29 73
30 44
31 49
33 0
34 30
34 58
34 65
34 95
35 19
36 83
37 5
38 41
40 26
40 62
41 12
41 48
42 26
42 55
42 99
43 70
46 77
46 93
47 40
47 55
49 21
49 30
49 53
49 60
49 96
50 13
50 76
52 37
53 90
54 27
54 45
56 43
56 92
58 10
60 72
61 78
62 63
63 24
63 44
64 40
64 99
65 16
65 54
65 82
66 30
67 68
68 0
69 54
70 98
72 27
72 87
77 92
78 1
78 41
80 15
80 22
80 81
81 6
81 57
81 67
82 60
83 52
84 0
86 24
90 91
91 47
92 37
92 58
93 98
95 0
95 13
95 40
95 44
97 72
98 22
99 62
