120
0 4
2 25
3 4
3 66
4 29
5 82
5 87
6 57
6 78
7 5
7 14
7 49
7 73
8 27
10 0
11 19
11 63
12 54
14 14
17 62
18 5
18 32
20 35
20 79
21 47
21 86
21 98
22 72
23 75
24 3
24 56
24 81
24 98
25 42
25 64
28 27
28 71
30 24
30 85
31 6
31 55
31 88
33 12
33 44
34 21
34 40
36 41
36 69
38 5
38 79
38 84
39 49
39 99
40 35
41 65
41 76
44 43
44 82
44 98
45 36
46 20
46 28
46 53
47 61
48 6
50 36
50 76
51 90
52 55
52 81
54 41
54 59
55 5
55 9
55 73
56 96
58 91
59 34
60 19
60 26
60 46
60 87
62 3
64 73
66 82
67 92
68 56
69 74
70 36
71 60
72 77
72 92
72 99
73 68
74 43
75 29
77 21
77 58
77 82
78 7
78 37
79 72
81 66
81 88
82 27
82 80
83 3
85 42
85 65
86 56
86 95
90 51
91 84
92 37
93 17
93 77
94 43
95 92
96 78
97 86
