112
0 3
0 35
3 18
3 46
6 28
6 93
7 8
7 42
9 49
9 85
10 13
11 4
12 27
15 10
16 19
16 70
16 90
17 56
19 24
19 87
20 1
20 26
22 41
23 38
23 72
24 85
25 8
25 56
26 19
26 48
27 1
27 41
28 27
28 99
29 8
30 71
32 57
33 98
34 19
35 0
37 43
38 39
38 67
39 82
40 59
41 5
41 68
42 15
42 25
42 32
44 44
46 10
47 85
47 94
48 28
49 99
50 3
50 13
50 18
52 35
52 56
53 78
53 84
56 21
56 33
56 53
56 96
58 18
59 4
59 39
61 47
61 72
61 90
62 96
63 1
64 69
65 17
66 34
66 53
66 91
68 75
70 48
71 15
72 18
75 55
75 80
76 90
77 62
79 15
79 59
80 1
80 35
81 57
82 85
83 67
85 11
85 29
86 1
89 46
89 83
90 68
90 73
91 57
92 9
92 51
93 16
94 23
95 1
96 39
97 66
97 81
99 18
