117
0 14
0 22
0 37
0 64
1 7
1 32
3 84
4 43
6 50
8 79
10 3
10 12
10 24
11 49
13 54
13 90
14 28
14 70
15 76
16 11
17 92
19 67
19 96
21 25
24 14
25 46
26 0
26 10
26 31
26 80
27 52
29 78
31 1
31 16
31 24
31 97
32 59
32 64
33 92
34 86
39 20
39 40
39 92
40 3
40 58
40 67
41 26
41 48
42 12
43 38
43 73
44 78
45 0
46 5
46 98
47 72
47 87
48 32
48 52
49 60
50 46
50 80
53 30
53 89
54 1
55 9
55 50
56 44
57 15
57 39
57 66
58 99
61 1
61 71
62 30
62 93
63 62
64 39
66 12
67 79
70 29
71 22
71 41
71 93
72 14
73 12
73 84
75 51
76 0
76 90
76 96
77 66
78 37
78 61
79 71
81 3
82 17
82 51
85 24
85 31
86 94
87 16
88 22
89 49
90 80
91 44
92 34
92 88
93 28
94 58
95 0
95 8
95 43
96 73
97 82
98 49
99 21
