114
0 26
0 41
1 12
2 55
3 18
3 86
6 10
6 86
7 25
7 89
8 53
8 69
12 47
12 99
13 32
14 27
14 73
16 56
16 96
17 3
17 88
18 6
19 79
20 61
22 1
22 43
22 52
22 70
22 97
23 38
23 75
23 90
26 18
26 46
26 82
28 28
28 68
30 14
31 38
31 96
32 4
32 19
33 88
34 62
36 31
36 56
40 37
41 86
42 6
42 22
42 61
42 77
43 45
43 91
44 31
44 52
46 3
48 12
49 0
49 37
49 62
50 18
50 26
52 51
54 35
55 99
56 75
56 85
57 46
58 67
60 14
61 5
61 99
64 41
64 83
65 62
65 69
67 1
67 86
68 33
68 48
69 78
70 55
70 96
73 30
74 35
74 51
75 8
75 13
75 14
76 21
76 81
80 69
81 65
82 0
82 7
82 84
82 90
84 47
84 59
84 68
86 24
89 53
90 31
90 38
90 85
91 28
91 78
96 46
96 72
96 99
97 2
98 50
98 62
