113
0 0
0 94
1 70
2 10
2 35
2 77
3 24
6 52
6 59
7 38
9 0
9 31
11 80
13 45
13 61
15 54
15 71
15 99
17 23
18 89
19 30
19 74
21 68
23 1
23 85
24 59
25 5
26 89
27 36
27 43
29 15
31 31
31 55
31 97
32 59
34 10
34 39
35 24
35 70
36 67
37 53
37 78
37 94
38 62
38 84
39 25
42 64
43 11
43 39
44 49
44 81
46 57
47 96
48 9
48 14
48 87
49 28
49 73
50 15
50 52
52 59
52 66
54 22
55 29
57 15
57 98
58 43
58 52
59 0
59 38
61 81
62 89
62 94
63 23
64 56
64 75
67 40
69 70
69 95
70 9
70 29
70 81
73 13
74 1
74 27
74 74
75 36
78 17
78 96
79 59
81 41
83 27
83 45
85 94
86 35
88 3
88 21
88 60
89 26
89 79
90 68
90 88
91 40
91 88
92 74
92 97
94 0
95 16
95 54
97 8
97 95
98 25
99 31
