106
0 12
0 33
1 56
1 75
2 76
3 5
3 61
3 84
6 29
6 39
10 13
10 22
10 78
10 98
13 45
15 28
15 59
15 92
16 99
17 7
17 63
18 65
20 42
21 26
21 49
22 59
23 31
24 93
25 49
25 88
26 4
29 40
30 74
31 59
31 72
32 12
33 8
34 77
34 99
38 27
38 72
38 84
39 50
39 93
41 23
42 48
43 0
44 24
44 58
44 66
45 63
46 0
48 80
48 82
49 73
49 95
52 33
55 41
55 67
58 48
60 5
61 19
62 82
63 9
63 92
64 46
64 53
64 62
66 78
66 96
67 14
68 97
70 33
70 59
71 39
72 29
73 65
74 0
76 81
77 90
78 3
78 15
78 65
80 46
80 84
81 9
81 85
82 50
82 99
83 18
84 93
85 23
86 8
87 33
88 42
91 70
91 87
93 17
96 8
96 46
96 54
96 65
96 93
98 84
99 24
99 30
