131
0 3
0 33
0 63
1 33
1 63
1 81
2 1
2 10
2 17
2 19
2 25
2 40
2 47
2 49
2 56
2 71
2 77
2 86
2 92
2 98
5 18
5 24
5 54
5 78
6 34
8 3
10 1
10 13
10 32
10 44
10 50
10 59
10 68
10 74
10 83
10 86
10 92
10 98
12 24
14 10
14 40
14 65
16 3
16 87
17 87
18 1
18 7
18 17
18 26
18 32
18 38
18 47
18 56
18 62
18 71
18 80
18 95
18 98
22 23
22 52
22 73
24 66
24 81
24 93
26 1
26 4
26 13
26 19
26 29
26 35
26 44
26 50
26 59
26 77
26 95
26 98
28 6
28 36
28 66
29 89
30 80
32 11
32 21
32 33
32 42
32 51
32 63
32 72
32 93
33 27
33 63
34 1
34 7
34 58
34 83
34 98
36 18
36 36
36 48
38 68
38 77
38 86
38 92
40 45
42 1
42 7
42 13
42 16
42 22
42 31
42 37
42 46
42 52
42 61
42 70
42 95
46 15
46 21
46 25
46 31
46 37
46 46
46 52
46 55
46 61
46 67
46 89
46 97
47 75
47 81
50 0
