113
0 31
0 51
0 58
0 85
1 1
2 36
2 81
4 9
4 41
5 17
6 26
6 44
6 56
10 85
11 4
11 99
12 60
12 66
12 93
13 20
14 28
14 68
16 61
16 85
16 98
17 35
18 5
18 29
18 52
21 15
21 49
24 84
25 56
25 74
26 64
28 1
31 81
32 4
32 16
32 59
33 23
34 32
34 39
34 97
35 47
35 53
39 13
41 71
42 69
43 35
45 10
45 53
45 88
47 25
48 15
49 49
49 59
50 89
51 54
51 74
54 44
54 96
56 27
57 74
58 60
59 3
59 5
59 57
59 92
60 43
61 31
61 67
62 14
63 83
66 62
67 0
69 43
70 28
72 12
72 99
73 4
73 88
74 43
74 50
74 74
75 27
75 59
77 85
78 11
78 28
78 92
82 62
82 86
83 22
83 45
83 55
83 71
84 14
87 0
87 90
88 39
89 32
90 19
90 49
90 76
91 5
94 70
95 86
96 11
96 62
97 90
98 64
99 25
