115
0 18
0 74
0 79
0 96
1 2
2 11
2 38
3 34
3 50
3 60
3 68
5 28
7 46
9 14
9 85
10 50
11 55
12 87
17 31
17 46
17 64
18 20
18 83
19 29
20 75
22 46
23 3
24 7
24 78
24 95
25 34
25 44
25 64
25 69
26 20
26 23
26 89
28 55
29 62
30 20
30 29
32 36
32 94
34 38
35 54
36 33
36 78
38 53
38 92
40 21
40 40
40 68
40 94
41 19
41 47
41 75
41 82
42 12
44 28
45 4
46 26
47 3
47 62
47 80
48 33
52 88
53 88
56 16
56 36
59 1
60 87
60 92
61 12
61 21
61 57
61 64
62 42
62 71
62 73
62 77
63 35
65 6
65 50
68 35
69 42
70 10
72 21
74 85
74 94
75 19
75 60
76 26
76 41
77 37
77 78
78 0
79 52
79 97
82 34
82 81
84 13
84 92
85 49
85 72
85 76
85 78
90 31
90 56
91 70
94 42
96 60
97 26
99 56
99 67
99 74
