119
0 0
0 8
0 43
0 58
0 67
2 31
3 22
4 29
4 85
4 92
5 0
6 71
7 14
7 95
8 46
8 71
10 19
11 53
11 55
12 78
14 3
14 11
14 39
16 84
17 58
17 99
18 25
18 31
18 79
19 4
20 17
20 82
21 10
21 39
21 99
25 46
26 77
27 18
27 20
28 2
28 5
28 67
30 88
31 45
31 95
32 59
34 25
34 31
34 73
34 81
35 8
36 67
36 88
38 38
38 63
40 33
41 73
42 0
42 13
45 59
45 85
45 91
46 1
47 37
47 52
48 15
49 20
49 44
49 73
49 77
49 99
54 22
55 49
56 11
56 31
56 72
59 89
60 3
60 64
62 10
62 50
63 36
63 87
65 66
68 95
70 25
70 33
70 74
73 9
73 88
74 0
74 63
76 9
76 27
77 6
77 74
77 82
78 34
78 58
80 51
81 65
82 4
83 89
84 75
84 98
85 20
85 29
85 61
86 43
87 28
89 98
91 13
91 83
93 44
96 65
97 0
97 58
98 81
99 15
