116
0 18
0 86
1 28
1 38
1 74
2 65
3 14
5 71
6 13
9 50
10 5
10 56
10 87
12 0
13 48
15 14
15 24
15 72
15 89
17 31
19 67
20 74
20 97
22 16
23 36
23 44
24 59
24 88
25 50
26 35
26 61
26 69
27 2
28 21
28 95
29 18
31 32
31 40
32 55
33 15
33 68
33 91
35 0
36 77
37 35
37 82
37 94
38 93
39 49
40 29
41 59
41 71
41 86
42 0
42 15
42 43
43 66
43 78
45 23
45 49
48 20
48 44
48 73
52 98
53 36
53 97
55 6
55 53
57 35
58 45
59 21
59 31
59 62
59 82
62 88
63 66
64 38
65 10
67 24
68 93
69 3
70 9
70 57
71 54
72 88
73 63
74 25
74 56
75 96
76 73
77 2
77 32
77 71
78 92
81 99
82 65
82 92
84 19
84 29
86 11
86 44
86 56
87 47
88 5
88 70
89 79
90 23
90 84
91 86
95 46
95 84
96 60
96 98
98 2
98 26
99 64
