149
0 1
0 6
0 21
0 27
0 39
0 49
0 54
0 59
0 69
0 79
0 89
0 99
1 75
4 64
4 93
7 19
7 29
8 67
9 38
10 11
10 49
10 59
10 89
10 99
12 77
13 0
13 15
14 45
15 84
17 3
17 9
18 77
18 87
19 28
19 60
20 39
20 46
20 69
20 99
21 0
21 20
23 25
28 7
28 27
28 71
28 87
28 97
29 38
29 50
30 19
30 59
30 79
31 0
34 45
34 93
37 0
37 23
38 17
38 61
38 71
38 77
39 31
39 40
42 9
42 47
42 91
42 98
44 75
45 33
48 11
48 61
48 99
49 89
50 29
50 69
51 19
52 37
52 47
52 77
53 0
54 63
55 84
57 0
57 89
58 21
58 27
58 51
59 7
59 41
60 79
61 71
62 57
62 97
65 14
66 74
67 19
67 99
68 0
68 11
68 41
68 91
69 28
70 59
70 82
71 68
72 14
72 47
75 87
77 73
78 1
78 28
78 51
78 87
79 80
80 69
81 18
81 58
82 7
82 37
82 44
83 99
84 55
84 85
86 99
88 38
88 61
90 79
91 21
91 68
92 0
92 7
92 30
92 47
92 90
94 45
94 75
97 1
97 7
97 16
97 93
97 97
98 17
98 37
98 61
98 67
98 77
99 31
99 52
99 91
