141
0 0
0 6
0 15
0 21
0 30
0 36
0 45
0 55
0 60
0 65
0 70
0 75
0 80
0 85
0 90
0 95
2 0
2 5
2 10
2 15
2 20
2 25
2 30
2 35
2 40
2 45
2 50
2 55
2 60
2 65
2 70
2 75
2 80
2 85
2 90
2 95
7 10
7 50
8 72
8 92
8 97
10 2
10 17
10 27
10 43
10 58
10 78
10 88
11 64
12 35
13 0
16 3
16 11
16 16
16 21
16 41
16 46
16 49
16 56
16 64
16 71
16 79
16 84
17 25
17 30
17 35
17 45
17 60
17 75
17 90
17 95
18 87
19 39
19 81
20 0
20 2
20 17
20 53
20 68
23 10
24 24
24 91
24 96
25 0
25 17
25 45
25 52
25 60
25 67
25 75
25 82
26 31
26 36
27 3
27 38
29 3
29 91
29 96
30 0
30 10
30 17
30 25
30 37
30 45
30 52
30 60
30 67
30 75
30 82
31 31
46 10
46 35
49 2
49 17
49 27
49 42
67 35
67 85
68 27
68 31
70 7
70 17
70 42
70 52
70 62
70 77
70 92
72 0
73 48
73 70
79 18
80 4
80 42
82 32
88 2
89 19
89 45
94 18
95 6
95 42
98 33
