113
0 16
0 33
0 40
1 54
1 80
2 30
3 62
4 19
5 2
6 55
6 70
7 48
14 20
14 43
15 51
15 75
15 81
15 92
16 21
16 90
18 35
20 7
21 41
21 59
21 66
22 38
22 49
23 1
24 21
26 11
26 32
28 59
28 81
29 88
30 7
30 25
32 39
33 86
34 17
35 3
35 58
35 67
35 94
36 72
37 44
38 41
39 1
41 65
41 98
43 31
43 79
44 20
44 27
44 54
45 46
47 13
48 28
49 53
50 70
51 33
51 67
53 43
56 10
56 12
57 28
57 40
57 86
58 67
58 72
58 95
59 81
61 57
63 37
65 43
65 65
65 89
66 0
66 22
66 55
67 51
67 82
71 38
71 89
72 11
73 3
73 19
75 5
75 99
79 90
81 22
81 44
81 53
81 61
81 76
82 41
82 93
83 30
83 36
86 55
87 2
89 93
91 80
92 11
95 47
95 67
95 74
96 6
96 58
96 95
96 98
97 27
97 81
99 42
