94
0 22
0 29
0 59
1 40
2 43
3 6
3 15
3 19
7 29
8 0
8 9
9 14
9 45
12 43
14 15
14 31
14 46
14 92
15 23
17 21
17 52
18 30
18 74
19 3
19 37
20 44
20 88
21 2
22 23
22 30
28 45
29 41
30 27
31 12
31 24
31 53
31 59
32 75
34 42
34 61
34 66
34 92
35 44
35 96
36 28
37 0
37 11
37 42
39 78
41 47
43 13
43 73
44 6
44 28
45 54
46 38
46 53
47 0
47 10
49 60
51 15
51 24
52 86
55 51
58 78
59 44
60 49
60 58
63 10
64 5
66 42
66 78
69 54
69 69
70 62
72 21
74 26
79 80
83 8
85 30
86 16
86 55
86 60
86 84
88 70
90 41
91 2
91 8
91 69
95 73
97 21
97 28
97 97
99 0
