110
0 52
2 60
4 9
6 39
6 51
6 97
7 0
7 83
9 14
10 76
14 58
17 15
17 39
19 24
19 57
20 93
22 63
23 9
23 86
24 43
26 2
26 48
28 70
28 72
29 82
31 5
31 65
32 31
32 49
32 97
33 9
33 21
33 54
35 69
36 27
36 58
38 62
39 72
41 6
42 20
42 51
43 95
44 81
45 55
46 45
46 98
47 69
48 5
50 53
50 90
53 40
53 70
54 34
54 82
55 26
55 57
56 17
57 5
57 88
58 21
58 71
59 57
60 43
60 96
62 39
64 57
64 61
64 99
65 13
65 49
66 76
67 69
69 30
70 22
70 70
71 36
71 78
72 16
72 53
73 30
74 89
77 8
78 39
79 46
79 54
79 95
81 68
81 81
81 88
82 90
84 69
85 3
85 38
85 59
86 17
87 23
87 73
91 16
93 36
93 58
94 49
94 99
95 87
96 27
96 78
97 4
97 29
98 72
98 96
99 34
