111
0 35
0 59
0 75
0 82
0 94
1 30
1 45
2 11
6 81
9 46
13 22
13 65
13 85
14 36
14 51
15 31
17 3
17 22
19 8
20 91
22 25
22 86
23 16
23 47
23 55
23 96
24 9
26 41
27 57
27 86
29 30
32 35
33 5
33 15
33 41
33 97
35 12
35 64
35 79
36 19
37 57
38 82
39 1
40 21
40 96
41 89
44 88
46 24
46 68
48 0
48 72
49 10
49 37
49 45
51 64
52 9
54 24
55 50
55 67
56 0
56 58
56 79
57 33
57 98
60 84
63 48
64 6
64 34
64 91
65 25
66 41
67 98
68 20
68 56
70 8
71 82
72 65
74 23
74 46
75 80
76 7
77 82
78 60
80 65
81 39
81 93
82 0
82 46
83 14
83 97
84 4
85 59
86 18
87 52
87 71
88 32
90 41
90 97
91 26
93 74
93 81
94 2
94 31
94 66
95 90
96 2
96 84
97 70
99 51
99 60
99 96
