113
0 0
0 20
0 96
3 2
3 43
4 23
5 7
5 79
7 33
7 57
8 16
8 62
10 25
10 56
14 75
15 11
15 95
16 40
16 69
16 81
18 0
18 19
18 91
19 10
20 41
21 50
22 26
25 6
26 20
26 55
29 97
30 35
30 71
32 3
33 6
33 68
35 52
35 96
36 22
36 38
38 0
38 47
39 96
40 81
42 82
42 91
43 12
43 96
44 32
44 36
44 77
45 50
45 60
47 7
47 67
48 2
49 99
50 29
50 36
51 53
54 1
54 26
55 23
55 50
57 83
59 51
59 59
59 83
60 90
62 65
63 14
63 37
63 78
64 0
64 5
64 44
68 14
68 30
68 63
69 69
70 31
70 50
71 13
74 5
75 56
77 30
77 34
77 74
78 95
79 48
80 4
81 0
81 57
83 23
87 39
87 63
88 11
90 23
90 85
91 45
92 99
93 38
93 67
95 77
95 95
96 2
96 17
96 99
98 85
99 0
99 25
99 60
99 76
