111
0 33
0 69
1 79
2 4
2 55
2 97
4 11
4 47
5 75
6 61
7 51
8 3
9 22
11 17
11 86
14 32
14 81
15 80
17 34
17 54
17 63
17 83
18 7
21 99
22 63
23 37
23 49
25 23
25 90
27 18
27 42
29 77
30 50
30 82
30 91
32 6
32 21
32 61
32 75
33 35
36 55
37 7
38 34
39 28
39 48
40 49
40 94
41 19
43 56
43 74
44 75
45 12
45 98
46 5
47 29
47 45
49 73
50 19
52 37
52 70
54 47
54 52
55 59
57 75
57 84
59 33
60 21
60 99
62 3
62 35
64 29
64 62
64 94
66 35
66 76
67 21
68 50
68 53
69 92
70 64
71 77
72 67
73 3
73 14
75 9
76 21
77 35
77 51
78 0
78 92
81 32
82 49
83 18
84 36
84 59
84 86
85 22
85 73
90 72
90 81
91 37
91 86
93 47
93 97
96 6
96 23
98 42
98 67
98 82
99 22
99 92
