116
0 41
0 42
0 69
0 94
2 79
3 25
3 87
7 60
8 39
8 82
12 66
14 9
14 34
14 47
15 40
16 56
16 74
17 17
17 23
17 28
17 50
17 82
17 98
20 31
20 47
20 54
24 89
26 5
26 39
26 70
27 0
28 19
29 62
30 36
30 76
31 20
31 84
32 4
32 23
32 55
34 58
38 49
39 33
39 63
39 96
40 25
41 10
43 64
44 56
44 73
44 78
45 17
45 36
45 88
46 29
47 38
49 50
49 59
49 92
51 23
53 32
55 46
56 7
56 26
56 72
57 13
57 62
57 66
58 81
60 32
60 86
61 8
63 49
63 97
64 29
65 13
66 64
66 79
66 83
68 52
68 98
69 0
69 43
71 70
72 17
72 51
73 66
73 92
75 75
76 25
76 40
77 99
78 11
79 19
80 36
81 91
83 60
84 8
84 43
84 83
86 23
86 54
86 60
88 1
89 74
92 28
92 43
92 46
92 95
93 70
97 14
97 73
98 0
98 90
99 44
99 60
