122
0 31
0 95
1 64
1 81
2 21
3 87
4 55
4 77
5 4
6 18
6 48
6 62
8 27
9 69
10 8
14 34
14 99
16 15
17 63
17 85
18 27
18 70
18 94
19 1
19 41
20 12
20 58
21 17
21 79
23 46
23 65
23 72
26 26
28 87
28 95
29 52
30 56
31 21
32 29
33 6
33 35
33 70
35 96
36 15
40 76
41 40
42 86
43 47
44 16
44 52
44 69
45 43
45 50
45 61
46 0
47 25
47 71
49 89
50 65
51 30
51 98
52 15
52 90
53 57
53 84
54 75
55 1
55 37
55 92
56 84
57 15
57 32
57 61
58 51
58 77
59 46
59 54
60 70
61 34
63 2
65 28
65 48
66 7
67 65
68 85
68 92
70 21
71 41
72 13
72 55
72 90
73 5
73 51
74 19
75 70
75 79
76 63
77 36
78 37
78 75
79 97
80 93
81 0
81 51
81 79
83 29
84 14
86 59
88 22
90 56
92 10
92 42
92 68
93 59
94 89
95 30
96 6
96 76
96 95
98 16
98 37
99 60
