103
0 0
0 21
0 37
0 42
0 58
1 7
4 4
5 23
5 58
6 41
6 62
8 25
14 56
15 21
15 96
16 37
16 42
18 1
18 7
19 4
20 58
21 41
21 62
22 21
22 26
28 57
30 21
30 75
31 42
31 79
32 38
32 94
33 1
33 7
34 4
34 99
35 58
35 92
36 41
36 62
36 78
37 21
38 25
42 56
45 21
45 75
46 42
46 79
46 95
47 38
48 1
48 7
49 4
49 99
50 58
50 92
51 41
51 62
51 78
52 21
53 25
57 56
60 21
60 75
61 42
61 79
61 94
62 38
63 1
63 7
64 4
64 99
65 58
65 92
66 41
66 78
67 21
68 25
68 60
72 56
75 21
75 75
76 42
76 79
76 94
77 38
78 0
78 7
79 99
81 3
81 41
81 78
82 21
82 56
82 93
83 25
84 59
89 73
91 94
94 76
96 92
96 97
98 76
