120
0 55
0 86
1 69
2 59
3 77
6 6
6 12
7 53
8 20
8 62
8 95
9 81
10 35
10 73
11 5
12 19
12 27
13 37
14 9
14 80
15 66
16 59
18 23
19 93
21 45
22 44
24 39
24 61
24 93
25 0
26 25
27 30
27 47
27 55
28 11
28 79
31 0
31 15
31 26
32 81
33 69
36 51
37 45
38 62
38 68
38 89
39 2
41 25
41 46
41 53
42 9
42 84
44 17
45 3
45 25
47 33
47 42
47 61
49 41
49 89
50 11
51 47
52 57
53 0
53 96
55 18
55 49
55 68
58 16
58 76
60 50
61 22
62 0
62 36
63 82
63 97
64 30
66 50
66 58
68 6
68 88
69 2
70 64
72 10
72 81
75 45
76 31
76 38
77 67
77 77
77 98
78 52
79 22
79 81
80 59
81 13
82 8
82 97
83 90
85 27
85 55
86 66
86 88
88 6
89 12
91 93
92 48
92 71
93 85
94 62
94 63
95 4
95 45
96 36
96 78
96 99
97 31
97 85
98 45
98 77
