103
0 4
0 15
0 19
0 34
0 41
0 49
0 64
0 71
1 0
1 27
1 56
6 0
6 28
6 49
6 56
7 5
7 14
7 20
7 35
7 42
7 64
7 71
11 0
13 28
13 57
13 64
14 6
14 14
14 21
14 36
14 43
14 50
14 72
19 79
20 14
20 21
20 29
20 50
20 57
21 7
21 35
21 43
21 72
22 0
22 64
27 0
27 56
27 63
28 5
28 13
28 20
28 27
28 34
28 41
28 48
28 71
28 77
33 63
34 0
34 20
34 28
34 49
34 56
35 6
35 14
35 34
35 42
35 73
37 79
41 14
41 35
41 57
41 64
42 0
42 6
42 21
42 28
42 43
42 50
42 72
49 0
49 5
49 20
49 28
49 49
49 56
49 64
49 71
50 14
50 35
50 42
56 4
56 19
56 34
56 64
56 71
57 0
57 28
57 48
57 56
58 14
58 42
70 67
