122
0 5
0 33
0 39
0 54
0 59
0 77
0 85
1 19
1 47
1 95
3 10
6 1
6 72
7 51
8 20
9 35
9 65
10 80
10 87
11 58
15 21
15 94
16 0
16 43
17 39
18 64
19 97
22 8
24 88
25 24
26 50
28 65
29 73
30 28
30 46
30 85
32 58
33 36
33 91
34 0
36 60
37 15
38 32
39 42
40 75
40 92
42 14
43 77
43 81
45 28
45 67
46 97
47 37
47 92
48 1
48 2
49 47
50 13
50 55
52 33
52 53
53 54
54 68
54 93
56 18
56 39
56 87
57 79
60 71
61 93
62 0
62 65
63 6
63 42
64 17
66 37
66 98
67 18
67 23
69 61
70 40
70 92
71 9
71 30
71 54
71 83
72 23
74 78
76 54
76 86
78 6
78 13
79 71
79 78
80 3
80 28
80 33
80 97
81 19
81 77
85 0
85 33
85 50
85 57
85 91
85 94
86 7
86 41
89 64
90 55
92 0
93 45
93 88
94 37
94 99
95 7
95 27
96 21
96 29
96 69
96 81
99 13
