136
0 2
0 22
0 63
0 66
0 83
1 38
2 97
4 48
5 17
5 25
6 70
7 39
8 10
8 89
9 50
9 99
10 0
13 32
14 0
14 15
14 58
14 64
14 82
15 14
16 14
16 92
17 29
18 49
18 78
20 45
21 0
21 19
22 33
22 61
22 79
23 8
25 93
27 6
27 25
28 2
28 41
28 47
28 66
29 17
30 8
31 33
31 72
32 89
34 43
35 20
35 67
36 2
36 82
37 6
38 31
39 16
39 97
40 87
41 57
42 38
42 42
42 60
43 2
43 23
44 6
45 46
45 66
46 80
47 12
48 0
49 43
52 28
52 76
52 91
53 12
53 19
53 99
55 49
57 26
58 10
59 4
59 33
59 44
59 69
61 13
61 54
61 64
61 87
63 0
64 76
65 8
66 27
66 92
67 82
68 32
68 67
69 0
71 77
72 17
72 55
73 34
73 41
75 10
75 91
76 61
78 15
81 26
81 54
81 79
82 7
82 12
83 7
83 44
84 29
84 69
84 87
84 95
86 51
87 37
87 65
89 7
90 3
90 15
91 51
91 69
91 92
92 41
94 32
95 78
97 2
97 11
97 48
97 75
98 18
99 63
99 99
