115
0 6
0 11
0 88
1 62
2 33
3 47
3 81
4 67
7 75
7 97
8 83
9 42
10 18
10 21
10 30
12 4
12 23
13 52
14 15
15 1
15 70
17 8
18 17
18 56
18 66
20 0
21 66
21 74
22 72
23 39
23 98
24 23
26 0
26 36
27 53
28 14
28 80
29 78
31 4
32 19
32 37
32 62
33 15
33 85
36 59
36 71
36 80
37 10
37 33
37 94
38 24
38 99
40 88
41 48
42 58
42 66
43 10
43 46
45 29
45 96
46 0
46 43
46 58
47 14
47 82
47 90
48 24
50 75
52 43
52 76
55 2
55 86
57 62
59 30
60 47
61 99
62 37
63 7
63 16
63 25
64 84
65 66
66 45
67 60
68 98
70 80
72 66
73 32
73 88
74 49
75 10
75 43
75 94
76 0
77 15
77 24
79 80
81 30
81 55
82 89
82 99
87 17
88 3
88 26
90 1
90 9
91 44
91 66
92 18
94 89
95 46
95 80
96 39
96 83
97 27
