114
0 64
0 79
1 29
2 68
3 87
4 94
7 7
7 28
8 42
9 23
10 91
12 5
12 56
13 10
13 37
14 76
15 20
15 81
17 62
18 96
20 56
20 72
20 79
21 6
21 23
21 29
21 95
26 62
27 49
27 94
28 26
28 34
28 44
28 71
29 0
29 86
30 17
30 70
30 78
32 64
36 22
36 27
36 64
36 72
37 92
39 7
41 99
42 40
42 56
43 77
43 85
44 44
45 0
45 11
46 71
47 54
48 63
51 25
52 90
54 99
55 9
58 27
58 35
59 43
59 89
61 73
62 49
62 57
65 63
66 6
66 33
66 91
67 4
67 93
68 18
69 26
70 12
70 53
72 32
73 46
74 55
74 98
75 20
75 80
78 41
79 64
79 70
81 3
81 34
82 42
84 56
84 88
85 20
86 65
87 13
87 47
87 72
88 27
88 51
88 57
89 86
91 3
92 22
93 32
96 36
96 51
97 10
97 46
97 65
98 4
98 40
98 87
98 99
99 73
