119
0 36
0 75
0 78
0 90
1 22
2 7
2 56
2 61
4 32
4 47
5 0
5 6
8 55
11 19
13 96
15 89
16 12
16 75
17 53
19 46
19 82
20 75
21 18
21 61
22 90
23 35
24 25
24 40
26 76
26 85
27 0
28 62
28 99
32 22
33 81
34 73
35 12
35 44
35 59
37 31
38 65
40 75
40 86
41 5
41 92
42 25
43 44
43 47
44 0
44 30
44 58
44 62
45 16
46 30
48 72
48 78
48 87
48 99
50 44
50 56
51 29
54 13
55 83
55 93
56 20
57 42
57 99
58 3
58 6
59 90
60 46
60 64
61 27
61 34
61 60
61 68
62 20
63 70
64 51
64 82
65 99
66 42
66 60
68 77
69 77
69 84
71 14
71 26
71 55
72 69
74 9
74 45
75 71
76 59
77 65
78 41
80 22
81 6
81 53
82 36
82 99
83 78
83 85
83 90
85 21
86 59
86 92
87 39
89 65
92 73
92 79
95 67
96 37
97 37
98 81
99 16
99 23
99 51
99 86
