84
0 0
2 16
3 23
7 30
7 37
13 1
13 47
15 24
16 33
21 18
21 47
23 11
23 36
31 41
35 12
35 46
39 34
42 17
42 24
44 31
47 57
48 74
48 98
49 78
50 58
50 88
51 80
52 49
52 83
53 97
54 49
55 99
56 63
57 85
58 72
59 58
59 77
59 99
61 67
61 91
63 49
63 83
63 98
64 57
64 76
67 72
69 96
69 98
70 68
70 89
71 47
72 54
72 92
73 65
74 82
75 59
76 61
77 73
77 90
78 55
78 68
78 97
81 78
82 69
83 53
87 92
88 50
88 73
89 57
89 82
89 99
90 67
91 49
92 96
93 57
94 92
95 85
96 56
96 78
97 62
97 71
97 94
98 87
99 70
