118
0 0
0 15
0 57
1 74
1 84
2 43
3 4
4 32
5 24
5 32
6 90
7 40
7 49
7 71
9 85
11 9
11 63
14 16
14 21
16 13
18 49
19 27
19 84
20 3
20 99
21 54
22 33
24 1
25 70
26 51
27 79
28 4
28 97
29 37
30 18
32 16
32 44
32 76
33 69
33 93
34 83
35 24
35 53
36 39
36 54
39 6
39 21
39 75
40 88
40 92
43 26
43 67
45 8
45 37
45 51
47 2
48 62
49 11
49 76
51 38
52 55
53 20
53 70
57 29
57 59
57 76
58 15
58 24
58 88
59 38
59 89
59 98
61 6
62 1
63 64
64 11
64 31
65 45
67 27
67 56
68 49
69 6
69 89
70 45
70 66
71 81
72 18
73 95
75 7
76 3
76 22
76 53
77 68
79 82
81 30
81 63
82 57
83 72
83 99
84 52
85 80
86 38
87 84
88 11
90 18
90 41
90 57
91 66
92 37
92 75
94 15
94 97
96 23
96 60
96 82
97 0
98 53
99 96
