112
0 0
0 7
0 23
0 29
1 14
4 0
4 29
7 14
7 68
9 63
10 77
13 23
13 30
13 54
13 86
14 6
15 0
17 14
17 70
19 0
19 77
20 5
20 22
20 62
21 29
21 86
23 43
24 57
25 15
25 71
30 0
30 29
35 0
35 28
36 6
36 22
36 49
37 42
47 60
48 93
51 13
51 24
52 10
52 76
52 86
54 77
55 44
55 48
56 34
56 39
56 71
57 2
57 57
57 91
59 31
60 98
62 21
63 77
63 88
64 7
64 63
65 25
66 16
66 92
67 84
69 45
69 68
70 21
70 47
70 54
70 62
71 76
72 25
72 39
73 90
74 97
78 3
78 42
78 66
79 26
79 73
80 11
80 51
81 96
82 12
82 89
84 28
84 60
84 65
85 33
86 19
86 54
86 75
86 80
87 0
88 26
88 99
89 12
90 82
91 56
92 40
94 7
94 26
94 33
95 3
95 22
95 47
95 74
96 17
96 52
97 86
98 62
