111
0 5
0 47
2 53
3 24
3 39
9 58
10 30
10 37
10 66
10 87
11 78
14 0
14 80
15 4
17 33
18 91
20 4
21 18
21 54
21 98
22 74
24 38
26 59
26 88
27 14
27 20
27 69
28 76
29 0
29 55
29 79
30 40
30 73
32 41
32 46
32 51
32 87
34 35
34 63
34 82
35 20
35 96
37 3
40 90
41 26
42 56
42 94
43 46
43 78
44 1
44 32
45 3
45 18
46 52
46 63
47 70
47 77
50 84
50 94
52 16
52 29
54 64
54 75
55 82
56 89
57 50
58 35
58 43
58 58
61 57
62 40
63 20
63 94
65 22
66 14
66 72
67 98
69 80
72 71
75 33
75 60
75 67
75 75
76 0
76 43
76 53
77 14
78 49
79 24
80 74
80 92
81 47
81 70
81 90
84 3
85 32
90 59
90 93
91 16
91 68
92 6
94 53
94 77
94 79
94 98
95 36
96 74
97 43
97 54
97 91
99 28
