# Penalty:  114722.83426837523
196
5 8
5 14
5 19
6 28
5 34
5 43
4 49
6 57
6 63
5 68
4 77
5 83
6 93
6 98
12 5
13 12
14 19
12 27
11 35
11 42
12 49
13 56
11 63
12 70
12 79
11 84
14 94
12 98
19 5
19 12
19 20
20 26
20 35
19 41
19 49
20 56
20 64
19 70
19 78
19 85
22 93
20 99
26 6
29 15
29 20
27 29
27 34
26 43
26 50
28 57
27 64
26 71
26 78
27 85
28 93
29 99
34 5
33 15
33 19
34 29
34 34
33 43
33 48
34 57
34 63
33 71
35 78
34 85
33 92
35 99
42 4
43 13
44 19
41 28
41 35
40 42
40 49
39 56
41 63
40 70
40 77
41 84
42 91
41 99
49 4
47 13
47 22
49 27
48 36
47 42
47 50
48 56
49 66
49 71
50 78
48 86
48 92
49 98
56 5
57 12
58 20
57 27
55 34
54 41
54 51
54 56
56 65
56 71
55 79
55 85
56 94
56 99
63 4
61 12
61 19
63 28
62 34
62 42
61 49
62 57
63 63
64 71
64 77
63 85
63 91
61 99
70 6
72 15
72 21
71 29
69 35
68 43
68 49
69 57
70 64
71 72
69 78
69 86
70 92
70 98
77 5
75 15
75 21
77 30
76 35
76 44
77 50
79 58
78 64
78 72
79 75
79 86
78 91
76 99
85 5
86 12
86 19
85 27
83 37
83 44
82 48
84 58
85 62
82 72
84 78
84 87
84 94
85 99
92 5
91 12
89 19
93 26
92 33
90 42
93 47
94 56
93 63
93 70
94 77
94 84
92 93
93 99
99 5
99 13
98 20
99 29
99 34
97 40
97 48
98 54
99 63
99 70
98 77
98 84
98 92
99 98
