# Penalty: 31494.702456290688
# Penalty:  31494.702456290688
103
25 10
93 3
44 84
50 8
59 71
96 25
97 99
66 25
34 28
60 98
78 46
28 14
43 66
30 91
87 6
27 3
13 2
95 10
69 11
85 74
21 42
2 57
48 62
51 52
77 97
81 68
22 57
0 66
40 35
52 31
37 53
7 49
95 32
5 77
96 78
37 49
75 64
16 99
78 83
52 43
16 87
27 29
32 76
6 42
61 31
20 33
0 35
8 86
90 26
87 44
33 42
64 2
34 67
32 23
44 92
65 7
89 17
97 2
18 71
70 70
60 63
75 36
38 44
46 77
89 70
49 23
93 92
55 67
49 83
87 98
85 54
80 11
33 9
71 52
55 17
66 32
80 54
20 51
81 30
55 46
31 77
63 80
97 83
94 85
23 52
55 37
96 17
4 18
17 28
8 60
47 2
41 8
22 88
94 40
4 13
1 82
24 78
18 14
15 65
57 3
63 49
29 62
0 98
