# Penalty: 31795.64986508446
# Penalty:  31795.64986508446
103
3 3
8 8
13 13
16 19
10 99
34 56
24 98
9 78
92 19
23 84
14 33
85 85
60 2
86 20
84 12
25 34
7 63
12 40
86 76
11 89
32 83
3 86
26 56
76 9
88 44
45 42
59 59
61 23
78 91
91 5
16 9
7 46
20 69
2 17
80 63
75 67
4 60
17 90
15 47
0 32
19 54
59 43
21 40
2 7
51 13
21 0
32 12
46 33
29 98
42 2
44 75
51 14
94 76
92 90
19 26
79 84
55 84
95 53
42 61
78 34
6 74
61 98
97 3
80 58
69 49
70 76
35 32
26 20
57 64
41 25
36 46
89 70
21 62
81 99
64 1
36 21
63 48
97 67
67 10
72 93
74 30
99 60
71 35
66 56
65 18
26 71
79 49
29 37
71 87
8 55
76 77
2 22
52 34
28 1
65 26
53 78
35 98
1 50
51 99
39 40
56 29
99 86
95 43
