# Penalty: 35457.078338028325
# Penalty:  35457.078338028325
111
3 44
86 97
67 62
79 42
60 81
89 12
46 54
46 49
79 23
70 48
37 81
18 45
47 71
17 78
62 67
65 24
93 9
87 27
53 35
93 71
45 35
34 31
46 4
84 52
9 29
15 86
97 94
35 3
29 59
8 43
31 77
56 44
34 99
34 25
73 29
26 28
9 64
48 64
52 92
23 65
90 45
86 9
65 41
20 4
32 41
54 8
19 10
24 42
28 92
26 45
17 31
73 70
66 5
61 49
88 66
81 82
80 0
75 14
31 68
40 12
99 16
98 54
20 59
10 57
46 79
60 22
92 3
67 83
52 99
95 80
77 56
8 89
10 72
57 27
95 39
56 67
38 91
78 36
13 17
97 0
97 85
97 46
71 19
1 87
79 82
64 84
32 50
14 93
69 92
21 73
26 6
33 65
70 55
48 72
0 95
6 49
13 54
41 26
96 65
1 69
33 11
68 10
71 97
49 13
23 82
12 25
3 77
41 51
90 23
5 5
6 1
