# Penalty: 33363.073431717814
# Penalty:  33363.073431717814
105
2 60
61 8
81 13
55 22
45 20
60 99
31 57
67 58
42 73
28 32
15 23
53 74
73 59
67 95
62 72
72 31
16 77
32 42
97 20
17 98
11 12
31 96
75 39
44 5
72 79
22 96
48 68
84 71
1 9
94 26
89 78
44 63
59 0
11 9
15 91
39 1
60 81
2 30
71 3
24 18
0 76
52 50
29 18
34 64
68 5
99 48
38 83
25 10
85 7
39 7
77 84
74 19
15 30
95 62
56 32
86 39
41 97
68 45
47 87
64 91
54 8
41 41
88 57
41 15
32 79
7 23
55 67
96 42
53 82
19 8
46 37
36 97
49 90
80 76
30 24
24 0
6 67
63 30
10 87
26 47
82 48
49 46
77 27
3 46
2 99
97 78
17 49
52 39
16 57
58 57
1 85
81 54
70 66
9 71
46 22
91 85
38 37
1 24
67 14
8 37
66 38
64 65
86 29
74 94
90 93
