# Penalty: 33141.66582358508
# Penalty:  33141.66582358508
105
48 14
39 74
47 92
10 14
9 23
91 98
47 7
96 52
29 73
71 10
63 37
96 30
3 90
24 27
26 13
39 43
3 6
58 81
86 82
14 62
73 26
0 34
0 9
71 3
79 37
55 43
1 23
82 1
84 92
67 68
44 70
83 77
88 9
39 96
72 67
27 93
48 34
13 94
41 33
32 96
82 49
24 56
94 81
75 94
93 38
63 61
30 79
39 63
25 64
4 49
57 57
86 63
39 19
55 76
15 68
58 71
25 79
98 95
90 28
69 33
23 20
99 66
57 34
68 85
28 83
14 37
18 14
9 46
38 3
59 23
15 76
17 28
3 28
34 38
92 44
6 76
1 74
52 85
72 61
32 4
63 16
75 33
25 49
11 8
13 89
11 84
88 68
0 63
54 20
68 52
99 76
77 47
18 46
32 32
21 32
11 0
38 57
10 51
67 99
33 59
19 62
81 96
93 12
54 62
87 25
