# Penalty: 37748.40480247792
# Penalty:  37748.40480247792
113
56 19
36 64
77 37
47 31
35 11
56 55
46 79
92 11
73 66
2 21
5 77
64 77
22 77
66 68
42 51
53 35
23 44
81 72
58 7
47 95
98 45
64 11
88 55
14 65
36 5
31 95
39 79
22 58
98 65
50 28
95 77
2 10
18 18
41 13
19 94
79 2
26 30
87 27
11 41
70 62
49 6
47 43
65 26
6 81
42 46
61 33
99 54
42 83
62 49
11 98
7 5
5 98
0 60
34 87
47 60
53 86
33 49
14 50
71 99
94 82
29 64
77 86
35 70
14 91
64 49
72 52
94 87
83 82
16 9
59 63
72 10
53 2
79 90
43 25
98 36
68 32
85 98
33 29
21 69
85 58
31 35
91 13
20 35
84 76
0 97
27 4
99 7
10 23
6 38
67 18
30 70
79 45
68 4
89 64
28 49
78 43
97 27
8 59
58 71
77 17
21 4
50 70
50 76
56 95
60 87
33 25
20 86
50 9
93 41
6 84
94 50
28 88
42 99
