# Penalty: 35669.54790181596
# Penalty:  35669.54790181596
110
13 91
48 20
18 98
60 65
18 93
32 62
9 68
74 50
35 5
2 24
88 56
21 3
51 35
3 81
57 20
87 23
68 33
86 82
82 57
28 85
55 57
46 51
98 73
51 87
13 44
35 34
36 77
56 83
20 72
72 57
41 51
47 92
60 99
4 67
79 98
41 98
67 56
30 15
7 1
3 85
89 51
87 42
29 35
80 43
73 91
67 72
67 49
71 23
34 19
22 58
0 50
76 24
36 40
54 65
58 79
53 97
11 80
19 29
2 96
2 5
9 18
16 17
93 28
14 53
1 30
99 89
46 61
71 98
13 15
81 77
41 59
50 3
30 40
82 9
43 75
33 85
26 51
42 12
96 83
15 32
40 26
32 56
69 76
82 37
1 99
87 4
94 69
1 15
79 86
26 79
65 17
13 59
29 71
94 98
68 6
52 50
84 71
44 36
88 98
76 83
8 53
42 87
70 1
27 8
5 71
88 8
93 37
98 13
93 89
28 65
