# Penalty: 34324.47406872048
# Penalty:  34324.47406872048
104
55 24
17 10
91 50
30 48
86 91
45 45
61 68
43 88
27 15
58 8
56 53
46 20
49 27
89 24
87 32
6 54
40 97
65 64
54 12
20 79
74 54
16 99
89 68
34 5
42 81
49 48
5 28
83 20
15 74
41 0
34 28
26 61
97 22
25 51
50 39
93 94
79 71
9 78
64 75
95 8
75 64
75 80
13 45
64 6
18 98
6 9
63 45
13 83
61 39
61 18
45 14
32 1
4 2
28 87
79 78
21 65
85 10
16 25
65 82
98 64
7 70
76 39
4 48
58 77
64 24
19 37
36 42
13 90
68 15
99 74
42 65
49 94
74 9
89 47
0 10
47 97
85 54
3 93
61 91
14 9
74 45
65 49
38 69
23 79
21 28
38 14
58 83
98 36
75 15
13 16
34 36
75 86
64 96
78 25
54 73
54 34
40 59
72 29
18 0
19 60
78 94
5 85
30 16
55 98
