# Penalty: 35350.75281731065
# Penalty:  35350.75281731065
110
50 9
98 2
88 49
38 50
4 78
33 56
92 77
60 47
32 24
51 18
23 27
10 13
92 92
29 88
41 87
52 74
86 11
44 11
35 36
11 96
79 45
88 66
99 75
47 54
2 56
38 17
85 28
74 51
10 78
1 15
72 59
24 11
23 84
15 33
12 93
72 8
34 1
98 36
95 53
61 69
67 83
24 20
53 84
40 7
2 1
4 42
11 4
52 38
60 29
69 28
37 29
28 40
30 76
21 46
79 12
85 72
60 97
20 32
65 52
29 67
72 82
46 32
93 32
6 60
85 90
90 33
60 62
38 78
46 63
47 70
0 84
34 93
14 86
17 13
6 70
51 24
58 13
58 79
9 46
45 65
73 37
87 63
27 98
26 6
36 44
33 74
92 18
95 38
20 66
10 94
99 83
48 89
16 52
65 22
23 52
79 95
57 0
49 38
68 68
90 86
39 0
65 14
79 33
14 30
81 6
72 78
87 14
0 23
52 46
99 22
