# Penalty: 34602.779641889676
# Penalty:  34602.779641889676
106
2 8
92 62
37 23
86 0
93 51
18 2
35 37
93 76
56 84
12 54
16 11
7 79
66 84
33 58
21 31
1 35
47 85
53 77
31 30
11 8
0 71
9 49
38 77
3 80
76 29
77 3
80 82
4 34
90 82
58 46
62 1
70 66
74 18
90 28
39 67
74 47
63 4
48 52
76 90
57 91
63 78
58 41
22 79
72 15
45 27
44 97
54 61
85 75
69 55
58 99
84 64
72 97
48 2
1 64
49 67
80 13
14 42
60 55
96 26
36 51
4 42
62 32
17 91
69 73
16 73
71 33
48 71
33 80
35 8
35 27
86 6
99 0
88 14
19 59
99 65
60 24
20 39
70 25
49 43
91 90
63 60
4 25
34 75
39 91
39 60
88 48
23 45
78 37
94 35
46 10
40 83
17 26
90 97
79 73
39 99
81 43
97 10
56 27
64 46
5 56
79 98
46 17
44 38
23 57
35 44
32 11
