# Penalty: 36797.60100195792
# Penalty:  36797.60100195792
79
2 54
2 61
1 95
3 24
1 89
4 19
5 10
5 44
2 81
8 51
7 98
9 18
4 38
10 33
10 84
8 24
10 60
11 70
11 93
12 39
15 15
14 76
17 46
19 22
17 53
19 61
19 77
20 86
17 94
20 38
20 82
23 67
24 29
26 89
29 93
27 34
29 43
27 61
27 82
30 66
31 48
32 29
32 51
33 74
34 98
37 80
36 94
34 88
36 60
33 65
36 79
38 43
37 71
42 52
47 81
47 58
48 68
48 90
50 96
52 74
53 84
55 58
56 70
57 81
63 90
57 98
58 62
61 76
63 98
66 72
65 86
69 90
72 99
76 84
77 78
78 99
77 96
82 82
94 95
