# Penalty: 36529.33482534114
# Penalty:  36529.33482534114
110
44 19
52 81
6 9
66 10
45 76
4 64
28 2
13 53
51 6
30 11
68 53
9 72
16 29
80 78
74 5
71 72
73 19
38 54
18 66
14 72
38 70
89 23
73 84
24 44
93 8
77 24
61 85
97 42
57 76
56 45
39 33
21 88
96 31
65 44
93 60
38 78
6 15
24 96
61 51
2 85
10 99
40 40
89 46
73 60
32 60
91 87
37 84
54 36
92 47
0 61
80 12
65 5
27 99
36 19
52 51
18 57
53 70
35 87
83 46
30 18
8 24
82 30
36 36
2 19
70 39
14 89
66 79
83 89
59 99
85 73
15 59
82 49
58 22
12 44
14 0
24 79
50 21
46 57
16 12
64 61
41 9
0 28
68 3
99 65
30 66
45 96
67 98
78 94
23 28
49 93
1 1
31 25
91 77
46 7
24 62
83 16
95 24
94 22
20 14
0 92
2 34
26 39
63 30
99 75
15 9
59 83
74 64
51 63
1 99
17 24
