# Penalty: 37441.91367921247
# Penalty:  37441.91367921247
102
0 6
0 38
0 60
1 71
3 77
4 99
5 22
5 51
8 7
9 66
9 74
9 95
11 47
13 8
15 51
15 91
17 24
19 32
19 78
20 58
22 38
22 69
22 99
23 5
24 17
25 27
26 51
27 11
27 75
28 68
28 95
30 19
30 89
31 47
34 8
34 69
35 50
35 99
36 90
37 51
38 20
40 41
41 1
42 9
45 64
46 49
47 72
48 10
48 31
48 94
50 26
51 49
53 99
54 21
55 3
55 80
56 93
58 20
58 99
59 63
60 72
61 41
61 51
61 78
62 13
62 34
64 60
64 90
65 25
65 69
65 99
68 0
69 15
72 8
73 26
73 44
73 59
73 70
74 33
77 64
78 95
80 0
80 15
81 77
85 94
86 67
86 81
87 27
89 51
89 61
90 21
90 85
91 76
92 38
94 4
95 90
97 0
97 12
97 41
97 60
99 31
99 95
