120
0 0
0 6
0 17
0 46
0 55
0 63
0 80
1 98
2 84
2 90
4 48
5 65
6 22
6 33
6 41
6 60
8 77
9 6
12 91
14 5
14 15
14 21
14 66
15 1
15 47
15 99
16 82
16 89
17 19
17 31
17 54
20 34
21 50
21 68
22 78
23 3
24 33
26 93
28 7
28 54
30 1
30 37
30 62
30 85
32 79
34 15
36 45
38 31
38 85
39 37
40 79
42 6
42 14
42 52
43 6
44 70
45 49
45 95
46 78
47 6
48 41
48 87
48 98
49 15
50 40
51 92
52 26
53 33
54 47
57 55
57 84
58 69
59 25
60 79
60 98
61 8
61 17
61 62
63 1
64 46
64 83
65 9
65 18
65 56
67 38
68 66
68 75
69 94
71 13
72 52
72 80
74 20
75 29
75 89
76 99
77 3
77 61
78 15
80 64
81 43
82 93
83 2
86 61
86 77
86 99
87 3
87 38
88 52
91 0
92 13
92 55
93 17
93 35
93 82
94 49
94 73
95 45
96 8
96 99
99 69
