# Penalty: 42990.471594615556
# Penalty:  42990.471594615556
117
0 14
0 90
2 21
2 78
3 67
5 6
5 24
6 29
9 86
10 4
10 20
10 54
11 31
12 68
13 82
14 13
14 45
14 97
15 71
17 68
18 51
19 31
19 66
20 42
21 30
24 0
24 9
25 33
26 26
26 55
26 88
28 79
28 99
29 15
29 18
31 63
31 93
34 49
34 85
35 66
37 16
37 44
37 76
39 30
40 27
40 58
40 90
40 98
42 8
42 72
42 80
43 31
46 62
46 71
48 55
48 89
49 0
49 8
49 16
54 8
54 40
54 51
55 37
55 87
56 23
56 57
56 76
57 20
57 44
58 30
58 90
61 38
61 72
62 20
62 23
63 9
65 4
65 86
68 7
68 65
69 48
70 37
70 56
70 82
71 97
72 23
76 16
76 64
77 46
78 23
78 98
79 41
79 88
81 0
83 89
84 41
85 66
85 75
85 85
85 95
86 3
87 11
88 25
88 99
89 52
90 18
91 17
92 82
93 45
93 66
93 90
95 39
96 76
96 96
97 14
97 24
98 40
