124
0 10
0 18
0 50
0 53
0 77
1 27
1 34
1 42
1 61
3 13
3 69
6 32
7 14
7 88
8 40
9 46
9 65
10 0
11 87
14 54
16 50
17 34
17 91
18 40
21 18
21 33
21 74
23 0
23 76
25 22
25 90
25 94
28 5
28 20
30 51
30 59
31 99
33 66
34 45
34 51
35 19
36 7
36 8
37 55
37 66
39 24
39 33
40 84
40 86
41 38
42 13
42 21
44 61
45 54
46 1
47 99
48 46
48 70
49 53
49 68
50 74
51 41
51 60
52 6
52 32
53 25
53 50
54 94
55 64
56 87
57 5
58 11
58 19
58 73
59 9
59 27
59 57
60 81
61 37
61 95
63 0
64 66
65 42
65 88
66 74
67 30
67 35
67 51
68 42
68 58
69 28
70 14
71 66
73 10
74 76
74 82
76 0
76 28
76 56
78 48
80 24
80 81
80 90
83 30
84 44
84 72
86 50
87 68
88 8
89 86
90 1
90 13
91 99
92 10
92 54
92 72
93 31
94 55
94 96
96 0
96 45
96 79
98 31
99 59
