# Penalty: 38214.06338466682
# Penalty:  38214.06338466682
114
0 15
1 34
3 42
1 99
4 49
2 4
4 65
3 80
7 20
8 95
8 76
7 86
9 34
12 53
14 12
13 22
13 62
17 73
16 87
16 95
18 32
18 66
18 48
22 80
21 17
23 52
20 57
22 25
27 21
24 92
23 39
26 74
28 6
28 0
30 56
31 68
31 38
30 93
34 53
35 19
31 76
33 39
33 8
35 63
37 70
37 86
39 26
40 36
44 52
38 43
39 80
41 89
43 18
47 11
51 58
46 75
48 96
49 14
47 38
51 72
48 33
57 26
54 35
54 51
56 65
55 86
55 10
55 91
61 22
57 65
60 5
63 33
63 91
63 22
64 98
66 81
68 39
68 43
70 85
69 94
73 33
71 64
72 57
74 13
72 2
78 27
76 70
79 84
76 62
81 33
82 44
83 1
82 55
80 97
79 8
86 26
81 70
84 49
86 5
89 19
88 83
90 59
92 21
92 44
94 63
94 78
96 97
97 77
95 93
96 16
98 30
97 36
98 47
98 1
