# Penalty: 36662.323610915555
# Penalty:  36662.323610915555
109
0 49
0 0
2 57
3 85
3 42
6 79
2 31
5 12
7 89
10 25
11 40
14 6
10 65
10 81
13 11
11 60
16 22
14 74
17 39
16 59
18 87
21 8
24 34
20 45
24 18
26 99
25 67
22 73
25 93
29 48
29 53
32 62
33 39
31 12
35 5
33 98
35 40
36 76
36 55
34 84
38 23
35 68
39 90
45 15
41 97
45 74
44 81
44 6
43 22
44 38
46 59
50 75
48 93
47 20
51 52
50 66
49 35
50 41
50 15
52 57
53 43
61 84
60 5
60 37
62 27
61 57
61 2
65 84
64 65
63 99
68 30
68 50
65 74
68 41
70 85
69 16
70 2
69 10
69 70
75 51
76 24
78 31
75 56
78 67
81 0
82 76
83 43
81 13
85 29
81 57
84 80
81 95
86 47
85 2
86 66
87 40
87 96
88 73
91 15
91 23
91 87
90 59
92 30
94 64
96 13
99 27
99 72
98 57
97 86
