# Penalty: 32834.15610060951
# Penalty:  32834.15610060951
107
1 2
1 27
0 94
0 96
2 41
1 68
2 72
6 21
5 95
5 17
4 36
7 3
14 21
14 74
15 6
15 66
14 97
16 44
13 52
15 60
16 74
15 94
20 39
19 60
22 8
20 45
23 42
22 93
29 97
29 21
28 82
28 24
29 89
32 75
30 49
32 8
31 30
37 94
34 60
35 22
37 36
36 50
41 58
39 83
41 9
44 11
43 22
46 2
48 59
51 40
49 73
46 87
51 25
49 52
52 37
51 88
55 6
55 65
57 17
57 24
58 41
55 91
55 72
60 3
61 97
61 50
59 10
61 78
63 3
62 64
66 75
65 36
66 20
65 90
71 61
67 99
71 51
75 12
71 68
73 24
76 86
79 93
81 63
80 26
80 49
79 34
85 57
84 89
84 12
86 62
84 98
89 4
89 66
92 85
92 18
94 46
94 57
93 32
95 24
98 10
97 2
97 71
98 90
98 99
97 24
97 39
99 76
