# Penalty:  34131.48427955371
107
0 32
0 54
3 63
0 84
1 46
5 98
1 10
3 16
6 89
7 6
5 69
3 83
7 41
6 67
7 59
8 24
6 31
7 84
13 44
13 93
16 4
14 37
19 51
17 58
19 97
19 22
21 44
23 58
23 3
21 65
21 72
24 8
24 90
32 58
27 76
32 1
32 43
30 97
34 80
34 35
35 66
33 52
36 88
36 38
39 94
38 0
39 5
37 15
37 97
39 44
39 21
41 66
41 74
45 8
48 38
46 22
49 78
49 31
52 51
51 69
53 55
55 35
56 21
59 1
60 68
60 6
61 59
63 80
62 84
63 20
64 75
65 28
66 44
68 60
69 6
69 14
72 50
72 29
70 79
74 5
74 65
77 19
78 86
78 43
80 95
79 14
79 29
83 71
83 0
81 66
83 5
82 57
83 20
88 10
89 75
89 84
92 45
93 25
97 58
94 30
93 42
94 10
98 64
95 78
96 41
98 95
97 2
