# Penalty: 30385.55754216162
# Penalty:  30385.55754216162
99
1 25
2 48
2 69
1 32
4 27
3 41
5 97
8 23
8 52
11 89
12 1
12 80
10 14
16 94
17 35
16 11
17 70
19 2
23 52
19 64
19 90
26 81
22 98
25 17
23 67
25 23
22 38
28 9
31 56
32 48
32 70
32 87
31 18
33 35
38 40
39 26
38 4
39 61
40 68
40 95
39 54
41 76
44 62
45 80
45 24
47 96
52 7
49 16
53 36
53 27
50 82
52 45
57 56
53 67
58 5
59 84
55 51
57 37
57 70
63 57
67 2
64 86
64 18
68 16
66 6
69 48
67 26
71 69
74 41
70 76
71 34
73 55
73 87
76 50
78 64
80 57
82 19
80 34
79 34
80 39
81 92
83 9
86 78
85 64
86 1
87 19
86 71
88 15
92 58
93 77
87 93
94 32
94 42
95 59
99 51
94 4
98 28
99 36
99 84
