# Penalty: 35629.420646515275
# Penalty:  35629.420646515275
112
71 0
18 93
79 72
1 31
27 34
82 47
79 93
33 91
47 18
30 20
68 26
40 14
5 47
25 86
14 2
29 34
61 69
13 40
78 64
7 32
83 67
76 25
19 20
7 4
32 71
89 54
98 84
56 62
59 89
71 56
20 57
43 35
24 27
60 28
41 76
91 79
0 8
69 6
83 39
57 99
56 50
96 44
14 98
3 38
83 22
4 61
14 23
92 11
95 70
17 14
57 38
55 0
36 97
51 4
23 38
49 37
54 22
40 24
54 15
38 15
97 4
6 54
27 85
58 6
48 87
25 71
79 17
39 62
98 24
91 51
95 58
77 39
2 83
96 99
96 81
97 8
93 26
33 64
69 40
1 52
10 18
11 69
21 0
10 9
68 70
80 83
27 77
65 11
48 2
42 53
17 67
72 96
53 65
56 83
46 27
31 99
13 74
65 51
72 36
83 87
61 20
70 16
41 82
38 46
3 92
79 53
4 88
0 97
28 5
77 2
25 52
95 30
