# Penalty: 33330.64811071696
# Penalty:  33330.64811071696
105
1 46
1 76
1 23
0 90
5 9
2 28
2 62
6 67
2 99
7 23
9 71
11 39
10 87
11 23
11 12
13 54
15 91
16 77
10 7
15 30
16 94
19 51
20 8
24 15
25 14
23 95
24 0
24 45
28 29
30 18
32 57
29 22
33 43
34 79
32 98
39 7
36 63
37 98
38 36
39 12
38 41
36 84
40 2
41 97
42 73
46 4
45 63
45 20
46 36
49 46
47 67
49 22
49 86
49 90
53 8
53 82
52 39
51 50
56 68
54 1
55 22
55 73
56 32
58 57
58 83
60 8
61 99
62 68
59 75
67 7
66 38
64 91
63 29
67 10
67 95
68 45
68 60
70 66
70 3
71 31
73 39
72 79
73 59
74 20
72 25
75 93
78 84
81 51
81 75
81 13
82 56
84 71
86 29
84 37
85 7
87 56
87 80
91 85
90 94
94 27
95 62
95 42
97 78
99 21
99 48
