# Penalty: 34426.04572354831
# Penalty:  34426.04572354831
107
45 35
35 70
81 5
38 61
48 80
33 7
91 81
64 51
17 32
54 93
5 60
26 27
74 99
3 26
15 49
39 21
74 52
25 54
31 34
47 60
28 84
50 54
83 56
78 90
27 70
70 4
89 34
72 75
3 33
53 23
12 26
60 42
35 52
59 82
45 8
75 37
3 5
8 12
32 20
37 95
39 38
59 10
51 99
13 46
74 62
49 71
12 64
53 39
38 6
45 40
0 78
69 53
21 31
66 21
35 87
22 46
84 37
35 30
96 71
73 81
70 45
22 87
13 72
8 40
83 51
98 40
90 18
79 95
67 24
1 55
48 1
59 36
64 5
27 68
25 20
97 31
16 17
81 13
7 74
92 88
23 61
87 9
35 47
86 70
88 50
98 60
95 9
38 80
5 95
80 30
15 73
86 91
71 25
2 90
33 98
58 70
18 1
11 78
54 7
53 27
72 18
9 19
53 77
8 90
23 6
0 40
92 55
