# Penalty: 37791.9993033367
# Penalty:  37791.9993033367
112
98 73
52 91
89 81
58 41
69 26
1 81
37 48
46 34
45 57
64 41
88 40
19 15
81 78
47 22
7 45
21 0
86 17
78 30
67 88
89 88
96 90
83 31
49 83
1 38
0 52
84 11
23 45
41 6
74 81
97 46
41 82
45 77
70 62
33 27
3 24
14 51
52 18
75 34
15 69
30 67
76 13
70 18
22 30
89 46
80 37
74 51
71 3
72 43
14 59
1 28
92 24
96 38
0 63
44 63
25 95
84 99
2 96
98 30
20 64
6 66
84 71
56 33
82 85
10 83
9 24
70 95
27 71
7 5
16 58
60 52
84 67
0 43
61 17
43 12
67 81
1 10
94 10
52 64
60 59
24 80
8 31
35 11
79 98
36 96
28 13
66 23
69 70
93 54
24 38
38 28
43 48
8 38
23 22
56 2
32 33
55 89
16 43
67 46
55 27
54 75
35 88
20 14
7 23
82 53
17 83
55 4
29 52
61 75
58 10
50 8
45 42
67 98
