# Penalty: 36156.50500833851
# Penalty:  36156.50500833851
111
3 48
6 72
49 48
33 83
80 10
98 9
91 87
11 11
4 76
19 65
99 66
33 23
7 16
17 47
68 49
77 14
25 10
24 86
43 55
27 55
57 85
18 5
18 31
92 35
20 74
85 74
4 98
24 34
65 63
52 38
90 21
92 14
14 65
81 20
3 11
60 19
71 27
95 76
90 45
27 51
56 27
21 42
43 45
40 28
63 51
39 85
31 97
99 34
62 9
43 2
76 86
35 63
48 69
55 89
94 60
99 99
2 87
73 13
98 82
80 0
92 66
80 34
90 0
66 32
21 0
41 36
85 37
63 77
28 62
96 90
49 55
53 13
70 94
32 32
44 69
72 80
27 77
7 57
62 70
26 19
9 30
64 46
74 61
48 8
5 37
96 28
80 96
56 22
80 58
59 36
13 25
96 50
34 6
14 57
69 85
80 75
0 19
86 48
29 69
39 96
61 1
24 5
34 49
10 43
95 18
71 45
75 0
46 76
16 90
19 24
18 83
