# Penalty: 34403.22266016988
# Penalty:  34403.22266016988
107
53 16
90 79
16 96
89 99
32 76
60 71
55 34
32 65
97 67
95 75
11 74
69 30
2 95
75 23
46 73
50 6
38 24
69 45
83 41
17 11
64 5
46 62
27 85
96 13
58 92
59 99
86 58
8 32
15 27
16 76
32 58
44 3
74 40
21 5
24 91
43 67
49 20
89 82
70 54
43 34
0 11
77 91
62 85
79 9
74 5
45 50
50 48
57 62
48 89
54 25
0 50
36 49
92 7
77 70
58 56
81 92
59 8
0 65
78 87
45 82
98 39
0 42
61 33
39 63
1 19
35 32
40 9
82 23
22 25
38 95
18 43
11 2
55 39
25 11
0 87
79 1
95 95
57 19
20 9
35 1
92 35
18 48
13 88
60 48
34 91
42 48
99 11
10 77
2 73
40 77
80 64
22 26
84 35
54 23
6 25
45 11
23 41
47 40
11 7
14 41
85 55
69 35
77 16
36 99
68 20
75 96
4 56
