# Penalty: 32933.399118668785
# Penalty:  32933.399118668785
106
38 35
13 10
81 0
36 54
58 19
4 8
16 42
27 53
78 50
68 31
48 80
37 69
74 66
83 93
31 48
31 83
33 30
50 44
51 99
66 67
72 73
66 95
47 66
28 69
69 81
7 18
66 0
32 92
11 79
69 14
54 85
21 14
62 18
80 79
14 34
75 31
84 54
71 37
17 95
68 88
36 99
72 21
60 54
75 97
51 52
80 60
69 51
79 8
9 93
1 15
58 99
52 38
29 8
84 16
37 51
54 14
3 85
17 86
28 55
50 75
85 1
34 16
98 82
42 50
35 74
91 95
35 9
6 52
59 92
2 99
44 26
61 11
99 3
47 29
90 69
89 32
98 20
21 72
40 90
13 56
54 58
44 72
92 46
25 89
0 31
97 96
97 89
53 29
2 1
82 26
17 0
63 33
78 15
72 45
50 43
45 3
51 0
6 70
86 47
21 68
9 98
60 65
94 6
16 0
95 32
32 34
