# Penalty:  31932.51386393007
103
83 92
31 52
64 27
73 26
56 18
12 45
28 95
72 12
23 18
22 38
70 17
15 51
55 64
95 90
30 85
78 95
10 94
37 39
82 81
13 8
34 69
75 44
61 51
46 50
95 15
3 77
26 28
17 79
64 97
49 10
25 67
85 26
24 52
37 51
9 66
44 44
76 35
34 8
30 46
68 57
99 30
47 29
19 23
1 7
51 24
15 89
52 50
19 32
41 1
18 59
80 16
89 61
25 7
61 36
91 76
8 8
48 30
97 1
49 93
28 21
5 51
90 21
63 13
48 98
42 9
60 42
65 69
4 73
34 88
34 97
65 2
78 77
37 19
69 72
80 67
80 0
5 22
28 11
58 92
56 3
23 70
56 80
51 78
55 73
5 99
9 74
96 39
98 96
2 59
97 62
63 59
55 98
19 97
89 41
77 60
88 51
0 37
24 72
65 86
94 6
40 65
41 72
90 85
