# Penalty: 37598.077839061225
# Penalty:  37598.077839061225
113
30 3
54 64
91 6
99 40
66 46
3 70
23 10
10 62
80 66
85 36
87 73
6 92
34 48
97 47
60 41
73 71
40 44
46 21
44 95
3 10
17 63
67 76
31 89
20 21
15 22
33 79
74 39
81 52
38 52
10 41
47 81
30 56
93 95
1 42
24 43
16 39
74 98
61 62
44 0
88 94
54 83
13 85
44 29
55 9
4 97
99 63
61 30
69 4
88 31
13 0
91 56
22 2
25 76
52 26
25 95
73 8
71 90
3 86
79 93
62 90
48 36
12 33
58 63
83 82
68 32
8 69
41 14
72 11
77 2
53 58
96 81
54 75
6 25
26 17
29 1
94 72
0 25
66 99
57 47
10 36
40 66
88 64
29 32
87 13
64 9
72 53
47 73
25 61
9 14
2 56
21 99
87 80
89 50
16 49
60 20
26 39
34 59
45 96
14 8
6 38
37 26
79 16
33 74
43 37
8 77
98 96
76 56
66 24
99 24
30 23
81 26
92 78
48 91
