# Penalty:  10541.51129920869
42
0 0
<<<<<<< HEAD
5 5
56 15
97 0
10 10
15 15
95 5
20 20
25 25
90 10
85 15
80 20
=======
55 15
96 1
95 5
5 5
90 10
10 10
85 15
15 15
80 20
20 20
25 25
>>>>>>> e6333c9136a1a86a768eec72d2ab096a9f746ca8
75 25
30 30
70 30
35 35
<<<<<<< HEAD
65 35
40 40
60 40
45 45
55 45
50 50
45 55
=======
40 40
65 35
45 45
50 50
>>>>>>> e6333c9136a1a86a768eec72d2ab096a9f746ca8
55 55
40 60
35 65
60 60
<<<<<<< HEAD
65 65
30 70
70 70
75 75
25 75
20 80
=======
55 45
45 55
40 60
35 65
65 65
70 70
75 75
30 70
25 75
>>>>>>> e6333c9136a1a86a768eec72d2ab096a9f746ca8
80 80
85 85
90 90
95 95
98 97
<<<<<<< HEAD
15 85
3 99
10 90
5 95
=======
2 98
20 80
5 95
10 90
15 85
>>>>>>> e6333c9136a1a86a768eec72d2ab096a9f746ca8
