# Penalty: 34763.026584685336
# Penalty:  34763.026584685336
108
74 23
32 90
94 70
15 83
44 40
49 36
4 96
99 25
21 86
54 73
75 9
8 93
22 39
47 94
64 37
80 90
21 75
38 67
61 99
16 42
35 38
30 52
42 33
51 58
17 8
82 16
44 50
77 43
1 14
20 24
18 94
87 74
68 72
11 63
32 98
14 68
5 0
92 69
82 79
2 45
94 46
34 30
37 53
61 10
30 22
52 35
74 67
58 32
86 58
23 54
99 44
88 16
45 54
40 1
62 48
85 1
32 16
83 39
74 97
69 42
11 24
9 39
52 12
97 30
97 54
87 33
15 57
42 17
0 33
51 95
82 36
74 39
14 73
96 22
96 88
58 51
36 16
70 24
26 81
55 23
30 69
99 7
70 8
81 97
47 72
70 81
88 53
98 15
0 81
57 34
0 72
83 56
16 26
61 54
63 80
52 88
39 75
46 9
57 62
78 71
7 18
38 47
27 37
97 40
63 0
49 79
85 9
97 0
