# Penalty:  28672.82610534874
85
0 2
12 17
3 10
51 41
4 3
82 17
12 97
10 76
1 19
57 16
4 57
11 88
23 2
28 33
8 37
33 10
45 5
23 58
14 5
25 24
20 77
34 19
39 2
94 13
33 30
71 26
47 46
14 53
33 97
47 95
40 14
14 46
81 29
43 20
15 39
91 17
20 18
45 86
44 72
32 92
20 48
28 2
50 55
40 67
3 92
72 17
63 95
35 47
51 18
30 3
54 8
8 66
75 94
66 81
68 2
73 2
89 3
58 78
93 2
11 83
63 29
34 52
65 13
78 36
86 0
22 92
92 45
48 14
2 64
12 13
12 23
26 10
54 48
11 37
24 77
91 23
34 37
80 14
39 73
11 3
2 33
25 63
2 99
0 47
1 73
