# Penalty: 34235.80786624499
# Penalty:  34235.80786624499
108
49 84
16 41
62 9
85 14
97 77
57 34
85 4
32 18
28 31
23 40
38 39
31 52
96 70
18 89
81 71
16 4
4 85
55 64
51 96
72 40
23 3
17 79
95 96
40 61
31 74
82 37
69 63
94 62
67 5
71 19
4 11
3 54
93 1
43 25
36 91
44 41
44 83
88 65
62 30
4 64
76 35
44 67
61 49
68 35
67 82
25 49
59 74
54 55
19 31
86 0
78 91
71 21
0 0
2 73
27 89
38 3
49 79
13 64
74 13
46 17
32 75
6 57
18 10
94 15
51 32
0 32
65 98
90 57
76 3
76 19
38 9
85 51
92 48
63 78
30 45
12 84
1 14
48 88
83 79
35 94
27 59
47 59
98 30
51 21
7 40
19 65
8 99
28 79
16 70
0 38
46 6
32 9
28 95
80 93
32 24
26 17
67 49
45 98
86 43
14 34
82 79
58 45
64 88
61 3
86 96
74 57
67 0
1 25
