# Penalty: 32959.07317784339
# Penalty:  32959.07317784339
103
71 12
47 70
32 11
36 90
38 37
42 30
85 58
44 8
34 97
13 67
72 49
2 93
71 81
14 56
63 26
23 0
62 39
47 3
5 83
78 31
49 85
0 61
89 21
30 45
65 68
99 81
18 6
13 42
42 65
19 18
92 32
28 31
24 16
23 96
83 0
31 62
17 32
6 37
8 3
3 11
9 25
98 66
23 49
57 48
54 6
0 53
17 93
82 27
72 86
96 71
86 46
94 9
59 21
10 76
51 49
73 95
45 19
56 95
65 15
39 45
82 72
88 77
58 81
90 63
27 71
86 88
5 21
44 0
80 16
9 17
23 40
15 61
58 12
93 87
80 10
28 80
13 84
53 39
73 29
52 12
16 47
51 67
34 22
95 99
23 23
32 70
52 84
87 43
12 70
76 46
72 38
94 47
94 18
40 97
55 53
68 71
35 83
74 80
30 3
45 64
96 25
98 33
28 55
