# Penalty:  38835.29365331804
117
82 56
91 60
13 25
25 5
66 79
0 73
12 39
2 87
26 27
89 79
69 25
63 69
16 93
21 10
23 59
36 23
34 1
35 91
88 10
5 12
25 92
88 52
30 22
19 98
67 4
83 72
68 41
16 24
3 79
61 26
49 99
74 42
67 55
48 54
49 17
53 96
10 28
39 1
12 43
10 9
41 40
99 1
98 68
92 38
31 89
61 48
36 68
7 48
51 74
73 96
8 44
76 21
88 92
77 70
30 46
59 9
41 52
85 97
2 2
2 95
27 21
78 97
8 78
51 23
40 84
50 64
10 92
31 29
47 81
94 34
37 70
2 57
27 36
9 72
82 5
64 93
14 14
55 67
56 32
29 55
63 32
80 80
44 26
0 16
0 31
16 64
21 58
19 9
49 36
50 95
48 0
52 9
55 3
17 67
99 48
52 60
82 65
69 19
98 25
69 71
33 40
90 24
81 48
99 82
98 66
17 84
73 17
31 83
96 40
72 35
8 0
82 12
62 85
54 81
2 26
35 15
22 50
