# Penalty: 36622.40710460039
# Penalty:  36622.40710460039
110
53 2
78 52
66 20
15 6
73 26
54 49
2 63
97 96
26 22
72 78
45 46
55 85
83 94
80 7
57 54
96 38
16 57
39 41
81 23
20 15
58 80
76 97
36 22
20 53
31 4
96 2
75 50
5 48
88 62
21 7
44 76
33 80
65 14
52 25
12 82
86 56
1 15
90 11
39 51
23 65
6 69
10 34
77 38
46 68
29 46
62 84
61 48
6 27
6 65
2 83
51 5
35 94
24 93
41 37
39 77
22 79
82 63
25 36
64 51
73 94
60 28
63 34
40 8
1 98
47 54
35 33
0 0
55 10
10 87
17 85
67 62
34 10
13 27
74 64
51 99
15 1
38 66
80 97
29 26
49 40
92 48
24 30
41 97
34 98
88 85
21 71
43 23
48 62
12 20
97 73
90 99
1 7
77 79
62 99
67 0
67 19
23 41
0 21
71 66
55 35
58 73
20 57
82 37
55 32
46 21
53 81
84 47
68 41
99 49
91 82
