# Penalty:  39030.393327362384
116
59 16
25 83
34 25
39 10
65 27
22 97
32 57
27 91
1 42
64 2
39 6
20 47
87 14
74 7
56 53
53 3
5 2
45 44
95 21
71 50
37 58
80 29
11 45
0 56
20 77
58 10
57 86
53 14
86 28
41 69
97 73
94 35
4 41
64 53
73 61
60 0
74 85
7 87
22 68
78 1
22 33
87 77
99 5
85 0
89 58
96 80
98 29
1 9
30 3
63 83
76 76
81 45
70 34
51 26
98 94
0 60
2 32
94 11
25 11
26 30
58 79
40 78
17 58
42 94
34 42
71 40
48 90
88 92
36 63
39 42
93 96
57 96
2 23
19 49
10 60
61 75
14 80
79 37
88 68
47 72
44 2
96 88
91 72
3 99
12 43
72 65
8 26
17 11
95 43
5 78
41 85
62 36
58 63
19 89
85 53
8 60
82 83
99 57
1 4
16 72
12 22
30 65
68 20
31 99
62 93
48 40
37 49
64 68
69 94
4 64
33 83
13 94
50 66
82 59
84 22
71 55
