# Penalty: 35164.526178457694
# Penalty:  35164.526178457694
106
45 37
47 17
37 22
71 67
93 8
52 61
24 65
23 7
21 48
75 92
31 16
23 74
53 97
36 13
89 18
95 56
42 63
9 68
40 52
75 45
81 59
99 48
93 87
22 27
51 88
41 0
39 80
13 80
1 6
61 49
46 23
36 43
29 8
37 57
34 94
49 31
85 87
84 73
80 53
48 1
2 26
37 87
96 62
66 22
88 39
27 81
5 47
6 61
43 7
54 49
50 12
51 78
15 49
19 97
60 25
88 67
92 26
23 58
61 78
65 87
60 40
59 55
36 66
31 23
47 45
98 27
66 57
29 43
99 41
64 71
38 71
76 98
62 64
18 34
1 22
94 70
2 42
83 19
77 77
79 39
26 2
90 48
76 11
74 34
59 8
62 4
38 99
72 2
99 1
90 53
97 78
55 5
9 9
76 59
97 12
5 89
69 20
59 35
79 67
81 96
72 81
76 28
9 86
54 71
72 48
15 11
