# Penalty: 31984.27228098316
# Penalty:  31984.27228098316
104
3 25
11 94
53 31
87 89
6 50
3 16
8 70
74 83
0 36
38 3
38 50
55 46
78 2
76 93
64 44
10 46
59 2
2 50
53 18
38 60
84 16
16 24
77 62
36 66
96 77
68 89
34 95
63 74
96 37
67 11
26 68
75 31
41 44
94 26
63 8
22 77
28 13
75 16
28 33
18 8
24 63
47 45
95 91
10 6
60 53
97 8
80 97
18 18
99 63
4 89
26 47
43 72
52 54
49 13
69 42
30 53
29 18
3 98
3 66
43 19
38 33
45 6
97 57
48 91
44 66
26 94
35 36
59 96
88 53
50 68
52 8
97 99
4 60
72 39
3 8
18 66
55 27
21 47
0 74
79 77
98 41
53 74
37 80
83 3
18 99
48 22
74 46
88 25
57 60
27 77
70 75
6 35
73 97
24 27
87 39
61 30
32 87
83 48
43 97
97 26
19 32
67 59
52 93
35 14
