# Penalty:  36134.161197979905
111
5 84
36 30
56 14
15 37
70 63
1 65
52 99
48 58
63 19
94 0
87 13
25 97
10 14
36 79
49 17
66 66
30 44
21 55
33 26
34 61
26 35
0 2
96 73
53 55
78 97
10 99
59 31
74 83
98 48
51 69
39 46
85 47
68 47
19 35
51 70
76 98
44 39
56 93
88 70
14 52
72 25
7 0
53 27
21 9
99 39
0 98
80 70
52 39
73 67
0 57
93 54
11 77
54 46
37 88
33 7
16 86
77 23
40 40
21 78
98 53
73 7
93 95
87 77
84 55
92 34
61 52
28 49
67 52
76 34
80 62
99 67
49 43
17 58
59 9
14 4
75 4
94 34
85 15
17 92
70 6
95 25
18 19
7 19
46 1
48 32
61 95
39 0
44 83
98 80
0 24
1 38
44 73
98 1
34 98
72 92
22 73
75 77
27 76
66 68
13 49
31 94
1 92
36 71
45 15
60 81
24 21
97 62
72 53
42 15
35 64
47 88
