# Penalty: 35204.67869719606
# Penalty:  35204.67869719606
108
47 66
46 8
69 48
65 1
45 59
61 73
35 63
42 80
68 80
24 12
6 29
76 64
19 52
32 93
92 81
72 24
16 40
90 22
0 15
19 31
22 69
3 68
85 0
9 85
66 37
18 74
55 74
11 67
55 56
59 91
76 16
29 18
66 84
76 25
93 45
88 95
58 19
86 67
26 26
38 88
81 90
77 46
54 10
70 56
54 42
84 76
54 88
98 22
24 33
89 16
67 18
96 16
35 78
26 55
47 90
83 43
26 91
46 34
27 98
69 38
85 81
72 97
13 48
14 81
41 95
36 44
80 39
95 95
62 23
57 48
28 77
49 16
44 74
5 6
63 9
40 27
80 96
11 3
20 1
92 54
14 34
53 21
87 7
96 37
12 95
45 99
98 75
68 65
95 89
38 15
30 12
55 37
10 20
30 63
69 10
99 41
2 78
95 66
79 90
39 30
61 33
49 51
0 86
8 21
50 1
14 17
11 56
34 49
