# Penalty:  37162.60518789507
112
26 65
81 86
54 42
57 84
46 10
1 98
24 10
29 75
9 34
90 61
67 54
10 97
33 78
46 55
41 90
63 81
6 67
93 50
22 44
69 3
59 49
54 73
65 87
37 96
65 98
67 36
33 21
65 45
66 22
86 79
74 67
30 3
95 15
40 25
30 13
89 22
73 99
31 41
21 87
13 80
69 8
0 37
15 71
40 62
2 51
53 55
13 0
55 13
99 85
46 70
45 46
44 78
62 61
81 50
59 2
41 36
99 72
70 67
97 36
13 56
4 82
80 17
76 59
38 4
51 99
53 95
3 33
35 32
1 72
74 87
79 44
57 33
72 17
48 77
43 53
9 19
58 18
32 60
43 31
85 44
94 44
98 22
27 34
72 81
35 89
23 58
98 99
83 2
26 27
18 48
34 68
90 87
95 92
88 12
83 35
1 65
36 0
74 34
54 27
10 5
16 11
0 7
10 27
77 1
83 60
49 39
97 1
99 43
84 65
40 84
70 39
44 17
