# Penalty:  35781.34458000558
106
88 52
46 67
98 29
85 64
94 27
17 3
69 83
16 59
12 76
43 26
62 35
42 0
88 37
0 36
67 89
55 7
31 66
11 30
94 46
41 45
70 2
48 52
12 66
20 17
3 52
46 19
33 11
26 65
19 77
23 0
87 10
53 90
96 60
52 74
14 41
56 40
49 13
13 45
28 51
72 75
82 28
82 65
81 36
80 44
15 20
28 88
73 92
47 58
57 69
10 39
21 7
19 93
82 98
35 38
69 34
97 5
90 76
65 68
84 73
41 70
79 89
73 9
54 98
33 97
55 84
72 48
45 40
27 47
82 93
74 53
53 24
76 12
52 33
27 72
39 2
67 66
40 11
24 58
93 52
92 16
12 91
44 60
90 0
58 49
72 16
37 52
2 89
6 99
91 89
57 18
89 79
86 70
10 77
3 31
26 33
1 17
25 31
51 38
25 83
1 85
65 52
76 27
26 90
5 71
39 27
68 27
