# Penalty:  37416.714581198765
113
53 30
59 16
91 25
36 64
76 29
89 15
81 3
45 0
14 7
3 84
4 43
16 51
95 2
28 8
79 68
57 66
88 95
74 14
42 27
34 20
67 13
34 60
20 23
78 37
26 80
54 52
63 69
95 73
10 77
50 9
78 96
98 83
55 41
49 74
24 14
50 58
37 41
25 49
3 6
51 84
86 52
95 50
69 42
11 56
77 63
81 14
61 30
13 91
17 13
31 95
20 67
0 40
63 94
71 24
10 12
0 22
64 63
42 66
72 83
40 62
52 2
27 0
49 49
98 43
46 35
76 87
82 21
93 76
29 34
59 7
44 76
79 53
14 70
39 48
36 3
44 6
94 58
6 53
93 31
16 91
41 14
49 90
34 86
72 95
2 15
98 17
67 78
26 54
43 41
40 94
76 0
30 77
20 94
14 24
91 43
91 90
63 41
92 46
15 30
28 23
0 67
85 29
80 69
1 32
35 91
20 75
97 10
44 80
48 99
42 21
61 0
56 34
56 98
