# Penalty:  140860.9399584574
205
0 0
4 2
98 32
1 5
5 14
1 14
99 25
4 20
1 21
3 28
99 17
0 32
3 36
0 38
4 45
0 48
7 53
99 10
98 2
0 56
92 98
87 93
93 88
4 62
0 66
87 83
93 80
7 70
83 77
1 72
3 76
93 72
1 80
6 86
87 66
2 90
92 64
83 61
6 95
2 98
93 56
16 2
15 2
18 7
84 52
15 11
92 49
19 16
86 42
10 20
21 24
11 28
93 40
83 38
18 32
91 34
14 34
84 28
92 26
19 40
85 20
14 46
93 16
85 13
15 48
92 6
87 2
13 49
16 54
93 0
71 97
13 57
16 65
11 68
78 95
73 91
77 86
16 71
73 82
80 78
74 72
10 76
19 80
11 85
81 68
74 63
21 88
79 58
11 92
75 54
20 97
77 54
71 46
79 42
72 40
81 36
23 0
76 32
30 1
23 6
32 10
25 15
78 27
74 25
78 17
71 14
27 20
79 14
24 22
28 29
75 10
23 32
77 3
32 34
28 40
29 46
23 47
29 50
27 54
31 61
72 0
26 66
64 97
30 69
24 74
30 75
25 83
28 83
63 94
25 90
27 92
24 98
43 0
37 4
44 6
66 87
58 84
66 77
40 12
61 73
40 14
35 18
41 23
66 71
37 29
42 33
60 68
66 67
61 57
68 56
37 34
43 38
58 52
66 49
37 41
40 48
63 42
37 52
65 42
44 54
58 36
35 61
65 32
60 28
64 23
61 17
45 64
34 68
64 14
61 9
44 73
38 77
66 5
44 81
35 85
42 91
38 94
42 99
63 2
48 0
54 1
47 6
69 0
49 99
54 13
47 15
57 20
56 94
48 24
56 28
52 88
51 33
52 85
57 36
49 82
52 78
47 74
51 68
49 65
53 59
51 39
53 42
50 58
52 51
51 50
