# Penalty:  37539.462987616265
113
68 33
31 55
40 83
23 50
43 75
34 10
69 5
60 0
4 68
40 67
48 50
11 14
36 30
54 84
85 82
34 64
0 50
48 65
29 2
15 80
56 22
27 89
96 51
84 90
62 46
77 68
62 52
48 55
10 23
6 12
7 28
76 78
57 13
43 90
63 96
53 75
31 45
17 13
94 40
71 81
22 67
42 37
25 26
17 88
10 84
75 26
48 9
60 29
43 1
15 32
16 50
0 65
19 70
70 19
3 5
95 23
17 42
91 14
4 20
28 31
84 22
42 17
69 81
9 76
3 43
18 64
98 59
98 40
94 80
26 84
63 60
57 43
57 95
82 29
83 38
8 53
97 66
73 49
33 91
70 73
66 67
20 36
6 62
57 66
4 95
35 40
30 55
45 51
80 99
80 43
63 35
52 58
61 93
0 27
20 97
72 63
47 89
83 59
97 16
76 53
26 16
82 52
96 31
57 79
3 89
99 81
86 67
79 95
41 15
49 39
79 2
32 26
94 95
