# Penalty:  35079.20719656207
108
81 0
74 5
92 50
3 86
68 30
36 56
31 85
15 54
18 7
33 63
25 91
28 17
66 79
49 14
33 18
36 32
0 41
14 47
43 93
22 34
91 41
41 85
75 13
95 99
81 65
22 52
8 88
76 81
50 24
61 95
51 59
60 14
63 87
31 38
14 73
2 14
57 37
67 1
9 99
85 57
58 66
97 2
70 54
57 46
28 68
2 55
29 97
84 46
25 99
76 12
8 69
70 96
99 63
5 22
42 64
28 77
41 27
12 24
24 42
76 21
45 79
91 90
66 60
85 10
79 70
51 53
83 91
27 32
43 38
72 46
47 8
71 82
28 14
40 5
8 53
46 57
53 39
99 53
11 9
86 24
28 48
75 32
90 76
62 40
98 77
22 82
56 89
49 99
90 26
85 85
17 3
23 67
90 31
68 55
65 69
51 0
23 62
17 87
13 30
3 29
45 45
15 96
41 31
58 73
32 4
25 0
86 71
59 4
