# Penalty: 33795.18544532359
# Penalty:  33795.18544532359
108
48 83
31 56
7 11
39 33
98 44
47 8
1 3
84 4
6 88
15 17
3 44
29 14
7 55
60 84
52 41
10 3
49 23
41 89
55 11
52 62
80 62
85 23
81 14
14 56
27 25
84 0
64 70
24 0
85 47
62 7
72 30
51 47
44 50
91 31
58 43
15 77
98 5
66 60
50 68
3 33
92 38
53 88
64 26
69 3
27 50
73 58
31 86
44 77
42 25
82 84
99 72
21 8
19 70
1 93
12 12
96 58
60 14
29 80
17 95
32 15
5 74
38 2
24 4
77 6
56 21
60 22
21 70
45 49
3 97
88 55
40 11
72 74
9 20
84 48
66 98
74 97
32 61
44 29
96 81
27 85
76 83
63 77
29 71
77 35
5 41
32 41
84 70
10 82
19 47
65 56
0 64
36 75
81 91
24 32
31 99
2 47
40 57
94 23
68 54
97 99
91 86
54 70
54 82
72 38
62 98
83 98
80 21
10 59
