# Penalty: 29852.408791840047
# Penalty:  29852.408791840047
100
33 97
3 66
18 15
50 84
90 34
72 8
76 99
7 56
4 75
82 47
32 11
57 71
49 48
42 29
25 59
35 67
56 23
91 78
1 30
63 91
40 60
39 34
68 3
35 42
52 74
77 85
92 89
78 61
80 67
53 17
25 81
67 45
5 93
85 0
65 38
1 87
28 74
42 70
15 3
95 57
16 23
5 44
56 86
0 2
89 2
34 79
28 25
82 40
67 74
9 79
45 8
53 66
40 94
68 59
95 34
39 27
98 20
80 20
82 75
14 26
54 14
61 95
54 52
54 9
97 9
36 50
19 41
21 43
3 16
82 99
71 25
56 71
48 28
15 97
39 15
62 55
66 98
91 72
85 30
28 3
16 83
77 47
73 81
42 1
54 2
17 67
84 16
49 44
57 0
21 61
73 40
19 56
99 95
97 51
42 85
6 38
35 57
68 12
10 30
25 47
