# Penalty:  35034.71843494386
108
69 29
91 94
23 85
38 52
74 28
70 9
85 90
24 59
64 91
88 69
35 23
92 77
86 36
35 77
40 66
50 53
80 20
18 89
43 11
77 97
27 91
19 24
80 30
95 1
99 25
40 38
57 38
38 82
88 4
51 29
76 34
48 15
4 22
34 31
57 98
27 36
88 21
20 75
16 46
26 5
54 22
9 0
64 56
29 14
90 55
76 0
49 72
54 64
19 30
15 99
32 59
93 87
48 9
35 93
94 24
54 15
98 54
0 3
58 50
85 46
98 33
59 0
33 37
44 96
75 75
91 40
6 36
96 9
51 67
25 43
71 83
94 98
97 15
8 52
16 54
8 58
61 21
55 30
55 45
13 30
2 77
46 81
21 68
71 94
81 60
61 81
16 71
95 73
3 13
23 1
49 50
52 83
13 62
75 14
32 8
2 36
35 70
1 96
2 72
69 77
70 69
37 26
46 58
83 39
15 82
71 43
99 95
38 61
