# Penalty:  76587.25107035862
103
51 0
2 1
2 7
2 13
2 19
2 25
2 31
2 37
2 43
2 49
2 55
2 61
2 67
2 73
2 79
2 85
2 91
2 97
10 1
10 7
10 13
10 19
10 25
10 31
10 37
10 43
10 49
10 55
10 61
10 67
10 73
10 79
10 85
10 91
10 97
18 1
18 7
18 13
18 19
18 25
18 31
18 37
18 43
18 49
18 55
18 61
18 67
18 73
18 79
18 85
18 91
18 97
26 1
26 7
26 13
26 19
26 25
26 31
26 37
26 43
26 49
26 55
26 61
26 67
26 73
26 79
26 85
26 91
26 97
34 1
34 7
34 13
34 19
34 25
34 31
34 37
34 43
34 49
34 55
34 61
34 67
34 73
34 79
34 85
34 91
34 97
42 1
42 7
42 13
42 19
42 25
42 31
42 37
42 43
42 49
42 55
42 61
42 67
42 73
42 79
42 85
42 91
42 97
