# Penalty: 33270.90773420863
# Penalty:  33270.90773420863
106
2 32
99 63
2 53
0 60
1 85
99 22
4 44
2 1
7 38
95 80
6 56
3 81
4 9
98 8
4 18
10 27
10 85
96 89
92 9
93 74
5 99
13 3
95 60
14 63
16 59
13 95
91 49
18 20
89 32
16 27
91 23
17 35
17 51
18 66
91 75
90 43
87 92
89 0
88 53
84 14
82 86
81 63
85 47
83 22
20 6
21 87
19 97
79 94
20 17
83 71
25 52
78 29
78 11
77 79
75 59
23 60
75 43
76 26
25 74
28 82
74 50
29 59
73 88
74 74
30 2
33 17
72 12
31 31
74 3
72 99
33 23
70 43
34 97
34 3
70 28
35 51
36 35
69 0
34 45
39 13
66 62
43 75
47 25
41 67
64 85
46 36
46 11
61 32
49 52
45 61
64 14
51 88
59 92
50 46
60 43
61 66
60 0
59 76
59 57
60 4
54 96
49 15
51 55
55 25
52 44
54 73
