# Penalty: 33941.92452854089
# Penalty:  33941.92452854089
105
43 97
26 80
3 3
85 51
90 31
72 21
61 36
43 48
22 9
74 61
7 46
36 79
26 91
85 72
96 60
79 53
21 75
23 43
54 88
50 78
91 71
63 85
30 60
25 70
39 68
63 76
25 15
15 50
97 26
48 63
40 21
49 2
85 78
14 61
77 0
99 74
28 22
23 3
56 20
61 21
61 55
4 68
14 32
43 77
0 83
34 54
73 86
2 97
62 11
63 66
9 84
41 41
99 67
34 28
47 34
90 56
5 61
40 14
44 4
94 42
60 41
88 14
45 11
6 30
56 37
41 50
74 94
99 52
3 20
3 75
62 69
12 87
14 55
0 51
77 78
44 28
23 85
9 16
33 19
76 39
19 18
28 58
59 1
2 11
73 12
18 46
34 96
67 42
33 37
40 83
65 50
28 34
25 65
79 94
84 86
36 91
73 35
4 36
69 6
80 35
60 92
50 93
20 29
76 29
75 20
