# Penalty:  33926.302150814896
109
34 31
40 65
99 1
38 38
77 3
25 20
5 22
45 74
63 40
7 88
4 29
76 60
42 2
97 66
86 63
58 86
16 99
85 77
72 62
99 58
75 1
93 10
25 45
0 8
56 11
50 21
58 66
7 14
86 91
43 36
18 37
42 12
47 40
14 11
44 59
83 58
58 4
72 90
48 82
89 98
11 74
0 31
90 29
85 49
34 9
34 83
37 59
29 19
84 3
94 43
99 80
77 82
10 21
14 7
19 4
34 71
46 1
11 50
7 95
49 73
77 76
3 70
5 73
48 15
24 81
86 43
85 29
55 28
49 99
64 11
63 87
0 59
0 0
77 36
71 10
70 26
67 65
22 12
76 27
30 46
20 27
98 16
30 88
21 99
69 34
54 22
59 71
5 45
24 42
34 24
22 60
70 74
79 9
44 93
85 22
14 81
8 56
20 78
5 0
28 5
25 67
64 50
91 83
53 48
30 95
85 96
49 49
29 74
70 95
