# Penalty:  34293.71405831039
106
36 75
82 66
88 5
75 96
10 51
76 30
14 47
60 29
49 18
25 50
3 37
77 92
28 30
54 23
24 16
64 39
89 21
3 14
3 64
59 82
64 10
41 71
42 85
31 40
60 88
40 29
45 39
42 15
90 86
71 53
38 79
27 2
14 73
68 93
17 15
31 16
99 67
73 57
70 9
76 27
46 78
69 25
47 51
8 67
9 58
82 43
42 0
24 59
94 26
57 54
59 61
26 20
27 67
1 28
45 63
21 75
82 94
31 59
99 99
88 13
88 70
3 73
45 22
84 29
79 6
63 67
33 90
86 49
32 96
39 93
53 96
78 71
39 0
37 34
15 24
59 43
56 5
98 3
33 13
97 45
74 63
44 66
13 0
0 87
10 9
97 81
52 37
65 3
36 68
10 87
20 34
74 89
18 97
22 70
15 88
75 75
48 43
91 87
91 79
0 22
35 49
61 37
87 56
96 60
22 43
24 84
