# Penalty: 48979.654144052205
# Penalty:  48979.654144052205
136
99 52
97 91
90 76
99 61
96 44
98 30
91 21
96 16
1 1
13 0
97 1
83 99
18 0
33 0
82 85
40 3
48 1
63 0
82 70
89 57
80 46
68 2
78 1
90 36
93 0
82 17
82 7
0 7
81 87
10 12
20 6
72 87
80 77
70 66
76 53
72 47
30 6
40 6
78 28
75 16
62 97
68 81
47 9
62 10
68 8
92 7
66 74
97 7
0 16
70 59
10 17
18 17
32 20
68 41
39 21
51 19
57 19
71 17
99 21
70 26
54 84
0 27
7 29
52 77
22 31
27 29
58 67
39 27
52 47
49 31
52 38
60 26
54 5
88 31
2 37
8 37
17 39
49 91
46 75
48 61
29 37
38 41
59 41
42 48
82 39
98 37
0 51
12 47
46 34
34 94
39 77
20 47
38 61
34 43
28 51
28 97
58 51
92 50
0 56
29 87
10 61
28 71
23 23
15 83
18 61
30 57
62 59
12 77
8 91
2 77
8 68
4 54
78 61
99 99
0 71
90 98
22 69
71 97
48 99
42 99
20 99
8 99
42 67
51 68
88 71
3 99
99 70
20 76
88 90
31 80
59 81
99 80
0 87
58 91
19 90
41 91
