# Penalty:  54119.021577922205
99
0 3
0 12
96 35
97 19
2 20
90 48
0 27
95 43
2 35
95 6
0 42
92 21
2 50
0 58
0 68
0 78
2 85
92 5
2 90
81 32
2 95
80 42
78 18
7 0
80 4
8 5
8 10
49 42
8 15
7 25
49 33
8 30
49 22
49 12
49 3
72 72
73 50
72 0
70 97
7 40
7 45
70 87
70 78
68 67
5 57
7 65
70 58
70 43
70 32
8 70
70 23
70 13
68 7
28 95
30 88
28 80
5 78
12 20
13 35
30 72
10 52
30 63
12 60
28 55
30 48
28 40
13 75
28 35
10 83
10 93
15 2
15 12
15 28
18 40
30 28
15 47
27 20
17 55
30 12
28 5
28 0
23 90
15 68
18 80
23 85
15 88
18 95
20 2
22 75
23 70
20 13
23 65
22 60
20 22
20 33
23 50
23 45
25 27
25 12
