# Penalty: 32904.176194906824
# Penalty:  32904.176194906824
105
29 8
81 53
46 55
32 87
36 65
95 67
41 65
67 23
83 22
28 2
44 27
1 80
16 75
58 95
21 66
22 60
1 29
57 10
43 12
24 21
23 45
72 99
1 56
50 72
99 81
96 59
57 40
96 12
59 87
23 52
80 59
57 11
55 67
78 18
64 79
22 35
83 30
9 49
82 42
65 41
5 63
18 38
91 81
97 45
28 59
95 74
51 32
35 72
71 41
85 2
38 41
73 10
52 42
63 79
0 17
32 39
17 92
34 17
29 29
81 97
95 50
67 51
27 84
15 32
16 22
47 47
98 26
96 98
16 84
89 93
60 72
20 7
62 58
36 58
65 36
59 27
45 32
18 46
69 0
37 44
66 90
9 17
37 4
65 65
0 42
1 34
15 53
81 91
6 3
71 1
44 99
95 95
8 56
73 90
81 76
45 19
85 37
31 91
53 56
12 70
86 56
45 80
38 96
77 4
99 7
