# Penalty:  35154.651282786086
105
82 68
36 58
71 70
88 38
58 71
52 5
43 94
59 57
78 48
19 25
10 76
98 35
72 16
30 71
50 90
24 50
65 13
6 96
85 3
86 60
83 91
48 67
2 60
82 88
49 44
7 10
50 53
96 89
26 2
40 5
81 82
87 74
96 77
74 88
73 54
1 51
60 99
58 6
42 48
80 91
42 53
45 98
13 59
36 27
60 43
60 35
78 53
27 65
94 30
66 61
99 4
34 65
99 72
57 27
23 84
22 11
65 99
97 95
8 16
73 36
8 82
56 88
35 5
54 38
28 85
37 13
23 90
90 15
9 37
8 51
77 8
80 39
27 30
56 13
67 69
38 74
31 97
52 70
26 44
18 15
86 17
42 80
71 78
87 23
64 55
33 21
41 21
73 25
93 49
93 58
99 26
56 83
31 51
12 1
18 41
58 21
52 58
72 27
66 51
94 98
18 58
66 76
52 30
39 64
74 31
