# Penalty: 31702.67753950781
# Penalty:  31702.67753950781
105
0 83
13 22
37 14
70 8
15 4
65 92
30 33
47 2
99 95
82 0
27 42
55 67
58 53
98 59
34 97
89 72
33 5
7 81
20 55
41 84
97 73
66 41
83 14
57 33
76 45
20 23
37 43
1 33
78 60
93 94
13 65
26 56
51 38
35 77
63 6
87 48
61 1
86 20
13 50
39 62
68 98
74 23
93 82
44 23
62 48
46 68
14 36
46 87
65 34
14 86
28 84
60 84
2 61
23 50
1 13
2 77
84 94
54 24
91 41
85 4
53 64
80 65
52 9
46 43
97 80
99 1
74 78
82 38
25 98
80 7
9 46
49 73
65 25
38 92
91 26
90 34
62 99
47 9
25 14
38 21
94 5
28 10
22 89
98 28
68 56
96 66
57 78
84 58
76 82
41 0
72 68
98 47
71 82
43 92
26 28
80 44
22 83
1 98
16 32
35 58
3 47
0 30
85 99
68 20
19 8
