# Penalty:  33390.91092394989
107
0 20
55 4
20 27
27 1
1 1
22 41
1 97
36 22
77 74
57 83
10 56
74 5
98 1
97 99
66 31
5 7
25 23
99 25
8 16
9 62
4 43
75 56
52 34
90 23
83 23
79 94
30 71
63 65
63 78
26 7
96 95
97 65
64 5
32 99
78 33
5 25
14 76
60 90
11 27
67 16
58 50
16 69
17 83
93 38
69 52
49 2
11 11
18 42
44 77
41 34
99 76
42 36
87 40
21 50
42 79
83 4
64 37
22 19
65 45
5 79
39 51
19 92
71 31
43 80
55 26
61 86
39 96
34 5
50 7
94 3
69 2
96 17
95 80
98 85
50 49
71 71
31 36
41 2
93 99
56 59
77 30
46 93
82 58
26 55
68 10
47 98
10 30
18 13
99 54
56 20
53 55
79 48
88 45
88 11
43 12
93 82
35 52
41 56
43 65
7 57
71 60
52 25
38 37
87 63
33 68
24 0
32 94
