# Penalty: 32835.9431719583
# Penalty:  32835.9431719583
104
26 52
18 81
32 94
39 6
41 16
70 46
52 70
7 52
64 60
84 85
57 84
26 19
16 64
85 22
36 36
96 24
3 5
60 99
3 57
39 92
67 76
12 84
81 37
64 94
99 81
29 80
79 33
39 44
10 20
43 30
95 45
59 33
32 6
12 81
48 76
49 30
22 61
89 71
78 23
87 36
6 77
18 7
73 3
25 23
9 13
65 36
48 18
17 34
32 40
53 40
68 19
65 31
93 97
42 72
8 58
89 79
98 67
85 73
99 23
28 75
0 10
84 47
56 54
62 22
46 98
2 42
71 79
37 55
17 56
83 18
2 71
42 55
70 65
25 99
42 50
74 13
32 60
65 2
82 0
47 4
98 92
10 29
25 90
55 61
86 58
79 92
81 52
92 86
48 45
13 1
96 6
57 75
0 33
34 50
3 97
56 47
84 32
34 74
24 37
72 67
31 22
67 51
99 44
70 93
