# Penalty:  32831.70760466619
105
0 12
18 38
40 92
60 66
39 98
13 56
2 93
50 50
97 68
24 8
88 41
1 21
94 88
96 7
46 10
79 14
54 93
55 71
54 99
60 28
71 97
18 99
34 86
45 61
68 31
31 30
39 25
89 1
65 75
81 69
96 72
2 35
4 85
99 48
98 21
68 2
76 97
57 21
64 22
88 9
28 78
29 5
46 30
6 43
20 90
9 1
50 5
12 66
85 50
84 22
68 94
64 52
12 75
41 84
31 21
80 36
56 50
50 79
25 43
74 38
80 55
71 75
2 65
95 28
21 79
77 83
19 12
65 33
14 80
85 86
9 33
16 94
97 14
14 7
90 92
74 92
41 3
23 36
16 27
5 7
61 56
33 98
20 63
49 85
82 28
93 16
79 22
42 18
24 97
39 65
79 52
90 65
82 0
45 34
11 21
0 3
98 62
27 57
10 51
77 9
51 16
83 66
90 36
39 47
25 22
