# Penalty:  36887.13117997282
112
70 56
59 46
42 75
20 59
19 84
11 31
49 69
83 29
96 97
33 70
47 45
61 69
43 47
63 2
5 79
68 65
45 89
73 49
80 19
47 15
32 19
82 78
65 48
34 28
39 88
9 70
85 59
99 8
56 59
99 62
55 37
78 90
29 56
87 54
90 21
61 34
58 75
41 38
75 71
51 98
55 31
26 49
89 7
74 4
14 74
16 39
23 15
34 5
46 52
53 90
22 96
6 62
28 88
2 32
20 0
37 95
86 15
68 91
1 93
20 29
35 35
4 18
73 42
17 64
76 63
69 28
79 74
27 72
84 51
49 0
76 78
96 30
41 66
59 54
76 35
40 12
47 19
9 10
88 44
45 61
30 99
4 89
6 26
29 29
0 22
57 81
52 80
99 35
94 88
92 68
6 4
15 98
9 48
69 86
49 30
27 63
93 58
68 10
32 49
58 95
71 14
5 56
69 21
98 16
54 2
97 77
81 97
18 15
21 80
55 16
82 37
83 1
