# Penalty:  35581.7050353899
109
43 49
97 44
8 61
77 58
25 89
56 71
76 16
19 52
72 27
20 71
58 6
93 93
18 85
86 28
76 82
79 88
99 72
91 57
18 23
20 40
49 34
44 79
89 90
27 65
18 17
0 26
66 1
66 27
25 23
91 77
59 79
63 73
71 42
5 70
37 34
60 64
43 15
69 12
88 43
2 0
41 68
36 99
30 85
62 41
11 66
14 32
85 65
84 99
80 23
72 91
4 52
85 19
10 52
75 49
84 57
79 96
32 28
12 80
47 88
51 96
78 78
0 33
94 24
38 6
72 2
61 55
10 36
38 83
66 61
36 91
22 66
68 79
99 98
76 63
82 33
57 46
52 4
32 5
51 37
51 93
2 18
15 94
34 65
30 96
1 4
53 12
29 6
96 29
90 9
65 94
51 19
69 98
15 9
80 0
99 20
94 53
11 16
64 25
1 91
45 35
36 0
11 47
40 20
1 12
75 98
73 74
85 71
98 6
21 3
