# Penalty: 35898.42621713826
# Penalty:  35898.42621713826
110
8 23
72 81
53 47
64 81
39 52
95 4
93 12
74 15
19 43
43 46
28 26
70 1
62 36
39 40
12 83
78 76
32 82
30 16
47 3
84 91
87 26
87 96
31 68
19 37
90 86
24 64
52 59
58 50
11 30
92 90
2 59
45 25
80 6
93 61
78 71
64 49
12 20
17 65
23 44
40 1
68 60
68 88
76 35
12 3
10 73
48 63
29 12
81 21
97 44
96 30
8 11
42 25
17 59
10 94
33 47
44 10
66 28
31 0
52 89
8 53
55 68
58 76
61 0
98 99
55 19
51 11
49 42
81 52
87 65
53 96
80 80
26 0
71 63
44 17
65 3
27 30
79 57
1 88
94 78
46 31
20 91
94 76
6 77
3 71
79 97
31 28
44 83
95 48
30 53
55 0
38 90
15 9
98 60
58 16
87 8
82 12
41 63
84 57
17 25
65 99
9 63
61 22
76 38
99 34
99 75
75 45
39 67
24 97
29 78
99 84
