# Penalty:  35196.738490587915
108
90 3
98 34
62 64
47 84
17 74
52 66
73 85
97 23
69 0
36 46
15 66
21 46
60 60
78 88
61 23
27 87
37 40
82 81
71 37
14 80
40 68
22 42
5 65
51 80
54 76
47 22
71 60
65 82
48 99
92 84
83 16
65 58
37 61
99 7
32 92
28 32
33 29
94 48
51 62
92 20
57 86
48 89
5 56
50 11
78 19
0 76
68 77
88 61
1 55
33 81
19 24
64 0
48 52
88 90
57 52
56 38
88 34
86 42
1 17
13 6
22 5
27 51
9 71
16 99
29 59
58 31
13 37
71 6
80 1
83 95
72 45
1 98
17 85
79 59
21 58
78 64
72 91
59 99
92 66
66 4
66 65
77 74
2 27
85 5
78 44
3 36
64 38
23 91
35 11
97 75
93 98
99 79
79 12
67 20
0 83
41 97
36 75
93 9
50 4
9 13
12 52
82 26
52 12
28 59
96 59
60 78
6 96
32 18
