# Penalty:  35807.4674108637
113
16 0
84 90
68 20
1 94
80 5
79 11
32 58
30 85
21 7
79 83
25 24
44 90
51 16
44 79
49 47
32 65
85 33
28 71
48 2
54 68
36 59
4 11
0 64
45 11
66 2
18 21
78 38
33 36
45 27
85 78
89 64
57 85
10 61
76 78
31 44
8 67
85 8
43 94
92 46
40 32
96 8
50 55
14 80
8 1
71 55
70 31
67 63
15 44
94 29
1 50
18 64
64 37
9 20
62 94
71 9
7 51
71 83
78 98
87 95
37 15
52 91
77 25
32 30
86 59
74 78
28 50
84 39
35 96
1 89
92 92
62 7
61 39
68 23
74 69
58 18
1 19
60 71
0 43
40 80
0 79
70 41
96 99
98 14
56 54
11 88
47 41
46 67
96 23
65 17
55 37
66 90
58 77
92 37
43 46
82 19
2 34
83 1
94 0
27 89
15 60
20 99
92 53
2 5
18 95
78 54
99 67
95 81
34 0
48 1
96 20
17 39
12 35
86 50
