# Penalty:  44942.00262166506
124
3 2
0 66
97 48
4 48
2 81
99 2
99 99
97 66
99 19
0 95
95 73
92 81
93 11
93 51
93 88
0 62
2 21
2 39
93 34
91 67
88 4
4 30
5 13
88 43
8 90
9 73
11 10
11 0
90 19
88 37
7 39
87 52
11 51
84 95
9 99
14 65
14 31
84 73
83 10
14 59
16 93
83 83
13 17
84 32
17 85
79 4
82 24
76 61
17 79
17 1
20 45
20 11
81 56
19 22
76 18
16 50
75 10
20 32
22 63
22 79
74 36
73 41
25 8
28 33
78 88
71 79
26 96
28 17
70 16
70 55
26 47
70 65
71 1
30 7
65 8
29 27
28 66
65 72
67 33
29 0
63 92
29 43
31 75
62 27
61 13
34 33
62 68
35 20
35 90
35 47
36 69
65 80
37 6
61 54
38 29
37 83
39 39
61 2
58 85
60 35
39 54
57 8
42 15
58 44
56 69
55 21
56 99
41 98
52 78
44 43
57 49
51 12
52 30
54 92
44 68
40 87
51 0
49 44
44 1
48 83
44 25
45 52
45 58
46 7
