# Penalty:  34630.44122620556
106
45 0
64 61
30 69
79 65
39 74
53 89
27 52
87 85
34 2
92 35
19 57
26 62
98 40
98 4
58 35
96 65
29 16
71 25
96 54
1 80
29 87
37 28
70 92
67 93
20 5
87 27
98 48
27 94
74 98
46 71
21 81
96 12
17 62
86 13
37 92
10 21
57 27
92 22
88 51
74 54
84 44
66 56
54 99
56 9
74 18
48 63
30 70
68 18
15 6
13 55
9 12
49 11
49 56
83 6
98 98
3 66
16 35
69 3
62 31
12 92
11 4
30 47
31 23
21 20
86 58
41 99
30 78
97 87
4 88
99 77
60 72
89 72
63 9
8 26
1 32
20 27
39 7
20 98
54 25
16 77
23 95
36 22
30 38
43 85
84 35
89 87
85 21
60 88
23 71
74 79
72 11
76 39
88 66
44 42
65 66
9 41
72 33
71 48
81 72
91 3
6 95
36 65
62 46
46 45
22 34
40 58
