# Penalty: 34178.79037859229
# Penalty:  34178.79037859229
105
17 73
25 26
59 1
72 69
3 54
82 87
6 46
55 13
84 53
42 25
59 90
54 83
38 65
19 85
26 88
1 93
61 34
66 42
81 95
45 48
42 7
61 27
82 81
71 27
44 58
0 75
18 12
72 13
64 68
33 10
68 61
46 16
43 93
81 6
35 77
34 60
31 46
9 57
98 17
28 64
81 24
4 8
21 78
67 98
50 89
98 67
64 78
98 23
20 62
78 66
28 1
38 32
87 64
64 57
86 92
78 60
53 97
38 45
0 38
94 37
97 37
73 75
31 78
93 65
40 79
4 36
33 22
60 5
22 19
68 79
45 30
29 98
16 99
93 72
40 86
76 46
53 93
95 81
62 19
62 48
48 66
62 41
99 52
57 20
48 78
53 30
50 56
84 21
24 33
2 77
1 22
58 62
23 47
11 22
89 39
47 99
99 86
80 38
44 0
17 55
70 54
48 44
4 61
8 2
24 40
