# Penalty:  35860.63504682049
111
0 0
64 0
51 0
30 6
77 6
59 98
28 97
69 8
83 99
12 9
73 95
52 14
97 12
86 11
33 16
56 17
97 94
14 20
37 95
39 21
71 19
69 89
37 85
87 84
29 21
55 85
11 86
96 80
5 23
96 26
19 27
67 28
1 78
79 82
35 25
42 27
81 30
6 34
32 81
50 79
40 77
63 34
34 71
53 70
27 71
77 68
71 67
0 30
43 37
57 39
8 42
87 63
3 44
65 44
57 60
96 60
52 55
80 61
88 42
1 55
73 56
94 55
35 54
70 45
7 50
20 50
31 49
67 49
46 51
32 40
88 49
19 58
85 42
36 40
52 38
13 63
94 36
48 65
29 38
63 66
22 35
43 66
57 31
11 24
54 22
31 66
90 18
0 73
85 70
8 69
58 76
76 22
95 75
87 81
72 82
51 16
1 14
18 82
42 91
61 91
16 13
64 10
7 92
45 8
20 98
94 97
38 7
22 5
5 4
98 2
23 0