# Penalty: 31227.023916693917
# Penalty:  31227.023916693917
99
99 58
2 53
98 44
1 43
95 36
99 29
97 98
98 89
0 8
7 39
8 24
10 31
98 74
96 53
8 56
14 37
11 87
15 5
11 64
15 79
94 79
16 2
92 8
91 93
20 33
90 69
92 58
18 90
91 17
23 17
23 54
85 32
84 3
83 70
83 46
23 74
24 2
26 88
24 38
79 88
25 61
81 93
80 74
21 98
27 77
78 49
27 14
29 20
30 43
30 70
77 14
30 0
79 0
76 65
79 26
32 81
75 58
33 49
73 80
30 55
33 90
76 43
34 35
75 34
73 73
66 70
34 63
69 15
35 26
64 94
62 40
33 41
65 23
38 94
62 19
37 78
38 5
61 59
59 33
56 90
56 81
54 47
57 76
44 1
44 47
54 62
53 15
45 26
52 29
42 91
50 94
50 84
47 56
47 77
49 61
46 17
45 3
46 66
44 31
