# Penalty:  36575.19758165351
113
80 77
44 38
22 34
70 20
17 79
90 80
61 7
28 2
54 26
76 10
88 62
83 58
88 73
74 70
61 86
2 28
20 45
64 53
43 73
83 0
11 17
35 27
78 24
28 97
76 81
27 44
92 21
51 20
3 83
97 96
23 66
52 49
58 66
98 49
48 96
48 13
92 25
24 59
62 21
28 52
16 53
14 6
35 88
5 98
47 56
63 39
60 31
45 47
10 55
6 69
30 19
66 69
49 78
8 61
42 96
26 76
66 57
7 19
29 1
99 38
3 92
72 35
37 34
85 88
46 82
10 3
45 2
43 65
0 5
78 49
74 63
7 76
72 95
26 91
96 67
81 31
84 46
24 6
20 93
65 14
70 41
32 53
41 10
87 98
82 66
53 63
55 4
1 56
21 20
69 55
31 82
6 91
97 57
94 43
56 35
70 88
98 77
17 87
76 28
35 19
29 67
37 25
57 81
33 76
6 21
12 38
52 53
11 45
96 7
98 24
85 17
16 31
83 94
