# Penalty:  31742.343751556902
103
26 9
91 3
44 84
50 8
60 72
96 25
97 99
66 25
34 22
58 99
78 46
28 14
43 66
23 90
87 6
27 4
11 4
96 10
67 10
84 75
21 42
8 60
52 63
50 53
75 97
81 69
23 58
0 64
30 93
40 35
52 31
37 59
7 46
94 33
6 77
96 78
36 49
75 64
16 97
78 83
52 43
15 88
35 27
32 76
3 56
61 30
21 33
1 33
6 86
89 25
86 45
34 44
65 1
34 67
44 91
89 17
97 1
18 73
70 70
60 63
75 36
37 42
46 77
90 69
49 22
93 92
54 67
49 82
87 98
85 54
80 12
36 7
71 53
54 16
66 34
80 54
22 53
80 30
57 46
30 81
63 81
97 84
94 85
21 50
56 36
98 16
6 19
6 51
18 28
43 2
70 16
41 8
27 28
92 40
6 15
1 83
22 81
21 14
14 65
59 6
64 48
29 62
0 99
