# Penalty:  36296.31907731577
112
18 93
2 30
82 46
33 91
69 4
49 19
40 14
20 84
29 34
61 68
78 65
79 91
85 70
6 45
77 25
17 16
9 8
33 70
97 84
60 28
41 75
89 79
1 8
30 20
83 39
56 99
56 51
3 38
83 18
2 60
16 22
19 10
51 5
40 25
52 14
35 17
97 4
58 37
12 41
59 90
25 73
79 17
39 65
99 22
6 54
92 51
94 59
76 40
57 6
79 72
47 88
96 81
43 35
97 8
0 52
8 22
11 69
34 62
71 73
18 67
93 67
73 98
83 87
57 84
5 3
46 27
98 99
73 7
13 74
65 51
12 7
34 46
78 54
5 86
27 5
77 2
55 61
92 11
30 51
97 29
34 97
66 11
68 41
0 97
4 96
40 84
69 21
63 20
72 36
31 99
53 67
48 53
73 57
50 0
27 78
1 82
81 84
21 0
88 53
25 35
93 29
26 83
54 22
47 38
20 40
55 0
14 98
96 44
26 27
20 57
10 29
68 26
