# Penalty:  41896.513817730025
87
0 34
1 83
4 17
3 44
4 48
5 12
1 38
1 62
2 76
5 23
5 97
4 90
9 69
5 32
13 54
7 83
8 98
13 20
10 61
9 75
14 91
15 16
15 36
17 30
16 46
16 53
16 69
17 74
15 99
19 59
16 80
20 24
20 89
18 39
23 67
24 38
23 78
22 95
27 28
27 52
27 63
28 42
30 57
28 88
31 72
29 96
32 32
31 82
34 65
36 41
33 95
35 55
33 79
37 63
37 73
37 99
37 47
39 84
45 79
45 55
48 90
48 63
47 97
50 53
51 74
53 60
49 88
53 67
56 90
56 75
58 66
61 84
61 96
65 72
66 89
67 64
66 80
69 99
71 74
75 94
75 85
76 99
81 88
86 98
89 91
90 76
93 98
