# Penalty:  31322.01364623306
95
97 53
48 20
99 97
97 82
80 5
31 22
43 32
55 42
58 57
68 47
88 69
92 45
83 88
83 78
72 53
76 14
63 56
67 1
61 8
53 27
48 47
41 75
43 8
38 37
29 36
35 95
29 5
24 18
26 26
23 40
19 2
21 17
11 7
14 2
89 20
96 90
98 32
96 35
89 87
86 50
77 19
69 67
64 6
62 22
56 35
47 14
47 5
44 39
38 17
35 27
19 8
4 3
0 3
0 10
2 18
6 33
8 40
11 50
10 61
12 68
14 82
15 90
20 96
53 66
39 89
8 97
31 46
16 23
17 47
4 99
63 71
29 84
26 76
20 32
75 84
73 92
12 75
16 54
24 60
13 16
18 73
64 94
29 95
5 93
28 46
49 61
38 84
50 96
93 98
0 84
7 18
40 59
71 70
28 69
72 78
