# Penalty:  34980.661212566396
108
35 70
94 87
17 32
74 99
76 53
26 53
34 37
46 61
51 53
84 56
35 52
60 83
45 8
3 4
74 82
32 19
39 94
59 14
90 81
48 98
50 70
38 4
67 19
4 26
35 87
5 60
12 26
44 36
22 46
35 30
72 45
21 88
8 40
48 80
82 3
80 98
65 23
1 55
49 1
58 37
64 5
23 17
98 31
81 14
5 72
23 61
35 47
87 70
87 51
78 29
86 91
84 9
70 4
7 89
0 40
7 94
12 64
23 6
53 77
94 55
27 70
98 60
52 6
70 24
84 37
31 9
9 19
13 46
16 17
95 9
68 83
73 18
11 78
56 28
91 36
78 90
3 33
95 70
18 0
59 68
33 98
1 90
76 61
75 37
15 75
41 83
56 92
21 68
66 50
90 18
48 41
98 41
80 51
13 72
20 32
0 76
41 43
8 12
62 44
53 23
72 75
31 33
27 85
39 21
15 49
26 31
61 54
38 61
