# Penalty:  31920.6395124921
104
37 21
91 5
69 68
32 43
52 76
53 60
41 5
62 29
55 74
82 38
6 53
72 8
77 38
65 82
51 24
45 19
74 88
96 0
14 79
16 73
92 75
21 13
77 64
39 45
80 78
31 23
50 66
11 91
18 44
25 94
95 55
17 59
25 47
64 96
22 4
19 87
73 1
57 83
72 79
69 9
75 23
20 51
67 54
99 21
73 70
87 63
96 48
79 95
59 58
15 0
47 10
10 15
90 19
30 74
52 32
19 34
35 37
90 92
74 50
34 83
79 83
97 84
2 28
1 3
54 97
25 79
55 7
4 97
44 71
98 18
86 10
42 87
0 82
84 25
15 37
33 60
29 67
4 34
8 6
8 59
81 57
4 43
0 72
0 19
97 35
17 93
42 1
11 73
59 47
96 93
92 43
65 85
47 46
33 28
39 93
3 88
80 67
36 69
99 62
48 61
71 16
27 0
58 78
2 58
