# Penalty:  33619.8606633645
107
58 89
74 77
3 45
93 12
89 40
39 43
27 34
54 11
68 45
37 60
78 58
56 20
68 79
97 86
83 23
19 0
30 18
90 30
50 54
0 29
12 88
92 88
20 30
69 10
6 14
34 75
93 46
9 96
61 16
62 65
33 24
26 90
22 54
76 25
7 31
47 22
43 92
22 51
78 29
27 43
82 55
34 38
53 49
63 60
14 71
2 99
96 80
26 23
75 87
61 42
83 73
94 63
52 3
34 94
8 16
71 31
56 35
15 14
25 37
5 42
63 95
87 3
76 54
47 46
57 1
93 95
49 52
31 66
41 17
1 77
47 82
35 8
53 95
39 99
19 94
3 0
66 87
1 11
74 9
1 61
14 28
61 26
11 42
56 70
23 99
91 66
1 18
83 88
15 80
75 39
41 40
97 27
29 73
48 99
18 5
0 80
40 85
1 15
68 72
72 0
48 68
21 9
21 85
48 32
30 85
44 8
14 63
