# Penalty:  116710.64174011786
201
1 6
3 14
0 18
1 28
0 37
0 42
0 50
0 58
5 64
1 70
0 78
0 84
0 94
0 99
6 0
4 21
5 29
5 36
6 43
7 50
7 57
6 71
6 78
5 85
6 93
6 99
14 0
12 7
11 16
13 24
13 30
13 36
14 44
12 50
12 58
11 64
11 72
14 80
14 86
14 96
20 1
20 5
21 15
19 22
19 30
19 37
21 44
21 52
24 58
21 61
22 68
20 79
20 83
21 93
21 99
26 0
27 8
25 15
27 23
27 29
27 38
26 43
26 52
26 59
27 66
27 74
28 81
30 88
30 95
34 8
36 12
36 22
34 28
33 36
33 42
35 50
35 56
33 72
35 78
35 87
35 94
35 97
41 0
42 8
40 15
41 22
42 31
42 37
41 42
40 51
40 58
41 65
41 72
42 80
48 0
49 4
50 14
51 20
49 28
48 36
47 40
49 52
49 57
47 64
48 72
49 79
47 86
49 94
49 96
56 0
56 6
55 18
55 23
56 27
57 38
55 43
55 52
54 57
56 66
55 73
54 80
54 88
54 95
63 5
65 13
66 21
65 30
63 36
61 44
63 51
63 58
61 65
63 73
63 80
63 93
63 99
71 0
70 7
69 14
69 21
70 29
68 37
69 47
68 58
68 66
70 73
69 80
68 87
70 96
79 0
77 4
77 21
79 27
79 36
76 43
77 50
79 57
76 64
78 68
77 79
78 86
77 98
85 1
84 6
83 15
82 28
84 35
83 43
85 50
82 57
84 64
85 71
83 82
82 88
84 96
94 0
93 5
91 14
91 19
93 28
93 33
93 43
92 47
90 57
93 71
94 77
92 85
91 94
91 99
99 0
97 14
99 22
98 29
98 37
99 46
99 52
99 57
99 63
99 72
98 81
97 86
