# Penalty:  36633.903120714116
110
74 3
55 59
28 60
62 38
81 21
2 65
7 33
93 47
3 51
18 77
43 50
56 36
89 33
55 22
85 39
85 48
17 55
98 33
56 78
46 6
29 19
24 41
71 46
40 86
72 56
6 85
72 41
64 23
26 53
30 4
34 73
83 7
69 8
20 47
78 21
16 98
97 11
57 53
55 30
14 34
22 82
98 22
60 96
42 42
2 70
93 6
28 10
33 54
51 77
61 87
32 94
70 34
66 64
77 60
6 19
69 72
42 66
49 65
88 23
12 50
4 3
54 69
9 5
42 12
20 14
60 16
99 66
56 44
98 90
18 96
28 39
79 2
83 74
75 79
60 1
94 37
74 72
37 22
85 63
77 51
44 20
8 74
67 94
83 97
74 26
46 11
81 97
45 83
24 9
98 57
45 34
53 95
35 64
63 58
61 78
61 9
90 69
93 51
74 93
41 4
11 93
25 72
98 97
84 91
41 77
0 92
48 56
58 92
70 64
58 52
