# Penalty:  35076.21326800659
109
55 50
73 43
33 77
52 64
0 91
78 59
88 39
97 13
26 74
49 57
93 5
15 11
71 19
6 40
30 56
80 68
16 87
84 62
26 16
0 81
6 19
94 23
70 23
57 2
1 23
1 8
11 93
48 67
52 26
18 67
75 76
96 97
23 84
5 54
57 70
42 91
55 34
56 43
82 99
54 11
94 73
13 25
92 44
65 66
38 99
31 23
17 20
6 59
25 53
40 79
47 81
65 44
72 51
77 54
4 99
95 1
41 44
61 75
46 39
99 73
36 5
78 5
68 15
19 32
50 94
82 10
59 27
0 58
20 3
32 39
64 18
85 22
71 93
34 93
98 38
98 29
17 50
91 87
91 53
69 37
25 92
45 30
42 13
58 10
5 1
85 86
19 99
57 96
11 34
12 72
40 72
34 58
42 58
29 30
43 5
32 44
95 83
47 19
29 7
83 32
18 90
86 72
79 36
95 52
1 35
17 80
35 28
71 90
40 52
