# Penalty:  33999.7692235136
109
97 56
47 60
97 78
53 45
0 27
98 26
11 85
44 9
44 56
62 44
22 59
84 47
84 24
37 22
30 60
64 58
55 0
70 95
37 38
51 10
39 47
4 17
26 78
70 56
28 27
67 52
60 66
29 85
28 56
54 91
67 85
5 41
51 97
53 68
82 72
15 91
5 23
66 30
92 55
5 3
10 38
14 52
48 39
82 66
44 3
1 95
69 92
50 83
38 86
19 93
75 22
26 43
5 45
97 41
91 27
6 99
1 63
29 50
72 32
70 37
68 9
47 53
43 31
52 24
99 4
69 4
85 10
18 61
20 39
78 63
94 34
61 58
92 60
24 74
19 21
84 91
66 96
99 90
83 43
2 85
27 99
9 72
30 8
3 9
88 90
48 72
84 57
34 69
76 69
97 12
86 31
77 42
47 99
96 71
81 3
80 77
56 38
58 83
84 4
47 93
31 70
30 1
39 72
8 31
79 18
31 22
0 60
98 18
13 71
