# Penalty:  39560.087758174
113
39 71
48 57
20 35
51 63
75 24
21 66
95 10
6 1
97 24
1 50
88 4
23 52
67 28
4 84
66 13
5 41
90 9
55 73
78 76
31 54
8 87
86 41
24 4
73 90
88 52
47 23
93 95
97 74
77 15
35 76
80 22
60 65
61 22
93 67
8 6
42 20
19 96
54 59
38 6
42 89
44 48
91 19
14 57
17 49
33 62
48 28
23 42
1 7
93 34
0 90
75 60
10 20
43 93
45 40
81 8
71 83
9 49
29 70
1 45
57 25
66 57
10 63
97 67
90 25
39 53
56 79
82 96
44 99
26 77
53 43
61 10
20 82
74 51
75 45
5 69
29 94
72 40
13 27
96 81
96 53
41 79
33 20
71 21
68 97
26 33
81 77
87 36
40 34
79 65
81 36
61 63
11 34
23 57
39 55
99 47
37 13
14 15
5 26
32 46
46 9
15 93
28 1
38 85
29 65
70 76
1 35
59 86
53 4
81 51
58 95
95 2
44 0
56 87
