# Penalty:  36325.66851316475
113
35 73
87 62
2 83
32 95
35 99
42 55
18 4
53 73
59 75
4 20
49 15
11 0
80 22
54 29
60 6
58 69
56 54
28 14
74 98
69 5
57 35
27 61
3 52
41 47
30 21
27 66
71 26
90 5
64 55
44 41
48 91
36 7
94 71
60 4
96 14
71 84
79 58
96 31
8 90
14 20
97 50
7 97
74 1
76 10
64 83
93 25
73 61
95 42
58 27
69 69
30 29
16 77
66 99
79 91
50 81
37 48
57 13
26 35
12 56
58 20
28 59
0 90
58 49
99 87
12 48
42 11
79 74
2 11
71 42
62 41
82 29
80 45
97 57
98 18
38 16
72 15
55 21
30 75
59 59
70 77
1 35
7 74
12 24
85 83
84 19
45 1
7 38
22 46
22 91
59 92
44 84
1 74
88 2
68 37
19 45
4 60
42 38
45 61
33 81
93 36
40 33
41 65
31 0
84 51
21 72
60 99
77 43
44 19
51 0
16 93
36 80
0 40
93 89
