# Penalty:  33510.896653535
106
54 94
13 85
63 96
34 11
2 55
21 23
50 77
47 70
91 83
20 15
40 66
87 63
75 30
61 38
49 5
64 21
65 12
9 75
98 13
55 58
24 31
2 97
11 2
95 65
67 88
8 30
0 70
80 20
34 53
2 21
68 43
67 70
19 5
30 5
61 84
38 90
28 49
39 58
94 30
81 69
38 64
91 49
16 57
77 80
70 83
32 35
35 74
35 85
33 67
0 37
79 34
42 80
9 37
19 64
87 3
44 8
20 99
34 97
83 91
53 84
97 37
6 97
27 86
65 7
59 3
15 0
94 21
79 55
78 98
46 31
24 63
54 47
56 33
90 35
23 85
14 43
91 5
43 16
43 24
99 51
53 16
6 16
2 51
33 45
92 0
58 22
17 50
47 45
97 85
70 59
7 83
48 54
19 71
25 68
80 16
28 40
75 1
55 61
39 31
36 21
72 28
51 40
44 1
74 69
67 1
55 99
