# Penalty:  34821.057582171874
107
67 49
68 67
84 73
37 94
94 71
33 86
84 42
32 77
54 79
32 27
4 41
74 63
48 11
63 7
86 15
19 63
29 52
6 6
3 21
38 85
46 32
94 22
40 35
35 21
76 35
5 98
43 50
86 83
81 89
96 93
57 88
5 92
14 20
22 95
51 48
44 98
24 86
61 74
0 64
41 70
52 72
60 55
29 96
71 7
85 8
42 20
23 39
29 44
32 12
92 33
57 23
7 50
89 94
0 37
58 46
15 95
66 38
9 84
99 5
19 42
92 7
27 69
41 12
35 57
82 49
95 64
65 89
35 49
80 18
32 35
97 49
43 26
99 7
52 95
61 32
59 98
77 85
12 28
37 1
67 24
63 84
72 90
13 77
80 56
78 3
54 30
77 29
65 52
69 71
21 48
56 7
43 93
69 97
19 18
28 6
85 1
47 66
45 35
75 71
97 67
43 61
6 70
28 21
76 13
93 38
95 57
4 56
