# Penalty:  36802.31881715695
112
22 63
1 94
19 47
42 52
1 66
37 66
65 60
79 80
69 91
29 22
5 89
74 36
57 53
49 32
23 80
68 76
77 89
62 4
87 42
21 95
17 40
32 4
68 66
79 65
27 0
42 61
35 97
81 3
77 20
87 1
63 87
50 95
81 9
5 97
95 69
94 40
28 14
11 4
50 60
12 68
71 37
28 50
19 26
10 54
96 93
4 11
82 97
89 3
63 67
89 68
43 17
3 28
77 24
19 85
33 44
67 18
91 25
56 47
51 75
80 49
79 38
41 32
52 41
96 25
10 71
13 46
13 18
37 88
31 36
96 89
85 78
43 6
88 91
35 52
12 61
0 80
36 74
72 51
38 38
14 75
18 12
65 52
64 32
43 81
58 81
26 66
99 58
27 85
28 59
50 79
21 99
5 48
95 17
2 58
22 90
28 77
6 34
88 49
88 10
17 3
82 63
61 24
42 46
54 99
1 83
99 51
49 98
86 52
27 23
28 8
88 33
56 39
