# Penalty:  35064.69471997833
110
17 42
86 91
98 16
66 8
87 82
75 61
34 18
99 99
41 92
96 93
99 64
79 94
10 73
60 64
79 2
59 40
86 51
80 16
60 35
82 40
17 88
43 2
43 14
39 10
50 51
78 24
53 8
64 63
92 71
35 87
64 21
15 28
87 98
80 10
45 46
2 78
67 49
1 43
92 58
25 85
47 78
75 32
42 20
71 17
40 26
5 59
34 55
47 97
55 98
73 41
19 57
16 96
0 96
34 74
79 64
21 5
99 79
24 99
58 11
77 46
7 99
55 91
7 6
2 67
29 0
61 96
3 21
93 30
81 85
70 96
67 81
19 14
92 19
95 0
49 0
74 76
54 65
18 71
10 42
21 12
59 69
32 98
82 29
41 34
11 53
62 53
0 53
97 44
45 61
39 60
31 37
85 66
54 41
25 44
7 11
29 4
49 22
4 81
20 28
3 39
96 50
69 75
51 75
72 55
17 67
54 25
10 26
68 35
89 37
40 40
