# Penalty:  36136.77586565733
95
25 3
81 58
5 74
76 24
74 11
23 82
73 78
55 73
30 66
44 60
2 68
83 82
63 34
39 46
78 73
8 30
54 27
33 59
37 81
26 25
42 88
67 55
65 26
19 76
71 26
62 20
33 50
36 73
2 2
23 30
67 65
19 40
83 22
22 68
27 96
73 72
46 15
79 31
26 7
10 76
84 42
33 41
4 53
18 52
67 44
78 64
53 66
48 91
41 56
62 15
38 61
90 47
76 17
60 63
33 32
25 44
84 36
81 56
38 16
33 7
86 61
47 40
45 33
59 49
98 51
19 57
53 34
30 35
66 41
49 60
12 20
7 96
59 79
16 22
11 70
72 60
58 56
19 61
19 25
27 75
84 77
61 70
25 89
11 38
92 71
33 24
40 24
50 75
65 84
70 40
26 83
87 18
71 90
49 5
63 1
