# Penalty:  34636.627383861414
107
53 16
91 79
16 94
92 99
32 76
60 70
60 33
30 65
97 68
97 67
8 70
69 29
2 93
77 25
46 74
50 6
38 24
69 45
83 41
16 12
64 5
44 60
27 85
95 10
62 91
61 96
86 58
10 30
14 26
18 80
32 58
45 2
74 40
21 4
24 93
43 67
49 23
87 82
70 54
43 31
0 11
76 92
58 89
79 9
73 6
45 50
50 47
58 63
48 89
54 31
0 49
36 48
92 7
77 69
58 56
82 94
59 8
2 66
80 88
44 84
98 39
0 40
61 33
39 63
1 19
34 31
40 9
83 23
20 26
38 92
97 15
18 42
11 2
53 38
23 12
0 82
79 0
97 94
61 15
22 8
35 1
91 35
19 46
13 88
60 48
32 95
41 46
12 79
4 74
40 77
80 64
24 27
85 31
55 22
6 25
45 11
23 41
47 39
8 10
14 41
85 55
68 36
77 16
37 99
69 21
75 97
3 56
