# Penalty:  37160.345357151724
111
83 75
40 12
49 41
69 71
97 36
18 78
10 8
0 54
32 59
48 31
87 49
29 73
57 34
93 65
94 34
65 32
5 0
37 74
92 67
23 48
17 93
10 74
56 5
34 43
15 68
45 99
48 80
51 23
72 13
51 86
3 82
25 40
72 48
42 8
83 23
58 53
23 30
15 53
2 62
44 55
27 59
2 78
1 69
68 24
81 97
73 28
78 42
9 35
35 59
97 27
13 89
84 60
1 20
36 88
28 45
32 63
62 97
31 27
48 13
45 21
63 39
40 0
15 60
24 99
44 47
69 88
59 19
70 55
64 13
79 78
55 0
1 39
8 42
56 96
66 70
19 19
20 84
69 64
46 62
58 43
7 56
87 82
72 1
1 14
31 95
92 41
83 68
54 67
97 17
17 74
45 69
86 46
65 79
33 3
34 85
87 17
37 22
39 99
48 53
9 27
98 0
84 96
98 94
51 76
20 44
17 11
85 7
23 26
28 89
60 72
69 18
