# Penalty:  70083.31395986522
99
3 3
1 12
2 20
3 27
2 30
2 35
3 42
2 45
2 50
3 57
2 60
1 68
2 75
3 82
1 88
3 97
8 10
7 15
5 67
8 85
7 90
12 1
12 5
13 20
12 25
10 32
12 40
10 48
13 55
10 63
10 72
13 80
12 95
15 13
17 30
17 35
17 45
18 50
18 60
17 65
18 70
18 75
17 85
17 90
23 1
20 7
22 15
22 20
23 25
22 40
23 55
22 80
22 95
27 5
27 10
25 32
25 47
25 63
25 72
25 88
33 1
30 17
33 25
30 32
32 40
30 47
32 55
33 60
33 65
33 70
33 75
32 80
32 85
32 90
32 95
35 7
38 15
38 20
37 30
38 35
37 45
38 50
42 3
43 10
43 25
43 40
40 57
40 67
40 78
43 85
42 90
42 95
47 3
45 17
45 33
45 48
45 57
45 68
45 78
