# Penalty:  33669.23428197644
106
38 35
78 12
56 17
16 42
63 33
35 71
33 85
34 29
51 44
44 71
28 69
68 81
10 20
32 93
10 78
70 14
53 84
20 9
79 78
75 35
86 54
72 37
36 99
75 97
51 52
79 59
31 55
72 52
75 7
9 93
30 7
86 15
39 53
55 15
2 85
17 86
71 21
72 73
50 76
85 1
34 13
59 92
48 30
67 95
13 10
90 69
15 34
89 32
19 76
40 90
12 56
92 46
31 48
1 31
98 97
17 0
25 89
82 26
2 12
45 66
46 46
43 25
99 2
5 51
3 6
71 47
54 58
78 50
45 4
52 0
67 87
7 66
36 50
85 46
59 64
97 31
1 99
32 34
16 0
92 6
58 54
57 31
52 38
11 99
74 82
89 96
21 68
96 82
55 99
1 1
93 91
98 20
60 12
69 35
33 77
33 15
17 94
62 19
68 0
65 67
53 99
83 93
75 64
47 80
27 55
34 55
