# Penalty:  37691.474867039724
113
29 3
51 61
98 40
66 47
0 71
23 10
10 58
90 78
6 92
97 47
60 41
39 42
46 21
39 96
17 23
13 18
32 79
81 52
38 52
93 94
2 41
75 97
61 62
43 0
84 94
54 83
32 91
12 87
46 29
55 9
61 33
17 63
69 4
88 30
91 56
25 46
47 82
19 2
26 78
52 26
74 6
69 90
47 35
84 82
68 32
82 36
7 65
41 14
70 10
54 75
7 24
3 86
27 17
94 72
66 99
59 47
80 66
41 67
74 39
88 64
64 9
73 53
5 12
23 64
96 62
2 56
28 42
37 58
47 73
49 97
6 35
79 15
98 96
67 76
14 37
2 97
75 58
32 25
85 28
76 89
53 89
99 24
66 24
20 99
10 81
59 19
43 37
15 32
33 74
41 22
32 49
14 9
17 51
73 71
87 50
87 80
20 16
78 1
87 75
86 14
29 31
1 27
29 2
94 80
52 55
58 63
62 90
25 94
13 0
16 45
30 57
7 44
92 3
