# Penalty:  31066.05796252661
101
52 87
73 26
57 61
4 0
68 71
28 11
42 10
77 68
99 35
19 14
44 96
36 50
8 79
12 76
6 99
0 78
74 16
17 90
94 44
72 21
35 97
73 54
96 76
21 56
25 94
93 55
24 71
81 79
44 6
13 49
80 49
51 68
76 40
22 36
58 97
59 55
94 3
62 89
82 20
36 71
87 27
54 25
62 44
2 15
4 30
42 57
63 3
27 78
43 24
50 52
5 6
67 19
93 8
10 65
63 65
30 99
29 25
2 58
3 94
52 21
97 17
77 76
87 96
79 60
40 20
18 90
55 37
38 79
98 56
87 47
40 96
47 7
38 27
65 56
10 45
88 81
95 26
33 65
17 20
11 13
41 34
19 45
56 52
27 57
56 31
67 40
61 5
80 34
6 33
47 82
71 1
13 62
34 44
63 77
7 62
25 18
57 21
62 38
46 1
81 94
47 38
