# Penalty:  34278.7543091423
107
32 90
99 25
54 73
22 39
47 94
38 67
15 43
55 60
19 10
80 18
65 38
44 50
78 44
2 15
8 93
20 25
5 0
80 83
6 44
92 51
35 26
37 53
28 22
51 35
17 96
60 31
26 54
88 16
21 75
62 46
28 13
9 39
97 30
88 34
42 17
0 31
69 42
52 95
3 97
86 1
13 78
17 84
96 21
27 81
55 23
14 68
68 7
81 97
99 16
60 37
36 37
50 11
68 72
86 58
30 52
0 72
61 55
85 76
52 88
97 49
60 60
37 42
59 0
96 2
62 80
74 97
74 67
0 81
89 6
61 10
48 78
70 81
94 43
29 40
7 18
77 72
74 23
44 6
39 75
32 98
19 29
80 90
84 57
30 69
84 39
44 40
49 71
99 7
69 22
33 19
57 52
97 91
80 39
83 34
11 58
98 58
6 22
38 3
45 54
99 44
89 72
10 61
46 36
62 98
22 91
75 9
94 76
