# Penalty:  37718.25682279417
111
52 0
77 52
75 27
55 49
98 95
45 46
84 93
77 4
60 54
80 22
16 53
31 6
71 78
5 48
90 58
55 85
24 6
44 76
33 80
62 11
20 15
52 26
2 15
88 9
37 51
22 66
6 69
47 68
36 91
24 93
23 80
25 36
65 26
64 37
10 34
40 8
0 99
49 52
67 62
34 10
16 1
39 62
6 64
24 30
39 95
79 36
10 87
30 99
88 85
44 25
99 74
1 7
76 80
41 37
70 23
0 21
73 94
36 22
14 27
1 84
39 77
22 59
54 35
57 31
53 81
90 63
38 43
23 41
69 40
30 27
63 99
99 47
83 54
35 33
49 98
91 78
78 47
46 21
57 68
76 38
67 68
68 3
87 99
88 47
16 18
48 62
23 73
48 42
84 99
74 66
18 80
58 13
31 48
1 1
64 54
81 63
95 1
26 22
59 82
48 7
6 29
61 48
62 83
21 55
12 82
72 98
17 59
95 38
3 64
15 6
64 18
