# Penalty:  37193.752027061055
112
17 16
64 52
24 88
47 96
12 48
36 77
54 5
31 18
37 25
37 62
6 6
68 35
71 9
84 61
87 17
84 70
14 12
37 99
15 66
65 92
84 31
98 29
97 80
29 40
49 33
47 42
65 44
0 56
64 99
13 25
10 18
60 84
75 42
49 7
28 56
70 69
77 75
50 11
24 80
83 8
99 12
79 90
63 30
19 74
41 48
74 97
93 48
51 85
54 56
3 70
35 71
45 75
97 54
78 16
11 33
39 94
8 81
89 94
22 43
79 46
42 85
29 49
29 64
32 28
69 0
35 8
35 34
6 39
78 60
1 78
28 26
47 51
32 81
69 78
43 65
5 46
80 56
50 71
12 59
38 79
63 71
17 85
79 38
6 96
57 86
67 49
11 3
96 95
16 34
20 95
51 19
18 66
80 22
88 3
49 70
94 7
1 94
69 27
25 97
35 13
1 25
5 98
94 26
91 98
50 47
0 19
92 76
26 50
14 39
99 61
0 84
55 28
