# Penalty:  32303.078820571798
103
44 27
64 86
90 2
69 23
66 1
38 68
45 3
33 84
41 50
98 5
6 3
35 28
77 35
32 99
68 72
33 64
44 60
66 9
70 49
90 27
84 56
26 16
6 87
45 54
78 50
95 57
8 81
52 4
43 74
80 14
64 31
37 20
43 35
57 90
49 29
83 28
58 67
63 77
74 67
49 78
1 6
52 21
4 55
43 85
80 62
34 82
11 96
89 41
65 95
98 91
66 35
1 26
66 25
98 20
55 51
15 28
79 82
45 93
61 59
58 34
80 70
73 91
17 14
92 88
31 6
31 38
91 42
60 2
53 99
20 91
70 3
36 14
25 38
75 85
65 63
99 82
74 31
18 60
86 75
51 40
4 62
93 77
46 9
18 55
2 78
88 61
64 53
4 95
30 24
57 81
13 22
10 42
30 1
84 13
6 46
15 7
48 46
88 32
37 98
63 49
15 71
22 74
53 15
