# Penalty:  32369.292262825023
104
3 25
53 31
83 91
12 44
4 15
8 72
0 36
39 2
40 46
76 92
78 0
51 20
38 60
16 25
34 67
94 76
69 90
35 94
63 74
96 27
59 8
22 77
28 33
20 9
24 63
10 6
97 8
62 54
2 86
45 15
55 19
32 53
2 66
26 95
39 36
59 94
48 65
98 57
52 11
97 99
6 58
74 15
5 3
17 68
56 25
18 48
78 76
76 39
99 42
97 37
40 69
28 77
77 62
51 45
7 36
41 22
85 41
29 90
83 48
44 7
48 73
53 91
37 16
83 94
66 60
27 16
56 61
14 34
44 98
62 32
16 98
26 26
12 96
68 97
67 9
88 24
83 3
70 76
71 46
18 18
74 83
94 28
37 77
56 77
1 73
58 5
63 46
10 50
26 68
85 50
44 93
36 36
37 50
1 99
69 39
52 55
26 47
98 62
97 90
27 11
74 31
89 14
0 52
55 41
