# Penalty:  40527.38089473918
112
4 67
27 78
41 34
67 72
81 88
98 79
72 77
66 87
20 39
80 68
52 57
52 35
46 99
30 85
31 24
60 73
24 4
8 27
0 4
77 82
5 87
19 5
11 63
8 53
24 56
46 48
47 28
28 73
82 28
14 55
29 99
56 2
80 39
14 14
70 36
40 65
35 14
8 5
49 21
54 90
77 72
82 80
34 21
71 60
52 74
50 82
94 94
86 3
33 7
22 97
51 84
11 19
5 32
28 92
59 93
73 44
19 80
48 6
86 56
97 86
36 99
34 40
55 43
39 44
57 59
21 86
40 85
94 36
86 95
60 19
79 24
91 78
68 95
46 78
39 8
77 29
60 50
76 9
25 40
4 26
90 51
61 36
47 62
27 26
39 50
36 80
22 48
78 59
72 99
56 8
94 17
7 13
5 76
19 62
54 99
63 26
7 72
15 0
97 42
22 31
35 66
25 64
62 4
87 42
88 81
5 58
22 72
37 48
33 58
85 65
48 39
70 91
