# Penalty:  33821.42486930925
104
26 85
37 74
96 39
66 49
70 26
72 11
22 68
78 48
23 75
52 80
78 38
41 66
63 95
22 48
25 31
79 91
47 94
12 52
96 19
26 12
7 37
30 99
82 14
8 64
96 83
57 61
61 35
70 33
57 6
14 4
64 39
79 79
62 45
93 59
32 50
3 69
20 26
53 27
49 0
9 6
22 16
86 8
30 4
51 71
97 32
26 6
95 50
98 64
66 73
10 20
37 68
54 33
90 30
44 27
44 60
48 89
8 47
48 41
29 29
43 87
86 36
15 41
30 55
1 43
51 47
37 21
54 75
87 91
15 97
91 12
9 83
87 62
41 3
90 1
41 90
62 87
65 92
76 20
73 66
16 35
41 13
39 52
55 17
88 53
87 96
59 53
76 41
17 86
1 22
73 0
82 42
32 14
73 70
80 23
67 8
72 99
97 5
21 41
31 79
40 38
51 25
0 2
15 61
10 69
