# Penalty:  34114.49593248945
108
30 54
38 34
97 43
1 3
15 17
29 14
60 85
53 40
10 3
40 89
57 61
82 61
81 14
27 50
62 70
24 0
86 47
62 7
72 30
50 48
27 25
42 51
58 43
15 77
98 5
53 66
92 38
49 23
47 8
68 1
73 55
31 86
42 20
21 8
6 88
3 33
12 12
97 58
60 14
29 80
32 16
15 96
5 74
77 6
57 21
21 68
40 11
76 76
83 50
85 23
43 77
65 96
73 97
46 34
76 83
30 61
60 79
31 40
10 82
95 23
35 75
5 42
98 73
78 90
60 22
53 88
64 56
69 53
98 96
92 88
26 86
5 96
56 71
64 97
51 80
72 38
79 20
9 60
63 27
13 56
77 35
55 11
81 97
6 51
84 70
9 20
38 2
44 55
30 99
82 6
23 35
0 64
19 45
27 69
92 82
88 56
45 53
7 11
46 84
24 4
0 92
19 70
78 83
68 60
92 29
82 0
3 56
1 39
