# Penalty:  37362.329956498266
111
37 12
57 20
52 77
96 90
77 48
20 47
7 23
33 78
43 53
66 66
31 87
32 55
12 23
63 1
69 48
72 23
41 6
91 1
47 1
8 1
28 61
98 28
94 99
60 91
69 88
36 73
21 93
97 14
28 48
63 38
46 84
72 6
66 24
89 13
76 20
63 81
53 3
17 84
85 85
40 36
99 53
97 76
14 60
6 97
39 99
19 27
60 28
84 70
34 13
40 17
76 93
81 1
9 15
3 83
53 43
86 47
52 67
34 41
68 97
19 61
8 52
96 34
78 10
98 66
16 46
27 4
32 18
71 39
44 94
89 63
81 75
54 0
81 56
15 9
34 51
87 30
4 76
82 94
38 22
98 83
1 52
60 99
80 65
94 48
46 69
90 54
50 18
67 9
85 37
18 65
29 75
22 33
78 34
7 38
54 98
42 44
18 13
80 29
72 78
0 6
77 86
91 85
72 62
1 20
95 69
93 23
1 45
54 15
61 66
62 52
48 49
