# Penalty:  38517.79806919496
114
76 16
15 8
27 81
61 50
85 38
33 14
8 8
80 80
19 95
73 16
42 88
2 52
48 93
40 95
73 72
37 47
74 41
27 33
87 18
5 73
71 47
59 28
43 34
4 5
3 30
38 50
34 42
24 62
77 34
9 66
48 28
51 85
82 87
43 70
96 89
57 99
35 28
60 36
34 76
20 81
48 17
21 48
76 66
2 44
87 86
11 81
98 68
33 91
81 99
42 64
15 73
11 38
87 70
69 89
51 44
48 88
99 49
4 57
66 53
54 4
74 31
16 45
46 56
3 38
75 2
33 22
61 0
88 11
26 97
39 9
97 75
4 52
53 69
67 95
53 37
49 83
86 56
25 28
86 78
86 0
52 51
80 7
17 40
59 73
38 0
16 23
25 10
80 52
20 77
40 14
98 97
0 90
37 0
36 57
88 95
56 14
47 12
86 49
94 54
66 87
14 0
58 64
34 85
73 66
23 2
50 51
3 95
2 81
73 98
61 5
10 95
21 14
92 40
97 24
