# Penalty:  33622.086726698195
106
0 34
3 52
0 58
0 85
4 43
2 0
7 38
6 56
5 80
6 11
4 18
10 27
10 85
5 99
12 4
14 66
16 63
14 96
14 61
18 20
17 27
17 35
17 51
20 6
21 87
20 97
23 14
25 52
24 59
26 73
28 82
29 59
30 2
33 18
33 33
34 23
34 96
34 4
34 44
34 52
33 37
39 14
42 66
41 75
44 28
47 36
46 12
50 46
49 52
45 61
50 89
49 14
54 96
53 43
52 55
55 72
55 29
58 75
60 43
61 31
59 57
59 92
60 4
61 67
60 0
61 14
61 86
67 61
70 28
72 99
70 2
72 12
70 44
72 86
74 61
73 50
74 7
76 26
72 76
75 44
75 84
78 30
82 86
80 92
81 11
83 71
83 22
82 61
85 47
87 14
87 54
90 0
87 92
89 32
90 40
90 49
87 75
89 5
90 22
96 62
95 70
97 85
96 93
96 9
99 22
99 66
