# Penalty:  49195.96537173901
136
0 3
12 1
17 0
32 2
37 0
53 0
58 0
68 0
78 1
92 0
97 1
0 9
8 7
17 9
31 7
39 7
48 11
59 7
68 11
82 8
92 7
97 7
0 19
9 21
18 17
29 17
38 21
51 19
58 21
73 19
81 18
91 21
98 17
1 27
10 29
24 23
28 31
40 26
48 31
60 27
69 28
78 27
92 30
99 32
0 39
11 37
18 41
30 36
38 41
52 37
59 41
68 41
80 41
90 36
98 37
0 47
12 48
21 47
28 51
42 47
52 47
58 51
72 47
80 46
91 51
99 52
1 61
11 58
18 61
32 57
38 61
48 61
62 57
71 58
78 60
88 59
97 61
0 68
8 68
22 67
28 71
38 71
50 66
58 67
73 69
81 69
92 67
98 69
2 77
12 77
17 79
32 77
40 77
51 77
59 81
70 82
78 77
92 78
98 80
0 92
8 91
19 90
29 87
42 91
49 91
58 90
72 87
78 88
90 92
97 90
2 97
8 99
20 99
28 97
43 99
47 99
62 97
69 99
82 98
89 99
99 97
2 54
21 31
15 84
36 45
33 91
45 33
46 75
56 85
66 14
63 72
72 14
76 55
84 84
97 16
95 46
