# Penalty:  33099.66147376668
105
46 55
42 60
33 86
81 22
28 2
43 28
1 80
20 73
20 66
21 56
23 22
58 95
22 42
50 72
57 40
59 86
81 61
54 68
74 19
64 79
8 46
82 42
65 38
99 43
99 59
28 59
87 4
36 36
73 10
30 43
19 93
37 19
29 29
80 96
18 35
83 30
16 21
91 81
46 46
98 26
95 98
16 80
91 94
59 63
22 8
61 32
96 48
45 32
62 80
4 61
67 51
14 43
0 33
26 35
65 65
70 1
81 91
65 89
29 8
7 2
28 88
78 5
71 2
73 90
0 40
80 77
22 49
81 53
45 19
60 72
49 53
6 70
86 52
43 79
36 4
41 99
2 16
52 45
95 74
57 10
37 44
97 5
40 96
85 36
6 55
96 95
16 51
51 32
9 17
92 12
35 58
66 43
63 57
27 80
71 42
34 72
95 67
59 15
99 81
2 54
76 98
43 13
3 31
65 23
37 66
