# Penalty:  32522.874454220993
104
17 81
37 7
41 16
67 51
52 70
8 51
84 85
57 84
31 22
39 95
11 86
98 82
29 80
85 22
39 48
11 20
93 44
59 33
32 6
12 81
47 29
89 71
76 21
87 36
6 77
18 7
73 3
65 36
19 33
51 39
93 97
90 81
36 36
68 46
98 67
99 23
25 75
46 99
61 98
71 79
16 55
83 18
67 77
24 98
42 50
73 13
32 61
63 3
82 1
47 4
10 31
78 92
81 52
79 35
92 89
99 8
62 77
25 90
2 97
67 21
56 54
84 32
38 54
24 37
2 71
32 40
4 11
98 45
48 76
70 93
72 67
33 76
54 45
2 34
24 47
85 60
30 50
17 63
68 62
9 1
49 43
54 60
99 92
70 65
45 57
25 23
96 24
2 43
60 22
48 18
82 49
3 4
85 75
10 59
39 76
64 29
26 19
12 16
26 65
40 30
77 35
63 93
3 57
32 94
