# Penalty:  34410.57796472869
108
71 0
96 0
89 2
29 2
36 4
56 7
84 8
26 5
62 6
14 9
79 12
56 14
41 10
65 13
98 14
14 13
80 18
71 18
30 20
45 17
28 19
16 19
51 24
90 24
41 25
75 26
3 25
31 24
60 29
92 27
18 30
51 30
43 33
76 35
29 35
62 33
12 37
48 38
80 40
2 39
26 39
71 41
94 41
8 42
17 45
55 44
0 46
22 48
86 46
36 50
98 46
90 45
14 51
65 50
51 52
72 51
30 51
70 51
86 54
44 56
17 57
51 59
99 60
9 61
36 62
57 62
85 59
30 63
82 61
67 65
43 64
74 68
14 68
96 70
28 70
59 71
0 66
89 74
75 74
18 74
45 75
52 76
98 76
66 80
40 79
3 80
32 81
58 82
84 83
18 84
68 83
63 86
7 84
28 87
43 90
99 90
4 88
23 92
49 92
72 93
84 94
92 95
41 96
63 98
17 98
0 99
70 99
77 99
