# Penalty:  39228.3287962506
117
97 23
47 21
79 95
98 87
65 97
61 24
58 64
23 45
61 83
35 65
76 93
40 11
31 81
25 20
75 63
2 54
34 48
39 42
5 7
73 49
8 71
3 38
1 7
51 28
61 13
37 56
83 75
95 60
35 8
9 40
75 35
52 11
9 62
92 8
68 2
64 35
55 97
89 38
15 91
61 73
98 39
7 54
69 0
46 83
92 63
42 28
15 0
97 32
2 84
10 12
88 16
44 69
74 7
72 42
69 49
98 37
84 92
17 99
36 30
98 68
33 99
54 0
24 15
18 74
62 98
15 17
84 2
26 60
32 86
0 29
4 29
64 17
5 90
22 2
37 47
70 21
47 77
0 99
16 76
80 97
2 69
41 92
30 71
43 22
78 21
30 1
50 40
54 60
60 61
33 33
74 15
99 78
9 85
57 83
6 48
89 56
88 78
25 37
25 87
17 35
1 23
67 31
74 58
46 63
96 69
89 31
61 31
34 15
85 24
98 6
87 48
26 96
48 97
87 9
78 43
85 81
15 27
