# Penalty:  40091.480109946984
107
17 70
97 86
12 85
92 22
14 6
49 77
95 7
68 67
59 2
78 25
94 53
90 82
53 93
83 11
85 59
0 1
91 73
84 51
20 78
67 16
99 60
92 44
54 87
23 14
57 37
84 28
83 73
71 72
86 35
78 6
79 65
95 1
68 89
69 58
72 52
1 16
94 30
35 42
0 17
57 71
14 22
36 2
22 28
30 28
58 57
58 94
70 81
89 55
73 42
17 14
64 76
11 0
86 66
54 78
9 15
47 60
91 12
63 30
84 80
85 2
10 57
7 71
97 77
53 9
61 88
57 48
83 89
91 35
92 28
70 77
61 62
70 21
54 23
54 43
0 9
15 28
56 31
15 63
64 7
62 22
88 98
22 0
25 42
29 0
8 29
24 63
68 47
37 28
22 23
84 20
75 92
23 9
19 56
73 99
65 96
98 15
49 16
7 1
23 85
82 42
0 30
37 8
10 78
36 22
81 95
39 46
27 71
