# Penalty:  31973.80983581352
103
84 92
30 46
62 22
70 17
73 26
58 20
28 89
22 38
11 47
27 98
40 41
4 98
83 78
74 44
72 12
96 14
17 79
64 99
25 67
16 51
87 27
37 51
23 18
75 35
56 65
94 90
34 8
4 8
78 94
11 65
41 1
10 95
80 16
89 61
27 11
12 6
94 0
34 69
50 93
63 13
48 98
61 51
52 49
42 9
63 69
5 79
3 73
22 51
64 0
46 49
26 28
89 85
48 10
77 75
38 20
71 70
70 56
98 29
80 67
46 28
8 23
56 93
19 23
53 23
56 3
32 84
19 32
59 79
90 21
18 57
53 79
26 8
61 36
91 76
11 9
94 44
46 32
9 74
25 19
2 59
5 51
32 53
60 40
99 93
61 60
15 89
36 87
33 98
96 61
18 99
87 50
25 74
78 2
41 66
42 70
20 73
92 7
66 85
0 36
56 74
55 96
89 36
75 59
