# Penalty:  36122.25648989883
111
9 73
45 54
36 27
95 49
94 30
74 17
25 29
86 18
12 39
66 12
44 45
91 93
17 94
46 97
77 91
27 83
52 75
20 86
84 44
98 5
51 69
49 1
48 83
50 50
21 68
74 0
83 39
65 26
43 69
84 54
36 86
52 44
65 16
8 43
10 65
79 59
64 63
19 30
15 14
64 97
84 28
96 89
46 9
11 82
83 3
8 0
83 93
50 92
87 78
49 35
43 33
22 45
81 73
60 15
58 0
77 35
66 71
26 37
65 56
71 76
50 16
68 48
41 18
97 64
27 51
0 31
97 0
61 10
18 53
78 45
0 55
77 3
50 26
98 14
35 0
57 29
79 19
21 27
80 13
11 33
33 16
60 26
28 65
22 6
16 0
69 91
25 59
10 96
82 99
0 14
79 63
4 87
97 45
60 54
61 91
37 98
63 34
56 97
63 77
4 52
97 35
4 36
11 15
21 79
45 75
97 60
12 23
2 22
99 91
97 75
74 27
