# Penalty:  36559.54362917094
110
45 51
1 46
25 16
33 38
59 63
12 23
97 13
95 99
50 61
91 51
21 80
62 10
51 64
76 34
37 33
74 54
45 88
7 27
82 25
39 21
6 69
8 45
40 85
46 2
17 58
18 29
21 57
75 69
98 49
30 46
22 33
91 36
31 55
38 71
1 3
3 77
41 47
65 96
49 33
33 13
65 24
55 85
51 29
45 28
9 0
75 59
47 14
82 52
66 14
70 61
89 66
47 44
72 89
11 13
47 19
22 4
96 6
24 0
88 45
92 62
27 91
20 19
60 50
21 78
19 94
82 3
2 31
88 2
29 76
90 84
69 9
67 0
8 3
20 64
73 99
4 93
27 23
2 61
51 8
99 80
60 27
33 65
32 4
89 28
6 79
80 40
51 0
82 15
45 59
22 48
97 90
97 20
2 13
70 29
19 10
55 78
35 27
67 47
61 18
0 17
39 0
14 34
9 41
92 14
69 75
5 99
58 44
37 7
84 81
60 71
