# Penalty:  33257.60830861675
106
80 40
79 12
4 95
37 30
30 21
94 12
19 85
32 50
87 92
69 14
33 26
77 54
66 43
6 3
73 74
10 26
29 67
52 83
78 3
30 72
13 70
73 26
89 82
8 84
8 76
5 63
68 22
59 66
39 9
94 72
88 68
52 27
56 74
34 1
27 24
99 20
93 64
69 82
86 54
38 53
32 58
2 48
46 35
19 27
98 41
12 10
46 14
18 48
46 42
78 35
53 6
36 82
60 29
50 61
67 0
7 54
21 37
81 45
92 6
26 98
18 56
30 10
55 81
49 20
50 45
27 86
70 57
35 87
15 33
82 21
68 96
61 48
84 85
44 98
47 56
98 6
29 2
34 5
92 41
84 59
68 30
70 60
65 62
5 30
9 98
1 10
4 13
16 80
0 77
8 46
50 77
0 89
55 13
90 26
93 34
96 96
36 67
16 13
67 97
98 82
42 61
96 67
20 66
49 97
26 17
66 79
