# Penalty:  39007.698660843795
116
80 55
91 60
13 25
0 70
12 39
25 5
65 79
26 27
2 86
62 69
89 79
21 11
24 59
38 19
36 2
35 91
69 25
5 12
26 92
86 51
30 22
18 95
18 92
67 5
86 11
68 41
2 80
83 72
60 25
17 25
64 55
49 16
52 94
47 99
11 29
41 0
98 2
97 66
98 35
35 69
73 99
52 97
74 42
69 94
47 55
9 43
59 9
89 95
23 21
13 45
81 95
12 78
10 9
39 85
11 93
40 40
36 27
37 69
83 3
52 22
40 52
32 85
74 19
62 47
14 14
15 71
53 68
56 32
7 49
51 74
30 55
44 26
0 31
3 56
78 16
86 93
16 64
93 37
19 6
77 70
97 73
53 8
29 45
3 2
2 96
16 85
48 60
31 84
96 40
46 81
26 37
9 72
63 32
31 39
81 79
0 19
50 8
6 0
21 57
49 36
48 0
65 87
54 82
96 51
69 19
53 60
2 26
82 65
22 51
35 13
71 35
98 26
98 80
82 46
91 22
67 71
