# Penalty: 36810.76224795266
# Penalty:  36810.76224795266
110
38 23
97 57
0 49
32 62
60 84
68 84
99 72
36 55
76 32
69 41
64 63
85 29
2 57
48 64
59 37
3 12
25 67
16 59
22 73
49 35
70 2
34 84
81 13
69 16
26 93
62 27
48 93
33 98
81 95
3 42
54 43
43 22
51 57
14 74
99 27
63 2
39 68
93 14
45 82
24 34
51 49
18 45
98 42
79 60
69 70
45 72
11 12
8 80
10 26
83 75
24 18
17 39
11 40
13 8
19 9
41 98
84 46
86 97
34 5
76 24
16 23
87 40
36 76
19 83
25 96
31 38
7 86
45 15
40 90
40 38
97 86
51 76
97 12
0 0
31 12
28 48
68 30
87 73
76 50
67 78
86 21
91 87
51 16
78 67
5 94
39 39
60 5
47 41
69 11
65 99
10 60
63 57
45 55
90 59
46 21
4 31
83 43
86 66
30 55
3 79
45 7
85 2
78 0
84 80
94 66
9 66
91 29
81 57
66 85
67 49
