# Penalty: 31186.580654270823
# Penalty:  31186.580654270823
99
0 3
4 4
15 29
17 23
52 61
76 74
96 31
49 86
47 47
33 21
18 15
71 41
29 35
74 90
23 33
40 86
33 51
77 60
62 34
80 52
76 68
98 99
22 76
39 17
33 42
87 18
19 48
5 50
31 7
34 99
14 35
99 52
32 27
70 33
31 82
50 20
62 66
19 95
62 99
55 99
91 64
49 92
40 50
9 58
82 13
38 58
12 90
73 17
99 26
90 75
89 12
94 46
74 82
94 94
97 67
87 50
58 14
19 55
62 71
26 96
42 8
45 34
65 52
95 84
34 13
83 61
84 47
63 81
75 98
89 99
16 62
81 31
35 67
41 72
78 45
60 10
5 72
79 88
48 28
97 60
65 85
45 86
42 92
45 40
47 56
68 11
17 85
59 24
26 49
9 43
86 32
66 48
61 44
73 25
62 29
60 83
79 72
7 86
55 68
