# Penalty: 36907.50763145845
# Penalty:  36907.50763145845
112
80 82
50 76
73 75
7 80
8 11
24 24
34 49
12 25
17 47
22 7
17 14
96 64
99 50
19 39
15 11
47 11
0 5
33 13
81 96
38 35
39 54
98 37
34 23
54 47
31 4
57 47
87 42
77 59
61 86
81 63
41 89
5 96
62 11
50 85
56 24
72 84
58 81
73 37
21 82
63 47
1 82
91 63
45 39
82 86
33 67
69 55
64 66
72 31
89 50
85 4
2 2
45 33
74 98
74 92
95 92
82 37
63 17
15 97
27 75
82 79
97 78
54 95
69 17
36 81
33 41
46 57
17 9
30 53
79 7
99 1
83 14
17 67
2 51
56 30
86 28
4 26
88 94
99 18
33 86
40 43
3 43
30 20
55 10
66 0
5 1
86 57
48 71
54 65
72 52
99 7
59 38
12 32
52 1
60 96
4 85
49 25
13 69
27 26
21 97
90 19
56 67
25 55
4 20
68 38
99 22
60 61
19 29
5 57
40 64
66 79
24 33
93 36
