# Penalty: 32093.638838069302
# Penalty:  32093.638838069302
102
36 89
62 98
13 36
42 56
67 84
93 36
73 88
23 37
58 52
52 39
3 9
8 38
16 80
72 98
54 47
23 65
0 28
0 64
57 25
52 9
58 14
88 86
96 93
27 31
85 68
75 70
97 45
45 46
10 52
42 24
7 92
67 13
72 23
25 98
53 33
57 91
45 66
20 33
35 12
20 51
33 84
52 66
9 42
81 83
46 52
34 32
8 76
27 71
82 12
95 85
29 92
93 25
52 97
72 16
42 72
1 97
67 79
90 18
92 11
84 5
56 96
90 75
45 1
14 25
76 49
53 87
98 31
81 64
42 78
60 61
27 13
79 30
2 52
13 10
33 58
38 4
41 10
7 23
18 9
19 55
64 51
81 87
43 38
60 66
69 2
87 97
88 45
19 72
15 99
9 67
75 39
78 55
28 17
59 81
76 17
60 33
4 70
99 51
95 75
28 51
1 19
74 64
