# Penalty: 33029.60663081384
# Penalty:  33029.60663081384
106
54 94
13 85
63 96
34 11
1 58
21 23
49 76
47 72
91 81
20 15
40 65
87 67
72 28
61 38
50 5
79 67
62 17
66 13
25 69
96 14
55 57
24 31
3 97
11 2
95 65
68 88
8 30
8 76
78 23
34 51
1 21
68 43
71 69
20 5
30 5
61 84
35 98
29 46
39 58
95 31
36 60
89 48
16 57
75 79
70 83
32 35
35 74
35 85
33 65
0 37
79 34
41 79
9 37
17 65
83 2
44 8
20 99
40 99
83 91
54 85
97 37
6 97
27 86
64 7
38 90
59 3
13 0
94 21
79 55
80 96
46 31
24 62
54 46
57 32
88 34
21 86
14 43
92 7
45 16
44 25
98 51
53 16
6 16
58 22
1 51
35 44
92 0
15 49
47 45
97 84
73 29
19 71
72 58
7 83
49 54
80 16
26 39
64 70
76 2
58 61
39 30
36 21
52 39
44 1
66 1
58 99
