# Penalty: 34077.01270352884
# Penalty:  34077.01270352884
105
68 63
99 17
46 58
67 32
68 54
95 44
50 22
5 99
52 11
32 65
98 27
31 80
10 51
88 57
30 88
17 69
29 43
83 25
1 78
64 0
51 87
20 33
86 30
48 29
66 22
32 74
77 58
58 54
44 44
94 22
78 4
59 25
76 9
75 91
34 52
52 72
0 61
5 16
84 88
25 74
28 2
11 95
54 2
44 87
90 39
38 61
72 99
78 47
71 17
62 6
32 95
13 29
13 87
52 26
55 40
17 48
23 82
4 88
97 3
9 81
94 13
60 90
73 84
69 35
38 93
66 77
38 41
95 99
85 21
22 28
97 41
81 80
86 96
3 47
40 34
2 39
45 26
33 16
17 94
20 55
85 11
6 10
10 66
13 1
64 60
24 88
60 75
4 61
25 49
46 94
96 73
67 68
99 66
47 8
58 83
63 99
55 78
62 40
32 7
47 64
53 6
8 24
19 14
82 65
81 51
