# Penalty: 34736.465983168295
# Penalty:  34736.465983168295
109
87 24
32 84
25 4
90 7
67 47
83 81
74 94
93 74
19 58
1 49
12 50
67 73
0 67
99 88
22 29
14 15
43 20
54 10
11 82
50 1
82 2
56 13
91 57
93 15
27 96
73 34
73 80
21 29
0 84
5 53
9 45
97 95
19 77
82 53
10 78
70 14
75 29
58 60
4 62
23 62
44 76
12 98
9 10
36 7
80 67
4 15
23 53
24 46
59 52
79 37
39 68
52 74
14 42
9 64
40 90
96 20
15 86
75 0
93 38
66 28
35 99
31 8
49 15
8 24
51 38
38 45
44 58
24 88
31 69
46 90
0 58
89 33
38 36
45 66
53 46
24 39
87 60
97 70
65 82
76 8
96 49
53 44
43 0
96 24
18 63
96 0
51 99
7 30
35 14
91 66
41 28
10 4
64 20
41 85
66 99
75 75
0 77
19 0
60 86
22 20
36 22
68 5
81 96
19 94
66 93
3 30
32 40
23 72
36 54
