# Penalty: 34567.54772124525
# Penalty:  34567.54772124525
111
62 51
35 42
44 47
73 48
12 38
62 30
18 38
59 12
77 55
31 99
31 83
80 72
45 76
8 68
84 5
71 73
76 33
47 94
30 23
90 24
47 72
50 41
98 59
39 7
7 7
46 80
25 85
3 68
64 6
6 47
69 1
90 32
17 92
33 68
40 72
67 81
87 81
97 11
37 61
85 68
9 16
45 58
71 67
52 16
17 62
22 77
63 26
40 0
96 77
63 85
89 10
95 26
84 61
59 52
98 60
42 86
22 23
17 85
61 78
61 96
97 53
35 36
82 54
67 65
6 76
54 96
26 37
66 23
2 53
88 84
89 47
70 39
75 97
55 38
22 3
53 34
3 33
0 24
47 20
24 99
38 96
84 98
34 1
80 21
69 98
75 41
48 52
35 9
47 25
31 61
56 92
17 31
7 24
93 86
99 95
20 52
2 75
15 1
10 54
89 40
15 46
99 21
23 18
73 18
17 8
45 66
78 94
32 39
25 52
1 39
7 99
