# Penalty: 35025.19048831089
# Penalty:  35025.19048831089
110
16 44
86 91
97 16
68 7
87 82
75 62
34 18
98 99
40 92
96 93
99 65
79 94
10 73
61 63
82 1
59 41
86 51
80 16
58 35
82 40
18 88
44 4
43 14
40 11
49 53
77 24
54 8
63 62
92 71
35 87
63 21
14 28
89 98
80 10
41 49
3 79
69 49
2 43
90 58
26 85
47 78
74 32
42 20
72 17
40 26
5 59
34 55
47 97
53 99
73 40
19 58
22 99
1 96
32 76
77 68
21 5
95 79
58 11
79 48
7 99
54 91
7 6
0 65
30 0
61 96
3 21
90 34
81 84
73 98
66 81
20 13
92 19
97 1
49 0
74 76
54 65
17 72
10 44
21 12
58 67
33 98
82 29
41 34
11 52
61 52
0 54
96 45
46 59
39 58
27 37
85 66
53 39
24 42
7 10
18 98
30 3
49 22
5 81
22 27
2 38
93 30
95 51
71 74
49 74
75 54
17 67
54 25
8 24
68 35
41 41
