# Penalty: 36436.95243117006
# Penalty:  36436.95243117006
107
59 15
54 8
94 71
34 64
19 53
50 79
71 39
19 28
91 40
48 56
8 97
69 35
75 78
86 45
39 92
69 20
98 8
98 62
38 76
58 46
40 65
77 34
70 71
34 82
20 83
30 96
95 34
68 3
83 91
69 85
26 68
86 23
81 20
93 80
45 25
0 55
47 95
63 38
27 40
12 43
56 83
99 17
75 21
45 49
44 7
73 56
78 97
72 49
84 14
84 65
83 99
40 28
53 37
49 87
60 89
12 63
11 8
27 77
17 67
45 73
15 48
25 97
59 75
5 21
37 37
86 30
4 87
83 59
46 1
85 77
31 74
31 19
54 69
96 55
48 71
50 31
99 70
15 2
67 75
79 60
75 87
3 64
64 67
61 22
31 91
97 94
36 36
41 43
66 43
29 1
45 92
30 54
65 52
26 49
99 38
26 15
92 90
62 70
17 12
23 91
84 6
98 84
14 33
13 26
54 91
12 69
6 78
