# Penalty: 71081.50090472674
# Penalty:  71081.50090472674
99
3 3
1 12
1 22
1 32
3 41
1 47
2 55
1 63
3 69
1 77
1 88
3 97
7 10
5 17
8 25
5 33
7 45
7 50
7 60
7 65
7 75
5 83
7 90
10 2
12 15
13 20
10 33
12 40
13 55
12 70
12 80
13 85
12 95
18 1
17 5
17 10
17 25
15 33
18 45
17 50
17 60
17 65
17 75
18 90
20 17
23 30
22 35
23 40
22 55
22 70
22 80
22 85
23 95
25 2
25 12
25 22
25 47
25 63
27 75
28 90
32 1
33 5
33 10
30 17
32 25
30 33
30 43
30 53
32 60
33 65
32 70
32 80
33 85
32 95
35 17
35 32
38 40
35 48
38 55
37 75
38 90
41 3
43 10
40 18
42 25
40 33
40 48
40 63
43 70
40 82
43 95
47 3
45 18
45 33
45 42
45 53
45 62
45 77
45 87
