# Penalty: 38111.15678791235
# Penalty:  38111.15678791235
110
0 21
0 79
1 42
1 73
2 59
4 35
4 40
7 60
8 56
9 8
9 82
13 34
13 95
15 75
16 4
16 20
16 23
17 41
17 96
18 69
19 47
19 92
21 62
22 17
22 48
23 83
24 6
24 43
25 0
26 67
27 33
28 87
29 10
29 74
30 19
30 60
31 36
31 48
33 17
33 44
33 68
34 6
35 90
36 14
36 77
37 23
40 63
40 72
41 9
43 28
43 93
44 56
44 77
46 80
49 34
49 97
50 53
51 8
51 73
51 81
54 41
58 50
59 25
59 87
60 19
60 61
61 21
62 17
62 64
63 0
64 54
65 69
65 79
66 3
66 32
70 96
71 33
72 47
73 67
73 85
74 49
74 91
75 99
76 22
78 1
78 16
78 79
79 85
80 93
82 30
82 36
84 59
86 45
87 68
87 85
88 14
88 51
89 31
90 24
90 76
92 6
93 20
94 92
94 99
95 68
97 28
98 11
98 53
98 62
99 38
