# Penalty: 33159.8632444911
# Penalty:  33159.8632444911
103
71 12
32 11
36 90
38 37
44 8
34 96
14 65
12 56
63 26
23 0
62 39
48 1
76 32
49 85
64 66
13 42
43 68
28 29
23 22
23 96
31 62
16 30
68 81
8 3
3 10
7 29
24 48
1 57
83 27
86 48
18 5
94 9
51 49
1 93
45 17
46 71
56 94
65 15
58 80
73 95
92 64
17 19
27 71
41 0
80 16
28 81
89 21
54 40
6 37
50 67
34 22
97 98
32 70
54 84
10 71
76 47
94 18
56 54
83 72
36 85
85 79
54 6
6 77
75 80
45 63
9 23
29 56
24 42
23 15
97 34
72 86
80 10
93 87
71 38
52 12
97 23
33 4
58 23
69 71
94 49
41 99
99 80
58 11
86 43
6 85
18 95
17 46
73 29
14 80
15 60
59 49
9 17
86 89
41 48
95 69
99 65
83 0
90 34
31 44
0 64
71 46
86 58
43 33
