# Penalty: 40793.0587491659
# Penalty:  40793.0587491659
112
1 6
1 22
1 44
2 26
4 89
5 47
6 61
8 9
8 70
10 84
12 79
14 34
15 11
15 48
16 97
20 48
20 55
21 62
22 27
22 76
23 70
25 8
25 44
26 0
26 80
27 25
29 8
31 16
33 24
33 96
35 57
35 65
36 10
36 43
37 87
38 71
38 99
39 17
39 51
40 79
41 0
42 63
43 7
43 26
43 37
47 13
47 41
48 1
48 20
49 34
50 77
51 88
51 97
52 61
54 49
54 71
56 7
56 52
57 75
59 3
59 32
60 27
60 66
61 9
61 42
61 49
64 71
64 81
65 91
67 20
67 80
68 22
68 65
68 70
70 48
70 56
73 0
73 33
74 56
74 79
75 30
75 48
75 93
76 9
77 52
77 96
79 38
79 67
80 74
80 95
81 21
81 57
82 72
85 68
86 39
86 87
89 18
90 7
90 46
91 55
91 88
92 27
94 48
94 70
95 56
96 41
96 62
96 77
97 0
98 25
99 11
99 74
