# Penalty: 34473.42221496572
# Penalty:  34473.42221496572
105
16 75
58 2
5 46
85 53
61 92
0 92
62 33
66 42
81 95
44 52
71 27
18 13
33 9
68 62
46 16
81 6
36 62
34 46
8 55
82 23
40 46
21 78
67 99
42 7
51 88
30 63
97 67
99 23
21 61
78 66
64 57
25 87
48 98
40 92
31 78
40 76
6 36
99 16
32 22
60 5
44 32
19 85
22 18
2 52
82 87
64 68
4 8
26 98
16 99
76 46
38 65
74 75
55 91
95 81
46 61
56 19
72 13
52 31
27 37
63 19
48 70
20 47
8 19
42 25
91 40
4 60
57 62
7 2
98 87
53 98
68 79
21 39
50 56
89 68
47 46
62 48
69 54
18 54
72 69
48 78
44 0
80 39
1 22
35 77
2 78
39 83
85 20
54 83
87 93
99 52
61 42
94 73
64 78
89 63
97 38
96 37
2 37
78 61
63 26
37 32
28 2
0 74
81 80
57 12
25 22
