# Penalty: 37616.691851860895
# Penalty:  37616.691851860895
114
56 6
87 57
60 26
97 38
19 61
42 96
50 50
31 53
97 13
30 13
64 30
65 47
81 18
64 54
58 2
73 93
40 19
91 29
28 95
38 81
34 60
61 40
55 97
34 95
12 19
97 67
75 75
54 20
58 34
73 2
99 24
23 32
18 97
37 44
93 29
22 14
94 61
26 88
25 53
45 26
86 49
44 40
25 74
28 64
3 65
72 6
91 51
2 44
10 78
15 87
8 87
51 91
78 22
77 60
42 90
48 18
51 0
22 9
0 90
89 91
47 69
65 95
70 22
83 83
87 11
16 53
17 47
57 82
59 77
45 58
27 95
85 76
12 98
58 91
11 73
3 97
33 75
0 82
82 4
91 71
4 10
38 39
34 22
99 78
36 0
11 0
1 10
50 27
93 94
24 79
25 24
83 15
72 42
97 5
79 43
66 79
79 91
23 39
32 4
21 0
32 67
70 57
1 50
99 42
54 70
7 26
69 91
45 47
18 76
11 60
92 98
3 48
37 14
49 6
