# Penalty: 38256.433993718136
# Penalty:  38256.433993718136
115
81 76
59 54
43 39
60 1
2 66
25 64
1 52
62 91
36 81
50 43
33 25
52 62
76 99
47 84
70 9
29 45
12 23
96 11
70 51
65 25
44 56
5 73
95 26
9 71
19 41
40 54
40 1
63 16
58 30
41 77
13 8
78 37
66 66
15 76
91 43
67 73
99 40
45 70
51 29
32 79
51 37
31 31
28 83
75 8
14 92
83 86
15 44
79 27
22 8
74 46
85 8
49 70
61 81
94 96
76 22
29 68
64 35
56 10
22 96
89 28
30 59
3 18
79 52
1 32
87 39
2 37
19 94
79 23
31 65
0 96
10 56
19 86
89 4
7 15
54 89
75 29
78 94
46 0
6 48
93 68
68 83
41 25
97 25
47 21
89 13
1 81
90 57
39 19
49 7
33 87
37 11
52 15
47 62
2 57
23 32
55 57
82 42
97 63
0 2
30 50
98 49
20 46
27 7
23 72
10 0
27 27
29 64
84 86
4 95
16 58
34 41
29 98
6 4
85 71
13 28
