# Penalty: 34489.400083122346
# Penalty:  34489.400083122346
107
23 79
36 52
61 86
57 92
26 65
62 41
65 35
86 28
26 60
55 59
55 47
29 22
78 64
41 93
63 74
27 97
16 30
10 62
37 87
94 72
64 68
55 24
90 55
34 30
96 64
41 49
22 51
26 83
48 26
19 58
26 42
47 41
30 44
76 84
26 13
58 66
40 66
33 69
56 12
90 12
38 74
94 26
43 59
72 61
96 40
0 82
62 80
14 22
15 78
66 27
83 20
73 7
96 48
40 12
47 36
81 42
51 52
17 97
78 27
5 3
12 54
56 38
22 89
72 31
8 29
12 14
35 2
9 81
99 86
71 91
19 0
90 86
23 44
76 13
32 38
98 78
34 18
78 70
42 6
91 78
81 35
77 79
97 17
56 9
6 48
78 0
4 53
6 15
49 95
87 59
95 32
35 98
96 93
69 21
91 99
63 2
19 8
99 0
74 46
46 22
22 27
61 18
0 88
77 98
92 9
2 24
9 43
