# Penalty: 35652.40581519245
# Penalty:  35652.40581519245
112
18 93
5 27
82 46
33 91
69 3
49 19
40 13
24 86
32 36
61 69
79 62
78 93
84 69
6 46
75 25
19 20
9 8
33 71
98 84
60 28
41 75
93 82
0 9
30 20
84 39
58 98
56 50
3 38
83 22
2 60
11 22
17 14
51 4
40 24
52 14
35 14
97 4
57 38
12 41
59 90
23 71
79 18
39 66
97 23
6 54
92 51
96 60
78 40
57 7
78 74
47 88
43 35
95 9
2 52
8 23
12 69
34 62
69 72
18 67
94 68
74 99
84 87
56 83
4 4
46 27
97 99
73 6
13 74
66 53
12 7
34 46
80 55
3 88
26 3
76 1
56 63
91 10
29 54
97 29
35 97
66 11
68 42
0 97
4 96
41 83
68 20
65 20
72 36
31 99
54 65
45 53
71 56
50 0
27 78
1 82
79 83
21 0
86 54
20 40
92 77
93 25
27 85
54 22
49 37
54 0
14 98
96 44
26 27
20 57
6 30
69 28
25 35
