# Penalty: 32429.195841423974
# Penalty:  32429.195841423974
104
43 20
91 4
69 68
32 43
50 78
50 58
41 6
62 28
55 74
80 37
6 53
72 8
77 38
65 82
51 24
74 88
98 1
15 79
16 73
94 73
21 13
75 64
39 45
80 78
28 20
52 64
10 90
18 44
24 93
94 55
17 59
25 47
64 96
22 4
19 87
77 0
55 84
75 79
68 11
77 22
20 51
37 21
65 54
99 24
74 69
89 62
95 48
79 95
60 57
14 0
47 10
10 15
91 19
30 75
52 31
19 34
34 36
90 92
70 83
74 50
35 83
82 86
97 84
2 27
0 4
54 98
26 79
55 5
6 97
44 71
98 18
88 11
41 85
0 78
84 25
13 38
31 61
28 65
5 35
8 6
8 59
79 61
4 43
0 72
2 19
96 34
17 93
45 0
11 73
59 47
96 94
92 43
49 41
38 30
39 93
3 87
77 70
36 69
99 62
46 59
71 16
30 2
61 81
2 57
