# Penalty: 33887.69353501115
# Penalty:  33887.69353501115
107
60 89
73 77
5 47
94 12
90 39
39 43
20 30
55 12
69 46
37 60
77 58
57 19
62 79
97 86
83 22
21 0
30 18
90 30
50 54
0 28
12 92
91 86
14 29
69 10
8 16
34 75
93 45
11 94
61 16
63 64
33 24
25 86
21 55
75 23
3 32
47 22
43 92
23 49
78 30
27 45
82 54
33 39
53 49
28 34
63 60
13 75
4 97
96 80
26 23
75 87
61 44
83 73
91 65
49 5
34 95
70 31
56 35
15 14
25 38
5 42
63 96
88 3
76 54
47 46
54 0
94 96
49 52
31 66
41 17
1 78
46 83
35 7
54 96
39 98
19 94
1 0
66 87
1 10
74 9
0 61
10 30
61 26
11 41
55 72
20 98
1 17
83 88
15 80
96 61
74 39
42 39
98 27
28 73
49 99
5 14
17 5
1 83
40 84
69 73
73 2
48 68
21 9
21 81
47 31
33 89
41 8
15 61
