# Penalty: 34454.54021950528
# Penalty:  34454.54021950528
107
14 48
74 85
92 64
36 90
23 15
56 54
51 57
82 78
75 18
53 29
67 68
68 31
47 90
0 25
76 96
13 73
43 96
7 31
55 1
37 71
36 5
82 15
62 2
51 36
20 9
62 45
24 53
43 48
48 59
91 34
55 77
31 58
0 53
22 62
85 83
44 28
94 94
96 11
35 36
28 29
90 50
77 37
62 26
10 90
21 61
55 60
68 13
85 24
4 77
9 0
6 14
34 96
39 54
47 42
69 45
31 0
49 14
85 50
36 67
98 35
98 95
99 57
9 52
51 68
91 78
79 0
96 71
29 11
27 97
99 79
26 39
94 27
90 20
54 92
79 4
87 49
89 69
98 2
36 22
11 34
93 5
15 1
14 27
13 80
27 78
84 43
60 69
23 84
41 20
77 29
76 62
59 34
43 9
65 73
62 93
55 19
66 50
72 1
74 66
96 90
49 82
14 65
60 19
74 15
34 51
46 73
18 66
