# Penalty: 38359.35815252609
# Penalty:  38359.35815252609
114
76 20
95 91
24 71
41 55
15 94
52 98
59 59
68 98
34 51
37 39
37 80
10 30
18 80
88 73
67 82
95 14
20 2
10 67
39 14
30 46
28 34
27 54
56 7
84 43
14 21
33 27
62 68
43 81
2 68
23 38
74 97
2 87
66 30
41 66
53 27
12 7
42 45
76 40
3 82
90 57
7 21
52 55
94 83
62 38
98 17
16 75
60 11
18 98
6 56
29 20
27 65
0 50
58 36
37 59
28 0
27 6
78 62
29 93
61 82
0 34
73 90
65 4
38 7
70 0
70 50
21 57
51 0
6 11
74 58
6 72
2 96
87 64
26 48
21 19
43 17
94 44
80 34
21 7
55 71
83 79
95 30
58 85
1 8
32 95
68 59
44 39
86 5
72 9
83 70
72 66
14 37
68 24
99 37
34 13
49 48
8 51
8 81
89 50
69 73
6 36
20 34
65 9
51 22
87 89
81 16
30 88
56 51
46 93
79 48
59 87
43 0
60 96
27 27
76 98
