# Penalty: 30679.840629875922
# Penalty:  30679.840629875922
95
1 2
6 14
16 25
11 20
15 3
25 14
2 19
28 29
14 26
28 19
28 9
18 19
0 28
31 0
20 9
32 85
0 68
4 57
12 94
26 93
23 83
17 68
2 96
2 90
27 64
13 62
16 97
23 73
30 74
20 51
16 78
8 99
21 88
7 75
11 53
31 99
1 82
7 58
26 49
16 87
76 20
53 6
74 25
64 12
99 8
95 28
81 26
51 89
85 9
59 76
72 65
67 36
89 76
94 7
66 95
62 37
68 50
62 68
69 83
97 43
86 82
99 57
80 58
48 65
75 49
55 23
56 14
85 59
60 51
83 20
97 78
96 0
90 45
91 59
85 54
81 34
67 5
53 81
95 29
99 33
86 40
68 89
75 84
60 28
59 97
52 97
61 42
67 64
98 73
78 5
69 5
83 72
99 58
76 96
90 21
