# Penalty: 34082.36743817775
# Penalty:  34082.36743817775
109
97 56
47 60
97 78
53 45
0 27
98 26
12 85
42 9
43 55
62 44
22 58
84 47
84 23
38 23
31 61
64 58
54 0
73 98
38 39
51 10
39 48
4 16
27 77
70 56
26 26
67 53
60 66
27 84
25 56
54 91
67 85
7 40
53 99
53 68
80 74
15 92
7 24
66 30
91 54
7 1
11 38
15 54
47 39
82 65
45 1
1 95
69 92
51 84
37 87
19 93
70 20
26 41
3 46
97 41
91 27
6 99
2 62
31 45
72 32
65 37
66 9
45 54
43 31
52 24
85 56
99 3
69 4
85 9
17 62
21 41
78 63
94 35
61 58
92 60
22 73
24 22
84 91
67 96
99 89
83 42
2 85
25 99
8 75
32 7
4 10
88 90
46 70
36 69
74 70
97 11
86 31
77 42
47 98
97 72
83 5
80 77
58 38
58 83
85 2
45 91
31 69
30 1
37 72
11 31
76 20
30 21
1 60
99 20
14 71
