# Penalty: 36664.84291740575
# Penalty:  36664.84291740575
110
17 20
63 0
49 82
53 25
69 38
87 59
49 27
36 76
30 26
42 40
33 68
83 96
53 42
51 72
26 76
84 33
32 40
36 48
30 10
5 45
52 6
50 97
97 72
16 65
54 31
57 13
9 99
92 75
84 12
13 9
78 61
90 69
8 81
70 85
34 5
21 60
81 22
30 48
35 54
60 73
98 1
42 35
0 87
74 22
53 67
14 25
93 58
10 27
18 51
8 17
98 97
98 24
53 87
90 94
70 62
14 90
69 77
90 16
94 86
25 25
65 17
40 60
65 54
23 94
25 43
1 36
75 37
71 2
76 75
39 82
94 8
63 90
89 44
19 6
25 80
38 7
63 81
6 54
64 98
75 68
83 76
15 35
3 73
48 88
24 35
77 8
39 21
0 16
23 10
7 64
39 14
15 86
88 26
51 51
25 1
69 47
98 32
47 65
79 90
85 88
12 49
85 55
44 19
92 0
18 71
3 50
77 43
55 2
99 50
31 62
