# Penalty: 39429.53691185898
# Penalty:  39429.53691185898
113
39 71
49 56
20 35
51 63
73 24
21 66
98 13
6 1
94 21
1 51
86 3
23 52
66 28
7 87
66 11
7 41
90 7
54 72
76 75
32 54
85 40
24 4
73 90
88 52
48 25
93 91
95 75
79 11
35 78
80 25
57 68
63 21
93 67
9 6
42 21
19 95
56 58
38 7
40 87
44 42
92 17
15 57
18 50
35 61
50 29
23 42
1 7
95 39
0 90
76 60
12 20
2 80
45 94
42 38
80 7
71 83
9 49
62 63
30 62
1 44
56 25
66 57
10 63
98 67
90 25
41 52
58 77
82 95
45 96
29 76
53 43
62 11
20 80
74 51
75 45
7 70
27 93
71 39
31 70
15 29
94 82
97 53
43 80
34 21
69 16
68 97
25 33
81 76
40 35
79 66
81 36
11 34
24 57
38 55
99 47
90 35
38 13
14 14
5 26
37 47
47 10
11 91
27 3
34 85
73 75
1 36
59 86
52 6
81 51
59 93
95 2
46 1
57 86
