# Penalty: 35250.382319612014
# Penalty:  35250.382319612014
105
28 22
49 69
30 58
60 31
16 89
88 31
97 44
55 25
87 6
56 53
25 52
62 45
29 83
91 76
41 29
52 32
49 62
40 69
75 37
43 75
94 55
49 9
47 48
55 67
1 51
31 34
73 11
28 37
8 30
21 81
44 62
74 66
2 19
70 92
35 63
14 43
63 66
26 91
62 54
7 43
29 2
20 25
95 9
68 5
75 87
87 55
19 95
76 97
91 40
81 27
64 50
60 60
55 15
59 8
4 66
32 69
22 46
52 39
57 82
73 4
14 38
14 17
39 48
66 84
75 25
7 75
13 24
21 60
25 13
36 75
95 34
1 5
40 22
76 51
64 78
96 77
41 91
71 65
61 90
36 1
31 49
44 96
47 94
0 42
17 52
91 97
69 19
96 28
11 70
15 0
45 25
7 24
77 94
95 90
37 25
87 13
82 80
66 24
52 77
17 1
83 57
88 4
82 64
5 99
43 7
