# Penalty: 32586.38585275524
# Penalty:  32586.38585275524
105
92 89
58 65
17 19
87 20
82 64
64 0
90 43
10 68
69 40
71 18
67 30
34 23
98 46
7 94
11 48
22 95
34 51
55 76
44 62
75 65
23 3
8 62
83 34
33 97
74 71
23 75
74 26
92 97
33 65
14 75
38 97
23 40
67 93
76 41
97 63
5 52
60 69
44 9
71 59
48 48
98 39
19 51
42 95
56 92
38 58
83 74
34 34
44 0
77 93
96 72
2 59
17 67
46 79
21 89
33 9
94 16
56 41
69 78
9 7
20 37
60 49
9 68
92 31
86 0
52 32
6 87
26 22
24 54
57 69
85 46
97 86
29 2
64 21
35 88
12 27
23 80
24 6
10 20
48 9
99 48
52 48
30 60
65 55
32 80
94 23
1 26
0 79
93 7
60 29
63 14
16 53
61 97
46 25
61 0
4 4
38 37
9 38
99 95
57 15
82 92
2 84
8 0
85 52
0 19
70 45
