# Penalty: 43057.21326542205
# Penalty:  43057.21326542205
120
0 27
0 70
1 55
2 10
2 41
2 85
4 97
5 13
5 90
6 39
7 44
7 68
8 23
8 82
9 14
10 37
10 59
12 0
12 85
14 8
14 31
15 22
16 23
16 39
17 63
18 47
19 1
20 15
20 99
23 10
23 76
24 42
24 45
24 62
26 17
27 93
29 1
29 3
30 29
31 24
31 55
31 79
31 89
32 49
33 73
34 59
36 24
37 42
38 52
40 66
41 14
41 38
43 0
43 97
44 98
45 28
46 21
46 83
47 69
48 91
49 62
50 35
50 77
52 27
52 55
53 84
55 9
55 72
56 32
56 48
58 40
60 15
60 23
60 63
61 59
62 8
64 31
64 85
65 45
65 75
65 99
66 22
69 4
69 12
70 89
71 32
72 38
72 97
73 8
73 70
74 53
75 17
75 55
77 91
78 1
78 38
78 67
81 24
81 52
83 71
83 82
84 15
84 38
86 80
86 95
87 29
87 34
88 48
88 64
89 76
90 54
94 5
94 72
94 80
94 95
95 61
96 94
97 24
97 45
99 38
