# Penalty: 36107.43389833042
# Penalty:  36107.43389833042
108
0 23
0 38
0 49
0 66
0 77
0 97
2 6
2 86
3 15
4 23
5 52
5 63
7 43
8 37
8 70
9 8
9 48
12 96
14 24
14 33
16 97
18 8
18 18
20 68
21 46
23 77
24 63
25 69
26 15
26 47
26 94
27 33
27 77
28 27
29 90
32 9
34 13
34 53
34 63
34 95
35 36
36 71
37 34
37 78
38 3
38 59
40 48
40 50
40 69
43 20
43 97
44 6
47 14
47 44
47 89
48 51
48 62
48 73
50 68
52 19
53 10
53 18
53 27
53 33
53 42
54 59
55 92
56 75
57 99
59 5
60 53
61 7
62 45
63 31
63 74
65 59
67 11
67 37
69 90
70 76
71 46
71 97
74 44
74 83
75 15
75 30
76 92
77 0
77 62
77 77
79 48
80 97
83 3
85 17
85 41
87 50
87 89
88 24
93 29
94 88
95 37
95 74
96 27
96 56
97 8
97 99
99 42
99 60
