# Penalty: 41468.694191102724
# Penalty:  41468.694191102724
116
0 0
0 20
0 36
0 55
0 61
0 64
0 90
0 99
5 84
6 1
8 17
9 77
9 99
12 12
12 47
14 4
14 37
14 51
14 56
15 94
16 88
17 19
18 37
18 78
21 9
21 55
21 72
22 23
25 46
25 77
25 98
28 36
29 27
31 44
31 93
32 82
32 96
33 9
34 0
34 60
34 66
35 75
36 24
36 30
36 36
37 51
37 89
39 14
42 37
42 44
42 72
43 58
44 0
45 90
46 78
47 33
47 41
48 16
50 25
50 99
51 39
51 48
51 71
52 55
52 65
53 17
55 29
55 93
56 45
56 79
59 9
59 51
60 15
60 95
61 29
65 70
66 47
66 52
66 62
67 21
69 1
69 62
69 89
70 85
71 27
71 69
71 77
73 7
73 53
74 1
75 96
76 23
76 36
79 75
80 15
80 66
81 99
82 58
86 47
87 13
87 72
87 77
90 95
92 27
92 34
93 0
93 33
93 54
93 72
94 48
96 1
96 81
97 56
97 62
99 40
99 67
