# Penalty: 42867.64848154174
# Penalty:  42867.64848154174
106
0 6
0 26
0 54
1 14
1 40
1 84
2 47
5 58
6 31
7 26
8 40
9 19
11 56
11 70
11 80
11 87
12 95
13 16
14 49
17 99
20 26
22 0
22 63
23 13
23 29
23 53
26 46
28 57
28 72
29 5
29 65
30 99
31 81
33 48
34 0
34 57
34 71
34 95
35 19
36 61
37 5
38 41
39 58
39 82
40 30
40 47
41 12
43 23
44 69
44 94
45 98
48 54
49 10
49 17
49 36
49 60
49 77
51 52
52 28
52 94
53 99
54 45
55 74
56 92
57 29
57 39
60 7
61 43
61 74
62 80
63 20
64 39
65 20
65 54
65 99
66 30
66 62
69 82
70 69
71 52
72 87
74 0
74 28
75 99
79 0
79 22
80 68
80 95
81 6
81 55
82 12
82 60
82 86
83 41
87 26
90 0
90 91
93 39
94 47
94 60
94 98
96 15
99 0
99 24
99 44
99 73
