# Penalty: 138593.82520767712
# Penalty:  138593.82520767712
205
0 0
0 6
0 18
0 22
0 34
0 38
0 50
0 54
0 66
0 70
0 82
0 90
0 98
3 20
3 36
3 52
3 68
3 84
3 92
4 2
4 14
6 41
6 57
8 30
8 78
10 36
13 12
14 3
14 19
14 51
14 83
14 94
15 28
15 44
15 60
15 68
15 76
15 80
16 26
16 30
16 42
16 46
16 58
16 74
16 98
17 90
18 5
19 14
19 66
21 0
22 0
22 24
22 96
23 8
23 30
23 46
23 62
23 72
23 80
27 16
27 39
27 57
27 89
28 2
28 82
28 90
30 15
30 25
33 20
33 36
33 44
33 52
33 60
33 68
33 76
34 20
34 36
34 60
34 76
34 84
35 10
35 42
35 54
36 2
36 68
36 94
39 28
40 73
40 82
40 98
41 40
42 48
42 63
42 88
43 6
43 54
44 14
44 26
44 30
45 0
46 0
46 96
47 26
47 30
47 49
47 54
47 70
47 82
48 16
48 86
49 40
50 6
51 28
51 66
52 2
52 14
52 82
52 90
54 76
56 38
56 42
56 66
57 20
57 52
57 60
58 20
58 44
58 68
58 84
59 38
59 62
60 2
60 94
61 52
61 76
63 13
63 29
64 22
64 38
64 54
64 98
65 64
66 5
66 15
66 91
68 78
69 0
69 32
69 48
69 72
70 0
70 8
70 72
70 80
70 96
71 14
71 25
71 30
71 50
71 54
72 86
73 39
73 64
76 2
76 53
76 90
78 73
79 22
79 26
79 37
79 42
79 58
79 67
80 10
80 86
83 22
84 2
84 60
84 75
85 9
85 27
85 52
86 94
87 38
87 42
87 70
87 85
91 6
91 98
92 14
92 89
93 0
93 24
93 32
93 40
93 48
93 56
93 64
93 72
93 80
99 0
99 6
99 15
99 22
99 30
