# Penalty: 43089.87871615248
# Penalty:  43089.87871615248
120
0 26
0 50
0 65
1 4
1 12
2 46
3 2
4 68
4 94
5 60
6 20
6 88
7 27
8 53
10 15
10 23
10 81
11 74
12 35
14 32
15 13
16 49
17 42
17 78
18 96
19 9
19 35
19 69
19 92
20 63
23 49
23 65
24 13
24 83
25 25
26 30
28 89
29 2
29 55
30 30
31 45
31 53
32 28
32 60
33 37
34 9
34 93
37 67
38 15
38 88
40 29
41 77
41 78
42 21
42 77
43 1
43 92
44 38
44 86
45 49
45 54
47 35
47 64
49 6
50 39
52 50
52 54
53 66
53 69
55 76
55 83
56 97
57 13
57 20
57 46
59 0
59 53
60 94
61 36
63 96
64 33
64 41
64 60
66 34
67 65
68 70
69 5
69 81
70 19
71 26
71 77
72 47
72 63
74 0
75 77
76 52
77 67
77 94
77 97
80 42
81 52
82 61
83 90
84 27
85 41
88 83
89 23
89 67
90 14
90 24
92 96
93 29
94 39
94 81
95 51
96 60
97 15
97 66
98 80
99 37
