# Penalty: 43918.28954752755
# Penalty:  43918.28954752755
118
0 68
0 89
1 5
1 33
2 49
2 95
3 75
4 19
4 29
6 81
9 88
10 5
10 22
10 49
10 67
10 78
10 99
14 41
14 87
16 7
16 60
16 69
17 13
17 35
20 74
22 30
22 36
22 56
24 16
24 65
24 98
26 31
26 50
30 24
30 84
31 19
31 34
31 55
32 41
34 16
35 2
35 5
35 20
35 26
35 84
36 70
36 94
37 34
38 12
40 98
42 64
42 70
44 72
45 5
45 52
45 81
45 94
46 29
46 37
47 43
48 12
48 66
49 0
49 3
49 22
49 83
51 95
52 81
53 52
53 58
54 99
55 17
60 36
61 21
62 63
63 12
63 55
64 4
64 30
64 46
64 89
64 98
67 49
67 60
70 9
72 75
73 86
74 45
75 24
75 80
76 33
77 68
78 5
78 10
78 25
78 40
79 59
80 3
80 19
80 54
85 20
85 62
87 53
87 88
88 94
89 1
89 80
90 80
91 66
92 19
92 94
94 28
95 5
96 74
96 96
97 82
98 47
98 54
