# Penalty: 44355.29703188648
# Penalty:  44355.29703188648
124
0 34
0 54
0 99
1 25
2 69
3 31
4 5
4 7
4 40
4 55
5 48
5 87
6 71
8 63
9 12
9 40
9 85
10 0
10 89
14 18
14 90
14 98
15 27
16 76
17 33
21 2
21 74
23 45
24 1
24 94
25 37
25 59
26 18
27 12
28 79
28 84
28 99
30 73
32 34
32 56
32 87
33 27
34 8
34 15
34 48
34 66
35 0
38 48
39 42
40 21
40 28
40 53
41 13
41 93
44 67
44 69
45 62
45 94
46 86
47 22
48 12
48 38
48 80
49 32
54 25
54 60
55 97
56 0
56 83
57 9
57 61
59 66
60 29
60 75
61 24
62 97
63 14
63 81
64 36
64 95
66 0
67 31
67 51
68 19
68 41
71 0
71 10
71 17
71 55
73 36
74 47
75 22
75 91
76 63
77 16
78 41
81 90
81 97
83 2
83 25
83 76
84 91
85 13
85 50
85 81
88 30
89 38
89 55
89 76
91 63
92 15
93 7
94 61
95 68
97 23
97 29
97 42
98 3
98 37
98 68
98 87
99 44
99 75
99 91
