# Penalty:  38757.39843570054
115
6 80
42 36
72 57
34 93
34 41
54 52
22 84
48 6
90 59
88 83
23 76
49 75
55 10
18 72
75 0
18 98
40 51
68 80
95 76
99 48
48 14
96 79
80 35
84 28
96 16
78 27
18 61
80 97
7 20
19 69
7 86
86 5
32 76
88 19
19 28
38 25
8 61
12 95
80 56
12 53
32 38
72 13
21 14
36 16
51 61
66 19
0 16
69 94
33 66
59 24
52 24
37 60
57 38
61 67
13 33
97 98
67 44
16 87
0 33
27 5
24 24
98 30
13 22
92 44
48 38
64 98
76 61
60 5
59 91
55 87
63 33
53 67
23 55
28 71
14 13
63 85
48 96
26 92
2 42
67 89
19 47
97 0
38 84
95 93
0 99
82 3
40 43
81 70
34 8
42 77
65 37
52 31
36 69
25 41
79 5
96 20
6 75
69 65
74 84
78 70
30 56
31 55
72 30
85 50
81 42
54 61
2 48
3 2
97 36
16 36
41 89
31 0
93 62
4 66
42 20
