# Penalty:  33353.23314914411
108
36 56
67 43
58 25
20 76
35 19
52 2
43 31
16 61
53 67
16 98
66 48
20 32
80 20
26 91
21 1
25 73
47 99
4 88
84 25
53 84
65 93
69 4
34 8
36 41
36 51
47 86
96 89
71 95
53 42
53 57
97 40
28 22
71 31
6 78
72 24
61 64
15 29
48 13
29 6
94 56
78 1
98 22
0 20
71 47
99 75
17 17
7 98
96 5
63 11
87 9
85 90
84 72
98 46
12 84
71 62
34 77
13 14
14 23
20 70
3 38
62 20
34 71
38 99
39 77
30 38
23 4
54 0
85 58
53 8
33 85
0 48
78 34
70 79
6 35
33 91
14 51
2 62
26 38
82 48
19 52
50 89
89 23
59 39
65 25
59 70
48 28
42 47
9 0
3 55
11 75
46 63
42 12
34 35
39 72
57 53
61 5
6 4
23 62
97 66
71 57
9 42
78 10
82 66
83 39
57 89
3 14
55 39
93 0
