# Penalty:  34814.96681452035
110
95 64
83 59
38 33
6 8
24 42
92 3
55 62
20 21
36 66
7 51
25 93
29 77
65 21
18 97
3 30
84 73
5 90
84 39
52 27
95 83
18 29
44 94
52 12
71 79
85 53
50 45
29 62
25 47
67 83
50 39
88 87
13 35
49 77
78 0
74 96
63 54
28 28
99 26
4 56
25 14
63 3
30 98
69 0
54 89
14 67
54 20
44 74
82 7
99 59
93 16
47 53
39 65
78 33
62 29
15 57
7 75
23 81
49 59
46 95
39 19
69 57
14 52
84 19
99 2
11 73
76 31
49 23
15 79
60 68
14 27
82 25
97 33
74 9
1 75
68 80
40 11
43 80
60 96
21 52
67 14
25 76
0 1
39 95
25 7
88 64
4 94
11 42
87 3
64 43
11 97
70 16
82 77
22 0
91 47
15 20
65 98
74 63
48 7
11 89
0 61
28 33
94 97
32 13
11 10
97 45
0 53
66 71
61 15
60 93
39 4
