# Penalty:  33258.43651779395
108
1 1
97 2
1 97
98 99
80 34
64 76
53 38
94 46
50 40
20 44
94 30
65 90
79 93
1 66
50 24
16 45
96 25
29 89
58 41
22 8
5 96
79 64
86 66
2 71
71 68
49 73
48 59
49 52
56 72
99 72
65 21
57 24
16 61
32 32
6 21
94 68
39 83
12 19
61 50
80 49
43 22
40 8
34 75
62 64
57 96
50 92
65 5
44 11
71 63
19 38
92 85
46 2
85 57
80 27
92 20
17 75
54 6
97 91
61 78
57 17
79 41
32 8
12 75
27 18
36 37
42 58
36 50
55 87
35 95
15 92
82 13
15 5
55 65
83 89
28 23
84 98
29 97
92 57
76 86
35 22
74 10
73 24
18 61
7 1
98 39
4 35
1 29
60 9
60 3
28 82
13 61
69 51
30 50
20 91
15 98
3 15
47 86
1 93
13 54
94 14
99 75
34 60
39 8
65 36
23 43
89 3
65 98
1 38
