# Penalty:  35218.30323804441
112
18 75
47 85
16 83
17 47
98 49
92 13
35 44
49 4
61 23
19 68
57 30
33 76
99 70
77 19
14 8
12 22
29 58
99 96
2 99
79 50
40 3
2 70
36 62
4 61
65 45
4 37
97 88
97 15
81 81
67 40
90 66
91 21
7 69
94 94
2 10
88 39
71 6
68 64
67 31
69 95
83 90
22 51
12 12
66 81
45 99
55 55
12 49
21 26
59 45
43 40
51 58
66 1
83 24
43 47
46 19
17 30
21 33
2 22
79 39
44 71
32 17
88 86
28 98
65 73
71 26
42 77
85 76
0 46
43 55
69 16
60 79
97 53
89 28
35 1
9 43
26 30
54 66
41 91
81 53
35 8
29 38
83 0
6 84
75 12
61 88
19 94
12 89
15 56
63 54
76 64
99 77
53 37
0 14
78 96
86 5
77 95
33 91
18 3
28 75
95 7
0 56
23 0
67 9
97 35
49 15
20 61
96 63
27 20
53 11
35 60
91 58
60 94
