# Penalty:  34769.42759655965
109
98 96
24 86
73 8
59 20
96 32
85 0
48 64
93 20
31 58
88 38
39 91
87 72
26 63
40 62
60 28
29 2
37 76
10 97
90 99
21 53
36 9
37 17
67 53
42 53
53 92
51 55
47 47
73 75
31 43
98 13
4 99
87 79
13 24
54 69
36 26
47 39
98 41
66 84
80 96
46 33
33 48
99 63
3 14
50 39
15 6
37 32
31 79
25 36
2 28
59 10
56 52
36 96
92 64
13 56
17 33
32 65
59 60
51 25
23 20
77 37
16 48
26 16
14 71
43 78
6 65
61 90
68 34
67 89
95 55
7 37
81 88
6 55
66 15
38 0
22 77
68 29
4 79
81 52
0 0
20 91
78 23
44 95
85 6
9 14
27 96
28 72
82 38
1 94
85 65
58 74
92 28
78 66
27 22
95 48
86 94
52 2
76 17
97 27
59 2
6 85
38 82
93 78
74 52
52 78
43 13
20 57
8 80
66 6
99 3
