# Penalty:  35664.37553304634
109
97 64
17 34
31 28
8 53
89 95
2 5
45 46
24 33
82 7
10 11
4 91
2 46
30 14
18 92
23 63
88 2
49 77
7 32
17 2
78 82
96 97
41 61
0 39
59 68
98 78
96 3
33 93
91 18
62 30
12 85
85 41
11 3
58 16
64 76
99 47
62 62
43 20
44 34
31 77
55 81
68 17
32 1
23 19
22 13
27 63
93 54
9 73
78 89
85 56
33 67
52 52
67 94
11 27
0 24
93 29
5 67
60 37
69 80
47 29
27 91
58 54
65 3
72 74
68 72
82 63
43 2
73 50
36 86
44 39
2 88
52 14
15 37
27 97
55 6
25 77
80 9
51 89
98 44
15 13
77 44
82 48
63 99
87 63
37 47
59 92
61 85
29 19
84 87
93 76
58 20
66 34
15 18
44 68
31 49
47 95
73 96
20 61
1 74
25 49
51 33
41 90
92 84
11 99
81 3
2 53
10 51
74 22
56 60
9 47
