# Penalty:  41166.10449891466
87
0 30
1 81
4 17
3 44
4 48
5 12
3 34
1 62
0 76
5 23
4 90
3 97
5 67
6 34
13 54
7 83
11 97
13 20
10 61
9 75
11 94
15 16
13 36
17 30
16 46
16 53
13 70
15 99
19 59
17 75
18 89
20 23
19 69
17 38
22 33
25 72
23 78
26 89
25 95
27 28
25 50
26 64
26 43
30 57
30 98
31 32
32 82
34 65
33 72
33 94
36 41
35 55
33 63
36 79
37 99
40 49
40 69
40 85
46 81
46 56
47 92
48 63
47 98
49 54
50 77
92 67
51 83
54 68
54 60
54 76
57 90
60 66
59 83
63 97
64 71
66 89
68 66
68 80
68 99
71 75
72 94
75 85
77 99
82 89
86 98
89 91
93 98
