# Penalty:  34449.46135803261
110
71 64
62 8
1 82
75 93
25 30
86 72
94 15
8 86
52 15
95 54
89 96
28 96
42 59
20 8
57 91
42 92
91 68
67 71
51 96
5 55
38 63
58 71
71 96
48 88
17 26
88 53
28 15
67 10
99 62
9 29
73 43
24 68
23 9
19 47
84 88
15 43
55 85
89 1
79 18
2 77
35 94
13 21
31 82
26 53
49 54
18 66
72 14
42 97
94 34
54 29
52 71
4 60
97 82
30 32
66 49
44 73
9 54
96 72
71 57
78 39
34 18
55 38
97 21
60 67
88 80
7 14
16 74
35 40
83 24
54 57
35 59
89 57
27 91
62 85
44 28
38 45
1 13
39 4
23 75
53 5
57 99
74 29
85 60
9 77
94 3
82 86
96 1
48 34
1 41
78 60
69 79
80 46
99 41
80 1
37 3
37 74
73 79
64 57
61 23
68 27
48 12
12 60
53 43
13 94
94 99
41 83
71 35
0 27
86 15
94 40
