# Penalty:  30712.21843130503
95
98 52
48 20
99 99
97 80
79 4
32 22
45 40
55 42
56 56
68 47
88 69
90 46
83 88
83 78
70 54
76 14
63 56
67 1
61 8
53 27
48 47
41 75
43 7
38 37
29 36
35 95
29 5
24 19
25 25
23 40
19 2
21 17
14 2
11 7
89 20
96 90
98 31
94 38
89 87
84 48
72 21
72 69
67 65
64 6
62 22
56 35
47 14
47 6
45 32
38 17
35 30
18 9
4 3
1 8
2 19
6 33
8 40
12 49
10 61
12 68
14 82
15 90
20 96
53 66
39 89
8 97
32 46
18 25
18 47
1 98
29 84
26 76
21 33
74 84
74 92
12 75
24 60
6 17
19 74
63 95
15 53
29 95
5 93
28 46
49 61
38 84
49 93
94 97
0 84
40 59
61 70
27 68
0 57
73 78
13 16
