# Penalty:  34525.64245647736
108
35 70
89 77
15 33
73 98
77 52
25 54
34 37
48 59
49 54
83 57
35 52
60 83
44 8
4 5
71 77
31 19
38 95
58 12
52 99
50 70
39 5
66 21
3 25
31 85
5 60
14 25
44 36
22 46
35 30
73 82
70 45
23 86
7 39
47 81
84 6
81 96
67 24
1 55
48 1
58 37
70 0
21 18
97 31
81 13
7 74
24 63
35 47
85 71
87 51
82 28
86 91
85 12
53 7
8 90
0 40
5 95
12 64
23 6
53 77
92 55
27 68
98 56
72 25
84 37
33 7
7 20
13 46
17 18
95 9
72 18
11 78
57 27
91 36
78 91
3 34
95 70
19 0
58 69
34 96
1 88
64 5
74 62
75 37
17 78
70 4
39 79
56 92
91 85
66 49
86 22
48 40
98 41
83 51
13 72
20 32
0 78
44 41
8 11
63 45
52 22
30 33
27 70
33 92
42 22
16 50
28 27
63 53
39 56
