# Penalty:  32684.014977468007
104
0 2
0 10
0 18
0 26
0 34
0 43
0 50
0 59
1 66
0 75
1 82
0 91
1 98
12 2
12 10
13 16
9 22
9 30
10 37
10 46
9 54
10 62
12 70
10 79
12 86
10 94
32 2
28 10
28 18
28 26
28 34
28 42
28 50
28 58
29 66
30 74
28 82
28 90
28 98
38 0
38 6
42 14
42 22
42 30
42 38
42 46
38 54
38 62
38 70
38 78
38 86
42 94
52 2
48 10
48 18
50 26
50 34
50 42
50 50
52 58
48 66
52 74
52 82
48 90
48 98
58 0
58 6
62 14
58 22
58 30
58 38
58 46
58 54
62 62
62 70
58 78
62 86
62 94
72 2
72 10
72 18
72 26
72 34
72 42
72 50
72 58
70 67
72 74
72 82
70 91
71 98
89 2
90 9
90 17
88 26
90 35
89 42
89 50
90 59
91 66
90 74
91 82
91 90
88 97
