# Penalty:  35382.82997733075
111
69 55
52 27
1 95
30 59
62 52
51 91
83 0
54 1
15 78
99 45
55 18
5 23
86 98
67 78
76 81
71 8
23 61
33 33
52 39
37 53
8 91
2 6
82 92
99 78
32 27
16 56
44 1
10 40
95 85
4 53
42 95
61 88
20 51
56 97
53 76
54 67
38 72
2 28
14 64
99 22
50 33
7 97
66 22
11 36
98 1
62 58
20 17
38 67
72 16
52 3
53 81
58 73
45 52
68 2
56 11
91 49
82 79
70 64
38 24
95 30
75 1
23 76
86 71
34 19
24 43
76 51
10 82
19 71
44 55
66 29
1 58
43 66
71 37
22 94
90 80
2 23
90 34
63 42
80 15
6 37
79 97
0 77
27 37
85 25
21 3
36 93
40 15
77 43
99 61
29 0
85 40
4 69
84 57
19 87
31 75
57 11
19 12
30 51
35 7
77 59
43 91
48 62
56 39
16 27
18 23
28 99
8 43
81 83
61 81
79 65
39 48
