# Penalty:  24247.5254338495
85
26 83
38 48
20 33
27 71
26 56
0 75
94 54
73 13
0 60
66 26
60 92
41 17
36 2
27 18
11 54
29 48
82 16
55 96
93 25
61 29
97 32
27 98
83 26
53 0
49 60
29 78
41 83
38 26
84 38
59 38
97 24
11 87
28 9
26 37
98 22
75 38
28 92
55 26
96 46
17 61
62 12
4 11
28 2
12 97
87 71
86 49
87 1
4 29
94 3
28 63
49 83
46 54
16 72
37 92
80 9
94 73
64 84
52 40
21 97
2 92
15 27
94 8
97 93
55 73
84 55
58 1
56 87
74 97
47 24
11 44
94 66
5 82
75 83
51 93
15 47
15 83
0 35
22 4
37 81
17 41
95 17
96 39
83 97
63 69
74 57
