# Penalty:  34590.344914886555
109
80 99
37 64
38 75
4 57
82 7
3 43
73 55
40 16
76 51
11 1
52 3
22 18
21 73
17 40
94 82
96 59
46 92
60 38
69 21
28 29
62 71
69 90
33 14
45 58
1 64
82 56
3 86
68 39
12 74
17 96
91 14
17 89
30 59
54 17
93 76
52 52
25 26
88 83
91 36
42 25
52 61
20 32
86 17
76 69
15 66
39 9
38 35
67 3
16 37
53 99
97 37
5 79
4 7
22 12
74 79
36 94
61 72
29 19
91 44
55 88
77 28
74 37
51 83
19 42
6 49
48 20
97 53
47 86
27 76
45 48
17 47
37 97
71 46
93 30
55 18
31 90
38 32
61 87
41 78
15 23
46 34
22 87
71 72
92 22
20 71
85 68
19 3
84 95
87 60
1 98
97 5
78 21
31 50
38 58
98 93
97 15
52 69
34 79
2 29
96 44
31 45
9 95
83 2
75 89
56 69
14 17
55 33
49 5
0 15
