# Penalty:  33367.645522678744
106
65 52
7 42
13 64
71 3
74 6
2 36
62 23
18 31
3 93
41 34
80 45
89 34
61 86
18 39
85 65
63 37
20 64
63 96
74 14
35 97
59 58
23 6
55 88
7 30
3 8
14 17
47 19
6 61
96 13
3 45
28 65
79 51
7 1
81 62
17 99
33 16
51 53
48 24
54 99
46 81
92 18
27 25
60 4
46 72
97 47
98 52
42 3
32 30
9 99
21 59
44 79
1 86
89 96
68 10
3 54
17 80
67 59
47 44
38 86
95 33
54 11
79 28
94 48
11 80
88 67
94 76
98 85
68 81
93 27
77 82
39 74
21 34
67 67
26 51
43 58
40 49
10 75
19 11
35 52
28 13
24 73
76 76
72 59
65 44
55 31
24 96
54 69
69 98
68 37
83 96
22 0
76 31
77 45
78 22
49 95
33 46
29 80
60 82
20 53
88 20
60 13
31 70
84 81
3 75
94 41
51 2
