# Penalty:  34681.76985022253
111
62 52
36 47
44 47
74 50
17 34
62 32
60 10
76 56
33 98
31 82
80 72
44 76
9 68
83 5
71 71
76 33
47 94
30 23
90 24
47 72
50 42
99 60
39 7
7 7
24 84
0 67
66 6
6 47
71 1
90 32
19 93
33 67
40 75
67 80
89 81
97 11
37 61
85 68
9 17
45 58
66 66
54 14
17 62
22 76
60 29
39 1
96 77
63 85
89 10
95 25
84 61
60 52
98 62
46 80
39 84
22 23
14 88
62 77
61 96
96 53
34 32
82 54
7 75
54 97
70 64
17 31
32 39
66 23
1 53
88 84
89 47
70 39
75 95
56 38
23 2
26 37
55 32
3 33
2 22
49 19
24 99
40 98
84 98
33 1
80 21
70 99
75 41
50 51
35 8
46 27
31 63
57 92
6 25
12 38
93 86
99 98
19 54
0 76
16 9
10 54
89 40
15 48
99 21
26 19
72 19
15 0
45 66
78 94
25 48
3 39
8 96
