# Penalty:  34532.95072037678
105
20 12
40 40
33 48
48 53
76 42
99 3
61 37
25 95
95 33
90 16
30 71
11 48
30 30
62 79
71 48
76 57
35 82
21 27
75 22
83 25
44 3
38 10
70 55
21 31
3 53
19 71
28 86
17 9
53 67
56 57
58 89
84 81
62 56
18 80
42 88
47 45
96 77
63 32
34 96
2 63
71 0
62 61
4 20
70 80
16 65
52 48
35 26
97 47
28 54
9 81
3 97
17 51
47 36
40 0
54 20
10 95
46 22
60 28
17 45
87 11
88 0
1 69
8 45
42 59
89 20
11 99
72 16
30 15
32 40
12 24
43 94
68 40
61 42
98 84
47 68
99 98
79 97
11 71
69 16
98 16
64 93
73 7
16 33
89 72
85 95
76 62
73 91
65 2
79 67
60 16
86 34
39 42
70 26
78 79
90 81
25 47
34 62
56 74
84 61
74 71
82 43
66 76
2 2
58 6
3 27
