# Penalty:  35756.43908842522
109
74 25
28 57
26 82
74 52
79 42
63 24
95 50
73 83
1 98
72 35
13 89
2 18
70 20
99 17
31 54
45 34
19 26
95 23
28 5
43 68
49 11
87 81
83 98
36 3
99 97
40 7
66 86
69 69
37 99
5 77
0 70
41 64
89 92
54 78
1 4
85 10
36 87
49 31
89 28
69 76
63 7
52 52
78 94
38 50
85 67
80 65
51 66
55 24
81 57
53 17
3 46
59 42
1 25
71 11
75 85
57 26
12 21
1 61
13 47
34 64
75 25
58 63
49 52
19 81
60 91
39 21
95 82
22 42
66 51
68 3
86 34
35 93
30 38
24 67
84 72
26 34
70 91
89 4
10 85
83 37
42 78
60 77
7 63
12 4
25 13
88 53
43 2
91 88
42 30
14 55
20 69
7 39
15 63
97 64
51 89
37 73
79 80
93 59
6 94
81 51
67 66
52 45
65 38
23 75
0 41
12 30
22 20
71 5
35 55
