# Penalty:  35588.729319281374
94
23 5
67 55
4 72
74 25
74 11
23 82
73 78
56 74
29 67
42 61
2 71
83 83
62 37
39 46
80 72
7 29
54 27
33 59
38 84
26 25
42 89
65 27
20 75
71 26
59 23
35 51
39 75
2 1
23 30
67 65
24 41
81 24
22 68
27 96
72 71
46 15
79 31
28 6
10 76
83 43
29 35
4 53
21 55
67 44
78 64
56 65
48 94
41 59
62 16
35 61
91 46
76 17
60 63
34 30
84 36
31 42
79 57
38 16
34 7
86 58
47 41
44 35
59 49
99 52
58 32
72 60
49 60
11 18
9 98
59 80
19 21
11 70
58 56
19 61
18 24
27 75
66 41
84 77
17 39
60 71
25 90
10 36
92 71
33 24
18 54
40 22
45 75
67 85
69 41
26 82
87 18
72 89
48 4
63 2
