# Penalty:  35220.65867894893
110
25 6
90 7
55 90
49 26
76 17
14 86
12 98
46 7
31 91
94 80
82 58
80 63
74 77
26 70
15 1
20 41
47 2
3 53
46 37
95 30
82 14
57 62
15 53
7 18
54 82
15 44
75 56
37 81
32 6
93 56
70 87
43 79
46 94
10 58
12 72
30 34
48 47
65 62
58 27
37 57
46 57
63 42
63 31
5 76
1 47
60 8
29 69
5 42
82 37
70 45
0 85
16 29
93 96
27 79
62 86
39 36
79 9
56 47
52 68
63 78
77 28
80 90
8 67
24 64
73 95
2 12
85 69
20 58
31 11
27 99
89 78
97 23
2 68
76 72
16 88
85 40
41 21
68 39
62 48
41 60
63 2
4 99
49 33
41 77
63 24
18 82
36 21
35 95
6 26
58 96
69 73
20 20
98 57
40 7
87 93
28 46
43 28
2 32
78 23
59 13
85 44
64 93
97 14
49 65
87 83
89 52
99 75
55 19
99 43
22 22
