# Penalty:  34485.69769944788
110
47 28
32 39
42 49
82 6
88 57
93 83
26 46
97 24
50 45
1 75
12 47
60 46
46 59
64 47
56 40
18 30
64 26
41 19
71 80
93 75
70 33
40 35
84 14
62 61
20 15
31 99
38 65
55 64
18 93
27 10
51 90
16 75
49 19
43 98
96 2
87 0
70 65
18 32
83 16
26 85
70 10
6 79
5 17
15 7
44 74
81 84
77 66
81 94
4 42
70 44
1 59
72 3
38 71
58 23
67 98
54 37
15 98
3 49
11 61
2 32
7 21
63 99
99 33
49 94
33 85
47 0
74 29
7 3
41 13
16 26
91 31
84 70
98 18
66 1
11 4
79 80
58 18
88 24
19 46
21 71
9 62
55 15
98 97
99 10
12 84
71 30
84 49
31 24
95 38
79 21
45 5
59 9
86 39
26 53
73 58
86 89
70 73
5 87
38 8
63 17
92 65
84 53
4 35
92 5
17 67
98 78
53 59
27 17
1 16
39 29
