# Penalty:  33709.36392207938
105
87 92
95 93
52 61
6 37
44 5
87 48
42 32
9 66
66 16
20 81
69 43
45 50
28 20
30 80
92 60
71 23
54 17
98 57
61 74
82 32
35 66
28 3
97 36
48 24
42 25
55 91
79 53
19 59
22 38
66 57
27 72
76 2
24 50
16 3
85 8
31 49
16 96
8 70
41 70
33 98
89 14
12 88
45 84
39 85
91 71
97 79
82 87
96 51
83 12
13 17
14 37
87 22
1 57
20 66
30 91
6 15
2 48
22 58
50 47
99 3
37 33
76 91
10 0
72 34
88 37
36 42
73 85
62 59
69 18
79 48
83 1
73 74
92 99
77 70
9 45
91 30
69 9
63 84
73 20
37 62
39 4
3 63
72 49
78 36
63 36
97 43
92 77
40 78
69 95
19 89
25 6
4 71
53 8
53 23
2 0
15 80
3 89
39 9
76 67
45 39
59 3
28 28
77 77
16 51
56 69
