# Penalty:  34805.175768124005
109
30 57
93 59
1 14
38 76
30 3
51 21
65 17
24 23
4 76
90 30
50 28
97 20
99 49
89 51
42 90
7 62
39 66
96 82
35 84
78 90
63 44
55 50
50 94
68 25
3 52
44 60
28 89
69 46
21 68
3 70
71 32
37 76
38 42
29 31
98 12
95 3
32 52
63 8
15 50
23 98
48 66
19 43
80 72
58 64
95 35
43 33
19 82
49 85
39 98
29 54
83 16
34 35
0 6
51 36
64 91
18 36
99 72
30 82
66 2
89 61
39 6
23 75
4 23
7 8
14 86
96 98
10 2
52 0
77 51
89 76
41 22
14 21
14 42
58 15
14 5
8 48
71 56
87 2
7 27
0 60
5 90
14 61
7 34
81 2
94 27
19 19
52 77
17 98
50 33
43 15
57 36
37 16
89 59
77 39
36 31
21 28
74 74
56 79
60 22
76 17
30 9
48 4
96 45
12 69
53 63
54 70
91 96
73 65
75 60
