# Penalty:  37981.710138063136
110
52 45
69 0
48 75
18 24
29 23
38 7
35 55
76 28
30 33
71 98
12 53
78 68
39 63
76 54
69 36
80 75
84 60
40 46
87 74
70 74
84 67
97 24
44 61
46 46
29 4
2 72
9 80
45 32
51 6
91 60
61 60
4 23
3 56
20 34
18 91
21 16
57 94
64 14
17 51
85 25
14 96
18 66
6 14
99 46
0 0
71 86
91 11
83 7
60 41
86 3
73 34
14 20
6 79
94 74
29 93
55 34
96 93
78 99
89 21
24 10
33 40
99 59
29 15
51 89
86 53
13 28
44 20
30 58
11 37
15 6
59 85
81 83
27 52
37 94
67 47
81 21
23 88
82 89
77 61
43 14
33 87
41 79
48 21
88 81
9 63
64 5
17 50
61 13
89 89
74 3
0 34
14 33
39 39
82 45
55 49
38 0
88 7
78 38
2 41
34 65
57 67
93 98
58 58
62 30
74 20
34 38
27 73
3 49
33 24
3 88
