# Penalty:  48013.7014902401
113
29 7
49 66
97 40
68 48
0 74
22 10
10 62
85 76
6 92
96 49
58 41
39 45
46 21
39 97
20 21
13 18
31 80
81 52
37 50
94 95
3 43
72 98
61 63
40 3
84 94
53 84
32 91
12 89
44 29
55 9
59 33
17 63
69 4
90 32
90 54
24 45
47 83
19 2
22 78
52 27
74 9
66 88
48 36
83 82
68 32
82 36
5 69
39 16
68 15
54 75
7 27
2 85
28 18
94 72
66 99
57 50
78 67
41 67
74 39
88 64
64 9
71 53
5 12
23 64
97 64
1 55
14 26
24 42
34 59
47 73
45 99
7 37
79 17
96 95
65 77
15 37
2 99
73 60
30 24
81 28
76 89
91 79
49 93
97 28
65 24
20 99
6 81
59 19
39 38
13 34
31 73
37 26
32 49
12 13
16 51
73 71
87 50
86 84
78 4
82 15
27 32
0 30
25 2
92 85
51 58
56 67
60 89
23 94
9 3
14 44
26 57
8 46
89 7
