# Penalty:  54971.71090399267
112
4 68
25 79
38 37
68 73
81 89
97 81
72 78
64 86
22 36
80 68
52 57
49 38
44 98
30 86
33 27
60 73
25 5
8 27
1 6
76 82
6 89
19 7
15 64
8 53
24 56
46 48
47 29
26 74
76 30
14 57
25 99
54 9
83 39
14 14
70 36
39 65
33 16
7 6
47 22
54 90
77 72
82 80
35 23
71 60
50 76
45 84
91 94
84 4
29 11
18 98
51 85
11 19
4 30
27 92
59 93
73 47
18 81
46 8
86 56
97 87
35 99
33 40
50 45
37 43
54 63
21 86
39 86
89 38
86 95
56 21
77 25
89 77
70 91
42 78
38 9
58 49
74 11
25 44
2 25
90 52
57 38
43 62
27 26
39 50
35 80
80 32
20 48
78 59
68 99
92 19
7 14
55 5
6 78
52 99
59 30
7 73
11 2
93 46
18 32
64 95
33 71
24 68
62 7
85 46
86 86
2 61
20 73
33 48
30 58
10 67
85 69
43 41
