# Penalty:  51643.61215012781
115
79 19
15 8
25 84
59 51
81 42
32 16
9 10
79 81
18 95
71 16
42 87
1 53
48 94
39 94
72 75
37 47
74 42
27 33
87 18
5 73
69 48
57 27
41 39
4 7
3 30
38 51
32 41
24 64
77 34
9 67
47 28
52 86
85 86
43 71
97 88
56 98
35 30
62 39
34 80
17 85
43 17
18 50
76 65
3 42
87 86
10 83
94 70
32 88
79 99
40 65
14 77
13 37
87 70
68 94
54 42
48 89
96 52
4 57
66 54
53 7
72 32
15 46
45 56
0 40
75 6
34 20
64 3
86 11
23 99
44 12
94 79
5 54
49 48
69 91
49 71
64 99
48 39
45 83
84 61
84 80
83 2
78 12
18 42
60 76
39 8
15 27
25 11
80 53
21 79
95 98
0 90
32 2
38 58
88 95
52 15
85 49
47 19
52 54
90 57
62 91
14 3
56 63
31 86
69 66
24 4
0 97
2 82
71 99
79 91
61 8
7 95
22 16
22 29
90 43
95 25
