# Penalty:  42905.779979031846
106
0 33
2 53
0 61
0 89
4 44
2 3
7 38
6 56
3 83
4 10
5 20
10 28
10 85
10 98
11 4
14 66
16 61
12 60
12 95
13 22
16 29
17 35
17 54
16 10
21 87
17 99
21 19
25 52
22 60
25 74
28 82
28 59
30 3
33 18
33 33
34 24
32 97
32 8
35 51
34 39
34 48
39 13
44 70
41 75
42 27
43 39
48 14
48 50
46 63
50 89
51 47
49 17
54 96
51 55
55 74
52 44
53 30
59 76
60 43
61 32
58 56
60 94
58 7
61 67
59 3
61 14
61 86
66 61
70 28
70 98
70 2
72 12
68 43
72 89
74 61
73 51
74 8
75 27
72 76
75 45
77 84
78 28
79 93
78 11
82 71
83 15
83 22
82 64
81 48
82 86
84 57
85 2
85 91
89 32
86 44
90 49
87 77
92 9
89 22
91 64
91 74
95 85
93 93
94 11
97 24
97 68
