# Penalty:  64806.533701766595
136
0 2
8 2
18 2
29 2
38 2
48 2
58 2
68 2
78 2
88 2
97 2
0 11
8 11
18 8
28 10
41 11
48 11
58 7
68 11
82 8
88 11
97 11
0 21
9 21
18 17
32 20
38 21
51 19
58 21
68 21
81 19
91 21
97 21
1 29
8 31
21 27
28 31
38 28
48 31
59 28
69 28
79 29
88 31
97 31
0 41
9 38
18 41
28 39
38 41
51 40
58 41
68 41
78 41
88 38
97 41
0 51
11 49
22 48
28 51
42 48
52 47
58 51
72 47
81 48
88 51
99 52
0 61
8 61
18 61
28 61
38 61
48 61
58 61
69 60
78 61
88 59
97 61
0 71
8 68
18 71
28 71
38 71
48 71
58 67
71 68
82 70
88 71
97 71
2 77
12 77
18 81
28 81
38 79
51 77
58 81
68 81
78 78
92 79
97 81
0 91
8 91
18 91
28 88
38 91
48 91
58 91
71 87
78 90
88 91
97 91
0 99
8 99
18 99
28 97
38 99
48 99
62 97
68 99
81 98
87 99
97 99
1 56
17 33
15 86
32 46
33 95
43 38
43 77
55 86
62 14
61 76
71 16
76 55
83 87
94 16
91 46
