# Penalty: 34903.717179982275
# Penalty:  34903.717179982275
108
82 76
49 89
57 65
80 99
67 75
64 28
16 65
54 33
9 62
28 73
53 93
65 57
32 35
60 13
90 63
11 11
23 42
46 12
92 32
90 96
70 42
84 69
33 32
93 81
76 45
22 9
39 64
50 1
24 27
9 78
82 60
36 0
75 28
17 79
38 98
8 2
83 14
79 84
17 90
4 43
42 84
44 80
90 18
9 36
1 82
80 28
39 18
51 84
75 98
13 56
65 85
1 91
61 37
3 75
75 62
18 37
49 63
7 53
47 35
4 31
2 22
46 66
30 13
1 58
76 14
34 43
74 90
82 32
17 99
85 40
25 20
1 22
32 96
54 6
37 55
69 49
55 42
76 76
92 90
55 47
76 44
96 56
60 73
26 87
73 8
62 46
99 76
61 55
49 28
22 56
32 5
7 89
1 66
60 1
0 50
61 99
80 62
83 91
60 23
22 1
24 65
15 2
91 47
77 0
91 1
29 59
0 2
77 48
