# Penalty: 34258.75362903658
# Penalty:  34258.75362903658
104
79 83
31 31
88 40
26 35
55 31
36 80
17 32
19 50
19 68
40 39
89 3
54 3
33 12
4 68
41 79
80 28
48 87
4 4
30 99
62 58
8 51
2 84
16 83
43 64
77 98
18 11
47 19
25 27
74 33
89 35
49 38
73 67
40 22
25 17
88 64
73 49
83 97
29 65
44 93
94 86
63 74
31 79
54 37
52 47
77 75
48 24
14 28
82 69
30 84
1 65
21 61
98 52
63 78
2 88
76 10
21 43
56 19
15 64
88 72
10 33
63 89
97 77
72 57
85 21
10 81
12 5
48 2
72 13
71 41
70 5
10 45
45 72
39 59
79 53
88 66
63 19
67 63
62 15
45 42
44 53
69 91
30 26
31 41
22 3
97 93
2 73
9 22
53 54
62 25
53 90
70 77
90 7
66 46
89 84
58 51
29 49
23 97
77 92
75 34
66 0
40 1
98 61
53 9
56 74
