# Penalty: 35245.30090899499
# Penalty:  35245.30090899499
107
63 9
31 6
11 89
69 94
5 54
1 3
51 30
33 81
2 37
29 91
36 13
91 75
24 21
11 60
79 97
58 83
55 97
46 37
6 99
36 20
23 28
30 70
21 37
69 0
50 44
42 60
86 90
24 83
96 96
24 38
22 11
61 6
23 44
84 42
37 95
54 69
96 91
60 77
73 99
51 22
59 91
32 41
25 66
83 82
52 50
14 75
77 67
80 12
70 44
17 8
17 44
75 36
23 52
64 46
75 77
29 0
63 66
3 48
74 61
37 50
98 37
31 49
55 16
66 90
35 89
73 14
86 25
77 91
35 74
43 77
37 57
46 5
47 2
2 85
39 43
62 69
64 15
80 41
77 21
50 16
61 32
6 19
20 60
0 9
46 53
3 64
78 82
12 75
69 29
13 54
36 22
56 61
87 11
93 59
90 61
51 96
1 91
95 74
79 57
7 31
93 56
6 40
61 55
5 26
76 57
7 22
34 66
