# Penalty: 34718.9343332002
# Penalty:  34718.9343332002
104
56 41
2 86
40 8
5 75
35 54
86 27
72 95
56 67
56 56
76 9
8 18
0 18
32 99
52 21
8 9
50 74
59 74
49 92
17 94
63 83
63 40
67 50
19 40
95 21
74 14
88 13
55 89
37 81
7 82
76 80
80 87
92 74
62 33
72 28
85 47
29 77
88 88
5 41
82 58
54 27
79 72
92 10
34 73
29 21
49 52
80 94
24 15
39 27
80 18
5 46
49 41
94 67
68 10
39 47
83 40
97 58
34 91
97 83
28 76
72 53
41 87
29 68
66 98
59 12
66 66
22 62
18 30
73 37
25 9
14 25
73 72
7 39
35 42
95 92
15 65
16 84
90 62
43 18
61 80
58 26
1 32
43 78
28 29
63 47
79 32
93 27
12 75
65 73
74 51
4 56
29 59
82 48
8 96
41 11
98 53
86 92
42 36
81 73
67 24
25 95
26 53
98 36
41 97
0 61
