# Penalty: 30699.149741548703
# Penalty:  30699.149741548703
100
64 86
52 45
1 46
85 63
1 71
1 25
58 5
59 84
39 68
98 35
23 98
22 38
73 55
12 80
32 87
96 5
74 86
27 80
77 50
19 92
18 64
49 21
53 36
93 30
69 15
5 26
71 51
40 54
32 70
84 1
80 39
62 55
57 55
35 26
41 76
83 9
43 25
67 6
6 98
77 56
29 10
98 50
17 85
70 76
33 35
23 52
78 64
36 40
96 59
15 13
11 90
17 35
93 77
17 70
19 2
44 62
52 7
47 16
99 85
87 77
78 33
50 82
10 8
74 41
2 32
4 42
83 17
52 26
32 48
82 91
25 23
65 18
53 2
96 44
38 5
40 95
72 36
91 58
30 19
87 93
8 23
23 67
53 67
31 56
14 5
88 15
47 96
89 24
57 40
68 23
57 70
9 50
86 72
98 28
71 69
56 50
45 81
40 61
24 16
80 36
