# Penalty: 34717.60105482746
# Penalty:  34717.60105482746
107
61 49
59 8
55 24
92 66
73 9
9 69
3 28
44 15
46 81
19 44
4 95
33 19
34 65
10 59
92 24
95 80
80 36
86 17
33 48
46 74
0 70
77 1
28 74
3 22
0 13
71 98
32 6
30 30
18 73
70 26
93 58
66 84
35 72
40 94
94 85
9 20
80 83
51 77
73 84
6 64
3 56
40 87
50 36
19 10
79 75
64 69
52 13
62 63
12 2
59 89
21 16
56 84
61 1
94 42
60 16
7 8
26 5
4 3
32 82
63 97
83 20
87 38
7 36
13 99
56 67
56 30
4 85
60 78
20 58
81 51
63 43
2 42
27 38
93 73
22 81
52 60
91 3
40 1
82 67
89 33
44 8
69 61
44 38
40 26
15 48
20 30
76 52
48 99
79 15
88 87
82 55
52 53
24 52
53 44
38 51
33 24
50 29
47 22
65 6
18 92
93 10
92 95
24 60
1 90
88 80
55 93
32 91
