# Penalty: 30193.622999566145
# Penalty:  30193.622999566145
97
0 3
3 54
4 9
4 99
4 21
7 1
7 67
10 13
16 78
13 77
15 44
14 54
18 18
20 92
19 51
25 64
24 35
23 87
26 45
23 56
28 79
25 23
27 65
31 33
28 91
33 39
32 19
33 10
34 16
38 56
34 78
40 99
39 1
39 17
39 92
41 70
42 56
45 40
45 30
43 97
48 75
45 25
47 8
48 70
47 55
49 6
53 98
52 26
55 30
54 44
53 79
53 53
57 94
55 10
60 2
59 26
61 44
62 58
59 98
62 83
62 65
64 89
66 0
67 51
68 37
67 6
69 21
70 29
66 43
71 69
69 60
73 93
75 1
76 53
76 32
75 18
74 74
77 48
81 38
79 98
79 92
81 5
83 19
82 78
83 61
83 54
87 90
90 27
90 34
91 50
89 12
92 54
93 20
96 77
95 91
97 36
98 1
