# Penalty: 37556.537361319475
# Penalty:  37556.537361319475
112
56 19
36 64
75 36
47 30
35 11
56 55
46 80
94 9
71 62
2 21
2 75
65 78
22 75
66 67
42 51
54 37
22 44
81 72
58 7
47 95
96 46
66 11
85 56
9 59
40 8
31 95
39 79
17 60
98 65
54 29
94 78
1 10
18 18
41 13
21 98
79 2
18 36
88 27
14 41
53 5
91 52
46 45
63 26
8 82
42 45
61 33
99 54
42 85
60 48
12 96
7 7
6 96
1 60
28 88
47 60
52 86
35 50
14 50
71 99
91 85
25 60
26 30
77 86
35 70
34 88
12 87
64 49
70 53
83 83
16 9
60 64
67 18
57 0
78 91
40 27
98 37
68 30
85 98
31 30
97 84
21 68
29 36
89 13
82 74
0 96
26 4
96 8
12 23
4 37
28 70
72 12
81 50
68 3
89 66
28 50
77 41
98 28
58 71
74 17
22 4
50 70
54 77
55 96
75 67
11 64
60 88
33 26
20 90
46 9
92 41
4 89
40 99
