# Penalty: 33374.325796972924
# Penalty:  33374.325796972924
109
99 22
3 63
47 4
33 3
56 15
44 12
66 53
59 25
74 7
27 81
92 14
28 48
52 83
2 49
91 31
9 31
61 36
51 52
18 25
78 71
45 27
45 91
30 11
8 59
0 59
80 22
46 41
29 95
18 59
65 77
36 31
75 87
85 51
78 44
36 42
44 84
98 58
63 96
63 43
61 68
16 5
9 47
17 86
20 67
53 1
61 45
92 46
59 89
46 32
92 72
95 6
91 60
33 83
78 87
58 82
37 14
89 97
98 40
76 30
73 95
0 96
5 15
31 69
28 55
20 11
95 77
14 97
88 10
62 61
47 55
11 79
37 78
26 32
24 72
23 49
13 39
16 71
92 97
6 3
82 59
51 25
99 91
61 29
81 81
57 65
97 34
58 97
17 34
28 25
30 17
75 38
30 1
4 93
70 57
52 41
1 90
6 45
5 66
61 0
77 44
66 82
1 31
77 24
75 67
97 73
60 14
35 63
76 0
20 94
