# Penalty: 34235.831779595464
# Penalty:  34235.831779595464
107
69 5
74 30
32 35
66 30
35 31
80 34
45 42
91 1
75 2
63 55
27 28
88 46
9 88
43 26
16 38
78 48
25 85
5 73
1 33
6 48
85 2
15 61
37 17
99 28
17 9
73 79
64 40
76 19
97 24
61 19
33 91
7 20
71 96
33 69
2 4
21 80
88 64
72 91
71 77
8 6
70 60
52 21
58 69
53 70
84 53
49 51
43 7
80 95
39 34
3 13
92 10
13 23
64 5
77 64
52 75
15 20
81 20
26 7
3 97
90 40
65 83
40 48
63 12
19 4
88 74
4 1
98 97
16 70
57 27
35 40
98 23
10 30
96 80
21 26
53 36
38 66
33 97
11 44
77 73
56 96
10 83
52 99
21 52
43 56
54 43
67 74
73 44
12 99
20 46
36 76
30 63
58 50
12 1
47 96
1 63
23 23
40 1
37 10
66 92
63 60
4 27
35 83
49 61
26 94
19 99
99 94
98 54
