# Penalty: 32582.502047253707
# Penalty:  32582.502047253707
104
54 94
0 91
34 14
61 17
19 15
77 61
86 34
1 47
66 45
65 84
65 38
26 96
60 97
92 8
60 65
3 14
31 7
39 68
76 55
35 75
97 49
24 4
99 60
29 31
38 28
47 91
24 37
30 40
92 17
60 32
16 86
14 40
18 31
86 39
41 12
6 21
12 12
8 74
75 67
20 63
51 34
31 92
78 22
79 90
78 99
13 46
91 62
99 89
97 75
43 19
97 24
73 47
40 85
40 48
31 65
78 19
44 99
38 55
54 65
98 80
90 71
71 56
29 22
85 57
5 98
51 7
17 93
13 69
6 44
90 48
17 61
46 29
10 88
77 5
84 84
4 67
51 58
26 81
34 62
15 26
50 80
62 81
97 9
53 1
61 71
64 24
22 23
76 75
33 0
94 2
33 82
95 96
94 56
49 74
17 55
26 76
59 46
79 83
51 15
52 49
65 91
72 40
66 10
85 86
