# Penalty: 43137.99717485496
# Penalty:  43137.99717485496
119
0 7
0 29
0 37
0 74
0 97
1 67
2 51
4 82
6 35
6 67
8 28
9 18
10 97
11 4
12 1
12 80
14 59
15 65
16 15
17 48
22 44
22 88
23 12
23 61
24 65
26 32
27 6
28 23
28 38
30 14
30 69
30 76
32 45
33 0
33 90
34 33
34 75
35 20
36 5
36 91
37 96
38 60
38 66
38 81
39 51
40 25
41 90
42 34
42 61
44 17
44 32
44 47
44 72
45 80
46 54
47 10
48 27
48 71
49 39
49 99
52 57
53 13
53 73
53 96
54 42
56 32
56 52
57 3
57 84
58 27
59 18
62 56
62 78
63 48
63 85
64 1
64 99
65 64
66 22
66 32
66 84
67 55
67 70
68 41
70 78
71 7
73 16
73 69
73 99
74 87
75 33
76 58
78 2
79 44
80 63
81 3
81 34
81 54
82 19
82 40
83 86
86 10
87 81
88 60
90 87
91 66
92 25
92 51
93 15
93 42
94 95
95 33
97 1
97 48
97 71
98 38
98 85
99 19
99 99
