# Penalty: 138535.33183791113
# Penalty:  138535.33183791113
205
1 0
6 1
0 7
4 14
0 14
4 22
1 22
3 28
1 30
4 37
0 40
4 46
0 47
5 54
0 56
4 61
1 62
4 70
1 72
3 76
0 80
4 86
0 90
4 94
2 96
20 0
13 1
18 9
14 13
19 17
15 19
20 26
10 28
19 33
10 36
18 42
10 44
18 48
13 50
19 56
11 62
18 64
13 70
20 74
14 78
17 78
10 84
18 89
10 92
18 96
22 0
30 1
27 7
32 11
22 16
33 20
25 24
30 28
25 32
33 36
27 42
32 45
23 50
32 50
25 58
32 62
26 64
29 68
22 72
32 78
24 82
32 84
25 91
32 94
25 99
44 0
37 1
41 6
36 14
41 15
39 20
40 23
35 30
44 34
34 36
42 37
35 46
42 48
37 52
45 56
35 62
41 62
36 68
45 72
39 78
40 82
35 82
40 90
39 94
40 97
47 0
55 3
47 6
55 13
48 17
55 21
48 23
57 28
49 34
52 37
47 38
56 43
51 48
52 52
47 54
56 62
46 64
56 68
46 72
54 77
50 81
54 87
47 90
54 95
47 97
63 0
61 5
64 9
61 10
64 14
63 20
64 26
63 28
65 31
61 34
66 42
59 46
65 46
60 50
69 56
60 60
63 64
60 69
65 74
63 75
68 82
58 84
64 90
61 95
68 98
75 0
78 2
76 8
78 10
71 16
78 22
71 23
78 25
75 30
79 36
73 39
81 44
75 50
76 53
74 58
76 58
76 64
81 68
74 73
80 74
72 79
78 87
73 87
78 94
75 96
92 1
84 4
90 5
85 15
93 16
86 19
93 24
84 29
93 32
87 38
93 40
88 44
92 46
85 52
92 58
86 59
92 62
83 70
91 74
88 76
93 80
88 84
92 89
87 94
92 98
98 2
99 8
99 17
99 26
99 30
