# Penalty: 34415.337533575774
# Penalty:  34415.337533575774
108
0 2
0 82
0 90
1 30
1 74
2 16
3 67
4 53
5 44
5 93
6 38
6 58
6 77
14 26
14 81
15 3
15 21
15 32
15 97
16 82
17 17
17 41
18 66
19 46
20 55
20 61
22 80
24 47
25 59
28 25
29 1
29 75
33 97
34 12
34 50
34 79
35 43
35 67
37 36
37 59
39 15
39 26
39 60
40 29
40 66
40 84
40 92
40 98
43 0
45 8
45 70
49 44
49 72
49 84
50 27
50 50
51 13
52 7
53 67
54 3
54 50
54 68
54 75
55 22
55 28
56 14
56 86
58 0
59 98
62 55
62 91
65 38
66 97
67 11
67 58
68 2
68 44
68 74
70 8
71 9
71 25
73 41
73 80
74 99
76 47
76 85
77 63
80 20
80 39
81 28
82 48
82 63
82 69
82 78
82 99
84 19
86 1
87 4
90 34
90 81
90 84
93 67
95 57
96 35
98 10
98 20
98 50
99 98
