# Penalty: 38719.097155599
# Penalty:  38719.097155599
114
79 16
15 7
25 80
60 51
83 37
31 14
8 8
79 80
19 95
72 16
42 88
1 52
48 94
41 93
71 73
37 47
74 41
28 33
88 18
5 73
71 49
60 27
43 34
6 5
4 29
39 49
34 42
24 64
77 35
7 66
46 29
53 85
83 87
43 71
97 88
57 99
35 28
60 36
34 76
16 83
48 17
22 50
76 66
5 43
87 85
11 81
98 70
33 92
84 99
42 64
16 78
11 38
87 70
69 91
54 44
48 85
98 48
4 57
67 50
54 4
74 31
15 47
46 56
2 38
75 2
33 22
61 0
86 11
24 98
39 8
99 77
4 52
53 69
66 96
52 39
49 79
86 56
25 28
84 79
84 1
53 53
82 11
19 42
62 73
24 0
17 22
25 10
81 52
21 78
40 14
99 96
0 91
36 0
36 57
90 96
55 13
48 11
86 49
95 55
67 89
15 0
59 62
31 83
73 64
39 0
50 48
2 94
1 80
71 96
61 5
8 95
26 16
92 40
95 23
