# Penalty: 32806.6445717624
# Penalty:  32806.6445717624
83
0 22
0 47
0 62
2 39
3 6
3 30
4 17
8 0
8 9
10 29
11 15
12 22
12 44
16 31
17 18
17 95
18 39
19 4
19 44
19 51
19 74
21 90
22 23
24 28
27 40
28 45
29 11
31 24
32 28
33 41
33 55
33 99
34 76
35 28
36 62
36 63
36 95
37 10
39 78
40 14
40 28
41 0
41 38
43 2
44 48
44 52
46 8
46 38
48 72
51 15
52 26
53 60
53 88
56 50
58 44
60 76
61 9
61 54
65 43
67 2
70 52
71 78
72 28
74 20
75 60
75 69
80 80
86 53
87 28
88 6
89 81
90 16
91 72
92 41
92 60
94 2
94 8
94 66
98 28
99 0
99 21
99 72
99 99
