# Penalty: 36601.621981605065
# Penalty:  36601.621981605065
111
19 44
27 31
35 44
12 83
33 82
30 15
87 95
90 86
23 63
58 50
12 30
83 7
64 49
13 20
68 88
58 76
76 35
97 1
10 1
41 63
29 12
96 43
41 29
17 59
49 62
33 47
43 8
52 89
8 53
57 75
44 23
60 0
98 99
39 52
59 21
50 10
50 48
49 42
78 60
70 64
31 68
78 52
94 76
18 92
79 97
33 29
55 0
10 72
99 60
58 16
92 7
87 65
93 91
93 47
1 69
85 59
5 78
84 92
15 66
17 25
7 64
87 26
77 43
99 34
9 9
69 2
74 46
96 78
40 68
97 83
81 21
44 45
29 78
55 68
8 95
24 93
47 33
1 84
99 75
72 81
19 37
41 4
65 98
86 11
14 9
38 90
62 36
30 53
27 25
54 20
44 83
68 6
43 19
26 1
80 80
3 58
57 97
37 0
69 31
8 23
95 29
64 57
26 46
93 62
77 66
54 57
45 3
79 77
72 10
91 11
64 81
