# Penalty: 41425.75178615288
# Penalty:  41425.75178615288
115
0 87
0 95
1 17
1 55
2 27
2 35
2 78
4 56
5 64
5 96
6 73
9 13
10 66
11 39
11 51
11 99
13 5
13 80
17 25
17 44
17 74
17 85
19 65
21 57
22 5
23 30
23 89
24 43
24 60
24 87
25 46
28 53
30 91
31 81
32 15
32 17
32 45
33 29
34 74
35 59
35 60
36 60
38 38
39 44
39 69
39 97
45 84
46 26
46 50
46 99
49 10
50 4
50 63
51 80
52 12
52 85
53 65
54 38
55 74
56 60
56 86
57 81
59 32
59 67
60 52
60 99
61 23
63 40
64 0
64 2
64 59
65 56
65 78
66 83
67 20
68 36
68 64
69 0
70 8
70 46
71 87
72 60
74 90
75 22
77 41
77 76
78 1
78 11
78 63
78 84
81 18
81 25
81 55
82 77
83 1
83 39
83 92
85 11
87 33
87 60
88 4
88 85
90 94
91 19
92 66
93 8
94 80
95 58
96 49
96 98
97 23
97 35
98 73
99 7
99 79
